#
# A fatal error has been detected by the Java Runtime Environment:
#
#  EXCEPTION_ACCESS_VIOLATION (0xc0000005) at pc=0x5f7254bb, pid=36644, tid=37544
#
# JRE version: Java(TM) SE Runtime Environment (7.0_79-b15) (build 1.7.0_79-b15)
# Java VM: Java HotSpot(TM) Client VM (24.79-b02 mixed mode, sharing windows-x86 )
# Problematic frame:
# V  [jvm.dll+0xc54bb]
#
# Failed to write core dump. Minidumps are not enabled by default on client versions of Windows
#
# If you would like to submit a bug report, please visit:
#   http://bugreport.java.com/bugreport/crash.jsp
#

---------------  T H R E A D  ---------------

Current thread (0x0133c400):  JavaThread "main" [_thread_in_vm, id=37544, stack(0x02aa0000,0x02af0000)]

siginfo: ExceptionCode=0xc0000005, reading address 0x00000000

Registers:
EAX=0x00000000, EBX=0x0133c530, ECX=0x00000000, EDX=0x00000001
ESP=0x02aed88c, EBP=0x02aed8a8, ESI=0x0133c530, EDI=0x0133c400
EIP=0x5f7254bb, EFLAGS=0x00010246

Top of Stack: (sp=0x02aed88c)
0x02aed88c:   00000000 24cb1238 0133c530 0133c400
0x02aed89c:   00000000 24cb1238 00000000 02aed8f8
0x02aed8ac:   7792554d 0133c530 00000000 24cb0079
0x02aed8bc:   00000000 02aed8f8 7792551c 00000001
0x02aed8cc:   0000000f 00000049 00000000 00000000
0x02aed8dc:   00000000 00000001 0000000f 0133c400
0x02aed8ec:   24cb1238 00000000 24cb1050 02aed928
0x02aed8fc:   02dbf478 0133c530 02aed914 078eae54 

Instructions: (pc=0x5f7254bb)
0x5f72549b:   f3 ff 83 c4 08 83 7f 04 00 89 7d f0 c7 45 f4 00
0x5f7254ab:   00 00 00 74 08 8d 4d f0 e8 a8 a6 0c 00 8b 45 0c
0x5f7254bb:   8b 08 8b 51 04 8b 42 40 50 56 e8 26 df 07 00 83
0x5f7254cb:   c4 08 83 7d f4 00 89 45 08 74 08 8d 4d f0 e8 c2 


Register to memory mapping:

EAX=0x00000000 is an unknown value
EBX=0x0133c530 is an unknown value
ECX=0x00000000 is an unknown value
EDX=0x00000001 is an unknown value
ESP=0x02aed88c is pointing into the stack for thread: 0x0133c400
EBP=0x02aed8a8 is pointing into the stack for thread: 0x0133c400
ESI=0x0133c530 is an unknown value
EDI=0x0133c400 is a thread


Stack: [0x02aa0000,0x02af0000],  sp=0x02aed88c,  free space=310k
Native frames: (J=compiled Java code, j=interpreted, Vv=VM code, C=native code)
V  [jvm.dll+0xc54bb]
C  [bwapi_bridge2_5.dll+0x3554d]
J 199  bwapi.Unit.getDistance_native(JLbwapi/Position;)I (0 bytes) @ 0x02dbf478 [0x02dbf3d0+0xa8]
J 108 C1 Base.assaultPosition(Lbwapi/Game;)V (350 bytes) @ 0x02d9b8bc [0x02d9b750+0x16c]
J 178 C1 Base.manageMarines(Lbwapi/Game;)V (84 bytes) @ 0x02db7b90 [0x02db7a60+0x130]
J 138 C1 StrategyManager.runBases(Lbwapi/Game;Lbwapi/Player;)V (315 bytes) @ 0x02da7938 [0x02da75a0+0x398]
J 175 C1 StrategyManager.update(Lbwapi/Game;Lbwapi/Player;)V (100 bytes) @ 0x02db687c [0x02db66f0+0x18c]
J 166 C1 TestBot1.onFrame()V (86 bytes) @ 0x02db569c [0x02db5430+0x26c]
J 165 C1 bwapi.AIModule.onFrame()V (17 bytes) @ 0x02db51c4 [0x02db5190+0x34]
v  ~StubRoutines::call_stub
V  [jvm.dll+0x14234a]
V  [jvm.dll+0x206ebe]
V  [jvm.dll+0x1423cd]
V  [jvm.dll+0xcb5c2]
V  [jvm.dll+0xcf213]
C  [bwapi_bridge2_5.dll+0x1b20d]
C  [bwapi_bridge2_5.dll+0x75101]
j  bwapi.Mirror.startGame()V+0
j  TestBot1.run()V+15
j  TestBot1.main([Ljava/lang/String;)V+7
v  ~StubRoutines::call_stub
V  [jvm.dll+0x14234a]
V  [jvm.dll+0x206ebe]
V  [jvm.dll+0x1423cd]
V  [jvm.dll+0xcb345]
V  [jvm.dll+0xd5ff7]
C  [javaw.exe+0x2070]
C  [javaw.exe+0xa601]
C  [javaw.exe+0xa68b]
C  [KERNEL32.DLL+0x162c4]
C  [ntdll.dll+0x60719]
C  [ntdll.dll+0x606e4]

Java frames: (J=compiled Java code, j=interpreted, Vv=VM code)
J 199  bwapi.Unit.getDistance_native(JLbwapi/Position;)I (0 bytes) @ 0x02dbf434 [0x02dbf3d0+0x64]
J 108 C1 Base.assaultPosition(Lbwapi/Game;)V (350 bytes) @ 0x02d9b8bc [0x02d9b750+0x16c]
J 178 C1 Base.manageMarines(Lbwapi/Game;)V (84 bytes) @ 0x02db7b90 [0x02db7a60+0x130]
J 138 C1 StrategyManager.runBases(Lbwapi/Game;Lbwapi/Player;)V (315 bytes) @ 0x02da7938 [0x02da75a0+0x398]
J 175 C1 StrategyManager.update(Lbwapi/Game;Lbwapi/Player;)V (100 bytes) @ 0x02db687c [0x02db66f0+0x18c]
J 166 C1 TestBot1.onFrame()V (86 bytes) @ 0x02db569c [0x02db5430+0x26c]
J 165 C1 bwapi.AIModule.onFrame()V (17 bytes) @ 0x02db51c4 [0x02db5190+0x34]
v  ~StubRoutines::call_stub
j  bwapi.Mirror.startGame()V+0
j  TestBot1.run()V+15
j  TestBot1.main([Ljava/lang/String;)V+7
v  ~StubRoutines::call_stub

---------------  P R O C E S S  ---------------

Java Threads: ( => current thread )
  0x02c88c00 JavaThread "Service Thread" daemon [_thread_blocked, id=35988, stack(0x05180000,0x051d0000)]
  0x02c83c00 JavaThread "C1 CompilerThread0" daemon [_thread_blocked, id=37516, stack(0x050f0000,0x05140000)]
  0x02c82400 JavaThread "Attach Listener" daemon [_thread_blocked, id=36056, stack(0x05060000,0x050b0000)]
  0x02c7f000 JavaThread "Signal Dispatcher" daemon [_thread_blocked, id=32108, stack(0x04fd0000,0x05020000)]
  0x02c10c00 JavaThread "Finalizer" daemon [_thread_blocked, id=35588, stack(0x04f40000,0x04f90000)]
  0x02c0f000 JavaThread "Reference Handler" daemon [_thread_blocked, id=36744, stack(0x04eb0000,0x04f00000)]
=>0x0133c400 JavaThread "main" [_thread_in_vm, id=37544, stack(0x02aa0000,0x02af0000)]

Other Threads:
  0x02c0dc00 VMThread [stack: 0x04e20000,0x04e70000] [id=34228]
  0x02c91400 WatcherThread [stack: 0x05210000,0x05260000] [id=36748]

VM state:not at safepoint (normal execution)

VM Mutex/Monitor currently owned by a thread: None

Heap
 def new generation   total 4928K, used 832K [0x24c00000, 0x25150000, 0x2a150000)
  eden space 4416K,  18% used [0x24c00000, 0x24ccf358, 0x25050000)
  from space 512K,   0% used [0x25050000, 0x25050ec8, 0x250d0000)
  to   space 512K,   0% used [0x250d0000, 0x250d0000, 0x25150000)
 tenured generation   total 10944K, used 267K [0x2a150000, 0x2ac00000, 0x34c00000)
   the space 10944K,   2% used [0x2a150000, 0x2a192e18, 0x2a193000, 0x2ac00000)
 compacting perm gen  total 12288K, used 657K [0x34c00000, 0x35800000, 0x38c00000)
   the space 12288K,   5% used [0x34c00000, 0x34ca46a8, 0x34ca4800, 0x35800000)
    ro space 10240K,  42% used [0x38c00000, 0x39036058, 0x39036200, 0x39600000)
    rw space 12288K,  51% used [0x39600000, 0x39c3bdb0, 0x39c3be00, 0x3a200000)

Card table byte_map: [0x04cf0000,0x04da0000] byte_map_base: 0x04bca000

Polling page: 0x01340000

Code Cache  [0x02cf0000, 0x02dc8000, 0x04cf0000)
 total_blobs=341 nmethods=204 adapters=74 free_code_cache=31935Kb largest_free_block=32701440

Compilation events (10 events):
Event: 26.988 Thread 0x02c83c00  195             MoleUnit::smartMove (74 bytes)
Event: 26.989 Thread 0x02c83c00 nmethod 195 0x02dbe3c8 code [0x02dbe510, 0x02dbe6e8]
Event: 26.993 Thread 0x02c83c00  196             bwapi.UnitCommand::getTargetPosition (68 bytes)
Event: 26.993 Thread 0x02c83c00 nmethod 196 0x02dbe948 code [0x02dbea50, 0x02dbeba0]
Event: 27.129 Thread 0x02c83c00  197             bwapi.Error::get (53 bytes)
Event: 27.129 Thread 0x02c83c00 nmethod 197 0x02dbec08 code [0x02dbed40, 0x02dbeef0]
Event: 34.834 Thread 0x02c83c00  201             java.lang.Object::equals (11 bytes)
Event: 34.834 Thread 0x02c83c00 nmethod 201 0x02dbf848 code [0x02dbf940, 0x02dbf9d0]
Event: 35.147 Thread 0x02c83c00  202             StrategyManager::totalUnitCount (50 bytes)
Event: 35.147 Thread 0x02c83c00 nmethod 202 0x02dbfa08 code [0x02dbfb30, 0x02dbfcd4]

GC Heap History (10 events):
Event: 37.741 GC heap before
{Heap before GC invocations=41 (full 0):
 def new generation   total 4928K, used 4419K [0x24c00000, 0x25150000, 0x2a150000)
  eden space 4416K, 100% used [0x24c00000, 0x25050000, 0x25050000)
  from space 512K,   0% used [0x250d0000, 0x250d0fd0, 0x25150000)
  to   space 512K,   0% used [0x25050000, 0x25050000, 0x250d0000)
 tenured generation   total 10944K, used 266K [0x2a150000, 0x2ac00000, 0x34c00000)
   the space 10944K,   2% used [0x2a150000, 0x2a192bb0, 0x2a192c00, 0x2ac00000)
 compacting perm gen  total 12288K, used 657K [0x34c00000, 0x35800000, 0x38c00000)
   the space 12288K,   5% used [0x34c00000, 0x34ca46a8, 0x34ca4800, 0x35800000)
    ro space 10240K,  42% used [0x38c00000, 0x39036058, 0x39036200, 0x39600000)
    rw space 12288K,  51% used [0x39600000, 0x39c3bdb0, 0x39c3be00, 0x3a200000)
Event: 37.741 GC heap after
Heap after GC invocations=42 (full 0):
 def new generation   total 4928K, used 3K [0x24c00000, 0x25150000, 0x2a150000)
  eden space 4416K,   0% used [0x24c00000, 0x24c00000, 0x25050000)
  from space 512K,   0% used [0x25050000, 0x25050f90, 0x250d0000)
  to   space 512K,   0% used [0x250d0000, 0x250d0000, 0x25150000)
 tenured generation   total 10944K, used 266K [0x2a150000, 0x2ac00000, 0x34c00000)
   the space 10944K,   2% used [0x2a150000, 0x2a192bb0, 0x2a192c00, 0x2ac00000)
 compacting perm gen  total 12288K, used 657K [0x34c00000, 0x35800000, 0x38c00000)
   the space 12288K,   5% used [0x34c00000, 0x34ca46a8, 0x34ca4800, 0x35800000)
    ro space 10240K,  42% used [0x38c00000, 0x39036058, 0x39036200, 0x39600000)
    rw space 12288K,  51% used [0x39600000, 0x39c3bdb0, 0x39c3be00, 0x3a200000)
}
Event: 38.412 GC heap before
{Heap before GC invocations=42 (full 0):
 def new generation   total 4928K, used 4419K [0x24c00000, 0x25150000, 0x2a150000)
  eden space 4416K, 100% used [0x24c00000, 0x25050000, 0x25050000)
  from space 512K,   0% used [0x25050000, 0x25050f90, 0x250d0000)
  to   space 512K,   0% used [0x250d0000, 0x250d0000, 0x25150000)
 tenured generation   total 10944K, used 266K [0x2a150000, 0x2ac00000, 0x34c00000)
   the space 10944K,   2% used [0x2a150000, 0x2a192bb0, 0x2a192c00, 0x2ac00000)
 compacting perm gen  total 12288K, used 657K [0x34c00000, 0x35800000, 0x38c00000)
   the space 12288K,   5% used [0x34c00000, 0x34ca46a8, 0x34ca4800, 0x35800000)
    ro space 10240K,  42% used [0x38c00000, 0x39036058, 0x39036200, 0x39600000)
    rw space 12288K,  51% used [0x39600000, 0x39c3bdb0, 0x39c3be00, 0x3a200000)
Event: 38.412 GC heap after
Heap after GC invocations=43 (full 0):
 def new generation   total 4928K, used 4K [0x24c00000, 0x25150000, 0x2a150000)
  eden space 4416K,   0% used [0x24c00000, 0x24c00000, 0x25050000)
  from space 512K,   0% used [0x250d0000, 0x250d1008, 0x25150000)
  to   space 512K,   0% used [0x25050000, 0x25050000, 0x250d0000)
 tenured generation   total 10944K, used 266K [0x2a150000, 0x2ac00000, 0x34c00000)
   the space 10944K,   2% used [0x2a150000, 0x2a192bb0, 0x2a192c00, 0x2ac00000)
 compacting perm gen  total 12288K, used 657K [0x34c00000, 0x35800000, 0x38c00000)
   the space 12288K,   5% used [0x34c00000, 0x34ca46a8, 0x34ca4800, 0x35800000)
    ro space 10240K,  42% used [0x38c00000, 0x39036058, 0x39036200, 0x39600000)
    rw space 12288K,  51% used [0x39600000, 0x39c3bdb0, 0x39c3be00, 0x3a200000)
}
Event: 39.074 GC heap before
{Heap before GC invocations=43 (full 0):
 def new generation   total 4928K, used 4420K [0x24c00000, 0x25150000, 0x2a150000)
  eden space 4416K, 100% used [0x24c00000, 0x25050000, 0x25050000)
  from space 512K,   0% used [0x250d0000, 0x250d1008, 0x25150000)
  to   space 512K,   0% used [0x25050000, 0x25050000, 0x250d0000)
 tenured generation   total 10944K, used 266K [0x2a150000, 0x2ac00000, 0x34c00000)
   the space 10944K,   2% used [0x2a150000, 0x2a192bb0, 0x2a192c00, 0x2ac00000)
 compacting perm gen  total 12288K, used 657K [0x34c00000, 0x35800000, 0x38c00000)
   the space 12288K,   5% used [0x34c00000, 0x34ca46a8, 0x34ca4800, 0x35800000)
    ro space 10240K,  42% used [0x38c00000, 0x39036058, 0x39036200, 0x39600000)
    rw space 12288K,  51% used [0x39600000, 0x39c3bdb0, 0x39c3be00, 0x3a200000)
Event: 39.075 GC heap after
Heap after GC invocations=44 (full 0):
 def new generation   total 4928K, used 3K [0x24c00000, 0x25150000, 0x2a150000)
  eden space 4416K,   0% used [0x24c00000, 0x24c00000, 0x25050000)
  from space 512K,   0% used [0x25050000, 0x25050e60, 0x250d0000)
  to   space 512K,   0% used [0x250d0000, 0x250d0000, 0x25150000)
 tenured generation   total 10944K, used 267K [0x2a150000, 0x2ac00000, 0x34c00000)
   the space 10944K,   2% used [0x2a150000, 0x2a192d70, 0x2a192e00, 0x2ac00000)
 compacting perm gen  total 12288K, used 657K [0x34c00000, 0x35800000, 0x38c00000)
   the space 12288K,   5% used [0x34c00000, 0x34ca46a8, 0x34ca4800, 0x35800000)
    ro space 10240K,  42% used [0x38c00000, 0x39036058, 0x39036200, 0x39600000)
    rw space 12288K,  51% used [0x39600000, 0x39c3bdb0, 0x39c3be00, 0x3a200000)
}
Event: 39.745 GC heap before
{Heap before GC invocations=44 (full 0):
 def new generation   total 4928K, used 4419K [0x24c00000, 0x25150000, 0x2a150000)
  eden space 4416K, 100% used [0x24c00000, 0x25050000, 0x25050000)
  from space 512K,   0% used [0x25050000, 0x25050e60, 0x250d0000)
  to   space 512K,   0% used [0x250d0000, 0x250d0000, 0x25150000)
 tenured generation   total 10944K, used 267K [0x2a150000, 0x2ac00000, 0x34c00000)
   the space 10944K,   2% used [0x2a150000, 0x2a192d70, 0x2a192e00, 0x2ac00000)
 compacting perm gen  total 12288K, used 657K [0x34c00000, 0x35800000, 0x38c00000)
   the space 12288K,   5% used [0x34c00000, 0x34ca46a8, 0x34ca4800, 0x35800000)
    ro space 10240K,  42% used [0x38c00000, 0x39036058, 0x39036200, 0x39600000)
    rw space 12288K,  51% used [0x39600000, 0x39c3bdb0, 0x39c3be00, 0x3a200000)
Event: 39.746 GC heap after
Heap after GC invocations=45 (full 0):
 def new generation   total 4928K, used 3K [0x24c00000, 0x25150000, 0x2a150000)
  eden space 4416K,   0% used [0x24c00000, 0x24c00000, 0x25050000)
  from space 512K,   0% used [0x250d0000, 0x250d0da0, 0x25150000)
  to   space 512K,   0% used [0x25050000, 0x25050000, 0x250d0000)
 tenured generation   total 10944K, used 267K [0x2a150000, 0x2ac00000, 0x34c00000)
   the space 10944K,   2% used [0x2a150000, 0x2a192e18, 0x2a193000, 0x2ac00000)
 compacting perm gen  total 12288K, used 657K [0x34c00000, 0x35800000, 0x38c00000)
   the space 12288K,   5% used [0x34c00000, 0x34ca46a8, 0x34ca4800, 0x35800000)
    ro space 10240K,  42% used [0x38c00000, 0x39036058, 0x39036200, 0x39600000)
    rw space 12288K,  51% used [0x39600000, 0x39c3bdb0, 0x39c3be00, 0x3a200000)
}
Event: 40.417 GC heap before
{Heap before GC invocations=45 (full 0):
 def new generation   total 4928K, used 4419K [0x24c00000, 0x25150000, 0x2a150000)
  eden space 4416K, 100% used [0x24c00000, 0x25050000, 0x25050000)
  from space 512K,   0% used [0x250d0000, 0x250d0da0, 0x25150000)
  to   space 512K,   0% used [0x25050000, 0x25050000, 0x250d0000)
 tenured generation   total 10944K, used 267K [0x2a150000, 0x2ac00000, 0x34c00000)
   the space 10944K,   2% used [0x2a150000, 0x2a192e18, 0x2a193000, 0x2ac00000)
 compacting perm gen  total 12288K, used 657K [0x34c00000, 0x35800000, 0x38c00000)
   the space 12288K,   5% used [0x34c00000, 0x34ca46a8, 0x34ca4800, 0x35800000)
    ro space 10240K,  42% used [0x38c00000, 0x39036058, 0x39036200, 0x39600000)
    rw space 12288K,  51% used [0x39600000, 0x39c3bdb0, 0x39c3be00, 0x3a200000)
Event: 40.417 GC heap after
Heap after GC invocations=46 (full 0):
 def new generation   total 4928K, used 3K [0x24c00000, 0x25150000, 0x2a150000)
  eden space 4416K,   0% used [0x24c00000, 0x24c00000, 0x25050000)
  from space 512K,   0% used [0x25050000, 0x25050ec8, 0x250d0000)
  to   space 512K,   0% used [0x250d0000, 0x250d0000, 0x25150000)
 tenured generation   total 10944K, used 267K [0x2a150000, 0x2ac00000, 0x34c00000)
   the space 10944K,   2% used [0x2a150000, 0x2a192e18, 0x2a193000, 0x2ac00000)
 compacting perm gen  total 12288K, used 657K [0x34c00000, 0x35800000, 0x38c00000)
   the space 12288K,   5% used [0x34c00000, 0x34ca46a8, 0x34ca4800, 0x35800000)
    ro space 10240K,  42% used [0x38c00000, 0x39036058, 0x39036200, 0x39600000)
    rw space 12288K,  51% used [0x39600000, 0x39c3bdb0, 0x39c3be00, 0x3a200000)
}

Deoptimization events (0 events):
No events

Internal exceptions (10 events):
Event: 5.157 Thread 0x0133c400 Threw 0x24d65748 at C:\re\jdk7u79\2331\hotspot\src\share\vm\prims\jvm.cpp:1304
Event: 5.159 Thread 0x0133c400 Threw 0x24d6a4b8 at C:\re\jdk7u79\2331\hotspot\src\share\vm\prims\jvm.cpp:1304
Event: 5.159 Thread 0x0133c400 Threw 0x24d6dab0 at C:\re\jdk7u79\2331\hotspot\src\share\vm\prims\jvm.cpp:1304
Event: 5.160 Thread 0x0133c400 Threw 0x24d6f3c8 at C:\re\jdk7u79\2331\hotspot\src\share\vm\prims\jvm.cpp:1304
Event: 5.167 Thread 0x0133c400 Threw 0x24d89018 at C:\re\jdk7u79\2331\hotspot\src\share\vm\prims\jvm.cpp:1304
Event: 5.169 Thread 0x0133c400 Threw 0x24d90918 at C:\re\jdk7u79\2331\hotspot\src\share\vm\prims\jvm.cpp:1304
Event: 5.169 Thread 0x0133c400 Threw 0x24d926e0 at C:\re\jdk7u79\2331\hotspot\src\share\vm\prims\jvm.cpp:1304
Event: 5.177 Thread 0x0133c400 Threw 0x24da45f8 at C:\re\jdk7u79\2331\hotspot\src\share\vm\prims\jvm.cpp:1304
Event: 19.959 Thread 0x0133c400 Threw 0x24f3ca90 at C:\re\jdk7u79\2331\hotspot\src\share\vm\prims\jvm.cpp:1304
Event: 19.959 Thread 0x0133c400 Threw 0x24f3e220 at C:\re\jdk7u79\2331\hotspot\src\share\vm\prims\jvm.cpp:1304

Events (10 events):
Event: 37.741 Executing VM operation: GenCollectForAllocation
Event: 37.741 Executing VM operation: GenCollectForAllocation done
Event: 38.412 Executing VM operation: GenCollectForAllocation
Event: 38.412 Executing VM operation: GenCollectForAllocation done
Event: 39.074 Executing VM operation: GenCollectForAllocation
Event: 39.075 Executing VM operation: GenCollectForAllocation done
Event: 39.745 Executing VM operation: GenCollectForAllocation
Event: 39.746 Executing VM operation: GenCollectForAllocation done
Event: 40.417 Executing VM operation: GenCollectForAllocation
Event: 40.417 Executing VM operation: GenCollectForAllocation done


Dynamic libraries:
0x00130000 - 0x0015f000 	C:\Program Files (x86)\Java\jre7\bin\javaw.exe
0x77370000 - 0x774f2000 	C:\WINDOWS\SYSTEM32\ntdll.dll
0x756d0000 - 0x757b0000 	C:\WINDOWS\System32\KERNEL32.DLL
0x751b0000 - 0x75351000 	C:\WINDOWS\System32\KERNELBASE.dll
0x74aa0000 - 0x74b17000 	C:\WINDOWS\System32\ADVAPI32.dll
0x74bc0000 - 0x74c7e000 	C:\WINDOWS\System32\msvcrt.dll
0x74370000 - 0x743b1000 	C:\WINDOWS\System32\sechost.dll
0x742a0000 - 0x74361000 	C:\WINDOWS\System32\RPCRT4.dll
0x73e30000 - 0x73e4e000 	C:\WINDOWS\System32\SspiCli.dll
0x73e20000 - 0x73e2a000 	C:\WINDOWS\System32\CRYPTBASE.dll
0x75430000 - 0x7548a000 	C:\WINDOWS\System32\bcryptPrimitives.dll
0x743c0000 - 0x7451f000 	C:\WINDOWS\System32\USER32.dll
0x75360000 - 0x75375000 	C:\WINDOWS\System32\win32u.dll
0x75120000 - 0x7514b000 	C:\WINDOWS\System32\GDI32.dll
0x75490000 - 0x755eb000 	C:\WINDOWS\System32\gdi32full.dll
0x71690000 - 0x7189a000 	C:\WINDOWS\WinSxS\x86_microsoft.windows.common-controls_6595b64144ccf1df_6.0.14393.447_none_89c64d28dafea4b9\COMCTL32.dll
0x73ea0000 - 0x740b1000 	C:\WINDOWS\System32\combase.dll
0x74c80000 - 0x74d60000 	C:\WINDOWS\System32\ucrtbase.dll
0x73e70000 - 0x73e95000 	C:\WINDOWS\System32\IMM32.DLL
0x5f0b0000 - 0x5f16f000 	C:\Program Files (x86)\Java\jre7\bin\msvcr100.dll
0x5f660000 - 0x5f9e9000 	C:\Program Files (x86)\Java\jre7\bin\client\jvm.dll
0x74520000 - 0x74526000 	C:\WINDOWS\System32\PSAPI.DLL
0x731e0000 - 0x73204000 	C:\WINDOWS\SYSTEM32\WINMM.dll
0x730a0000 - 0x730a8000 	C:\WINDOWS\SYSTEM32\WSOCK32.dll
0x75660000 - 0x756c3000 	C:\WINDOWS\System32\WS2_32.dll
0x731b0000 - 0x731d3000 	C:\WINDOWS\SYSTEM32\WINMMBASE.dll
0x74b20000 - 0x74b56000 	C:\WINDOWS\System32\cfgmgr32.dll
0x5f650000 - 0x5f65c000 	C:\Program Files (x86)\Java\jre7\bin\verify.dll
0x5f630000 - 0x5f650000 	C:\Program Files (x86)\Java\jre7\bin\java.dll
0x5f610000 - 0x5f623000 	C:\Program Files (x86)\Java\jre7\bin\zip.dll
0x778f0000 - 0x77b76000 	C:\Users\amanz360\Documents\GitHub\MoleAI\ExampleBot\bwapi_bridge2_5.dll
0x73d30000 - 0x73e1e000 	C:\WINDOWS\SYSTEM32\MSVCR120.dll
0x6f540000 - 0x6f59e000 	C:\Users\amanz360\Documents\GitHub\MoleAI\ExampleBot\libmpfr-4.dll
0x6acc0000 - 0x6ad27000 	C:\Users\amanz360\Documents\GitHub\MoleAI\ExampleBot\libgmp-10.dll
0x537e0000 - 0x53851000 	C:\WINDOWS\SYSTEM32\MSVCP120.dll
0x72f00000 - 0x73045000 	C:\WINDOWS\SYSTEM32\dbghelp.dll

VM Arguments:
jvm_args: -Dfile.encoding=Cp1252 
java_command: TestBot1
Launcher Type: SUN_STANDARD

Environment Variables:
PATH=C:/Program Files (x86)/Java/jre7/bin/client;C:/Program Files (x86)/Java/jre7/bin;C:/Program Files (x86)/Java/jre7/lib/i386;C:\gurobi701\win64\bin;C:\Program Files (x86)\NVIDIA Corporation\PhysX\Common;C:\Program Files\Java\jdk1.8.0_45\bin;C:\ProgramData\Oracle\Java\javapath;c:\Program Files (x86)\Intel\iCLS Client\;c:\Program Files\Intel\iCLS Client\;C:\WINDOWS\system32;C:\WINDOWS;C:\WINDOWS\System32\Wbem;C:\WINDOWS\System32\WindowsPowerShell\v1.0\;C:\Program Files\Intel\WiFi\bin\;C:\Program Files\Common Files\Intel\WirelessCommon\;C:\Program Files\Mozart\bin;C:\Program Files\Microsoft SQL Server\110\Tools\Binn\;C:\Program Files (x86)\Skype\Phone\;C:\Program Files (x86)\Intel\Intel(R) Management Engine Components\DAL;C:\Program Files\Intel\Intel(R) Management Engine Components\DAL;C:\Program Files (x86)\Intel\Intel(R) Management Engine Components\IPT;C:\Program Files\Intel\Intel(R) Management Engine Components\IPT;C:\Go\bin;C:\WINDOWS\system32\config\systemprofile\.dnx\bin;C:\Program Files\Microsoft DNX\Dnvm\;C:\Program Files\Microsoft SQL Server\130\Tools\Binn\;C:\Program Files (x86)\Windows Kits\8.1\Windows Performance Toolkit\;c:\Program Files (x86)\Microsoft SQL Server\100\Tools\Binn\;c:\Program Files\Microsoft SQL Server\100\Tools\Binn\;c:\Program Files\Microsoft SQL Server\100\DTS\Binn\;C:\Users\amanz360\Anaconda3;C:\Users\amanz360\Anaconda3\Scripts;C:\Users\amanz360\Anaconda3\Library\bin;C:\Users\amanz360\AppData\Local\Microsoft\WindowsApps;;C:\Users\amanz360\Downloads\eclipse-java-mars-2-win32\eclipse;
USERNAME=amanz360
OS=Windows_NT
PROCESSOR_IDENTIFIER=Intel64 Family 6 Model 69 Stepping 1, GenuineIntel



---------------  S Y S T E M  ---------------

OS: Windows 8.1 , 64 bit Build 9600 

CPU:total 4 (2 cores per cpu, 2 threads per core) family 6 model 69 stepping 1, cmov, cx8, fxsr, mmx, sse, sse2, sse3, ssse3, sse4.1, sse4.2, popcnt, avx, avx2, aes, erms, ht, tsc, tscinvbit

Memory: 4k page, physical 6187596k(2727396k free), swap 11083292k(4450292k free)

vm_info: Java HotSpot(TM) Client VM (24.79-b02) for windows-x86 JRE (1.7.0_79-b15), built on Apr 10 2015 16:49:13 by "java_re" with unknown MS VC++:1600

time: Sat Dec 10 17:58:27 2016
elapsed time: 40 seconds

