#
# A fatal error has been detected by the Java Runtime Environment:
#
#  EXCEPTION_ACCESS_VIOLATION (0xc0000005) at pc=0x505954bb, pid=6452, tid=6776
#
# JRE version: Java(TM) SE Runtime Environment (7.0_79-b15) (build 1.7.0_79-b15)
# Java VM: Java HotSpot(TM) Client VM (24.79-b02 mixed mode, sharing windows-x86 )
# Problematic frame:
# V  [jvm.dll+0xc54bb]
#
# Failed to write core dump. Minidumps are not enabled by default on client versions of Windows
#
# If you would like to submit a bug report, please visit:
#   http://bugreport.java.com/bugreport/crash.jsp
#

---------------  T H R E A D  ---------------

Current thread (0x02cfc400):  JavaThread "main" [_thread_in_vm, id=6776, stack(0x02c50000,0x02ca0000)]

siginfo: ExceptionCode=0xc0000005, reading address 0x00000000

Registers:
EAX=0x00000000, EBX=0x02cfc530, ECX=0x00000000, EDX=0x00000007
ESP=0x02c9d94c, EBP=0x02c9d968, ESI=0x02cfc530, EDI=0x02cfc400
EIP=0x505954bb, EFLAGS=0x00010246

Top of Stack: (sp=0x02c9d94c)
0x02c9d94c:   02cfc400 07eb2384 02cfc530 02cfc400
0x02c9d95c:   00000000 07eb2384 00000000 02c9d9b8
0x02c9d96c:   0f86564d 02cfc530 00000000 6e696f70
0x02c9d97c:   00726574 02c9d9b8 0f86561d 00000007
0x02c9d98c:   0000000f 0000004a 02cfc530 02c9d9d8
0x02c9d99c:   0f86567d 00000001 0000000f 07eb2384
0x02c9d9ac:   00000000 02e82908 00000000 02c9d9e8
0x02c9d9bc:   02f25a78 02cfc530 02c9d9d4 07eb2384 

Instructions: (pc=0x505954bb)
0x5059549b:   f3 ff 83 c4 08 83 7f 04 00 89 7d f0 c7 45 f4 00
0x505954ab:   00 00 00 74 08 8d 4d f0 e8 a8 a6 0c 00 8b 45 0c
0x505954bb:   8b 08 8b 51 04 8b 42 40 50 56 e8 26 df 07 00 83
0x505954cb:   c4 08 83 7d f4 00 89 45 08 74 08 8d 4d f0 e8 c2 


Register to memory mapping:

EAX=0x00000000 is an unknown value
EBX=0x02cfc530 is an unknown value
ECX=0x00000000 is an unknown value
EDX=0x00000007 is an unknown value
ESP=0x02c9d94c is pointing into the stack for thread: 0x02cfc400
EBP=0x02c9d968 is pointing into the stack for thread: 0x02cfc400
ESI=0x02cfc530 is an unknown value
EDI=0x02cfc400 is a thread


Stack: [0x02c50000,0x02ca0000],  sp=0x02c9d94c,  free space=310k
Native frames: (J=compiled Java code, j=interpreted, Vv=VM code, C=native code)
V  [jvm.dll+0xc54bb]
C  [bwapi_bridge2_5.dll+0x3564d]
J 82  bwapi.Unit.getDistance_native(JLbwapi/Unit;)I (0 bytes) @ 0x02f25a78 [0x02f259d0+0xa8]
J 81 C1 bwapi.Unit.getDistance(Lbwapi/Unit;)I (10 bytes) @ 0x02f25cb0 [0x02f25c80+0x30]
j  MoleUnit.getClosestDamagedAllyInRadius(I)Lbwapi/Unit;+71
J 108 C1 Base.assaultPosition(Lbwapi/Game;)V (428 bytes) @ 0x02f2beb4 [0x02f2b7f0+0x6c4]
J 175 C1 Base.manageMarines(Lbwapi/Game;)V (84 bytes) @ 0x02f480d0 [0x02f47fa0+0x130]
J 139 C1 StrategyManager.runBases(Lbwapi/Game;Lbwapi/Player;)V (325 bytes) @ 0x02f382f8 [0x02f37f30+0x3c8]
J 172 C1 StrategyManager.update(Lbwapi/Game;Lbwapi/Player;)V (100 bytes) @ 0x02f46cfc [0x02f46b70+0x18c]
J 165 C1 TestBot1.onFrame()V (86 bytes) @ 0x02f45d1c [0x02f45ab0+0x26c]
J 164 C1 bwapi.AIModule.onFrame()V (17 bytes) @ 0x02f45844 [0x02f45810+0x34]
v  ~StubRoutines::call_stub
V  [jvm.dll+0x14234a]
V  [jvm.dll+0x206ebe]
V  [jvm.dll+0x1423cd]
V  [jvm.dll+0xcb5c2]
V  [jvm.dll+0xcf213]
C  [bwapi_bridge2_5.dll+0x1b20d]
C  [bwapi_bridge2_5.dll+0x75101]
j  bwapi.Mirror.startGame()V+0
j  TestBot1.run()V+15
j  TestBot1.main([Ljava/lang/String;)V+7
v  ~StubRoutines::call_stub
V  [jvm.dll+0x14234a]
V  [jvm.dll+0x206ebe]
V  [jvm.dll+0x1423cd]
V  [jvm.dll+0xcb345]
V  [jvm.dll+0xd5ff7]
C  [javaw.exe+0x2070]
C  [javaw.exe+0xa601]
C  [javaw.exe+0xa68b]
C  [KERNEL32.DLL+0x162c4]
C  [ntdll.dll+0x60fd9]
C  [ntdll.dll+0x60fa4]

Java frames: (J=compiled Java code, j=interpreted, Vv=VM code)
J 82  bwapi.Unit.getDistance_native(JLbwapi/Unit;)I (0 bytes) @ 0x02f25a34 [0x02f259d0+0x64]
J 81 C1 bwapi.Unit.getDistance(Lbwapi/Unit;)I (10 bytes) @ 0x02f25cb0 [0x02f25c80+0x30]
j  MoleUnit.getClosestDamagedAllyInRadius(I)Lbwapi/Unit;+71
J 108 C1 Base.assaultPosition(Lbwapi/Game;)V (428 bytes) @ 0x02f2beb4 [0x02f2b7f0+0x6c4]
J 175 C1 Base.manageMarines(Lbwapi/Game;)V (84 bytes) @ 0x02f480d0 [0x02f47fa0+0x130]
J 139 C1 StrategyManager.runBases(Lbwapi/Game;Lbwapi/Player;)V (325 bytes) @ 0x02f382f8 [0x02f37f30+0x3c8]
J 172 C1 StrategyManager.update(Lbwapi/Game;Lbwapi/Player;)V (100 bytes) @ 0x02f46cfc [0x02f46b70+0x18c]
J 165 C1 TestBot1.onFrame()V (86 bytes) @ 0x02f45d1c [0x02f45ab0+0x26c]
J 164 C1 bwapi.AIModule.onFrame()V (17 bytes) @ 0x02f45844 [0x02f45810+0x34]
v  ~StubRoutines::call_stub
j  bwapi.Mirror.startGame()V+0
j  TestBot1.run()V+15
j  TestBot1.main([Ljava/lang/String;)V+7
v  ~StubRoutines::call_stub

---------------  P R O C E S S  ---------------

Java Threads: ( => current thread )
  0x02e1a800 JavaThread "Service Thread" daemon [_thread_blocked, id=9832, stack(0x05350000,0x053a0000)]
  0x02e13800 JavaThread "C1 CompilerThread0" daemon [_thread_blocked, id=6740, stack(0x052c0000,0x05310000)]
  0x02e12000 JavaThread "Attach Listener" daemon [_thread_blocked, id=16172, stack(0x05230000,0x05280000)]
  0x02e10000 JavaThread "Signal Dispatcher" daemon [_thread_blocked, id=15764, stack(0x051a0000,0x051f0000)]
  0x02da0c00 JavaThread "Finalizer" daemon [_thread_blocked, id=19244, stack(0x05110000,0x05160000)]
  0x02d9f000 JavaThread "Reference Handler" daemon [_thread_blocked, id=20756, stack(0x05080000,0x050d0000)]
=>0x02cfc400 JavaThread "main" [_thread_in_vm, id=6776, stack(0x02c50000,0x02ca0000)]

Other Threads:
  0x02d9dc00 VMThread [stack: 0x04ff0000,0x05040000] [id=10732]
  0x02e28800 WatcherThread [stack: 0x053e0000,0x05430000] [id=8028]

VM state:not at safepoint (normal execution)

VM Mutex/Monitor currently owned by a thread: None

Heap
 def new generation   total 4928K, used 3600K [0x24c00000, 0x25150000, 0x2a150000)
  eden space 4416K,  81% used [0x24c00000, 0x24f83a28, 0x25050000)
  from space 512K,   0% used [0x25050000, 0x250508b8, 0x250d0000)
  to   space 512K,   0% used [0x250d0000, 0x250d0000, 0x25150000)
 tenured generation   total 10944K, used 297K [0x2a150000, 0x2ac00000, 0x34c00000)
   the space 10944K,   2% used [0x2a150000, 0x2a19a6a0, 0x2a19a800, 0x2ac00000)
 compacting perm gen  total 12288K, used 659K [0x34c00000, 0x35800000, 0x38c00000)
   the space 12288K,   5% used [0x34c00000, 0x34ca4ee0, 0x34ca5000, 0x35800000)
    ro space 10240K,  42% used [0x38c00000, 0x39036058, 0x39036200, 0x39600000)
    rw space 12288K,  51% used [0x39600000, 0x39c3bdb0, 0x39c3be00, 0x3a200000)

Card table byte_map: [0x04f00000,0x04fb0000] byte_map_base: 0x04dda000

Polling page: 0x01460000

Code Cache  [0x02e80000, 0x02f58000, 0x04e80000)
 total_blobs=365 nmethods=228 adapters=74 free_code_cache=31911Kb largest_free_block=32677312

Compilation events (10 events):
Event: 47.319 Thread 0x02e13800  215             BuildingManager::isQueued (74 bytes)
Event: 47.320 Thread 0x02e13800 nmethod 215 0x02f53248 code [0x02f533a0, 0x02f53628]
Event: 50.117 Thread 0x02e13800  218             MoleUnit::smartAttackMove (74 bytes)
Event: 50.118 Thread 0x02e13800 nmethod 218 0x02f541c8 code [0x02f54310, 0x02f544e8]
Event: 50.118 Thread 0x02e13800  219             bwapi.Unit::attack (10 bytes)
Event: 50.118 Thread 0x02e13800 nmethod 219 0x02f54748 code [0x02f54840, 0x02f548dc]
Event: 72.489 Thread 0x02e13800  225             Base::numGasWorkersOnRefinery (82 bytes)
Event: 72.490 Thread 0x02e13800 nmethod 225 0x02f55388 code [0x02f554c0, 0x02f556e4]
Event: 79.591 Thread 0x02e13800  228             Base::gasesSaturated (43 bytes)
Event: 79.591 Thread 0x02e13800 nmethod 228 0x02f55e08 code [0x02f55f20, 0x02f560b8]

GC Heap History (10 events):
Event: 84.722 GC heap before
{Heap before GC invocations=133 (full 0):
 def new generation   total 4928K, used 4418K [0x24c00000, 0x25150000, 0x2a150000)
  eden space 4416K, 100% used [0x24c00000, 0x25050000, 0x25050000)
  from space 512K,   0% used [0x250d0000, 0x250d08d0, 0x25150000)
  to   space 512K,   0% used [0x25050000, 0x25050000, 0x250d0000)
 tenured generation   total 10944K, used 297K [0x2a150000, 0x2ac00000, 0x34c00000)
   the space 10944K,   2% used [0x2a150000, 0x2a19a440, 0x2a19a600, 0x2ac00000)
 compacting perm gen  total 12288K, used 659K [0x34c00000, 0x35800000, 0x38c00000)
   the space 12288K,   5% used [0x34c00000, 0x34ca4ee0, 0x34ca5000, 0x35800000)
    ro space 10240K,  42% used [0x38c00000, 0x39036058, 0x39036200, 0x39600000)
    rw space 12288K,  51% used [0x39600000, 0x39c3bdb0, 0x39c3be00, 0x3a200000)
Event: 84.723 GC heap after
Heap after GC invocations=134 (full 0):
 def new generation   total 4928K, used 2K [0x24c00000, 0x25150000, 0x2a150000)
  eden space 4416K,   0% used [0x24c00000, 0x24c00000, 0x25050000)
  from space 512K,   0% used [0x25050000, 0x25050898, 0x250d0000)
  to   space 512K,   0% used [0x250d0000, 0x250d0000, 0x25150000)
 tenured generation   total 10944K, used 297K [0x2a150000, 0x2ac00000, 0x34c00000)
   the space 10944K,   2% used [0x2a150000, 0x2a19a518, 0x2a19a600, 0x2ac00000)
 compacting perm gen  total 12288K, used 659K [0x34c00000, 0x35800000, 0x38c00000)
   the space 12288K,   5% used [0x34c00000, 0x34ca4ee0, 0x34ca5000, 0x35800000)
    ro space 10240K,  42% used [0x38c00000, 0x39036058, 0x39036200, 0x39600000)
    rw space 12288K,  51% used [0x39600000, 0x39c3bdb0, 0x39c3be00, 0x3a200000)
}
Event: 85.118 GC heap before
{Heap before GC invocations=134 (full 0):
 def new generation   total 4928K, used 4418K [0x24c00000, 0x25150000, 0x2a150000)
  eden space 4416K, 100% used [0x24c00000, 0x25050000, 0x25050000)
  from space 512K,   0% used [0x25050000, 0x25050898, 0x250d0000)
  to   space 512K,   0% used [0x250d0000, 0x250d0000, 0x25150000)
 tenured generation   total 10944K, used 297K [0x2a150000, 0x2ac00000, 0x34c00000)
   the space 10944K,   2% used [0x2a150000, 0x2a19a518, 0x2a19a600, 0x2ac00000)
 compacting perm gen  total 12288K, used 659K [0x34c00000, 0x35800000, 0x38c00000)
   the space 12288K,   5% used [0x34c00000, 0x34ca4ee0, 0x34ca5000, 0x35800000)
    ro space 10240K,  42% used [0x38c00000, 0x39036058, 0x39036200, 0x39600000)
    rw space 12288K,  51% used [0x39600000, 0x39c3bdb0, 0x39c3be00, 0x3a200000)
Event: 85.118 GC heap after
Heap after GC invocations=135 (full 0):
 def new generation   total 4928K, used 2K [0x24c00000, 0x25150000, 0x2a150000)
  eden space 4416K,   0% used [0x24c00000, 0x24c00000, 0x25050000)
  from space 512K,   0% used [0x250d0000, 0x250d0918, 0x25150000)
  to   space 512K,   0% used [0x25050000, 0x25050000, 0x250d0000)
 tenured generation   total 10944K, used 297K [0x2a150000, 0x2ac00000, 0x34c00000)
   the space 10944K,   2% used [0x2a150000, 0x2a19a518, 0x2a19a600, 0x2ac00000)
 compacting perm gen  total 12288K, used 659K [0x34c00000, 0x35800000, 0x38c00000)
   the space 12288K,   5% used [0x34c00000, 0x34ca4ee0, 0x34ca5000, 0x35800000)
    ro space 10240K,  42% used [0x38c00000, 0x39036058, 0x39036200, 0x39600000)
    rw space 12288K,  51% used [0x39600000, 0x39c3bdb0, 0x39c3be00, 0x3a200000)
}
Event: 85.520 GC heap before
{Heap before GC invocations=135 (full 0):
 def new generation   total 4928K, used 4418K [0x24c00000, 0x25150000, 0x2a150000)
  eden space 4416K, 100% used [0x24c00000, 0x25050000, 0x25050000)
  from space 512K,   0% used [0x250d0000, 0x250d0918, 0x25150000)
  to   space 512K,   0% used [0x25050000, 0x25050000, 0x250d0000)
 tenured generation   total 10944K, used 297K [0x2a150000, 0x2ac00000, 0x34c00000)
   the space 10944K,   2% used [0x2a150000, 0x2a19a518, 0x2a19a600, 0x2ac00000)
 compacting perm gen  total 12288K, used 659K [0x34c00000, 0x35800000, 0x38c00000)
   the space 12288K,   5% used [0x34c00000, 0x34ca4ee0, 0x34ca5000, 0x35800000)
    ro space 10240K,  42% used [0x38c00000, 0x39036058, 0x39036200, 0x39600000)
    rw space 12288K,  51% used [0x39600000, 0x39c3bdb0, 0x39c3be00, 0x3a200000)
Event: 85.520 GC heap after
Heap after GC invocations=136 (full 0):
 def new generation   total 4928K, used 1K [0x24c00000, 0x25150000, 0x2a150000)
  eden space 4416K,   0% used [0x24c00000, 0x24c00000, 0x25050000)
  from space 512K,   0% used [0x25050000, 0x25050780, 0x250d0000)
  to   space 512K,   0% used [0x250d0000, 0x250d0000, 0x25150000)
 tenured generation   total 10944K, used 297K [0x2a150000, 0x2ac00000, 0x34c00000)
   the space 10944K,   2% used [0x2a150000, 0x2a19a668, 0x2a19a800, 0x2ac00000)
 compacting perm gen  total 12288K, used 659K [0x34c00000, 0x35800000, 0x38c00000)
   the space 12288K,   5% used [0x34c00000, 0x34ca4ee0, 0x34ca5000, 0x35800000)
    ro space 10240K,  42% used [0x38c00000, 0x39036058, 0x39036200, 0x39600000)
    rw space 12288K,  51% used [0x39600000, 0x39c3bdb0, 0x39c3be00, 0x3a200000)
}
Event: 85.915 GC heap before
{Heap before GC invocations=136 (full 0):
 def new generation   total 4928K, used 4417K [0x24c00000, 0x25150000, 0x2a150000)
  eden space 4416K, 100% used [0x24c00000, 0x25050000, 0x25050000)
  from space 512K,   0% used [0x25050000, 0x25050780, 0x250d0000)
  to   space 512K,   0% used [0x250d0000, 0x250d0000, 0x25150000)
 tenured generation   total 10944K, used 297K [0x2a150000, 0x2ac00000, 0x34c00000)
   the space 10944K,   2% used [0x2a150000, 0x2a19a668, 0x2a19a800, 0x2ac00000)
 compacting perm gen  total 12288K, used 659K [0x34c00000, 0x35800000, 0x38c00000)
   the space 12288K,   5% used [0x34c00000, 0x34ca4ee0, 0x34ca5000, 0x35800000)
    ro space 10240K,  42% used [0x38c00000, 0x39036058, 0x39036200, 0x39600000)
    rw space 12288K,  51% used [0x39600000, 0x39c3bdb0, 0x39c3be00, 0x3a200000)
Event: 85.915 GC heap after
Heap after GC invocations=137 (full 0):
 def new generation   total 4928K, used 2K [0x24c00000, 0x25150000, 0x2a150000)
  eden space 4416K,   0% used [0x24c00000, 0x24c00000, 0x25050000)
  from space 512K,   0% used [0x250d0000, 0x250d0878, 0x25150000)
  to   space 512K,   0% used [0x25050000, 0x25050000, 0x250d0000)
 tenured generation   total 10944K, used 297K [0x2a150000, 0x2ac00000, 0x34c00000)
   the space 10944K,   2% used [0x2a150000, 0x2a19a668, 0x2a19a800, 0x2ac00000)
 compacting perm gen  total 12288K, used 659K [0x34c00000, 0x35800000, 0x38c00000)
   the space 12288K,   5% used [0x34c00000, 0x34ca4ee0, 0x34ca5000, 0x35800000)
    ro space 10240K,  42% used [0x38c00000, 0x39036058, 0x39036200, 0x39600000)
    rw space 12288K,  51% used [0x39600000, 0x39c3bdb0, 0x39c3be00, 0x3a200000)
}
Event: 86.311 GC heap before
{Heap before GC invocations=137 (full 0):
 def new generation   total 4928K, used 4418K [0x24c00000, 0x25150000, 0x2a150000)
  eden space 4416K, 100% used [0x24c00000, 0x25050000, 0x25050000)
  from space 512K,   0% used [0x250d0000, 0x250d0878, 0x25150000)
  to   space 512K,   0% used [0x25050000, 0x25050000, 0x250d0000)
 tenured generation   total 10944K, used 297K [0x2a150000, 0x2ac00000, 0x34c00000)
   the space 10944K,   2% used [0x2a150000, 0x2a19a668, 0x2a19a800, 0x2ac00000)
 compacting perm gen  total 12288K, used 659K [0x34c00000, 0x35800000, 0x38c00000)
   the space 12288K,   5% used [0x34c00000, 0x34ca4ee0, 0x34ca5000, 0x35800000)
    ro space 10240K,  42% used [0x38c00000, 0x39036058, 0x39036200, 0x39600000)
    rw space 12288K,  51% used [0x39600000, 0x39c3bdb0, 0x39c3be00, 0x3a200000)
Event: 86.311 GC heap after
Heap after GC invocations=138 (full 0):
 def new generation   total 4928K, used 2K [0x24c00000, 0x25150000, 0x2a150000)
  eden space 4416K,   0% used [0x24c00000, 0x24c00000, 0x25050000)
  from space 512K,   0% used [0x25050000, 0x250508b8, 0x250d0000)
  to   space 512K,   0% used [0x250d0000, 0x250d0000, 0x25150000)
 tenured generation   total 10944K, used 297K [0x2a150000, 0x2ac00000, 0x34c00000)
   the space 10944K,   2% used [0x2a150000, 0x2a19a6a0, 0x2a19a800, 0x2ac00000)
 compacting perm gen  total 12288K, used 659K [0x34c00000, 0x35800000, 0x38c00000)
   the space 12288K,   5% used [0x34c00000, 0x34ca4ee0, 0x34ca5000, 0x35800000)
    ro space 10240K,  42% used [0x38c00000, 0x39036058, 0x39036200, 0x39600000)
    rw space 12288K,  51% used [0x39600000, 0x39c3bdb0, 0x39c3be00, 0x3a200000)
}

Deoptimization events (0 events):
No events

Internal exceptions (10 events):
Event: 5.147 Thread 0x02cfc400 Threw 0x24d65a80 at C:\re\jdk7u79\2331\hotspot\src\share\vm\prims\jvm.cpp:1304
Event: 5.149 Thread 0x02cfc400 Threw 0x24d69f70 at C:\re\jdk7u79\2331\hotspot\src\share\vm\prims\jvm.cpp:1304
Event: 5.150 Thread 0x02cfc400 Threw 0x24d6d9a0 at C:\re\jdk7u79\2331\hotspot\src\share\vm\prims\jvm.cpp:1304
Event: 5.150 Thread 0x02cfc400 Threw 0x24d6f340 at C:\re\jdk7u79\2331\hotspot\src\share\vm\prims\jvm.cpp:1304
Event: 5.157 Thread 0x02cfc400 Threw 0x24d89810 at C:\re\jdk7u79\2331\hotspot\src\share\vm\prims\jvm.cpp:1304
Event: 5.159 Thread 0x02cfc400 Threw 0x24d91080 at C:\re\jdk7u79\2331\hotspot\src\share\vm\prims\jvm.cpp:1304
Event: 5.160 Thread 0x02cfc400 Threw 0x24d92e48 at C:\re\jdk7u79\2331\hotspot\src\share\vm\prims\jvm.cpp:1304
Event: 5.168 Thread 0x02cfc400 Threw 0x24da4dd8 at C:\re\jdk7u79\2331\hotspot\src\share\vm\prims\jvm.cpp:1304
Event: 17.948 Thread 0x02cfc400 Threw 0x24d32c68 at C:\re\jdk7u79\2331\hotspot\src\share\vm\prims\jvm.cpp:1304
Event: 17.948 Thread 0x02cfc400 Threw 0x24d343e8 at C:\re\jdk7u79\2331\hotspot\src\share\vm\prims\jvm.cpp:1304

Events (10 events):
Event: 84.722 Executing VM operation: GenCollectForAllocation
Event: 84.723 Executing VM operation: GenCollectForAllocation done
Event: 85.118 Executing VM operation: GenCollectForAllocation
Event: 85.119 Executing VM operation: GenCollectForAllocation done
Event: 85.520 Executing VM operation: GenCollectForAllocation
Event: 85.520 Executing VM operation: GenCollectForAllocation done
Event: 85.915 Executing VM operation: GenCollectForAllocation
Event: 85.915 Executing VM operation: GenCollectForAllocation done
Event: 86.311 Executing VM operation: GenCollectForAllocation
Event: 86.311 Executing VM operation: GenCollectForAllocation done


Dynamic libraries:
0x012c0000 - 0x012ef000 	C:\Program Files (x86)\Java\jre7\bin\javaw.exe
0x773a0000 - 0x77523000 	C:\WINDOWS\SYSTEM32\ntdll.dll
0x767b0000 - 0x76890000 	C:\WINDOWS\System32\KERNEL32.DLL
0x76600000 - 0x767a1000 	C:\WINDOWS\System32\KERNELBASE.dll
0x740e0000 - 0x74157000 	C:\WINDOWS\System32\ADVAPI32.dll
0x74500000 - 0x745be000 	C:\WINDOWS\System32\msvcrt.dll
0x74a30000 - 0x74a71000 	C:\WINDOWS\System32\sechost.dll
0x73e80000 - 0x73f41000 	C:\WINDOWS\System32\RPCRT4.dll
0x73e60000 - 0x73e7e000 	C:\WINDOWS\System32\SspiCli.dll
0x73e50000 - 0x73e5a000 	C:\WINDOWS\System32\CRYPTBASE.dll
0x76ad0000 - 0x76b2a000 	C:\WINDOWS\System32\bcryptPrimitives.dll
0x77220000 - 0x7737f000 	C:\WINDOWS\System32\USER32.dll
0x76130000 - 0x76145000 	C:\WINDOWS\System32\win32u.dll
0x74040000 - 0x7406b000 	C:\WINDOWS\System32\GDI32.dll
0x74220000 - 0x7437b000 	C:\WINDOWS\System32\gdi32full.dll
0x71be0000 - 0x71dea000 	C:\WINDOWS\WinSxS\x86_microsoft.windows.common-controls_6595b64144ccf1df_6.0.14393.447_none_89c64d28dafea4b9\COMCTL32.dll
0x745c0000 - 0x747d1000 	C:\WINDOWS\System32\combase.dll
0x74380000 - 0x74460000 	C:\WINDOWS\System32\ucrtbase.dll
0x747e0000 - 0x74805000 	C:\WINDOWS\System32\IMM32.DLL
0x776d0000 - 0x7778f000 	C:\Program Files (x86)\Java\jre7\bin\msvcr100.dll
0x504d0000 - 0x50859000 	C:\Program Files (x86)\Java\jre7\bin\client\jvm.dll
0x74ce0000 - 0x74ce6000 	C:\WINDOWS\System32\PSAPI.DLL
0x73b30000 - 0x73b54000 	C:\WINDOWS\SYSTEM32\WINMM.dll
0x72990000 - 0x72998000 	C:\WINDOWS\SYSTEM32\WSOCK32.dll
0x74070000 - 0x740d3000 	C:\WINDOWS\System32\WS2_32.dll
0x73b00000 - 0x73b23000 	C:\WINDOWS\SYSTEM32\WINMMBASE.dll
0x74d00000 - 0x74d36000 	C:\WINDOWS\System32\cfgmgr32.dll
0x556a0000 - 0x556ac000 	C:\Program Files (x86)\Java\jre7\bin\verify.dll
0x55680000 - 0x556a0000 	C:\Program Files (x86)\Java\jre7\bin\java.dll
0x55660000 - 0x55673000 	C:\Program Files (x86)\Java\jre7\bin\zip.dll
0x0f830000 - 0x0fab6000 	C:\Users\amanz360\Documents\GitHub\MoleAI\ExampleBot\bwapi_bridge2_5.dll
0x6cbc0000 - 0x6cc31000 	C:\WINDOWS\SYSTEM32\MSVCP120.dll
0x6f540000 - 0x6f59e000 	C:\Users\amanz360\Documents\GitHub\MoleAI\ExampleBot\libmpfr-4.dll
0x73cc0000 - 0x73dae000 	C:\WINDOWS\SYSTEM32\MSVCR120.dll
0x6acc0000 - 0x6ad27000 	C:\Users\amanz360\Documents\GitHub\MoleAI\ExampleBot\libgmp-10.dll
0x738d0000 - 0x73a15000 	C:\WINDOWS\SYSTEM32\dbghelp.dll

VM Arguments:
jvm_args: -Dfile.encoding=Cp1252 
java_command: TestBot1
Launcher Type: SUN_STANDARD

Environment Variables:
PATH=C:/Program Files (x86)/Java/jre7/bin/client;C:/Program Files (x86)/Java/jre7/bin;C:/Program Files (x86)/Java/jre7/lib/i386;C:\gurobi701\win64\bin;C:\Program Files (x86)\NVIDIA Corporation\PhysX\Common;C:\Program Files\Java\jdk1.8.0_45\bin;C:\ProgramData\Oracle\Java\javapath;c:\Program Files (x86)\Intel\iCLS Client\;c:\Program Files\Intel\iCLS Client\;C:\WINDOWS\system32;C:\WINDOWS;C:\WINDOWS\System32\Wbem;C:\WINDOWS\System32\WindowsPowerShell\v1.0\;C:\Program Files\Intel\WiFi\bin\;C:\Program Files\Common Files\Intel\WirelessCommon\;C:\Program Files\Mozart\bin;C:\Program Files\Microsoft SQL Server\110\Tools\Binn\;C:\Program Files (x86)\Skype\Phone\;C:\Program Files (x86)\Intel\Intel(R) Management Engine Components\DAL;C:\Program Files\Intel\Intel(R) Management Engine Components\DAL;C:\Program Files (x86)\Intel\Intel(R) Management Engine Components\IPT;C:\Program Files\Intel\Intel(R) Management Engine Components\IPT;C:\Go\bin;C:\WINDOWS\system32\config\systemprofile\.dnx\bin;C:\Program Files\Microsoft DNX\Dnvm\;C:\Program Files\Microsoft SQL Server\130\Tools\Binn\;C:\Program Files (x86)\Windows Kits\8.1\Windows Performance Toolkit\;c:\Program Files (x86)\Microsoft SQL Server\100\Tools\Binn\;c:\Program Files\Microsoft SQL Server\100\Tools\Binn\;c:\Program Files\Microsoft SQL Server\100\DTS\Binn\;C:\Users\amanz360\Anaconda3;C:\Users\amanz360\Anaconda3\Scripts;C:\Users\amanz360\Anaconda3\Library\bin;C:\Users\amanz360\AppData\Local\Microsoft\WindowsApps;;C:\Users\amanz360\Downloads\eclipse-java-mars-2-win32\eclipse;
USERNAME=amanz360
OS=Windows_NT
PROCESSOR_IDENTIFIER=Intel64 Family 6 Model 69 Stepping 1, GenuineIntel



---------------  S Y S T E M  ---------------

OS: Windows 8.1 , 64 bit Build 9600 

CPU:total 4 (2 cores per cpu, 2 threads per core) family 6 model 69 stepping 1, cmov, cx8, fxsr, mmx, sse, sse2, sse3, ssse3, sse4.1, sse4.2, popcnt, avx, avx2, aes, erms, ht, tsc, tscinvbit

Memory: 4k page, physical 6187596k(2744724k free), swap 10474704k(4673140k free)

vm_info: Java HotSpot(TM) Client VM (24.79-b02) for windows-x86 JRE (1.7.0_79-b15), built on Apr 10 2015 16:49:13 by "java_re" with unknown MS VC++:1600

time: Wed Dec 14 16:23:17 2016
elapsed time: 86 seconds

