#
# A fatal error has been detected by the Java Runtime Environment:
#
#  EXCEPTION_ACCESS_VIOLATION (0xc0000005) at pc=0x6ed86cdb, pid=12284, tid=0x00003d24
#
# JRE version: Java(TM) SE Runtime Environment (8.0_121-b13) (build 1.8.0_121-b13)
# Java VM: Java HotSpot(TM) Client VM (25.121-b13 mixed mode windows-x86 )
# Problematic frame:
# V  [jvm.dll+0xd6cdb]
#
# Failed to write core dump. Minidumps are not enabled by default on client versions of Windows
#
# If you would like to submit a bug report, please visit:
#   http://bugreport.java.com/bugreport/crash.jsp
#

---------------  T H R E A D  ---------------

Current thread (0x02f4c000):  JavaThread "main" [_thread_in_vm, id=15652, stack(0x02df0000,0x02e40000)]

siginfo: ExceptionCode=0xc0000005, reading address 0x00000000

Registers:
EAX=0x00000000, EBX=0x02f4c000, ECX=0x00000000, EDX=0x00000001
ESP=0x02e3db5c, EBP=0x02e3db78, ESI=0x02f4c140, EDI=0x00000000
EIP=0x6ed86cdb, EFLAGS=0x00010246

Top of Stack: (sp=0x02e3db5c)
0x02e3db5c:   00000000 00000000 02f4c140 02f4c000
0x02e3db6c:   00000000 00000000 00000000 02e3dbc8
0x02e3db7c:   68f4554d 02f4c140 00000000 00000079
0x02e3db8c:   00000000 02e3dbc8 68f4551c 00000001
0x02e3db9c:   0000000f 00000049 00000001 02e3dee4
0x02e3dbac:   03149418 00000001 0000000f 02f4c000
0x02e3dbbc:   00000000 00000000 0a7d8980 02e3dbf8
0x02e3dbcc:   03134cf8 02f4c140 02e3dbe4 1818eee0 

Instructions: (pc=0x6ed86cdb)
0x6ed86cbb:   f3 ff 83 c4 08 83 7b 04 00 89 5d f0 c7 45 f4 00
0x6ed86ccb:   00 00 00 74 08 8d 4d f0 e8 58 11 0d 00 8b 45 0c
0x6ed86cdb:   8b 08 8b 51 04 8b 42 38 50 56 e8 d6 4c 08 00 83
0x6ed86ceb:   c4 08 83 7d f4 00 89 45 08 74 08 8d 4d f0 e8 72 


Register to memory mapping:

EAX=0x00000000 is an unknown value
EBX=0x02f4c000 is a thread
ECX=0x00000000 is an unknown value
EDX=0x00000001 is an unknown value
ESP=0x02e3db5c is pointing into the stack for thread: 0x02f4c000
EBP=0x02e3db78 is pointing into the stack for thread: 0x02f4c000
ESI=0x02f4c140 is an unknown value
EDI=0x00000000 is an unknown value


Stack: [0x02df0000,0x02e40000],  sp=0x02e3db5c,  free space=310k
Native frames: (J=compiled Java code, j=interpreted, Vv=VM code, C=native code)
V  [jvm.dll+0xd6cdb]
C  [bwapi_bridge2_5.dll+0x3554d]
J 197  bwapi.Unit.getDistance_native(JLbwapi/Position;)I (0 bytes) @ 0x03134cf8 [0x03134c50+0xa8]
j  bwapi.Unit.getDistance(Lbwapi/Position;)I+6
j  bts.actions.execution.Move.internalTick()Ljbt/execution/core/ExecutionTask$Status;+54
J 265 C1 jbt.execution.core.ExecutionTask.tick()Ljbt/execution/core/ExecutionTask$Status; (129 bytes) @ 0x03144248 [0x03144200+0x48]
J 245 C1 jbt.execution.core.BTExecutor.tick()V (104 bytes) @ 0x0313e2b8 [0x0313e1b0+0x108]
J 339 C1 moleAI.Squad.tickUnits()V (65 bytes) @ 0x03155ba4 [0x03155a60+0x144]
J 185 C1 moleAI.SquadManager.update(Lbwapi/Game;Lbwapi/Position;)V (73 bytes) @ 0x03131950 [0x03131810+0x140]
J 82 C1 moleAI.StrategyManager.update(Lbwapi/Game;Lbwapi/Player;)V (298 bytes) @ 0x03110c0c [0x03110730+0x4dc]
J 190 C1 moleAI.TestBot1.onFrame()V (86 bytes) @ 0x031330d4 [0x03132e70+0x264]
J 169 C1 bwapi.AIModule.onFrame()V (17 bytes) @ 0x0312f544 [0x0312f510+0x34]
v  ~StubRoutines::call_stub
V  [jvm.dll+0x15aa85]
V  [jvm.dll+0x220d7e]
V  [jvm.dll+0x15ab1e]
V  [jvm.dll+0xdcc7b]
V  [jvm.dll+0xdfc0c]
C  [bwapi_bridge2_5.dll+0x1b20d]
C  [bwapi_bridge2_5.dll+0x75101]
j  bwapi.Mirror.startGame()V+0
j  moleAI.TestBot1.run()V+15
j  moleAI.TestBot1.main([Ljava/lang/String;)V+7
v  ~StubRoutines::call_stub
V  [jvm.dll+0x15aa85]
V  [jvm.dll+0x220d7e]
V  [jvm.dll+0x15ab1e]
V  [jvm.dll+0xdca47]
V  [jvm.dll+0xe4fdf]
C  [javaw.exe+0x22ab]
C  [javaw.exe+0xaebf]
C  [javaw.exe+0xaf49]
C  [KERNEL32.DLL+0x162c4]
C  [ntdll.dll+0x60fd9]
C  [ntdll.dll+0x60fa4]
C  0x00000000

Java frames: (J=compiled Java code, j=interpreted, Vv=VM code)
J 197  bwapi.Unit.getDistance_native(JLbwapi/Position;)I (0 bytes) @ 0x03134cb4 [0x03134c50+0x64]
j  bwapi.Unit.getDistance(Lbwapi/Position;)I+6
j  bts.actions.execution.Move.internalTick()Ljbt/execution/core/ExecutionTask$Status;+54
J 265 C1 jbt.execution.core.ExecutionTask.tick()Ljbt/execution/core/ExecutionTask$Status; (129 bytes) @ 0x03144248 [0x03144200+0x48]
J 245 C1 jbt.execution.core.BTExecutor.tick()V (104 bytes) @ 0x0313e2b8 [0x0313e1b0+0x108]
J 339 C1 moleAI.Squad.tickUnits()V (65 bytes) @ 0x03155ba4 [0x03155a60+0x144]
J 185 C1 moleAI.SquadManager.update(Lbwapi/Game;Lbwapi/Position;)V (73 bytes) @ 0x03131950 [0x03131810+0x140]
J 82 C1 moleAI.StrategyManager.update(Lbwapi/Game;Lbwapi/Player;)V (298 bytes) @ 0x03110c0c [0x03110730+0x4dc]
J 190 C1 moleAI.TestBot1.onFrame()V (86 bytes) @ 0x031330d4 [0x03132e70+0x264]
J 169 C1 bwapi.AIModule.onFrame()V (17 bytes) @ 0x0312f544 [0x0312f510+0x34]
v  ~StubRoutines::call_stub
j  bwapi.Mirror.startGame()V+0
j  moleAI.TestBot1.run()V+15
j  moleAI.TestBot1.main([Ljava/lang/String;)V+7
v  ~StubRoutines::call_stub

---------------  P R O C E S S  ---------------

Java Threads: ( => current thread )
  0x1568a400 JavaThread "Service Thread" daemon [_thread_blocked, id=15196, stack(0x15c20000,0x15c70000)]
  0x15683000 JavaThread "C1 CompilerThread0" daemon [_thread_blocked, id=14936, stack(0x15b90000,0x15be0000)]
  0x1568e800 JavaThread "Attach Listener" daemon [_thread_blocked, id=9800, stack(0x15b00000,0x15b50000)]
  0x1568d800 JavaThread "Signal Dispatcher" daemon [_thread_blocked, id=516, stack(0x15a70000,0x15ac0000)]
  0x15679000 JavaThread "Finalizer" daemon [_thread_blocked, id=1632, stack(0x158f0000,0x15940000)]
  0x15663400 JavaThread "Reference Handler" daemon [_thread_blocked, id=9612, stack(0x15860000,0x158b0000)]
=>0x02f4c000 JavaThread "main" [_thread_in_vm, id=15652, stack(0x02df0000,0x02e40000)]

Other Threads:
  0x0304c400 VMThread [stack: 0x05140000,0x05190000] [id=12136]
  0x1568b000 WatcherThread [stack: 0x15cb0000,0x15d00000] [id=5872]

VM state:not at safepoint (normal execution)

VM Mutex/Monitor currently owned by a thread: None

Heap:
 def new generation   total 4928K, used 4455K [0x05200000, 0x05750000, 0x0a750000)
  eden space 4416K, 100% used [0x05200000, 0x05650000, 0x05650000)
  from space 512K,   7% used [0x05650000, 0x05659fe0, 0x056d0000)
  to   space 512K,   0% used [0x056d0000, 0x056d0000, 0x05750000)
 tenured generation   total 10944K, used 576K [0x0a750000, 0x0b200000, 0x15200000)
   the space 10944K,   5% used [0x0a750000, 0x0a7e0380, 0x0a7e0400, 0x0b200000)
 Metaspace       used 2284K, capacity 2760K, committed 2880K, reserved 4480K

Card table byte_map: [0x05050000,0x050e0000] byte_map_base: 0x05027000

Polling page: 0x02d90000

CodeCache: size=32768Kb used=1130Kb max_used=1130Kb free=31637Kb
 bounds [0x03050000, 0x03170000, 0x05050000]
 total_blobs=563 nmethods=418 adapters=76
 compilation: enabled

Compilation events (10 events):
Event: 48.996 Thread 0x15683000  414             java.io.BufferedWriter::newLine (9 bytes)
Event: 48.996 Thread 0x15683000 nmethod 414 0x03168a48 code [0x03168b50, 0x03168bfc]
Event: 49.014 Thread 0x15683000  415   !         java.io.PrintStream::write (83 bytes)
Event: 49.015 Thread 0x15683000 nmethod 415 0x03168d08 code [0x03168e80, 0x03169254]
Event: 49.015 Thread 0x15683000  416   !         java.io.PrintStream::newLine (73 bytes)
Event: 49.015 Thread 0x15683000 nmethod 416 0x03169808 code [0x03169970, 0x03169d18]
Event: 49.742 Thread 0x15683000  417   !         java.io.PrintStream::println (24 bytes)
Event: 49.742 Thread 0x15683000 nmethod 417 0x0316a288 code [0x0316a3a0, 0x0316a5c8]
Event: 49.743 Thread 0x15683000  418             java.io.PrintStream::print (13 bytes)
Event: 49.743 Thread 0x15683000 nmethod 418 0x0316a6c8 code [0x0316a7d0, 0x0316a86c]

GC Heap History (10 events):
Event: 48.872 GC heap before
{Heap before GC invocations=123 (full 0):
 def new generation   total 4928K, used 4441K [0x05200000, 0x05750000, 0x0a750000)
  eden space 4416K, 100% used [0x05200000, 0x05650000, 0x05650000)
  from space 512K,   4% used [0x056d0000, 0x056d6500, 0x05750000)
  to   space 512K,   0% used [0x05650000, 0x05650000, 0x056d0000)
 tenured generation   total 10944K, used 576K [0x0a750000, 0x0b200000, 0x15200000)
   the space 10944K,   5% used [0x0a750000, 0x0a7e0380, 0x0a7e0400, 0x0b200000)
 Metaspace       used 2284K, capacity 2760K, committed 2880K, reserved 4480K
Event: 48.872 GC heap after
Heap after GC invocations=124 (full 0):
 def new generation   total 4928K, used 25K [0x05200000, 0x05750000, 0x0a750000)
  eden space 4416K,   0% used [0x05200000, 0x05200000, 0x05650000)
  from space 512K,   5% used [0x05650000, 0x05656720, 0x056d0000)
  to   space 512K,   0% used [0x056d0000, 0x056d0000, 0x05750000)
 tenured generation   total 10944K, used 576K [0x0a750000, 0x0b200000, 0x15200000)
   the space 10944K,   5% used [0x0a750000, 0x0a7e0380, 0x0a7e0400, 0x0b200000)
 Metaspace       used 2284K, capacity 2760K, committed 2880K, reserved 4480K
}
Event: 49.044 GC heap before
{Heap before GC invocations=124 (full 0):
 def new generation   total 4928K, used 4441K [0x05200000, 0x05750000, 0x0a750000)
  eden space 4416K, 100% used [0x05200000, 0x05650000, 0x05650000)
  from space 512K,   5% used [0x05650000, 0x05656720, 0x056d0000)
  to   space 512K,   0% used [0x056d0000, 0x056d0000, 0x05750000)
 tenured generation   total 10944K, used 576K [0x0a750000, 0x0b200000, 0x15200000)
   the space 10944K,   5% used [0x0a750000, 0x0a7e0380, 0x0a7e0400, 0x0b200000)
 Metaspace       used 2284K, capacity 2760K, committed 2880K, reserved 4480K
Event: 49.044 GC heap after
Heap after GC invocations=125 (full 0):
 def new generation   total 4928K, used 24K [0x05200000, 0x05750000, 0x0a750000)
  eden space 4416K,   0% used [0x05200000, 0x05200000, 0x05650000)
  from space 512K,   4% used [0x056d0000, 0x056d62e8, 0x05750000)
  to   space 512K,   0% used [0x05650000, 0x05650000, 0x056d0000)
 tenured generation   total 10944K, used 576K [0x0a750000, 0x0b200000, 0x15200000)
   the space 10944K,   5% used [0x0a750000, 0x0a7e0380, 0x0a7e0400, 0x0b200000)
 Metaspace       used 2284K, capacity 2760K, committed 2880K, reserved 4480K
}
Event: 49.223 GC heap before
{Heap before GC invocations=125 (full 0):
 def new generation   total 4928K, used 4440K [0x05200000, 0x05750000, 0x0a750000)
  eden space 4416K, 100% used [0x05200000, 0x05650000, 0x05650000)
  from space 512K,   4% used [0x056d0000, 0x056d62e8, 0x05750000)
  to   space 512K,   0% used [0x05650000, 0x05650000, 0x056d0000)
 tenured generation   total 10944K, used 576K [0x0a750000, 0x0b200000, 0x15200000)
   the space 10944K,   5% used [0x0a750000, 0x0a7e0380, 0x0a7e0400, 0x0b200000)
 Metaspace       used 2284K, capacity 2760K, committed 2880K, reserved 4480K
Event: 49.224 GC heap after
Heap after GC invocations=126 (full 0):
 def new generation   total 4928K, used 28K [0x05200000, 0x05750000, 0x0a750000)
  eden space 4416K,   0% used [0x05200000, 0x05200000, 0x05650000)
  from space 512K,   5% used [0x05650000, 0x056573b0, 0x056d0000)
  to   space 512K,   0% used [0x056d0000, 0x056d0000, 0x05750000)
 tenured generation   total 10944K, used 576K [0x0a750000, 0x0b200000, 0x15200000)
   the space 10944K,   5% used [0x0a750000, 0x0a7e0380, 0x0a7e0400, 0x0b200000)
 Metaspace       used 2284K, capacity 2760K, committed 2880K, reserved 4480K
}
Event: 49.385 GC heap before
{Heap before GC invocations=126 (full 0):
 def new generation   total 4928K, used 4444K [0x05200000, 0x05750000, 0x0a750000)
  eden space 4416K, 100% used [0x05200000, 0x05650000, 0x05650000)
  from space 512K,   5% used [0x05650000, 0x056573b0, 0x056d0000)
  to   space 512K,   0% used [0x056d0000, 0x056d0000, 0x05750000)
 tenured generation   total 10944K, used 576K [0x0a750000, 0x0b200000, 0x15200000)
   the space 10944K,   5% used [0x0a750000, 0x0a7e0380, 0x0a7e0400, 0x0b200000)
 Metaspace       used 2284K, capacity 2760K, committed 2880K, reserved 4480K
Event: 49.386 GC heap after
Heap after GC invocations=127 (full 0):
 def new generation   total 4928K, used 37K [0x05200000, 0x05750000, 0x0a750000)
  eden space 4416K,   0% used [0x05200000, 0x05200000, 0x05650000)
  from space 512K,   7% used [0x056d0000, 0x056d9460, 0x05750000)
  to   space 512K,   0% used [0x05650000, 0x05650000, 0x056d0000)
 tenured generation   total 10944K, used 576K [0x0a750000, 0x0b200000, 0x15200000)
   the space 10944K,   5% used [0x0a750000, 0x0a7e0380, 0x0a7e0400, 0x0b200000)
 Metaspace       used 2284K, capacity 2760K, committed 2880K, reserved 4480K
}
Event: 49.564 GC heap before
{Heap before GC invocations=127 (full 0):
 def new generation   total 4928K, used 4453K [0x05200000, 0x05750000, 0x0a750000)
  eden space 4416K, 100% used [0x05200000, 0x05650000, 0x05650000)
  from space 512K,   7% used [0x056d0000, 0x056d9460, 0x05750000)
  to   space 512K,   0% used [0x05650000, 0x05650000, 0x056d0000)
 tenured generation   total 10944K, used 576K [0x0a750000, 0x0b200000, 0x15200000)
   the space 10944K,   5% used [0x0a750000, 0x0a7e0380, 0x0a7e0400, 0x0b200000)
 Metaspace       used 2284K, capacity 2760K, committed 2880K, reserved 4480K
Event: 49.564 GC heap after
Heap after GC invocations=128 (full 0):
 def new generation   total 4928K, used 39K [0x05200000, 0x05750000, 0x0a750000)
  eden space 4416K,   0% used [0x05200000, 0x05200000, 0x05650000)
  from space 512K,   7% used [0x05650000, 0x05659fe0, 0x056d0000)
  to   space 512K,   0% used [0x056d0000, 0x056d0000, 0x05750000)
 tenured generation   total 10944K, used 576K [0x0a750000, 0x0b200000, 0x15200000)
   the space 10944K,   5% used [0x0a750000, 0x0a7e0380, 0x0a7e0400, 0x0b200000)
 Metaspace       used 2284K, capacity 2760K, committed 2880K, reserved 4480K
}

Deoptimization events (0 events):
No events

Internal exceptions (2 events):
Event: 0.044 Thread 0x02f4c000 Exception <a 'java/lang/NoSuchMethodError': Method sun.misc.Unsafe.defineClass(Ljava/lang/String;[BII)Ljava/lang/Class; name or signature does not match> (0x05206e98) thrown at [C:\workspace\8-2-build-windows-i586-cygwin\jdk8u121\8372\hotspot\src\share\vm
Event: 0.044 Thread 0x02f4c000 Exception <a 'java/lang/NoSuchMethodError': Method sun.misc.Unsafe.prefetchRead(Ljava/lang/Object;J)V name or signature does not match> (0x05207168) thrown at [C:\workspace\8-2-build-windows-i586-cygwin\jdk8u121\8372\hotspot\src\share\vm\prims\jni.cpp, li

Events (10 events):
Event: 48.871 Executing VM operation: GenCollectForAllocation
Event: 48.872 Executing VM operation: GenCollectForAllocation done
Event: 49.044 Executing VM operation: GenCollectForAllocation
Event: 49.044 Executing VM operation: GenCollectForAllocation done
Event: 49.223 Executing VM operation: GenCollectForAllocation
Event: 49.224 Executing VM operation: GenCollectForAllocation done
Event: 49.385 Executing VM operation: GenCollectForAllocation
Event: 49.386 Executing VM operation: GenCollectForAllocation done
Event: 49.564 Executing VM operation: GenCollectForAllocation
Event: 49.564 Executing VM operation: GenCollectForAllocation done


Dynamic libraries:
0x00e10000 - 0x00e43000 	C:\Program Files (x86)\Java\jre1.8.0_121\bin\javaw.exe
0x77b90000 - 0x77d13000 	C:\Windows\SYSTEM32\ntdll.dll
0x76820000 - 0x76900000 	C:\Windows\System32\KERNEL32.DLL
0x75f50000 - 0x760f1000 	C:\Windows\System32\KERNELBASE.dll
0x77b00000 - 0x77b77000 	C:\Windows\System32\ADVAPI32.dll
0x76d80000 - 0x76e3e000 	C:\Windows\System32\msvcrt.dll
0x74880000 - 0x748c1000 	C:\Windows\System32\sechost.dll
0x76f90000 - 0x77051000 	C:\Windows\System32\RPCRT4.dll
0x74650000 - 0x7466e000 	C:\Windows\System32\SspiCli.dll
0x74640000 - 0x7464a000 	C:\Windows\System32\CRYPTBASE.dll
0x76d20000 - 0x76d7a000 	C:\Windows\System32\bcryptPrimitives.dll
0x769a0000 - 0x76aff000 	C:\Windows\System32\USER32.dll
0x77060000 - 0x77075000 	C:\Windows\System32\win32u.dll
0x77a00000 - 0x77a2b000 	C:\Windows\System32\GDI32.dll
0x77320000 - 0x7747b000 	C:\Windows\System32\gdi32full.dll
0x6fe00000 - 0x7000a000 	C:\Windows\WinSxS\x86_microsoft.windows.common-controls_6595b64144ccf1df_6.0.14393.953_none_89c2555adb023171\COMCTL32.dll
0x76b00000 - 0x76d11000 	C:\Windows\System32\combase.dll
0x77920000 - 0x77a00000 	C:\Windows\System32\ucrtbase.dll
0x76970000 - 0x76995000 	C:\Windows\System32\IMM32.DLL
0x6e220000 - 0x6e2df000 	C:\Program Files (x86)\Java\jre1.8.0_121\bin\msvcr100.dll
0x6ecb0000 - 0x6f07e000 	C:\Program Files (x86)\Java\jre1.8.0_121\bin\client\jvm.dll
0x76100000 - 0x76106000 	C:\Windows\System32\PSAPI.DLL
0x700d0000 - 0x700f4000 	C:\Windows\SYSTEM32\WINMM.dll
0x68e10000 - 0x68e18000 	C:\Windows\SYSTEM32\WSOCK32.dll
0x74310000 - 0x74318000 	C:\Windows\SYSTEM32\VERSION.dll
0x76900000 - 0x76963000 	C:\Windows\System32\WS2_32.dll
0x70040000 - 0x70063000 	C:\Windows\SYSTEM32\WINMMBASE.dll
0x77a30000 - 0x77a66000 	C:\Windows\System32\cfgmgr32.dll
0x700c0000 - 0x700cc000 	C:\Program Files (x86)\Java\jre1.8.0_121\bin\verify.dll
0x70090000 - 0x700b1000 	C:\Program Files (x86)\Java\jre1.8.0_121\bin\java.dll
0x70070000 - 0x70083000 	C:\Program Files (x86)\Java\jre1.8.0_121\bin\zip.dll
0x749a0000 - 0x75d78000 	C:\Windows\System32\SHELL32.dll
0x762b0000 - 0x7681e000 	C:\Windows\System32\windows.storage.dll
0x770f0000 - 0x77135000 	C:\Windows\System32\powrprof.dll
0x76ee0000 - 0x76f26000 	C:\Windows\System32\shlwapi.dll
0x770e0000 - 0x770ed000 	C:\Windows\System32\kernel.appcore.dll
0x77a70000 - 0x77af8000 	C:\Windows\System32\shcore.dll
0x76110000 - 0x7611f000 	C:\Windows\System32\profapi.dll
0x68f10000 - 0x69196000 	C:\Users\amanz\OneDrive\Documents\GitHub\MoleAI\ExampleBot\bwapi_bridge2_5.dll
0x6e3d0000 - 0x6e441000 	C:\Program Files (x86)\Java\jre1.8.0_121\bin\MSVCP120.dll
0x6e130000 - 0x6e21e000 	C:\Program Files (x86)\Java\jre1.8.0_121\bin\MSVCR120.dll
0x6acc0000 - 0x6ad27000 	C:\Users\amanz\OneDrive\Documents\GitHub\MoleAI\ExampleBot\libgmp-10.dll
0x6f540000 - 0x6f59e000 	C:\Users\amanz\OneDrive\Documents\GitHub\MoleAI\ExampleBot\libmpfr-4.dll
0x6f610000 - 0x6f755000 	C:\Windows\SYSTEM32\dbghelp.dll

VM Arguments:
jvm_args: -Dfile.encoding=Cp1252 
java_command: moleAI.TestBot1
java_class_path (initial): C:\Users\amanz\OneDrive\Documents\GitHub\MoleAI\ExampleBot\bin;C:\Users\amanz\OneDrive\Documents\GitHub\MoleAI\ExampleBot\lib\bwmirror_v2_5.jar;C:\Users\amanz\OneDrive\Documents\GitHub\MoleAI\ExampleBot\lib\JBTCore.jar
Launcher Type: SUN_STANDARD

Environment Variables:
PATH=C:/Program Files/Java/jre1.8.0_121/bin/server;C:/Program Files/Java/jre1.8.0_121/bin;C:/Program Files/Java/jre1.8.0_121/lib/amd64;C:\ProgramData\Oracle\Java\javapath;C:\Program Files (x86)\Intel\iCLS Client\;C:\Program Files\Intel\iCLS Client\;C:\Windows\system32;C:\Windows;C:\Windows\System32\Wbem;C:\Windows\System32\WindowsPowerShell\v1.0\;C:\Program Files (x86)\Intel\Intel(R) Management Engine Components\DAL;C:\Program Files\Intel\Intel(R) Management Engine Components\DAL;C:\Program Files (x86)\Intel\Intel(R) Management Engine Components\IPT;C:\Program Files\Intel\Intel(R) Management Engine Components\IPT;C:\Program Files (x86)\NVIDIA Corporation\PhysX\Common;C:\Program Files\nodejs\;C:\Program Files\Microsoft SQL Server\110\Tools\Binn\;C:\Program Files (x86)\Microsoft SDKs\TypeScript\1.0\;C:\Program Files\Microsoft SQL Server\120\Tools\Binn\;C:\Program Files (x86)\Skype\Phone\;C:\Users\amanz\AppData\Local\Microsoft\WindowsApps;C:\Users\amanz\AppData\Roaming\npm;C:\Windows\system32;
USERNAME=amanz
OS=Windows_NT
PROCESSOR_IDENTIFIER=Intel64 Family 6 Model 94 Stepping 3, GenuineIntel



---------------  S Y S T E M  ---------------

OS: Windows 10.0 , 64 bit Build 14393 (10.0.14393.0)

CPU:total 8 (4 cores per cpu, 2 threads per core) family 6 model 94 stepping 3, cmov, cx8, fxsr, mmx, sse, sse2, sse3, ssse3, sse4.1, sse4.2, popcnt, avx, avx2, aes, clmul, erms, rtm, 3dnowpref, lzcnt, ht, tsc, tscinvbit, bmi1, bmi2, adx

Memory: 4k page, physical 8209456k(2460192k free), swap 12665904k(3930036k free)

vm_info: Java HotSpot(TM) Client VM (25.121-b13) for windows-x86 JRE (1.8.0_121-b13), built on Dec 12 2016 18:17:00 by "java_re" with MS VC++ 10.0 (VS2010)

time: Mon Apr 24 17:45:13 2017
elapsed time: 49 seconds (0d 0h 0m 49s)

