#
# A fatal error has been detected by the Java Runtime Environment:
#
#  EXCEPTION_ACCESS_VIOLATION (0xc0000005) at pc=0x6ed86cdb, pid=15484, tid=0x00003904
#
# JRE version: Java(TM) SE Runtime Environment (8.0_121-b13) (build 1.8.0_121-b13)
# Java VM: Java HotSpot(TM) Client VM (25.121-b13 mixed mode, sharing windows-x86 )
# Problematic frame:
# V  [jvm.dll+0xd6cdb]
#
# Failed to write core dump. Minidumps are not enabled by default on client versions of Windows
#
# If you would like to submit a bug report, please visit:
#   http://bugreport.java.com/bugreport/crash.jsp
#

---------------  T H R E A D  ---------------

Current thread (0x0290c000):  JavaThread "main" [_thread_in_vm, id=14596, stack(0x00ab0000,0x00b00000)]

siginfo: ExceptionCode=0xc0000005, reading address 0x00000000

Registers:
EAX=0x00000000, EBX=0x0290c000, ECX=0x00000000, EDX=0x00000001
ESP=0x00afd8b4, EBP=0x00afd8d0, ESI=0x0290c140, EDI=0x00000000
EIP=0x6ed86cdb, EFLAGS=0x00010246

Top of Stack: (sp=0x00afd8b4)
0x00afd8b4:   00000000 0290c140 0290c000 0290c000
0x00afd8c4:   00000000 0290c140 0290c000 00afd988
0x00afd8d4:   68f30fd2 0290c140 00000000 02900079
0x00afd8e4:   0290c000 00afd988 68f30fa7 00000001
0x00afd8f4:   0000000f 02900049 0290c864 000003ec
0x00afd904:   14c799a0 00000001 0000000f 0290c000
0x00afd914:   09f86e08 00afdbb4 029dffc4 00afd954
0x00afd924:   0290c140 0290c000 0290c000 00bfa1f8 

Instructions: (pc=0x6ed86cdb)
0x6ed86cbb:   f3 ff 83 c4 08 83 7b 04 00 89 5d f0 c7 45 f4 00
0x6ed86ccb:   00 00 00 74 08 8d 4d f0 e8 58 11 0d 00 8b 45 0c
0x6ed86cdb:   8b 08 8b 51 04 8b 42 38 50 56 e8 d6 4c 08 00 83
0x6ed86ceb:   c4 08 83 7d f4 00 89 45 08 74 08 8d 4d f0 e8 72 


Register to memory mapping:

EAX=0x00000000 is an unknown value
EBX=0x0290c000 is a thread
ECX=0x00000000 is an unknown value
EDX=0x00000001 is an unknown value
ESP=0x00afd8b4 is pointing into the stack for thread: 0x0290c000
EBP=0x00afd8d0 is pointing into the stack for thread: 0x0290c000
ESI=0x0290c140 is an unknown value
EDI=0x00000000 is an unknown value


Stack: [0x00ab0000,0x00b00000],  sp=0x00afd8b4,  free space=310k
Native frames: (J=compiled Java code, j=interpreted, Vv=VM code, C=native code)
V  [jvm.dll+0xd6cdb]
C  [bwapi_bridge2_5.dll+0x20fd2]
J 353  bwapi.Game.getUnitsInRadius_native(JLbwapi/Position;I)Ljava/util/List; (0 bytes) @ 0x02a1a6bf [0x02a1a610+0xaf]
J 246 C1 moleAI.Squad.closestEnemy(Lbwapi/Game;)Lbwapi/Unit; (137 bytes) @ 0x029ff290 [0x029ff1f0+0xa0]
J 189 C1 moleAI.SquadManager.update(Lbwapi/Game;Lbwapi/Position;)V (73 bytes) @ 0x029f2500 [0x029f23d0+0x130]
J 82 C1 moleAI.StrategyManager.update(Lbwapi/Game;Lbwapi/Player;)V (298 bytes) @ 0x029d0c0c [0x029d0730+0x4dc]
J 163 C1 moleAI.TestBot1.onFrame()V (86 bytes) @ 0x029e7994 [0x029e7730+0x264]
J 162 C1 bwapi.AIModule.onFrame()V (17 bytes) @ 0x029e74c4 [0x029e7490+0x34]
v  ~StubRoutines::call_stub
V  [jvm.dll+0x15aa85]
V  [jvm.dll+0x220d7e]
V  [jvm.dll+0x15ab1e]
V  [jvm.dll+0xdcc7b]
V  [jvm.dll+0xdfc0c]
C  [bwapi_bridge2_5.dll+0x1b20d]
C  [bwapi_bridge2_5.dll+0x75101]
j  bwapi.Mirror.startGame()V+0
j  moleAI.TestBot1.run()V+15
j  moleAI.TestBot1.main([Ljava/lang/String;)V+7
v  ~StubRoutines::call_stub
V  [jvm.dll+0x15aa85]
V  [jvm.dll+0x220d7e]
V  [jvm.dll+0x15ab1e]
V  [jvm.dll+0xdca47]
V  [jvm.dll+0xe4fdf]
C  [javaw.exe+0x22ab]
C  [javaw.exe+0xaebf]
C  [javaw.exe+0xaf49]
C  [KERNEL32.DLL+0x162c4]
C  [ntdll.dll+0x60fd9]
C  [ntdll.dll+0x60fa4]
C  0x00000000

Java frames: (J=compiled Java code, j=interpreted, Vv=VM code)
J 353  bwapi.Game.getUnitsInRadius_native(JLbwapi/Position;I)Ljava/util/List; (0 bytes) @ 0x02a1a67b [0x02a1a610+0x6b]
J 246 C1 moleAI.Squad.closestEnemy(Lbwapi/Game;)Lbwapi/Unit; (137 bytes) @ 0x029ff290 [0x029ff1f0+0xa0]
J 189 C1 moleAI.SquadManager.update(Lbwapi/Game;Lbwapi/Position;)V (73 bytes) @ 0x029f2500 [0x029f23d0+0x130]
J 82 C1 moleAI.StrategyManager.update(Lbwapi/Game;Lbwapi/Player;)V (298 bytes) @ 0x029d0c0c [0x029d0730+0x4dc]
J 163 C1 moleAI.TestBot1.onFrame()V (86 bytes) @ 0x029e7994 [0x029e7730+0x264]
J 162 C1 bwapi.AIModule.onFrame()V (17 bytes) @ 0x029e74c4 [0x029e7490+0x34]
v  ~StubRoutines::call_stub
j  bwapi.Mirror.startGame()V+0
j  moleAI.TestBot1.run()V+15
j  moleAI.TestBot1.main([Ljava/lang/String;)V+7
v  ~StubRoutines::call_stub

---------------  P R O C E S S  ---------------

Java Threads: ( => current thread )
  0x00d3ec00 JavaThread "Service Thread" daemon [_thread_blocked, id=2368, stack(0x14f80000,0x14fd0000)]
  0x00d20400 JavaThread "C1 CompilerThread0" daemon [_thread_blocked, id=7796, stack(0x14ef0000,0x14f40000)]
  0x00d1f000 JavaThread "Attach Listener" daemon [_thread_blocked, id=4684, stack(0x14e60000,0x14eb0000)]
  0x00d1d000 JavaThread "Signal Dispatcher" daemon [_thread_blocked, id=5480, stack(0x04950000,0x049a0000)]
  0x00d13800 JavaThread "Finalizer" daemon [_thread_blocked, id=3940, stack(0x027a0000,0x027f0000)]
  0x00cb6c00 JavaThread "Reference Handler" daemon [_thread_blocked, id=7868, stack(0x02710000,0x02760000)]
=>0x0290c000 JavaThread "main" [_thread_in_vm, id=14596, stack(0x00ab0000,0x00b00000)]

Other Threads:
  0x00cb3000 VMThread [stack: 0x02660000,0x026b0000] [id=12476]
  0x00d56800 WatcherThread [stack: 0x15010000,0x15060000] [id=3324]

VM state:not at safepoint (normal execution)

VM Mutex/Monitor currently owned by a thread: None

Heap:
 def new generation   total 4928K, used 2925K [0x04a00000, 0x04f50000, 0x09f50000)
  eden space 4416K,  66% used [0x04a00000, 0x04cd8ab8, 0x04e50000)
  from space 512K,   2% used [0x04e50000, 0x04e52bd8, 0x04ed0000)
  to   space 512K,   0% used [0x04ed0000, 0x04ed0000, 0x04f50000)
 tenured generation   total 10944K, used 730K [0x09f50000, 0x0aa00000, 0x14a00000)
   the space 10944K,   6% used [0x09f50000, 0x0a0069f8, 0x0a006a00, 0x0aa00000)
 Metaspace       used 561K, capacity 2760K, committed 2880K, reserved 4480K

Card table byte_map: [0x02570000,0x02600000] byte_map_base: 0x0254b000

Polling page: 0x00a50000

CodeCache: size=32768Kb used=1165Kb max_used=1165Kb free=31602Kb
 bounds [0x02910000, 0x02a38000, 0x04910000]
 total_blobs=595 nmethods=450 adapters=76
 compilation: enabled

Compilation events (10 events):
Event: 74.654 Thread 0x00d20400  444             bwapi.PositionOrUnit::isUnit (13 bytes)
Event: 74.654 Thread 0x00d20400 nmethod 444 0x02a32008 code [0x02a32100, 0x02a32190]
Event: 74.654 Thread 0x00d20400  445             bwapi.PositionOrUnit::getUnit (5 bytes)
Event: 74.654 Thread 0x00d20400 nmethod 445 0x02a321c8 code [0x02a322c0, 0x02a32340]
Event: 74.654 Thread 0x00d20400  446             bwapi.UnitCommand::getUnit (5 bytes)
Event: 74.654 Thread 0x00d20400 nmethod 446 0x02a32388 code [0x02a32480, 0x02a32500]
Event: 76.018 Thread 0x00d20400  447             moleAI.MoleUnit::smartAttackUnit (110 bytes)
Event: 76.018 Thread 0x00d20400 nmethod 447 0x02a32548 code [0x02a326d0, 0x02a32a9c]
Event: 79.556 Thread 0x00d20400  450             java.lang.String::toString (2 bytes)
Event: 79.556 Thread 0x00d20400 nmethod 450 0x02a333c8 code [0x02a334c0, 0x02a33540]

GC Heap History (10 events):
Event: 91.210 GC heap before
{Heap before GC invocations=241 (full 0):
 def new generation   total 4928K, used 4429K [0x04a00000, 0x04f50000, 0x09f50000)
  eden space 4416K, 100% used [0x04a00000, 0x04e50000, 0x04e50000)
  from space 512K,   2% used [0x04ed0000, 0x04ed3618, 0x04f50000)
  to   space 512K,   0% used [0x04e50000, 0x04e50000, 0x04ed0000)
 tenured generation   total 10944K, used 727K [0x09f50000, 0x0aa00000, 0x14a00000)
   the space 10944K,   6% used [0x09f50000, 0x0a005f18, 0x0a006000, 0x0aa00000)
 Metaspace       used 561K, capacity 2760K, committed 2880K, reserved 4480K
Event: 91.210 GC heap after
Heap after GC invocations=242 (full 0):
 def new generation   total 4928K, used 13K [0x04a00000, 0x04f50000, 0x09f50000)
  eden space 4416K,   0% used [0x04a00000, 0x04a00000, 0x04e50000)
  from space 512K,   2% used [0x04e50000, 0x04e53570, 0x04ed0000)
  to   space 512K,   0% used [0x04ed0000, 0x04ed0000, 0x04f50000)
 tenured generation   total 10944K, used 727K [0x09f50000, 0x0aa00000, 0x14a00000)
   the space 10944K,   6% used [0x09f50000, 0x0a005f18, 0x0a006000, 0x0aa00000)
 Metaspace       used 561K, capacity 2760K, committed 2880K, reserved 4480K
}
Event: 91.438 GC heap before
{Heap before GC invocations=242 (full 0):
 def new generation   total 4928K, used 4429K [0x04a00000, 0x04f50000, 0x09f50000)
  eden space 4416K, 100% used [0x04a00000, 0x04e50000, 0x04e50000)
  from space 512K,   2% used [0x04e50000, 0x04e53570, 0x04ed0000)
  to   space 512K,   0% used [0x04ed0000, 0x04ed0000, 0x04f50000)
 tenured generation   total 10944K, used 727K [0x09f50000, 0x0aa00000, 0x14a00000)
   the space 10944K,   6% used [0x09f50000, 0x0a005f18, 0x0a006000, 0x0aa00000)
 Metaspace       used 561K, capacity 2760K, committed 2880K, reserved 4480K
Event: 91.439 GC heap after
Heap after GC invocations=243 (full 0):
 def new generation   total 4928K, used 12K [0x04a00000, 0x04f50000, 0x09f50000)
  eden space 4416K,   0% used [0x04a00000, 0x04a00000, 0x04e50000)
  from space 512K,   2% used [0x04ed0000, 0x04ed3120, 0x04f50000)
  to   space 512K,   0% used [0x04e50000, 0x04e50000, 0x04ed0000)
 tenured generation   total 10944K, used 729K [0x09f50000, 0x0aa00000, 0x14a00000)
   the space 10944K,   6% used [0x09f50000, 0x0a006720, 0x0a006800, 0x0aa00000)
 Metaspace       used 561K, capacity 2760K, committed 2880K, reserved 4480K
}
Event: 91.668 GC heap before
{Heap before GC invocations=243 (full 0):
 def new generation   total 4928K, used 4428K [0x04a00000, 0x04f50000, 0x09f50000)
  eden space 4416K, 100% used [0x04a00000, 0x04e50000, 0x04e50000)
  from space 512K,   2% used [0x04ed0000, 0x04ed3120, 0x04f50000)
  to   space 512K,   0% used [0x04e50000, 0x04e50000, 0x04ed0000)
 tenured generation   total 10944K, used 729K [0x09f50000, 0x0aa00000, 0x14a00000)
   the space 10944K,   6% used [0x09f50000, 0x0a006720, 0x0a006800, 0x0aa00000)
 Metaspace       used 561K, capacity 2760K, committed 2880K, reserved 4480K
Event: 91.669 GC heap after
Heap after GC invocations=244 (full 0):
 def new generation   total 4928K, used 10K [0x04a00000, 0x04f50000, 0x09f50000)
  eden space 4416K,   0% used [0x04a00000, 0x04a00000, 0x04e50000)
  from space 512K,   2% used [0x04e50000, 0x04e52a20, 0x04ed0000)
  to   space 512K,   0% used [0x04ed0000, 0x04ed0000, 0x04f50000)
 tenured generation   total 10944K, used 730K [0x09f50000, 0x0aa00000, 0x14a00000)
   the space 10944K,   6% used [0x09f50000, 0x0a0069f8, 0x0a006a00, 0x0aa00000)
 Metaspace       used 561K, capacity 2760K, committed 2880K, reserved 4480K
}
Event: 91.908 GC heap before
{Heap before GC invocations=244 (full 0):
 def new generation   total 4928K, used 4426K [0x04a00000, 0x04f50000, 0x09f50000)
  eden space 4416K, 100% used [0x04a00000, 0x04e50000, 0x04e50000)
  from space 512K,   2% used [0x04e50000, 0x04e52a20, 0x04ed0000)
  to   space 512K,   0% used [0x04ed0000, 0x04ed0000, 0x04f50000)
 tenured generation   total 10944K, used 730K [0x09f50000, 0x0aa00000, 0x14a00000)
   the space 10944K,   6% used [0x09f50000, 0x0a0069f8, 0x0a006a00, 0x0aa00000)
 Metaspace       used 561K, capacity 2760K, committed 2880K, reserved 4480K
Event: 91.908 GC heap after
Heap after GC invocations=245 (full 0):
 def new generation   total 4928K, used 11K [0x04a00000, 0x04f50000, 0x09f50000)
  eden space 4416K,   0% used [0x04a00000, 0x04a00000, 0x04e50000)
  from space 512K,   2% used [0x04ed0000, 0x04ed2ed0, 0x04f50000)
  to   space 512K,   0% used [0x04e50000, 0x04e50000, 0x04ed0000)
 tenured generation   total 10944K, used 730K [0x09f50000, 0x0aa00000, 0x14a00000)
   the space 10944K,   6% used [0x09f50000, 0x0a0069f8, 0x0a006a00, 0x0aa00000)
 Metaspace       used 561K, capacity 2760K, committed 2880K, reserved 4480K
}
Event: 92.133 GC heap before
{Heap before GC invocations=245 (full 0):
 def new generation   total 4928K, used 4427K [0x04a00000, 0x04f50000, 0x09f50000)
  eden space 4416K, 100% used [0x04a00000, 0x04e50000, 0x04e50000)
  from space 512K,   2% used [0x04ed0000, 0x04ed2ed0, 0x04f50000)
  to   space 512K,   0% used [0x04e50000, 0x04e50000, 0x04ed0000)
 tenured generation   total 10944K, used 730K [0x09f50000, 0x0aa00000, 0x14a00000)
   the space 10944K,   6% used [0x09f50000, 0x0a0069f8, 0x0a006a00, 0x0aa00000)
 Metaspace       used 561K, capacity 2760K, committed 2880K, reserved 4480K
Event: 92.133 GC heap after
Heap after GC invocations=246 (full 0):
 def new generation   total 4928K, used 10K [0x04a00000, 0x04f50000, 0x09f50000)
  eden space 4416K,   0% used [0x04a00000, 0x04a00000, 0x04e50000)
  from space 512K,   2% used [0x04e50000, 0x04e52bd8, 0x04ed0000)
  to   space 512K,   0% used [0x04ed0000, 0x04ed0000, 0x04f50000)
 tenured generation   total 10944K, used 730K [0x09f50000, 0x0aa00000, 0x14a00000)
   the space 10944K,   6% used [0x09f50000, 0x0a0069f8, 0x0a006a00, 0x0aa00000)
 Metaspace       used 561K, capacity 2760K, committed 2880K, reserved 4480K
}

Deoptimization events (0 events):
No events

Internal exceptions (10 events):
Event: 66.762 Thread 0x0290c000 Implicit null exception at 0x02a2f6fd to 0x02a2f816
Event: 66.762 Thread 0x0290c000 Exception <a 'java/lang/NullPointerException'> (0x04e38ad0) thrown at [C:\workspace\8-2-build-windows-i586-cygwin\jdk8u121\8372\hotspot\src\share\vm\runtime\sharedRuntime.cpp, line 605]
Event: 87.474 Thread 0x0290c000 Implicit null exception at 0x02a2f6fd to 0x02a2f816
Event: 87.474 Thread 0x0290c000 Exception <a 'java/lang/NullPointerException'> (0x04db8588) thrown at [C:\workspace\8-2-build-windows-i586-cygwin\jdk8u121\8372\hotspot\src\share\vm\runtime\sharedRuntime.cpp, line 605]
Event: 87.494 Thread 0x0290c000 Implicit null exception at 0x02a2f6fd to 0x02a2f816
Event: 87.494 Thread 0x0290c000 Exception <a 'java/lang/NullPointerException'> (0x04dd1a68) thrown at [C:\workspace\8-2-build-windows-i586-cygwin\jdk8u121\8372\hotspot\src\share\vm\runtime\sharedRuntime.cpp, line 605]
Event: 87.512 Thread 0x0290c000 Implicit null exception at 0x02a2f6fd to 0x02a2f816
Event: 87.512 Thread 0x0290c000 Exception <a 'java/lang/NullPointerException'> (0x04deaf58) thrown at [C:\workspace\8-2-build-windows-i586-cygwin\jdk8u121\8372\hotspot\src\share\vm\runtime\sharedRuntime.cpp, line 605]
Event: 87.530 Thread 0x0290c000 Implicit null exception at 0x02a2f6fd to 0x02a2f816
Event: 87.530 Thread 0x0290c000 Exception <a 'java/lang/NullPointerException'> (0x04e04308) thrown at [C:\workspace\8-2-build-windows-i586-cygwin\jdk8u121\8372\hotspot\src\share\vm\runtime\sharedRuntime.cpp, line 605]

Events (10 events):
Event: 91.210 Executing VM operation: GenCollectForAllocation
Event: 91.210 Executing VM operation: GenCollectForAllocation done
Event: 91.438 Executing VM operation: GenCollectForAllocation
Event: 91.439 Executing VM operation: GenCollectForAllocation done
Event: 91.668 Executing VM operation: GenCollectForAllocation
Event: 91.669 Executing VM operation: GenCollectForAllocation done
Event: 91.907 Executing VM operation: GenCollectForAllocation
Event: 91.908 Executing VM operation: GenCollectForAllocation done
Event: 92.133 Executing VM operation: GenCollectForAllocation
Event: 92.133 Executing VM operation: GenCollectForAllocation done


Dynamic libraries:
0x00e10000 - 0x00e43000 	C:\Program Files (x86)\Java\jre1.8.0_121\bin\javaw.exe
0x77b90000 - 0x77d13000 	C:\Windows\SYSTEM32\ntdll.dll
0x76820000 - 0x76900000 	C:\Windows\System32\KERNEL32.DLL
0x75f50000 - 0x760f1000 	C:\Windows\System32\KERNELBASE.dll
0x77b00000 - 0x77b77000 	C:\Windows\System32\ADVAPI32.dll
0x76d80000 - 0x76e3e000 	C:\Windows\System32\msvcrt.dll
0x74880000 - 0x748c1000 	C:\Windows\System32\sechost.dll
0x76f90000 - 0x77051000 	C:\Windows\System32\RPCRT4.dll
0x74650000 - 0x7466e000 	C:\Windows\System32\SspiCli.dll
0x74640000 - 0x7464a000 	C:\Windows\System32\CRYPTBASE.dll
0x76d20000 - 0x76d7a000 	C:\Windows\System32\bcryptPrimitives.dll
0x769a0000 - 0x76aff000 	C:\Windows\System32\USER32.dll
0x77060000 - 0x77075000 	C:\Windows\System32\win32u.dll
0x77a00000 - 0x77a2b000 	C:\Windows\System32\GDI32.dll
0x77320000 - 0x7747b000 	C:\Windows\System32\gdi32full.dll
0x6fe00000 - 0x7000a000 	C:\Windows\WinSxS\x86_microsoft.windows.common-controls_6595b64144ccf1df_6.0.14393.953_none_89c2555adb023171\COMCTL32.dll
0x76b00000 - 0x76d11000 	C:\Windows\System32\combase.dll
0x77920000 - 0x77a00000 	C:\Windows\System32\ucrtbase.dll
0x76970000 - 0x76995000 	C:\Windows\System32\IMM32.DLL
0x6e220000 - 0x6e2df000 	C:\Program Files (x86)\Java\jre1.8.0_121\bin\msvcr100.dll
0x6ecb0000 - 0x6f07e000 	C:\Program Files (x86)\Java\jre1.8.0_121\bin\client\jvm.dll
0x76100000 - 0x76106000 	C:\Windows\System32\PSAPI.DLL
0x68e10000 - 0x68e18000 	C:\Windows\SYSTEM32\WSOCK32.dll
0x700d0000 - 0x700f4000 	C:\Windows\SYSTEM32\WINMM.dll
0x74310000 - 0x74318000 	C:\Windows\SYSTEM32\VERSION.dll
0x76900000 - 0x76963000 	C:\Windows\System32\WS2_32.dll
0x00a20000 - 0x00a43000 	C:\Windows\SYSTEM32\WINMMBASE.dll
0x77a30000 - 0x77a66000 	C:\Windows\System32\cfgmgr32.dll
0x700c0000 - 0x700cc000 	C:\Program Files (x86)\Java\jre1.8.0_121\bin\verify.dll
0x70090000 - 0x700b1000 	C:\Program Files (x86)\Java\jre1.8.0_121\bin\java.dll
0x70070000 - 0x70083000 	C:\Program Files (x86)\Java\jre1.8.0_121\bin\zip.dll
0x749a0000 - 0x75d78000 	C:\Windows\System32\SHELL32.dll
0x762b0000 - 0x7681e000 	C:\Windows\System32\windows.storage.dll
0x770f0000 - 0x77135000 	C:\Windows\System32\powrprof.dll
0x76ee0000 - 0x76f26000 	C:\Windows\System32\shlwapi.dll
0x770e0000 - 0x770ed000 	C:\Windows\System32\kernel.appcore.dll
0x77a70000 - 0x77af8000 	C:\Windows\System32\shcore.dll
0x76110000 - 0x7611f000 	C:\Windows\System32\profapi.dll
0x68f10000 - 0x69196000 	C:\Users\amanz\OneDrive\Documents\GitHub\MoleAI\ExampleBot\bwapi_bridge2_5.dll
0x6e130000 - 0x6e21e000 	C:\Program Files (x86)\Java\jre1.8.0_121\bin\MSVCR120.dll
0x6e3d0000 - 0x6e441000 	C:\Program Files (x86)\Java\jre1.8.0_121\bin\MSVCP120.dll
0x6f540000 - 0x6f59e000 	C:\Users\amanz\OneDrive\Documents\GitHub\MoleAI\ExampleBot\libmpfr-4.dll
0x6acc0000 - 0x6ad27000 	C:\Users\amanz\OneDrive\Documents\GitHub\MoleAI\ExampleBot\libgmp-10.dll
0x6f610000 - 0x6f755000 	C:\Windows\SYSTEM32\dbghelp.dll

VM Arguments:
jvm_args: -Dfile.encoding=Cp1252 
java_command: moleAI.TestBot1
java_class_path (initial): C:\Users\amanz\OneDrive\Documents\GitHub\MoleAI\ExampleBot\bin;C:\Users\amanz\OneDrive\Documents\GitHub\MoleAI\ExampleBot\lib\bwmirror_v2_5.jar;C:\Users\amanz\OneDrive\Documents\GitHub\MoleAI\ExampleBot\lib\JBTCore.jar
Launcher Type: SUN_STANDARD

Environment Variables:
PATH=C:/Program Files/Java/jre1.8.0_121/bin/server;C:/Program Files/Java/jre1.8.0_121/bin;C:/Program Files/Java/jre1.8.0_121/lib/amd64;C:\ProgramData\Oracle\Java\javapath;C:\Program Files (x86)\Intel\iCLS Client\;C:\Program Files\Intel\iCLS Client\;C:\Windows\system32;C:\Windows;C:\Windows\System32\Wbem;C:\Windows\System32\WindowsPowerShell\v1.0\;C:\Program Files (x86)\Intel\Intel(R) Management Engine Components\DAL;C:\Program Files\Intel\Intel(R) Management Engine Components\DAL;C:\Program Files (x86)\Intel\Intel(R) Management Engine Components\IPT;C:\Program Files\Intel\Intel(R) Management Engine Components\IPT;C:\Program Files (x86)\NVIDIA Corporation\PhysX\Common;C:\Program Files\nodejs\;C:\Program Files\Microsoft SQL Server\110\Tools\Binn\;C:\Program Files (x86)\Microsoft SDKs\TypeScript\1.0\;C:\Program Files\Microsoft SQL Server\120\Tools\Binn\;C:\Program Files (x86)\Skype\Phone\;C:\Users\amanz\AppData\Local\Microsoft\WindowsApps;C:\Users\amanz\AppData\Roaming\npm;C:\Windows\system32;
USERNAME=amanz
OS=Windows_NT
PROCESSOR_IDENTIFIER=Intel64 Family 6 Model 94 Stepping 3, GenuineIntel



---------------  S Y S T E M  ---------------

OS: Windows 10.0 , 64 bit Build 14393 (10.0.14393.0)

CPU:total 8 (4 cores per cpu, 2 threads per core) family 6 model 94 stepping 3, cmov, cx8, fxsr, mmx, sse, sse2, sse3, ssse3, sse4.1, sse4.2, popcnt, avx, avx2, aes, clmul, erms, rtm, 3dnowpref, lzcnt, ht, tsc, tscinvbit, bmi1, bmi2, adx

Memory: 4k page, physical 8209456k(2709940k free), swap 12665904k(3986056k free)

vm_info: Java HotSpot(TM) Client VM (25.121-b13) for windows-x86 JRE (1.8.0_121-b13), built on Dec 12 2016 18:17:00 by "java_re" with MS VC++ 10.0 (VS2010)

time: Mon Apr 24 18:27:45 2017
elapsed time: 92 seconds (0d 0h 1m 32s)

