#
# A fatal error has been detected by the Java Runtime Environment:
#
#  EXCEPTION_ACCESS_VIOLATION (0xc0000005) at pc=0x5f7254bb, pid=36400, tid=35440
#
# JRE version: Java(TM) SE Runtime Environment (7.0_79-b15) (build 1.7.0_79-b15)
# Java VM: Java HotSpot(TM) Client VM (24.79-b02 mixed mode, sharing windows-x86 )
# Problematic frame:
# V  [jvm.dll+0xc54bb]
#
# Failed to write core dump. Minidumps are not enabled by default on client versions of Windows
#
# If you would like to submit a bug report, please visit:
#   http://bugreport.java.com/bugreport/crash.jsp
#

---------------  T H R E A D  ---------------

Current thread (0x02c3c400):  JavaThread "main" [_thread_in_vm, id=35440, stack(0x02ad0000,0x02b20000)]

siginfo: ExceptionCode=0xc0000005, reading address 0x00000000

Registers:
EAX=0x00000000, EBX=0x02c3c530, ECX=0x00000000, EDX=0x00000001
ESP=0x02b1ddfc, EBP=0x02b1de18, ESI=0x02c3c530, EDI=0x02c3c400
EIP=0x5f7254bb, EFLAGS=0x00010246

Top of Stack: (sp=0x02b1ddfc)
0x02b1ddfc:   00000000 07d78688 02c3c530 02c3c400
0x02b1de0c:   00000000 07d78688 00000000 02b1de68
0x02b1de1c:   7792554d 02c3c530 00000000 07d70079
0x02b1de2c:   00000000 02b1de68 7792551c 00000001
0x02b1de3c:   0000000f 00000049 00000000 00000000
0x02b1de4c:   00000000 00000001 0000000f 02c3c400
0x02b1de5c:   07d78688 00000000 24d2f150 02b1de98
0x02b1de6c:   02e0f938 02c3c530 02b1de84 07d78688 

Instructions: (pc=0x5f7254bb)
0x5f72549b:   f3 ff 83 c4 08 83 7f 04 00 89 7d f0 c7 45 f4 00
0x5f7254ab:   00 00 00 74 08 8d 4d f0 e8 a8 a6 0c 00 8b 45 0c
0x5f7254bb:   8b 08 8b 51 04 8b 42 40 50 56 e8 26 df 07 00 83
0x5f7254cb:   c4 08 83 7d f4 00 89 45 08 74 08 8d 4d f0 e8 c2 


Register to memory mapping:

EAX=0x00000000 is an unknown value
EBX=0x02c3c530 is an unknown value
ECX=0x00000000 is an unknown value
EDX=0x00000001 is an unknown value
ESP=0x02b1ddfc is pointing into the stack for thread: 0x02c3c400
EBP=0x02b1de18 is pointing into the stack for thread: 0x02c3c400
ESI=0x02c3c530 is an unknown value
EDI=0x02c3c400 is a thread


Stack: [0x02ad0000,0x02b20000],  sp=0x02b1ddfc,  free space=311k
Native frames: (J=compiled Java code, j=interpreted, Vv=VM code, C=native code)
V  [jvm.dll+0xc54bb]
C  [bwapi_bridge2_5.dll+0x3554d]
J 201  bwapi.Unit.getDistance_native(JLbwapi/Position;)I (0 bytes) @ 0x02e0f938 [0x02e0f890+0xa8]
J 108 C1 Base.assaultPosition(Lbwapi/Game;)V (359 bytes) @ 0x02deb8e8 [0x02deb750+0x198]
J 184 C1 Base.manageMarines(Lbwapi/Game;)V (84 bytes) @ 0x02e0b910 [0x02e0b7e0+0x130]
J 140 C1 StrategyManager.runBases(Lbwapi/Game;Lbwapi/Player;)V (315 bytes) @ 0x02df7bb8 [0x02df7820+0x398]
J 181 C1 StrategyManager.update(Lbwapi/Game;Lbwapi/Player;)V (100 bytes) @ 0x02e0a5fc [0x02e0a470+0x18c]
J 172 C1 TestBot1.onFrame()V (86 bytes) @ 0x02e0941c [0x02e091b0+0x26c]
J 171 C1 bwapi.AIModule.onFrame()V (17 bytes) @ 0x02e08f44 [0x02e08f10+0x34]
v  ~StubRoutines::call_stub
V  [jvm.dll+0x14234a]
V  [jvm.dll+0x206ebe]
V  [jvm.dll+0x1423cd]
V  [jvm.dll+0xcb5c2]
V  [jvm.dll+0xcf213]
C  [bwapi_bridge2_5.dll+0x1b20d]
C  [bwapi_bridge2_5.dll+0x75101]
j  bwapi.Mirror.startGame()V+0
j  TestBot1.run()V+15
j  TestBot1.main([Ljava/lang/String;)V+7
v  ~StubRoutines::call_stub
V  [jvm.dll+0x14234a]
V  [jvm.dll+0x206ebe]
V  [jvm.dll+0x1423cd]
V  [jvm.dll+0xcb345]
V  [jvm.dll+0xd5ff7]
C  [javaw.exe+0x2070]
C  [javaw.exe+0xa601]
C  [javaw.exe+0xa68b]
C  [KERNEL32.DLL+0x162c4]
C  [ntdll.dll+0x60719]
C  [ntdll.dll+0x606e4]

Java frames: (J=compiled Java code, j=interpreted, Vv=VM code)
J 201  bwapi.Unit.getDistance_native(JLbwapi/Position;)I (0 bytes) @ 0x02e0f8f4 [0x02e0f890+0x64]
J 108 C1 Base.assaultPosition(Lbwapi/Game;)V (359 bytes) @ 0x02deb8e8 [0x02deb750+0x198]
J 184 C1 Base.manageMarines(Lbwapi/Game;)V (84 bytes) @ 0x02e0b910 [0x02e0b7e0+0x130]
J 140 C1 StrategyManager.runBases(Lbwapi/Game;Lbwapi/Player;)V (315 bytes) @ 0x02df7bb8 [0x02df7820+0x398]
J 181 C1 StrategyManager.update(Lbwapi/Game;Lbwapi/Player;)V (100 bytes) @ 0x02e0a5fc [0x02e0a470+0x18c]
J 172 C1 TestBot1.onFrame()V (86 bytes) @ 0x02e0941c [0x02e091b0+0x26c]
J 171 C1 bwapi.AIModule.onFrame()V (17 bytes) @ 0x02e08f44 [0x02e08f10+0x34]
v  ~StubRoutines::call_stub
j  bwapi.Mirror.startGame()V+0
j  TestBot1.run()V+15
j  TestBot1.main([Ljava/lang/String;)V+7
v  ~StubRoutines::call_stub

---------------  P R O C E S S  ---------------

Java Threads: ( => current thread )
  0x02ce1c00 JavaThread "Service Thread" daemon [_thread_blocked, id=36492, stack(0x051f0000,0x05240000)]
  0x02cd6800 JavaThread "C1 CompilerThread0" daemon [_thread_blocked, id=29656, stack(0x05160000,0x051b0000)]
  0x02cd5c00 JavaThread "Attach Listener" daemon [_thread_blocked, id=33992, stack(0x050d0000,0x05120000)]
  0x02ccf000 JavaThread "Signal Dispatcher" daemon [_thread_blocked, id=37648, stack(0x05040000,0x05090000)]
  0x02c60c00 JavaThread "Finalizer" daemon [_thread_blocked, id=35056, stack(0x04fb0000,0x05000000)]
  0x02c5f000 JavaThread "Reference Handler" daemon [_thread_blocked, id=23096, stack(0x04f20000,0x04f70000)]
=>0x02c3c400 JavaThread "main" [_thread_in_vm, id=35440, stack(0x02ad0000,0x02b20000)]

Other Threads:
  0x02c5dc00 VMThread [stack: 0x04e90000,0x04ee0000] [id=37608]
  0x02ced000 WatcherThread [stack: 0x05280000,0x052d0000] [id=28284]

VM state:not at safepoint (normal execution)

VM Mutex/Monitor currently owned by a thread: None

Heap
 def new generation   total 4928K, used 1296K [0x24c00000, 0x25150000, 0x2a150000)
  eden space 4416K,  29% used [0x24c00000, 0x24d43468, 0x25050000)
  from space 512K,   0% used [0x25050000, 0x25050ce8, 0x250d0000)
  to   space 512K,   0% used [0x250d0000, 0x250d0000, 0x25150000)
 tenured generation   total 10944K, used 270K [0x2a150000, 0x2ac00000, 0x34c00000)
   the space 10944K,   2% used [0x2a150000, 0x2a193b28, 0x2a193c00, 0x2ac00000)
 compacting perm gen  total 12288K, used 657K [0x34c00000, 0x35800000, 0x38c00000)
   the space 12288K,   5% used [0x34c00000, 0x34ca46c0, 0x34ca4800, 0x35800000)
    ro space 10240K,  42% used [0x38c00000, 0x39036058, 0x39036200, 0x39600000)
    rw space 12288K,  51% used [0x39600000, 0x39c3bdb0, 0x39c3be00, 0x3a200000)

Card table byte_map: [0x04d40000,0x04df0000] byte_map_base: 0x04c1a000

Polling page: 0x02b20000

Code Cache  [0x02d40000, 0x02e18000, 0x04d40000)
 total_blobs=345 nmethods=208 adapters=74 free_code_cache=31932Kb largest_free_block=32699008

Compilation events (10 events):
Event: 27.154 Thread 0x02cd6800  197             bwapi.Mirror::update (17 bytes)
Event: 27.154 Thread 0x02cd6800 nmethod 197 0x02e0ed88 code [0x02e0ee90, 0x02e0ef3c]
Event: 32.780 Thread 0x02cd6800  203             java.lang.Object::equals (11 bytes)
Event: 32.780 Thread 0x02cd6800 nmethod 203 0x02e0fd08 code [0x02e0fe00, 0x02e0fe90]
Event: 34.691 Thread 0x02cd6800  204             StrategyManager::totalUnitCount (50 bytes)
Event: 34.691 Thread 0x02cd6800 nmethod 204 0x02e0fec8 code [0x02e0fff0, 0x02e10194]
Event: 36.029 Thread 0x02cd6800  205             bwapi.Position::hashCode (17 bytes)
Event: 36.029 Thread 0x02cd6800 nmethod 205 0x02e10388 code [0x02e10480, 0x02e10510]
Event: 36.045 Thread 0x02cd6800  207             bwapi.Position::equals (49 bytes)
Event: 36.046 Thread 0x02cd6800 nmethod 207 0x02e10808 code [0x02e10910, 0x02e10a50]

GC Heap History (10 events):
Event: 46.757 GC heap before
{Heap before GC invocations=55 (full 0):
 def new generation   total 4928K, used 4419K [0x24c00000, 0x25150000, 0x2a150000)
  eden space 4416K, 100% used [0x24c00000, 0x25050000, 0x25050000)
  from space 512K,   0% used [0x250d0000, 0x250d0f80, 0x25150000)
  to   space 512K,   0% used [0x25050000, 0x25050000, 0x250d0000)
 tenured generation   total 10944K, used 269K [0x2a150000, 0x2ac00000, 0x34c00000)
   the space 10944K,   2% used [0x2a150000, 0x2a1937b0, 0x2a193800, 0x2ac00000)
 compacting perm gen  total 12288K, used 657K [0x34c00000, 0x35800000, 0x38c00000)
   the space 12288K,   5% used [0x34c00000, 0x34ca46c0, 0x34ca4800, 0x35800000)
    ro space 10240K,  42% used [0x38c00000, 0x39036058, 0x39036200, 0x39600000)
    rw space 12288K,  51% used [0x39600000, 0x39c3bdb0, 0x39c3be00, 0x3a200000)
Event: 46.758 GC heap after
Heap after GC invocations=56 (full 0):
 def new generation   total 4928K, used 3K [0x24c00000, 0x25150000, 0x2a150000)
  eden space 4416K,   0% used [0x24c00000, 0x24c00000, 0x25050000)
  from space 512K,   0% used [0x25050000, 0x25050e20, 0x250d0000)
  to   space 512K,   0% used [0x250d0000, 0x250d0000, 0x25150000)
 tenured generation   total 10944K, used 270K [0x2a150000, 0x2ac00000, 0x34c00000)
   the space 10944K,   2% used [0x2a150000, 0x2a193910, 0x2a193a00, 0x2ac00000)
 compacting perm gen  total 12288K, used 657K [0x34c00000, 0x35800000, 0x38c00000)
   the space 12288K,   5% used [0x34c00000, 0x34ca46c0, 0x34ca4800, 0x35800000)
    ro space 10240K,  42% used [0x38c00000, 0x39036058, 0x39036200, 0x39600000)
    rw space 12288K,  51% used [0x39600000, 0x39c3bdb0, 0x39c3be00, 0x3a200000)
}
Event: 47.365 GC heap before
{Heap before GC invocations=56 (full 0):
 def new generation   total 4928K, used 4419K [0x24c00000, 0x25150000, 0x2a150000)
  eden space 4416K, 100% used [0x24c00000, 0x25050000, 0x25050000)
  from space 512K,   0% used [0x25050000, 0x25050e20, 0x250d0000)
  to   space 512K,   0% used [0x250d0000, 0x250d0000, 0x25150000)
 tenured generation   total 10944K, used 270K [0x2a150000, 0x2ac00000, 0x34c00000)
   the space 10944K,   2% used [0x2a150000, 0x2a193910, 0x2a193a00, 0x2ac00000)
 compacting perm gen  total 12288K, used 657K [0x34c00000, 0x35800000, 0x38c00000)
   the space 12288K,   5% used [0x34c00000, 0x34ca46c0, 0x34ca4800, 0x35800000)
    ro space 10240K,  42% used [0x38c00000, 0x39036058, 0x39036200, 0x39600000)
    rw space 12288K,  51% used [0x39600000, 0x39c3bdb0, 0x39c3be00, 0x3a200000)
Event: 47.366 GC heap after
Heap after GC invocations=57 (full 0):
 def new generation   total 4928K, used 3K [0x24c00000, 0x25150000, 0x2a150000)
  eden space 4416K,   0% used [0x24c00000, 0x24c00000, 0x25050000)
  from space 512K,   0% used [0x250d0000, 0x250d0d88, 0x25150000)
  to   space 512K,   0% used [0x25050000, 0x25050000, 0x250d0000)
 tenured generation   total 10944K, used 270K [0x2a150000, 0x2ac00000, 0x34c00000)
   the space 10944K,   2% used [0x2a150000, 0x2a1939a8, 0x2a193a00, 0x2ac00000)
 compacting perm gen  total 12288K, used 657K [0x34c00000, 0x35800000, 0x38c00000)
   the space 12288K,   5% used [0x34c00000, 0x34ca46c0, 0x34ca4800, 0x35800000)
    ro space 10240K,  42% used [0x38c00000, 0x39036058, 0x39036200, 0x39600000)
    rw space 12288K,  51% used [0x39600000, 0x39c3bdb0, 0x39c3be00, 0x3a200000)
}
Event: 47.974 GC heap before
{Heap before GC invocations=57 (full 0):
 def new generation   total 4928K, used 4419K [0x24c00000, 0x25150000, 0x2a150000)
  eden space 4416K, 100% used [0x24c00000, 0x25050000, 0x25050000)
  from space 512K,   0% used [0x250d0000, 0x250d0d88, 0x25150000)
  to   space 512K,   0% used [0x25050000, 0x25050000, 0x250d0000)
 tenured generation   total 10944K, used 270K [0x2a150000, 0x2ac00000, 0x34c00000)
   the space 10944K,   2% used [0x2a150000, 0x2a1939a8, 0x2a193a00, 0x2ac00000)
 compacting perm gen  total 12288K, used 657K [0x34c00000, 0x35800000, 0x38c00000)
   the space 12288K,   5% used [0x34c00000, 0x34ca46c0, 0x34ca4800, 0x35800000)
    ro space 10240K,  42% used [0x38c00000, 0x39036058, 0x39036200, 0x39600000)
    rw space 12288K,  51% used [0x39600000, 0x39c3bdb0, 0x39c3be00, 0x3a200000)
Event: 47.974 GC heap after
Heap after GC invocations=58 (full 0):
 def new generation   total 4928K, used 3K [0x24c00000, 0x25150000, 0x2a150000)
  eden space 4416K,   0% used [0x24c00000, 0x24c00000, 0x25050000)
  from space 512K,   0% used [0x25050000, 0x25050d30, 0x250d0000)
  to   space 512K,   0% used [0x250d0000, 0x250d0000, 0x25150000)
 tenured generation   total 10944K, used 270K [0x2a150000, 0x2ac00000, 0x34c00000)
   the space 10944K,   2% used [0x2a150000, 0x2a1939a8, 0x2a193a00, 0x2ac00000)
 compacting perm gen  total 12288K, used 657K [0x34c00000, 0x35800000, 0x38c00000)
   the space 12288K,   5% used [0x34c00000, 0x34ca46c0, 0x34ca4800, 0x35800000)
    ro space 10240K,  42% used [0x38c00000, 0x39036058, 0x39036200, 0x39600000)
    rw space 12288K,  51% used [0x39600000, 0x39c3bdb0, 0x39c3be00, 0x3a200000)
}
Event: 48.584 GC heap before
{Heap before GC invocations=58 (full 0):
 def new generation   total 4928K, used 4419K [0x24c00000, 0x25150000, 0x2a150000)
  eden space 4416K, 100% used [0x24c00000, 0x25050000, 0x25050000)
  from space 512K,   0% used [0x25050000, 0x25050d30, 0x250d0000)
  to   space 512K,   0% used [0x250d0000, 0x250d0000, 0x25150000)
 tenured generation   total 10944K, used 270K [0x2a150000, 0x2ac00000, 0x34c00000)
   the space 10944K,   2% used [0x2a150000, 0x2a1939a8, 0x2a193a00, 0x2ac00000)
 compacting perm gen  total 12288K, used 657K [0x34c00000, 0x35800000, 0x38c00000)
   the space 12288K,   5% used [0x34c00000, 0x34ca46c0, 0x34ca4800, 0x35800000)
    ro space 10240K,  42% used [0x38c00000, 0x39036058, 0x39036200, 0x39600000)
    rw space 12288K,  51% used [0x39600000, 0x39c3bdb0, 0x39c3be00, 0x3a200000)
Event: 48.584 GC heap after
Heap after GC invocations=59 (full 0):
 def new generation   total 4928K, used 3K [0x24c00000, 0x25150000, 0x2a150000)
  eden space 4416K,   0% used [0x24c00000, 0x24c00000, 0x25050000)
  from space 512K,   0% used [0x250d0000, 0x250d0d48, 0x25150000)
  to   space 512K,   0% used [0x25050000, 0x25050000, 0x250d0000)
 tenured generation   total 10944K, used 270K [0x2a150000, 0x2ac00000, 0x34c00000)
   the space 10944K,   2% used [0x2a150000, 0x2a193a18, 0x2a193c00, 0x2ac00000)
 compacting perm gen  total 12288K, used 657K [0x34c00000, 0x35800000, 0x38c00000)
   the space 12288K,   5% used [0x34c00000, 0x34ca46c0, 0x34ca4800, 0x35800000)
    ro space 10240K,  42% used [0x38c00000, 0x39036058, 0x39036200, 0x39600000)
    rw space 12288K,  51% used [0x39600000, 0x39c3bdb0, 0x39c3be00, 0x3a200000)
}
Event: 49.202 GC heap before
{Heap before GC invocations=59 (full 0):
 def new generation   total 4928K, used 4419K [0x24c00000, 0x25150000, 0x2a150000)
  eden space 4416K, 100% used [0x24c00000, 0x25050000, 0x25050000)
  from space 512K,   0% used [0x250d0000, 0x250d0d48, 0x25150000)
  to   space 512K,   0% used [0x25050000, 0x25050000, 0x250d0000)
 tenured generation   total 10944K, used 270K [0x2a150000, 0x2ac00000, 0x34c00000)
   the space 10944K,   2% used [0x2a150000, 0x2a193a18, 0x2a193c00, 0x2ac00000)
 compacting perm gen  total 12288K, used 657K [0x34c00000, 0x35800000, 0x38c00000)
   the space 12288K,   5% used [0x34c00000, 0x34ca46c0, 0x34ca4800, 0x35800000)
    ro space 10240K,  42% used [0x38c00000, 0x39036058, 0x39036200, 0x39600000)
    rw space 12288K,  51% used [0x39600000, 0x39c3bdb0, 0x39c3be00, 0x3a200000)
Event: 49.202 GC heap after
Heap after GC invocations=60 (full 0):
 def new generation   total 4928K, used 3K [0x24c00000, 0x25150000, 0x2a150000)
  eden space 4416K,   0% used [0x24c00000, 0x24c00000, 0x25050000)
  from space 512K,   0% used [0x25050000, 0x25050ce8, 0x250d0000)
  to   space 512K,   0% used [0x250d0000, 0x250d0000, 0x25150000)
 tenured generation   total 10944K, used 270K [0x2a150000, 0x2ac00000, 0x34c00000)
   the space 10944K,   2% used [0x2a150000, 0x2a193b28, 0x2a193c00, 0x2ac00000)
 compacting perm gen  total 12288K, used 657K [0x34c00000, 0x35800000, 0x38c00000)
   the space 12288K,   5% used [0x34c00000, 0x34ca46c0, 0x34ca4800, 0x35800000)
    ro space 10240K,  42% used [0x38c00000, 0x39036058, 0x39036200, 0x39600000)
    rw space 12288K,  51% used [0x39600000, 0x39c3bdb0, 0x39c3be00, 0x3a200000)
}

Deoptimization events (0 events):
No events

Internal exceptions (10 events):
Event: 5.064 Thread 0x02c3c400 Threw 0x24d65738 at C:\re\jdk7u79\2331\hotspot\src\share\vm\prims\jvm.cpp:1304
Event: 5.066 Thread 0x02c3c400 Threw 0x24d69c28 at C:\re\jdk7u79\2331\hotspot\src\share\vm\prims\jvm.cpp:1304
Event: 5.067 Thread 0x02c3c400 Threw 0x24d6d220 at C:\re\jdk7u79\2331\hotspot\src\share\vm\prims\jvm.cpp:1304
Event: 5.067 Thread 0x02c3c400 Threw 0x24d6eb38 at C:\re\jdk7u79\2331\hotspot\src\share\vm\prims\jvm.cpp:1304
Event: 5.075 Thread 0x02c3c400 Threw 0x24d89008 at C:\re\jdk7u79\2331\hotspot\src\share\vm\prims\jvm.cpp:1304
Event: 5.078 Thread 0x02c3c400 Threw 0x24d907e8 at C:\re\jdk7u79\2331\hotspot\src\share\vm\prims\jvm.cpp:1304
Event: 5.078 Thread 0x02c3c400 Threw 0x24d925b0 at C:\re\jdk7u79\2331\hotspot\src\share\vm\prims\jvm.cpp:1304
Event: 5.086 Thread 0x02c3c400 Threw 0x24da4540 at C:\re\jdk7u79\2331\hotspot\src\share\vm\prims\jvm.cpp:1304
Event: 17.864 Thread 0x02c3c400 Threw 0x24d27b58 at C:\re\jdk7u79\2331\hotspot\src\share\vm\prims\jvm.cpp:1304
Event: 17.864 Thread 0x02c3c400 Threw 0x24d29300 at C:\re\jdk7u79\2331\hotspot\src\share\vm\prims\jvm.cpp:1304

Events (10 events):
Event: 46.757 Executing VM operation: GenCollectForAllocation
Event: 46.758 Executing VM operation: GenCollectForAllocation done
Event: 47.365 Executing VM operation: GenCollectForAllocation
Event: 47.366 Executing VM operation: GenCollectForAllocation done
Event: 47.974 Executing VM operation: GenCollectForAllocation
Event: 47.974 Executing VM operation: GenCollectForAllocation done
Event: 48.584 Executing VM operation: GenCollectForAllocation
Event: 48.584 Executing VM operation: GenCollectForAllocation done
Event: 49.202 Executing VM operation: GenCollectForAllocation
Event: 49.202 Executing VM operation: GenCollectForAllocation done


Dynamic libraries:
0x00130000 - 0x0015f000 	C:\Program Files (x86)\Java\jre7\bin\javaw.exe
0x77370000 - 0x774f2000 	C:\WINDOWS\SYSTEM32\ntdll.dll
0x756d0000 - 0x757b0000 	C:\WINDOWS\System32\KERNEL32.DLL
0x751b0000 - 0x75351000 	C:\WINDOWS\System32\KERNELBASE.dll
0x74aa0000 - 0x74b17000 	C:\WINDOWS\System32\ADVAPI32.dll
0x74bc0000 - 0x74c7e000 	C:\WINDOWS\System32\msvcrt.dll
0x74370000 - 0x743b1000 	C:\WINDOWS\System32\sechost.dll
0x742a0000 - 0x74361000 	C:\WINDOWS\System32\RPCRT4.dll
0x73e30000 - 0x73e4e000 	C:\WINDOWS\System32\SspiCli.dll
0x73e20000 - 0x73e2a000 	C:\WINDOWS\System32\CRYPTBASE.dll
0x75430000 - 0x7548a000 	C:\WINDOWS\System32\bcryptPrimitives.dll
0x743c0000 - 0x7451f000 	C:\WINDOWS\System32\USER32.dll
0x75360000 - 0x75375000 	C:\WINDOWS\System32\win32u.dll
0x75120000 - 0x7514b000 	C:\WINDOWS\System32\GDI32.dll
0x75490000 - 0x755eb000 	C:\WINDOWS\System32\gdi32full.dll
0x71690000 - 0x7189a000 	C:\WINDOWS\WinSxS\x86_microsoft.windows.common-controls_6595b64144ccf1df_6.0.14393.447_none_89c64d28dafea4b9\COMCTL32.dll
0x73ea0000 - 0x740b1000 	C:\WINDOWS\System32\combase.dll
0x74c80000 - 0x74d60000 	C:\WINDOWS\System32\ucrtbase.dll
0x73e70000 - 0x73e95000 	C:\WINDOWS\System32\IMM32.DLL
0x5f0b0000 - 0x5f16f000 	C:\Program Files (x86)\Java\jre7\bin\msvcr100.dll
0x5f660000 - 0x5f9e9000 	C:\Program Files (x86)\Java\jre7\bin\client\jvm.dll
0x74520000 - 0x74526000 	C:\WINDOWS\System32\PSAPI.DLL
0x731e0000 - 0x73204000 	C:\WINDOWS\SYSTEM32\WINMM.dll
0x730a0000 - 0x730a8000 	C:\WINDOWS\SYSTEM32\WSOCK32.dll
0x75660000 - 0x756c3000 	C:\WINDOWS\System32\WS2_32.dll
0x731b0000 - 0x731d3000 	C:\WINDOWS\SYSTEM32\WINMMBASE.dll
0x74b20000 - 0x74b56000 	C:\WINDOWS\System32\cfgmgr32.dll
0x5f650000 - 0x5f65c000 	C:\Program Files (x86)\Java\jre7\bin\verify.dll
0x5f630000 - 0x5f650000 	C:\Program Files (x86)\Java\jre7\bin\java.dll
0x5f610000 - 0x5f623000 	C:\Program Files (x86)\Java\jre7\bin\zip.dll
0x778f0000 - 0x77b76000 	C:\Users\amanz360\Documents\GitHub\MoleAI\ExampleBot\bwapi_bridge2_5.dll
0x537e0000 - 0x53851000 	C:\WINDOWS\SYSTEM32\MSVCP120.dll
0x6f540000 - 0x6f59e000 	C:\Users\amanz360\Documents\GitHub\MoleAI\ExampleBot\libmpfr-4.dll
0x6acc0000 - 0x6ad27000 	C:\Users\amanz360\Documents\GitHub\MoleAI\ExampleBot\libgmp-10.dll
0x73d30000 - 0x73e1e000 	C:\WINDOWS\SYSTEM32\MSVCR120.dll
0x72f00000 - 0x73045000 	C:\WINDOWS\SYSTEM32\dbghelp.dll

VM Arguments:
jvm_args: -Dfile.encoding=Cp1252 
java_command: TestBot1
Launcher Type: SUN_STANDARD

Environment Variables:
PATH=C:/Program Files (x86)/Java/jre7/bin/client;C:/Program Files (x86)/Java/jre7/bin;C:/Program Files (x86)/Java/jre7/lib/i386;C:\gurobi701\win64\bin;C:\Program Files (x86)\NVIDIA Corporation\PhysX\Common;C:\Program Files\Java\jdk1.8.0_45\bin;C:\ProgramData\Oracle\Java\javapath;c:\Program Files (x86)\Intel\iCLS Client\;c:\Program Files\Intel\iCLS Client\;C:\WINDOWS\system32;C:\WINDOWS;C:\WINDOWS\System32\Wbem;C:\WINDOWS\System32\WindowsPowerShell\v1.0\;C:\Program Files\Intel\WiFi\bin\;C:\Program Files\Common Files\Intel\WirelessCommon\;C:\Program Files\Mozart\bin;C:\Program Files\Microsoft SQL Server\110\Tools\Binn\;C:\Program Files (x86)\Skype\Phone\;C:\Program Files (x86)\Intel\Intel(R) Management Engine Components\DAL;C:\Program Files\Intel\Intel(R) Management Engine Components\DAL;C:\Program Files (x86)\Intel\Intel(R) Management Engine Components\IPT;C:\Program Files\Intel\Intel(R) Management Engine Components\IPT;C:\Go\bin;C:\WINDOWS\system32\config\systemprofile\.dnx\bin;C:\Program Files\Microsoft DNX\Dnvm\;C:\Program Files\Microsoft SQL Server\130\Tools\Binn\;C:\Program Files (x86)\Windows Kits\8.1\Windows Performance Toolkit\;c:\Program Files (x86)\Microsoft SQL Server\100\Tools\Binn\;c:\Program Files\Microsoft SQL Server\100\Tools\Binn\;c:\Program Files\Microsoft SQL Server\100\DTS\Binn\;C:\Users\amanz360\Anaconda3;C:\Users\amanz360\Anaconda3\Scripts;C:\Users\amanz360\Anaconda3\Library\bin;C:\Users\amanz360\AppData\Local\Microsoft\WindowsApps;;C:\Users\amanz360\Downloads\eclipse-java-mars-2-win32\eclipse;
USERNAME=amanz360
OS=Windows_NT
PROCESSOR_IDENTIFIER=Intel64 Family 6 Model 69 Stepping 1, GenuineIntel



---------------  S Y S T E M  ---------------

OS: Windows 8.1 , 64 bit Build 9600 

CPU:total 4 (2 cores per cpu, 2 threads per core) family 6 model 69 stepping 1, cmov, cx8, fxsr, mmx, sse, sse2, sse3, ssse3, sse4.1, sse4.2, popcnt, avx, avx2, aes, erms, ht, tsc, tscinvbit

Memory: 4k page, physical 6187596k(2737356k free), swap 11083292k(4460680k free)

vm_info: Java HotSpot(TM) Client VM (24.79-b02) for windows-x86 JRE (1.7.0_79-b15), built on Apr 10 2015 16:49:13 by "java_re" with unknown MS VC++:1600

time: Sat Dec 10 17:45:59 2016
elapsed time: 49 seconds

