#
# A fatal error has been detected by the Java Runtime Environment:
#
#  EXCEPTION_ACCESS_VIOLATION (0xc0000005) at pc=0x0f3fcca3, pid=4428, tid=9428
#
# JRE version: Java(TM) SE Runtime Environment (7.0_79-b15) (build 1.7.0_79-b15)
# Java VM: Java HotSpot(TM) Client VM (24.79-b02 mixed mode, sharing windows-x86 )
# Problematic frame:
# C  [bwapi_bridge2_5.dll+0x1cca3]
#
# Failed to write core dump. Minidumps are not enabled by default on client versions of Windows
#
# If you would like to submit a bug report, please visit:
#   http://bugreport.java.com/bugreport/crash.jsp
# The crash happened outside the Java Virtual Machine in native code.
# See problematic frame for where to report the bug.
#

---------------  T H R E A D  ---------------

Current thread (0x00fec400):  JavaThread "main" [_thread_in_native, id=9428, stack(0x00ff0000,0x01040000)]

siginfo: ExceptionCode=0xc0000005, reading address 0x00000000

Registers:
EAX=0x00000380, EBX=0x34c416e0, ECX=0x00000000, EDX=0x0103df58
ESP=0x0103df4c, EBP=0x0103df68, ESI=0x34c416e0, EDI=0x00fec400
EIP=0x0f3fcca3, EFLAGS=0x00010206

Top of Stack: (sp=0x0103df4c)
0x0103df4c:   34c416e0 00000000 00000000 00000000
0x0103df5c:   00000380 00000000 6bca2160 0103dfa4
0x0103df6c:   0294aabd 00fec530 0103dfbc 00000000
0x0103df7c:   00000380 fa0ff937 0103df84 00000000
0x0103df8c:   0103dfbc 34c84fd0 00000000 34c416e0
0x0103df9c:   00000000 0103dfc0 0103e1a0 029f1520
0x0103dfac:   00000000 029488e6 00000000 00000380
0x0103dfbc:   24f1c3b0 00000000 00000380 0103dff8 

Instructions: (pc=0x0f3fcca3)
0x0f3fcc83:   83 e4 f8 83 ec 18 a1 08 40 5e 0f 33 c4 89 44 24
0x0f3fcc93:   14 8b 4d 10 8d 54 24 08 8b 45 14 56 89 44 24 10
0x0f3fcca3:   8b 01 57 8b 7d 08 52 ff 50 18 83 ec 18 8b cc 6a
0x0f3fccb3:   0e c7 41 14 0f 00 00 00 c7 41 10 00 00 00 00 68 


Register to memory mapping:

EAX=0x00000380 is an unknown value
EBX=0x34c416e0 is an oop
{method} 
 - klass: {other class}
ECX=0x00000000 is an unknown value
EDX=0x0103df58 is pointing into the stack for thread: 0x00fec400
ESP=0x0103df4c is pointing into the stack for thread: 0x00fec400
EBP=0x0103df68 is pointing into the stack for thread: 0x00fec400
ESI=0x34c416e0 is an oop
{method} 
 - klass: {other class}
EDI=0x00fec400 is a thread


Stack: [0x00ff0000,0x01040000],  sp=0x0103df4c,  free space=311k
Native frames: (J=compiled Java code, j=interpreted, Vv=VM code, C=native code)
C  [bwapi_bridge2_5.dll+0x1cca3]
j  bwapi.Unit.getPosition_native(J)Lbwapi/Position;+0
J 120 C1 Base.manageDefense(Lbwapi/Game;)V (473 bytes) @ 0x029f1520 [0x029f04f0+0x1030]
J 87 C1 TestBot1.onFrame()V (150 bytes) @ 0x029e7fd0 [0x029e7bd0+0x400]
J 106 C1 bwapi.AIModule.onFrame()V (17 bytes) @ 0x029ec784 [0x029ec750+0x34]
v  ~StubRoutines::call_stub
V  [jvm.dll+0x14234a]
V  [jvm.dll+0x206ebe]
V  [jvm.dll+0x1423cd]
V  [jvm.dll+0xcb5c2]
V  [jvm.dll+0xcf213]
C  [bwapi_bridge2_5.dll+0x1b20d]
C  [bwapi_bridge2_5.dll+0x75101]
j  bwapi.Mirror.startGame()V+0
j  TestBot1.run()V+15
j  TestBot1.main([Ljava/lang/String;)V+7
v  ~StubRoutines::call_stub
V  [jvm.dll+0x14234a]
V  [jvm.dll+0x206ebe]
V  [jvm.dll+0x1423cd]
V  [jvm.dll+0xcb345]
V  [jvm.dll+0xd5ff7]
C  [javaw.exe+0x2070]
C  [javaw.exe+0xa601]
C  [javaw.exe+0xa68b]
C  [KERNEL32.DLL+0x162c4]
C  [ntdll.dll+0x60719]
C  [ntdll.dll+0x606e4]

Java frames: (J=compiled Java code, j=interpreted, Vv=VM code)
j  bwapi.Unit.getPosition_native(J)Lbwapi/Position;+0
J 120 C1 Base.manageDefense(Lbwapi/Game;)V (473 bytes) @ 0x029f1520 [0x029f04f0+0x1030]
J 87 C1 TestBot1.onFrame()V (150 bytes) @ 0x029e7fd0 [0x029e7bd0+0x400]
J 106 C1 bwapi.AIModule.onFrame()V (17 bytes) @ 0x029ec784 [0x029ec750+0x34]
v  ~StubRoutines::call_stub
j  bwapi.Mirror.startGame()V+0
j  TestBot1.run()V+15
j  TestBot1.main([Ljava/lang/String;)V+7
v  ~StubRoutines::call_stub

---------------  P R O C E S S  ---------------

Java Threads: ( => current thread )
  0x028d5400 JavaThread "Service Thread" daemon [_thread_blocked, id=9380, stack(0x04e30000,0x04e80000)]
  0x028d3800 JavaThread "C1 CompilerThread0" daemon [_thread_blocked, id=8664, stack(0x04da0000,0x04df0000)]
  0x028d2000 JavaThread "Attach Listener" daemon [_thread_blocked, id=9260, stack(0x04d10000,0x04d60000)]
  0x028cf000 JavaThread "Signal Dispatcher" daemon [_thread_blocked, id=12236, stack(0x04c80000,0x04cd0000)]
  0x02860800 JavaThread "Finalizer" daemon [_thread_blocked, id=11396, stack(0x04bf0000,0x04c40000)]
  0x0285f000 JavaThread "Reference Handler" daemon [_thread_blocked, id=8052, stack(0x04b60000,0x04bb0000)]
=>0x00fec400 JavaThread "main" [_thread_in_native, id=9428, stack(0x00ff0000,0x01040000)]

Other Threads:
  0x0285dc00 VMThread [stack: 0x04ad0000,0x04b20000] [id=12148]
  0x028e6800 WatcherThread [stack: 0x04ec0000,0x04f10000] [id=11472]

VM state:not at safepoint (normal execution)

VM Mutex/Monitor currently owned by a thread: None

Heap
 def new generation   total 4928K, used 3220K [0x24c00000, 0x25150000, 0x2a150000)
  eden space 4416K,  72% used [0x24c00000, 0x24f234d8, 0x25050000)
  from space 512K,   1% used [0x250d0000, 0x250d1b28, 0x25150000)
  to   space 512K,   0% used [0x25050000, 0x25050000, 0x250d0000)
 tenured generation   total 10944K, used 249K [0x2a150000, 0x2ac00000, 0x34c00000)
   the space 10944K,   2% used [0x2a150000, 0x2a18e6f8, 0x2a18e800, 0x2ac00000)
 compacting perm gen  total 12288K, used 609K [0x34c00000, 0x35800000, 0x38c00000)
   the space 12288K,   4% used [0x34c00000, 0x34c98440, 0x34c98600, 0x35800000)
    ro space 10240K,  42% used [0x38c00000, 0x39036058, 0x39036200, 0x39600000)
    rw space 12288K,  51% used [0x39600000, 0x39c3bdb0, 0x39c3be00, 0x3a200000)

Card table byte_map: [0x04940000,0x049f0000] byte_map_base: 0x0481a000

Polling page: 0x02770000

Code Cache  [0x02940000, 0x02a00000, 0x04940000)
 total_blobs=290 nmethods=153 adapters=74 free_code_cache=32023Kb largest_free_block=32792512

Compilation events (10 events):
Event: 56.695 Thread 0x028d3800  145             java.util.HashMap$KeyIterator::<init> (11 bytes)
Event: 56.695 Thread 0x028d3800 nmethod 145 0x029f8948 code [0x029f8a40, 0x029f8adc]
Event: 56.695 Thread 0x028d3800  146             java.util.HashMap$KeyIterator::next (8 bytes)
Event: 56.695 Thread 0x028d3800 nmethod 146 0x029f8b48 code [0x029f8c50, 0x029f8cec]
Event: 66.698 Thread 0x028d3800  149             java.util.HashMap::keySet (28 bytes)
Event: 66.699 Thread 0x028d3800 nmethod 149 0x029f92c8 code [0x029f93c0, 0x029f94b0]
Event: 67.304 Thread 0x028d3800  151             java.lang.StringBuilder::append (9 bytes)
Event: 67.304 Thread 0x028d3800 nmethod 151 0x029f9788 code [0x029f98a0, 0x029f9978]
Event: 98.308 Thread 0x028d3800  153             java.nio.CharBuffer::arrayOffset (35 bytes)
Event: 98.308 Thread 0x028d3800 nmethod 153 0x029f9cc8 code [0x029f9de0, 0x029f9f68]

GC Heap History (10 events):
Event: 22.664 GC heap before
{Heap before GC invocations=0 (full 0):
 def new generation   total 4928K, used 4416K [0x24c00000, 0x25150000, 0x2a150000)
  eden space 4416K, 100% used [0x24c00000, 0x25050000, 0x25050000)
  from space 512K,   0% used [0x25050000, 0x25050000, 0x250d0000)
  to   space 512K,   0% used [0x250d0000, 0x250d0000, 0x25150000)
 tenured generation   total 10944K, used 0K [0x2a150000, 0x2ac00000, 0x34c00000)
   the space 10944K,   0% used [0x2a150000, 0x2a150000, 0x2a150200, 0x2ac00000)
 compacting perm gen  total 12288K, used 598K [0x34c00000, 0x35800000, 0x38c00000)
   the space 12288K,   4% used [0x34c00000, 0x34c95880, 0x34c95a00, 0x35800000)
    ro space 10240K,  42% used [0x38c00000, 0x39036058, 0x39036200, 0x39600000)
    rw space 12288K,  51% used [0x39600000, 0x39c3bdb0, 0x39c3be00, 0x3a200000)
Event: 22.666 GC heap after
Heap after GC invocations=1 (full 0):
 def new generation   total 4928K, used 444K [0x24c00000, 0x25150000, 0x2a150000)
  eden space 4416K,   0% used [0x24c00000, 0x24c00000, 0x25050000)
  from space 512K,  86% used [0x250d0000, 0x2513f200, 0x25150000)
  to   space 512K,   0% used [0x25050000, 0x25050000, 0x250d0000)
 tenured generation   total 10944K, used 0K [0x2a150000, 0x2ac00000, 0x34c00000)
   the space 10944K,   0% used [0x2a150000, 0x2a150000, 0x2a150200, 0x2ac00000)
 compacting perm gen  total 12288K, used 598K [0x34c00000, 0x35800000, 0x38c00000)
   the space 12288K,   4% used [0x34c00000, 0x34c95880, 0x34c95a00, 0x35800000)
    ro space 10240K,  42% used [0x38c00000, 0x39036058, 0x39036200, 0x39600000)
    rw space 12288K,  51% used [0x39600000, 0x39c3bdb0, 0x39c3be00, 0x3a200000)
}
Event: 45.483 GC heap before
{Heap before GC invocations=1 (full 0):
 def new generation   total 4928K, used 4860K [0x24c00000, 0x25150000, 0x2a150000)
  eden space 4416K, 100% used [0x24c00000, 0x25050000, 0x25050000)
  from space 512K,  86% used [0x250d0000, 0x2513f200, 0x25150000)
  to   space 512K,   0% used [0x25050000, 0x25050000, 0x250d0000)
 tenured generation   total 10944K, used 0K [0x2a150000, 0x2ac00000, 0x34c00000)
   the space 10944K,   0% used [0x2a150000, 0x2a150000, 0x2a150200, 0x2ac00000)
 compacting perm gen  total 12288K, used 598K [0x34c00000, 0x35800000, 0x38c00000)
   the space 12288K,   4% used [0x34c00000, 0x34c95880, 0x34c95a00, 0x35800000)
    ro space 10240K,  42% used [0x38c00000, 0x39036058, 0x39036200, 0x39600000)
    rw space 12288K,  51% used [0x39600000, 0x39c3bdb0, 0x39c3be00, 0x3a200000)
Event: 45.484 GC heap after
Heap after GC invocations=2 (full 0):
 def new generation   total 4928K, used 1K [0x24c00000, 0x25150000, 0x2a150000)
  eden space 4416K,   0% used [0x24c00000, 0x24c00000, 0x25050000)
  from space 512K,   0% used [0x25050000, 0x250506a0, 0x250d0000)
  to   space 512K,   0% used [0x250d0000, 0x250d0000, 0x25150000)
 tenured generation   total 10944K, used 249K [0x2a150000, 0x2ac00000, 0x34c00000)
   the space 10944K,   2% used [0x2a150000, 0x2a18e6f8, 0x2a18e800, 0x2ac00000)
 compacting perm gen  total 12288K, used 598K [0x34c00000, 0x35800000, 0x38c00000)
   the space 12288K,   4% used [0x34c00000, 0x34c95880, 0x34c95a00, 0x35800000)
    ro space 10240K,  42% used [0x38c00000, 0x39036058, 0x39036200, 0x39600000)
    rw space 12288K,  51% used [0x39600000, 0x39c3bdb0, 0x39c3be00, 0x3a200000)
}
Event: 69.927 GC heap before
{Heap before GC invocations=2 (full 0):
 def new generation   total 4928K, used 4417K [0x24c00000, 0x25150000, 0x2a150000)
  eden space 4416K, 100% used [0x24c00000, 0x25050000, 0x25050000)
  from space 512K,   0% used [0x25050000, 0x250506a0, 0x250d0000)
  to   space 512K,   0% used [0x250d0000, 0x250d0000, 0x25150000)
 tenured generation   total 10944K, used 249K [0x2a150000, 0x2ac00000, 0x34c00000)
   the space 10944K,   2% used [0x2a150000, 0x2a18e6f8, 0x2a18e800, 0x2ac00000)
 compacting perm gen  total 12288K, used 598K [0x34c00000, 0x35800000, 0x38c00000)
   the space 12288K,   4% used [0x34c00000, 0x34c958d0, 0x34c95a00, 0x35800000)
    ro space 10240K,  42% used [0x38c00000, 0x39036058, 0x39036200, 0x39600000)
    rw space 12288K,  51% used [0x39600000, 0x39c3bdb0, 0x39c3be00, 0x3a200000)
Event: 69.927 GC heap after
Heap after GC invocations=3 (full 0):
 def new generation   total 4928K, used 3K [0x24c00000, 0x25150000, 0x2a150000)
  eden space 4416K,   0% used [0x24c00000, 0x24c00000, 0x25050000)
  from space 512K,   0% used [0x250d0000, 0x250d0e58, 0x25150000)
  to   space 512K,   0% used [0x25050000, 0x25050000, 0x250d0000)
 tenured generation   total 10944K, used 249K [0x2a150000, 0x2ac00000, 0x34c00000)
   the space 10944K,   2% used [0x2a150000, 0x2a18e6f8, 0x2a18e800, 0x2ac00000)
 compacting perm gen  total 12288K, used 598K [0x34c00000, 0x35800000, 0x38c00000)
   the space 12288K,   4% used [0x34c00000, 0x34c958d0, 0x34c95a00, 0x35800000)
    ro space 10240K,  42% used [0x38c00000, 0x39036058, 0x39036200, 0x39600000)
    rw space 12288K,  51% used [0x39600000, 0x39c3bdb0, 0x39c3be00, 0x3a200000)
}
Event: 88.710 GC heap before
{Heap before GC invocations=3 (full 0):
 def new generation   total 4928K, used 4419K [0x24c00000, 0x25150000, 0x2a150000)
  eden space 4416K, 100% used [0x24c00000, 0x25050000, 0x25050000)
  from space 512K,   0% used [0x250d0000, 0x250d0e58, 0x25150000)
  to   space 512K,   0% used [0x25050000, 0x25050000, 0x250d0000)
 tenured generation   total 10944K, used 249K [0x2a150000, 0x2ac00000, 0x34c00000)
   the space 10944K,   2% used [0x2a150000, 0x2a18e6f8, 0x2a18e800, 0x2ac00000)
 compacting perm gen  total 12288K, used 598K [0x34c00000, 0x35800000, 0x38c00000)
   the space 12288K,   4% used [0x34c00000, 0x34c958e0, 0x34c95a00, 0x35800000)
    ro space 10240K,  42% used [0x38c00000, 0x39036058, 0x39036200, 0x39600000)
    rw space 12288K,  51% used [0x39600000, 0x39c3bdb0, 0x39c3be00, 0x3a200000)
Event: 88.711 GC heap after
Heap after GC invocations=4 (full 0):
 def new generation   total 4928K, used 5K [0x24c00000, 0x25150000, 0x2a150000)
  eden space 4416K,   0% used [0x24c00000, 0x24c00000, 0x25050000)
  from space 512K,   1% used [0x25050000, 0x25051578, 0x250d0000)
  to   space 512K,   0% used [0x250d0000, 0x250d0000, 0x25150000)
 tenured generation   total 10944K, used 249K [0x2a150000, 0x2ac00000, 0x34c00000)
   the space 10944K,   2% used [0x2a150000, 0x2a18e6f8, 0x2a18e800, 0x2ac00000)
 compacting perm gen  total 12288K, used 598K [0x34c00000, 0x35800000, 0x38c00000)
   the space 12288K,   4% used [0x34c00000, 0x34c958e0, 0x34c95a00, 0x35800000)
    ro space 10240K,  42% used [0x38c00000, 0x39036058, 0x39036200, 0x39600000)
    rw space 12288K,  51% used [0x39600000, 0x39c3bdb0, 0x39c3be00, 0x3a200000)
}
Event: 106.011 GC heap before
{Heap before GC invocations=4 (full 0):
 def new generation   total 4928K, used 4421K [0x24c00000, 0x25150000, 0x2a150000)
  eden space 4416K, 100% used [0x24c00000, 0x25050000, 0x25050000)
  from space 512K,   1% used [0x25050000, 0x25051578, 0x250d0000)
  to   space 512K,   0% used [0x250d0000, 0x250d0000, 0x25150000)
 tenured generation   total 10944K, used 249K [0x2a150000, 0x2ac00000, 0x34c00000)
   the space 10944K,   2% used [0x2a150000, 0x2a18e6f8, 0x2a18e800, 0x2ac00000)
 compacting perm gen  total 12288K, used 598K [0x34c00000, 0x35800000, 0x38c00000)
   the space 12288K,   4% used [0x34c00000, 0x34c958e0, 0x34c95a00, 0x35800000)
    ro space 10240K,  42% used [0x38c00000, 0x39036058, 0x39036200, 0x39600000)
    rw space 12288K,  51% used [0x39600000, 0x39c3bdb0, 0x39c3be00, 0x3a200000)
Event: 106.011 GC heap after
Heap after GC invocations=5 (full 0):
 def new generation   total 4928K, used 6K [0x24c00000, 0x25150000, 0x2a150000)
  eden space 4416K,   0% used [0x24c00000, 0x24c00000, 0x25050000)
  from space 512K,   1% used [0x250d0000, 0x250d1b28, 0x25150000)
  to   space 512K,   0% used [0x25050000, 0x25050000, 0x250d0000)
 tenured generation   total 10944K, used 249K [0x2a150000, 0x2ac00000, 0x34c00000)
   the space 10944K,   2% used [0x2a150000, 0x2a18e6f8, 0x2a18e800, 0x2ac00000)
 compacting perm gen  total 12288K, used 598K [0x34c00000, 0x35800000, 0x38c00000)
   the space 12288K,   4% used [0x34c00000, 0x34c958e0, 0x34c95a00, 0x35800000)
    ro space 10240K,  42% used [0x38c00000, 0x39036058, 0x39036200, 0x39600000)
    rw space 12288K,  51% used [0x39600000, 0x39c3bdb0, 0x39c3be00, 0x3a200000)
}

Deoptimization events (0 events):
No events

Internal exceptions (10 events):
Event: 3.892 Thread 0x00fec400 Threw 0x24d160c0 at C:\re\jdk7u79\2331\hotspot\src\share\vm\prims\jvm.cpp:1304
Event: 3.894 Thread 0x00fec400 Threw 0x24d193f0 at C:\re\jdk7u79\2331\hotspot\src\share\vm\prims\jvm.cpp:1304
Event: 6.038 Thread 0x00fec400 Threw 0x24d22200 at C:\re\jdk7u79\2331\hotspot\src\share\vm\prims\jvm.cpp:1304
Event: 6.669 Thread 0x00fec400 Threw 0x24d259b8 at C:\re\jdk7u79\2331\hotspot\src\share\vm\prims\jvm.cpp:1304
Event: 6.670 Thread 0x00fec400 Threw 0x24d29cf0 at C:\re\jdk7u79\2331\hotspot\src\share\vm\prims\jvm.cpp:1304
Event: 6.670 Thread 0x00fec400 Threw 0x24d43370 at C:\re\jdk7u79\2331\hotspot\src\share\vm\prims\jvm.cpp:1304
Event: 6.670 Thread 0x00fec400 Threw 0x24d45870 at C:\re\jdk7u79\2331\hotspot\src\share\vm\prims\jvm.cpp:1304
Event: 6.680 Thread 0x00fec400 Threw 0x24d7c230 at C:\re\jdk7u79\2331\hotspot\src\share\vm\prims\jvm.cpp:1304
Event: 16.601 Thread 0x00fec400 Threw 0x24f345a8 at C:\re\jdk7u79\2331\hotspot\src\share\vm\prims\jvm.cpp:1304
Event: 118.711 Thread 0x00fec400 Threw 0x24f159e8 at C:\re\jdk7u79\2331\hotspot\src\share\vm\prims\jvm.cpp:1304

Events (10 events):
Event: 45.483 Executing VM operation: GenCollectForAllocation
Event: 45.484 Executing VM operation: GenCollectForAllocation done
Event: 69.927 Executing VM operation: GenCollectForAllocation
Event: 69.927 Executing VM operation: GenCollectForAllocation done
Event: 88.710 Executing VM operation: GenCollectForAllocation
Event: 88.711 Executing VM operation: GenCollectForAllocation done
Event: 106.011 Executing VM operation: GenCollectForAllocation
Event: 106.011 Executing VM operation: GenCollectForAllocation done
Event: 118.711 loading class 0x04f37180
Event: 118.711 loading class 0x04f37180 done


Dynamic libraries:
0x00f70000 - 0x00f9f000 	C:\Program Files (x86)\Java\jre7\bin\javaw.exe
0x774e0000 - 0x77662000 	C:\WINDOWS\SYSTEM32\ntdll.dll
0x759d0000 - 0x75ab0000 	C:\WINDOWS\System32\KERNEL32.DLL
0x76cf0000 - 0x76e91000 	C:\WINDOWS\System32\KERNELBASE.dll
0x770d0000 - 0x77147000 	C:\WINDOWS\System32\ADVAPI32.dll
0x76ea0000 - 0x76f5e000 	C:\WINDOWS\System32\msvcrt.dll
0x76260000 - 0x762a1000 	C:\WINDOWS\System32\sechost.dll
0x760a0000 - 0x76161000 	C:\WINDOWS\System32\RPCRT4.dll
0x73fa0000 - 0x73fbe000 	C:\WINDOWS\System32\SspiCli.dll
0x73f90000 - 0x73f9a000 	C:\WINDOWS\System32\CRYPTBASE.dll
0x74020000 - 0x7407a000 	C:\WINDOWS\System32\bcryptPrimitives.dll
0x76470000 - 0x765cf000 	C:\WINDOWS\System32\USER32.dll
0x76ca0000 - 0x76cb5000 	C:\WINDOWS\System32\win32u.dll
0x75900000 - 0x7592b000 	C:\WINDOWS\System32\GDI32.dll
0x765d0000 - 0x7672b000 	C:\WINDOWS\System32\gdi32full.dll
0x67890000 - 0x67a9a000 	C:\WINDOWS\WinSxS\x86_microsoft.windows.common-controls_6595b64144ccf1df_6.0.14393.351_none_89c04962db040fd9\COMCTL32.dll
0x77190000 - 0x773a1000 	C:\WINDOWS\System32\combase.dll
0x75ae0000 - 0x75bc0000 	C:\WINDOWS\System32\ucrtbase.dll
0x76cc0000 - 0x76ce5000 	C:\WINDOWS\System32\IMM32.DLL
0x782a0000 - 0x7835f000 	C:\Program Files (x86)\Java\jre7\bin\msvcr100.dll
0x50000000 - 0x50389000 	C:\Program Files (x86)\Java\jre7\bin\client\jvm.dll
0x75ac0000 - 0x75ac6000 	C:\WINDOWS\System32\PSAPI.DLL
0x73240000 - 0x73264000 	C:\WINDOWS\SYSTEM32\WINMM.dll
0x730d0000 - 0x730d8000 	C:\WINDOWS\SYSTEM32\WSOCK32.dll
0x73160000 - 0x73183000 	C:\WINDOWS\SYSTEM32\WINMMBASE.dll
0x756b0000 - 0x75713000 	C:\WINDOWS\System32\WS2_32.dll
0x77150000 - 0x77186000 	C:\WINDOWS\System32\cfgmgr32.dll
0x503e0000 - 0x503ec000 	C:\Program Files (x86)\Java\jre7\bin\verify.dll
0x503c0000 - 0x503e0000 	C:\Program Files (x86)\Java\jre7\bin\java.dll
0x77fe0000 - 0x77ff3000 	C:\Program Files (x86)\Java\jre7\bin\zip.dll
0x0f3e0000 - 0x0f666000 	C:\Users\amanz360\Downloads\ExampleBot2_5\ExampleBot\bwapi_bridge2_5.dll
0x73e00000 - 0x73eee000 	C:\WINDOWS\SYSTEM32\MSVCR120.dll
0x51f80000 - 0x51ff1000 	C:\WINDOWS\SYSTEM32\MSVCP120.dll
0x6acc0000 - 0x6ad27000 	C:\Users\amanz360\Downloads\ExampleBot2_5\ExampleBot\libgmp-10.dll
0x6f540000 - 0x6f59e000 	C:\Users\amanz360\Downloads\ExampleBot2_5\ExampleBot\libmpfr-4.dll
0x73ba0000 - 0x73ce5000 	C:\WINDOWS\SYSTEM32\dbghelp.dll

VM Arguments:
jvm_args: -Dfile.encoding=Cp1252 
java_command: TestBot1
Launcher Type: SUN_STANDARD

Environment Variables:
PATH=C:/Program Files (x86)/Java/jre7/bin/client;C:/Program Files (x86)/Java/jre7/bin;C:/Program Files (x86)/Java/jre7/lib/i386;C:\Program Files (x86)\NVIDIA Corporation\PhysX\Common;C:\Program Files\Java\jdk1.8.0_45\bin;C:\ProgramData\Oracle\Java\javapath;c:\Program Files (x86)\Intel\iCLS Client\;c:\Program Files\Intel\iCLS Client\;C:\WINDOWS\system32;C:\WINDOWS;C:\WINDOWS\System32\Wbem;C:\WINDOWS\System32\WindowsPowerShell\v1.0\;C:\Program Files\Intel\WiFi\bin\;C:\Program Files\Common Files\Intel\WirelessCommon\;C:\Program Files\Mozart\bin;C:\Program Files\Microsoft SQL Server\110\Tools\Binn\;C:\Program Files (x86)\Skype\Phone\;C:\Program Files (x86)\Intel\Intel(R) Management Engine Components\DAL;C:\Program Files\Intel\Intel(R) Management Engine Components\DAL;C:\Program Files (x86)\Intel\Intel(R) Management Engine Components\IPT;C:\Program Files\Intel\Intel(R) Management Engine Components\IPT;C:\Go\bin;C:\WINDOWS\system32\config\systemprofile\.dnx\bin;C:\Program Files\Microsoft DNX\Dnvm\;C:\Program Files\Microsoft SQL Server\130\Tools\Binn\;C:\Program Files (x86)\Windows Kits\8.1\Windows Performance Toolkit\;c:\Program Files (x86)\Microsoft SQL Server\100\Tools\Binn\;c:\Program Files\Microsoft SQL Server\100\Tools\Binn\;c:\Program Files\Microsoft SQL Server\100\DTS\Binn\;C:\Users\amanz360\AppData\Local\Microsoft\WindowsApps;;C:\Users\amanz360\Downloads\eclipse-java-mars-2-win32\eclipse;
USERNAME=amanz360
OS=Windows_NT
PROCESSOR_IDENTIFIER=Intel64 Family 6 Model 69 Stepping 1, GenuineIntel



---------------  S Y S T E M  ---------------

OS: Windows 8.1 , 64 bit Build 9600 

CPU:total 4 (2 cores per cpu, 2 threads per core) family 6 model 69 stepping 1, cmov, cx8, fxsr, mmx, sse, sse2, sse3, ssse3, sse4.1, sse4.2, popcnt, avx, avx2, aes, erms, ht, tsc, tscinvbit

Memory: 4k page, physical 6187596k(2992996k free), swap 8677964k(2757568k free)

vm_info: Java HotSpot(TM) Client VM (24.79-b02) for windows-x86 JRE (1.7.0_79-b15), built on Apr 10 2015 16:49:13 by "java_re" with unknown MS VC++:1600

time: Mon Nov 07 16:59:00 2016
elapsed time: 118 seconds

