#
# A fatal error has been detected by the Java Runtime Environment:
#
#  EXCEPTION_ACCESS_VIOLATION (0xc0000005) at pc=0x505954bb, pid=7768, tid=19680
#
# JRE version: Java(TM) SE Runtime Environment (7.0_79-b15) (build 1.7.0_79-b15)
# Java VM: Java HotSpot(TM) Client VM (24.79-b02 mixed mode, sharing windows-x86 )
# Problematic frame:
# V  [jvm.dll+0xc54bb]
#
# Failed to write core dump. Minidumps are not enabled by default on client versions of Windows
#
# If you would like to submit a bug report, please visit:
#   http://bugreport.java.com/bugreport/crash.jsp
#

---------------  T H R E A D  ---------------

Current thread (0x02d3c400):  JavaThread "main" [_thread_in_vm, id=19680, stack(0x01050000,0x010a0000)]

siginfo: ExceptionCode=0xc0000005, reading address 0x00000000

Registers:
EAX=0x00000000, EBX=0x02d3c530, ECX=0x00000000, EDX=0x00000007
ESP=0x0109d6dc, EBP=0x0109d6f8, ESI=0x02d3c530, EDI=0x02d3c400
EIP=0x505954bb, EFLAGS=0x00010246

Top of Stack: (sp=0x0109d6dc)
0x0109d6dc:   02d3c400 07724cd0 02d3c530 02d3c400
0x0109d6ec:   00000000 07724cd0 00000000 0109d748
0x0109d6fc:   0ff5564d 02d3c530 00000000 6e696f70
0x0109d70c:   00726574 0109d748 0ff5561d 00000007
0x0109d71c:   0000000f 0000004a 02d3c530 0109d768
0x0109d72c:   0ff5567d 00000001 0000000f 07724cd0
0x0109d73c:   00000000 02d3c530 0109d78c 0109d778
0x0109d74c:   02de53b8 02d3c530 0109d764 07724cd0 

Instructions: (pc=0x505954bb)
0x5059549b:   f3 ff 83 c4 08 83 7f 04 00 89 7d f0 c7 45 f4 00
0x505954ab:   00 00 00 74 08 8d 4d f0 e8 a8 a6 0c 00 8b 45 0c
0x505954bb:   8b 08 8b 51 04 8b 42 40 50 56 e8 26 df 07 00 83
0x505954cb:   c4 08 83 7d f4 00 89 45 08 74 08 8d 4d f0 e8 c2 


Register to memory mapping:

EAX=0x00000000 is an unknown value
EBX=0x02d3c530 is an unknown value
ECX=0x00000000 is an unknown value
EDX=0x00000007 is an unknown value
ESP=0x0109d6dc is pointing into the stack for thread: 0x02d3c400
EBP=0x0109d6f8 is pointing into the stack for thread: 0x02d3c400
ESI=0x02d3c530 is an unknown value
EDI=0x02d3c400 is a thread


Stack: [0x01050000,0x010a0000],  sp=0x0109d6dc,  free space=309k
Native frames: (J=compiled Java code, j=interpreted, Vv=VM code, C=native code)
V  [jvm.dll+0xc54bb]
C  [bwapi_bridge2_5.dll+0x3564d]
J 81  bwapi.Unit.getDistance_native(JLbwapi/Unit;)I (0 bytes) @ 0x02de53b8 [0x02de5310+0xa8]
J 80 C1 bwapi.Unit.getDistance(Lbwapi/Unit;)I (10 bytes) @ 0x02de55f0 [0x02de55c0+0x30]
j  MoleUnit.getClosestDamagedAllyInRadius(I)Lbwapi/Unit;+87
J 108 C1 Base.assaultPosition(Lbwapi/Game;)V (428 bytes) @ 0x02debeb4 [0x02deb7f0+0x6c4]
J 174 C1 Base.manageMarines(Lbwapi/Game;)V (84 bytes) @ 0x02e06b70 [0x02e06b20+0x50]
J 139 C1 StrategyManager.runBases(Lbwapi/Game;Lbwapi/Player;)V (325 bytes) @ 0x02df8578 [0x02df81b0+0x3c8]
J 170 C1 StrategyManager.update(Lbwapi/Game;Lbwapi/Player;)V (100 bytes) @ 0x02e0553c [0x02e053b0+0x18c]
J 167 C1 TestBot1.onFrame()V (86 bytes) @ 0x02e0495c [0x02e046f0+0x26c]
J 166 C1 bwapi.AIModule.onFrame()V (17 bytes) @ 0x02e04484 [0x02e04450+0x34]
v  ~StubRoutines::call_stub
V  [jvm.dll+0x14234a]
V  [jvm.dll+0x206ebe]
V  [jvm.dll+0x1423cd]
V  [jvm.dll+0xcb5c2]
V  [jvm.dll+0xcf213]
C  [bwapi_bridge2_5.dll+0x1b20d]
C  [bwapi_bridge2_5.dll+0x75101]
j  bwapi.Mirror.startGame()V+0
j  TestBot1.run()V+15
j  TestBot1.main([Ljava/lang/String;)V+7
v  ~StubRoutines::call_stub
V  [jvm.dll+0x14234a]
V  [jvm.dll+0x206ebe]
V  [jvm.dll+0x1423cd]
V  [jvm.dll+0xcb345]
V  [jvm.dll+0xd5ff7]
C  [javaw.exe+0x2070]
C  [javaw.exe+0xa601]
C  [javaw.exe+0xa68b]
C  [KERNEL32.DLL+0x162c4]
C  [ntdll.dll+0x60fd9]
C  [ntdll.dll+0x60fa4]

Java frames: (J=compiled Java code, j=interpreted, Vv=VM code)
J 81  bwapi.Unit.getDistance_native(JLbwapi/Unit;)I (0 bytes) @ 0x02de5374 [0x02de5310+0x64]
J 80 C1 bwapi.Unit.getDistance(Lbwapi/Unit;)I (10 bytes) @ 0x02de55f0 [0x02de55c0+0x30]
j  MoleUnit.getClosestDamagedAllyInRadius(I)Lbwapi/Unit;+87
J 108 C1 Base.assaultPosition(Lbwapi/Game;)V (428 bytes) @ 0x02debeb4 [0x02deb7f0+0x6c4]
J 174 C1 Base.manageMarines(Lbwapi/Game;)V (84 bytes) @ 0x02e06b70 [0x02e06b20+0x50]
J 139 C1 StrategyManager.runBases(Lbwapi/Game;Lbwapi/Player;)V (325 bytes) @ 0x02df8578 [0x02df81b0+0x3c8]
J 170 C1 StrategyManager.update(Lbwapi/Game;Lbwapi/Player;)V (100 bytes) @ 0x02e0553c [0x02e053b0+0x18c]
J 167 C1 TestBot1.onFrame()V (86 bytes) @ 0x02e0495c [0x02e046f0+0x26c]
J 166 C1 bwapi.AIModule.onFrame()V (17 bytes) @ 0x02e04484 [0x02e04450+0x34]
v  ~StubRoutines::call_stub
j  bwapi.Mirror.startGame()V+0
j  TestBot1.run()V+15
j  TestBot1.main([Ljava/lang/String;)V+7
v  ~StubRoutines::call_stub

---------------  P R O C E S S  ---------------

Java Threads: ( => current thread )
  0x01245800 JavaThread "Service Thread" daemon [_thread_blocked, id=19260, stack(0x04fc0000,0x05010000)]
  0x01243800 JavaThread "C1 CompilerThread0" daemon [_thread_blocked, id=24172, stack(0x04f30000,0x04f80000)]
  0x01242400 JavaThread "Attach Listener" daemon [_thread_blocked, id=6628, stack(0x04ea0000,0x04ef0000)]
  0x0123f000 JavaThread "Signal Dispatcher" daemon [_thread_blocked, id=19560, stack(0x04e10000,0x04e60000)]
  0x011d0c00 JavaThread "Finalizer" daemon [_thread_blocked, id=6788, stack(0x04d80000,0x04dd0000)]
  0x011cf000 JavaThread "Reference Handler" daemon [_thread_blocked, id=7408, stack(0x02cd0000,0x02d20000)]
=>0x02d3c400 JavaThread "main" [_thread_in_vm, id=19680, stack(0x01050000,0x010a0000)]

Other Threads:
  0x011cdc00 VMThread [stack: 0x02c40000,0x02c90000] [id=10964]
  0x01258c00 WatcherThread [stack: 0x05050000,0x050a0000] [id=19120]

VM state:not at safepoint (normal execution)

VM Mutex/Monitor currently owned by a thread: None

Heap
 def new generation   total 4928K, used 1483K [0x24c00000, 0x25150000, 0x2a150000)
  eden space 4416K,  33% used [0x24c00000, 0x24d71048, 0x25050000)
  from space 512K,   1% used [0x250d0000, 0x250d1cf0, 0x25150000)
  to   space 512K,   0% used [0x25050000, 0x25050000, 0x250d0000)
 tenured generation   total 10944K, used 382K [0x2a150000, 0x2ac00000, 0x34c00000)
   the space 10944K,   3% used [0x2a150000, 0x2a1af958, 0x2a1afa00, 0x2ac00000)
 compacting perm gen  total 12288K, used 659K [0x34c00000, 0x35800000, 0x38c00000)
   the space 12288K,   5% used [0x34c00000, 0x34ca4fa0, 0x34ca5000, 0x35800000)
    ro space 10240K,  42% used [0x38c00000, 0x39036058, 0x39036200, 0x39600000)
    rw space 12288K,  51% used [0x39600000, 0x39c3bdb0, 0x39c3be00, 0x3a200000)

Card table byte_map: [0x02a90000,0x02b40000] byte_map_base: 0x0296a000

Polling page: 0x01020000

Code Cache  [0x02d40000, 0x02e20000, 0x04d40000)
 total_blobs=379 nmethods=242 adapters=74 free_code_cache=31895Kb largest_free_block=32661184

Compilation events (10 events):
Event: 90.633 Thread 0x01243800  234             bwapi.WeaponType::get (53 bytes)
Event: 90.634 Thread 0x01243800 nmethod 234 0x02e17588 code [0x02e176c0, 0x02e17870]
Event: 90.642 Thread 0x01243800  235             bwapi.UnitType::groundWeapon (9 bytes)
Event: 90.642 Thread 0x01243800 nmethod 235 0x02e17c08 code [0x02e17d00, 0x02e17d9c]
Event: 90.768 Thread 0x01243800  239             MoleUnit::smartKiteTarget (235 bytes)
Event: 90.769 Thread 0x01243800 nmethod 239 0x02e185c8 code [0x02e18850, 0x02e18ea8]
Event: 90.769 Thread 0x01243800  240             bwapi.WeaponType::damageCooldown (9 bytes)
Event: 90.769 Thread 0x01243800 nmethod 240 0x02e19a48 code [0x02e19b40, 0x02e19bdc]
Event: 91.889 Thread 0x01243800  242             Base::alreadyHaveUnit (45 bytes)
Event: 91.890 Thread 0x01243800 nmethod 242 0x02e19c48 code [0x02e19d80, 0x02e19f54]

GC Heap History (10 events):
Event: 100.113 GC heap before
{Heap before GC invocations=160 (full 0):
 def new generation   total 4928K, used 4427K [0x24c00000, 0x25150000, 0x2a150000)
  eden space 4416K, 100% used [0x24c00000, 0x25050000, 0x25050000)
  from space 512K,   2% used [0x25050000, 0x25052dc8, 0x250d0000)
  to   space 512K,   0% used [0x250d0000, 0x250d0000, 0x25150000)
 tenured generation   total 10944K, used 375K [0x2a150000, 0x2ac00000, 0x34c00000)
   the space 10944K,   3% used [0x2a150000, 0x2a1ade70, 0x2a1ae000, 0x2ac00000)
 compacting perm gen  total 12288K, used 659K [0x34c00000, 0x35800000, 0x38c00000)
   the space 12288K,   5% used [0x34c00000, 0x34ca4fa0, 0x34ca5000, 0x35800000)
    ro space 10240K,  42% used [0x38c00000, 0x39036058, 0x39036200, 0x39600000)
    rw space 12288K,  51% used [0x39600000, 0x39c3bdb0, 0x39c3be00, 0x3a200000)
Event: 100.113 GC heap after
Heap after GC invocations=161 (full 0):
 def new generation   total 4928K, used 13K [0x24c00000, 0x25150000, 0x2a150000)
  eden space 4416K,   0% used [0x24c00000, 0x24c00000, 0x25050000)
  from space 512K,   2% used [0x250d0000, 0x250d3530, 0x25150000)
  to   space 512K,   0% used [0x25050000, 0x25050000, 0x250d0000)
 tenured generation   total 10944K, used 376K [0x2a150000, 0x2ac00000, 0x34c00000)
   the space 10944K,   3% used [0x2a150000, 0x2a1ae078, 0x2a1ae200, 0x2ac00000)
 compacting perm gen  total 12288K, used 659K [0x34c00000, 0x35800000, 0x38c00000)
   the space 12288K,   5% used [0x34c00000, 0x34ca4fa0, 0x34ca5000, 0x35800000)
    ro space 10240K,  42% used [0x38c00000, 0x39036058, 0x39036200, 0x39600000)
    rw space 12288K,  51% used [0x39600000, 0x39c3bdb0, 0x39c3be00, 0x3a200000)
}
Event: 100.528 GC heap before
{Heap before GC invocations=161 (full 0):
 def new generation   total 4928K, used 4429K [0x24c00000, 0x25150000, 0x2a150000)
  eden space 4416K, 100% used [0x24c00000, 0x25050000, 0x25050000)
  from space 512K,   2% used [0x250d0000, 0x250d3530, 0x25150000)
  to   space 512K,   0% used [0x25050000, 0x25050000, 0x250d0000)
 tenured generation   total 10944K, used 376K [0x2a150000, 0x2ac00000, 0x34c00000)
   the space 10944K,   3% used [0x2a150000, 0x2a1ae078, 0x2a1ae200, 0x2ac00000)
 compacting perm gen  total 12288K, used 659K [0x34c00000, 0x35800000, 0x38c00000)
   the space 12288K,   5% used [0x34c00000, 0x34ca4fa0, 0x34ca5000, 0x35800000)
    ro space 10240K,  42% used [0x38c00000, 0x39036058, 0x39036200, 0x39600000)
    rw space 12288K,  51% used [0x39600000, 0x39c3bdb0, 0x39c3be00, 0x3a200000)
Event: 100.529 GC heap after
Heap after GC invocations=162 (full 0):
 def new generation   total 4928K, used 10K [0x24c00000, 0x25150000, 0x2a150000)
  eden space 4416K,   0% used [0x24c00000, 0x24c00000, 0x25050000)
  from space 512K,   2% used [0x25050000, 0x25052a58, 0x250d0000)
  to   space 512K,   0% used [0x250d0000, 0x250d0000, 0x25150000)
 tenured generation   total 10944K, used 378K [0x2a150000, 0x2ac00000, 0x34c00000)
   the space 10944K,   3% used [0x2a150000, 0x2a1aebd8, 0x2a1aec00, 0x2ac00000)
 compacting perm gen  total 12288K, used 659K [0x34c00000, 0x35800000, 0x38c00000)
   the space 12288K,   5% used [0x34c00000, 0x34ca4fa0, 0x34ca5000, 0x35800000)
    ro space 10240K,  42% used [0x38c00000, 0x39036058, 0x39036200, 0x39600000)
    rw space 12288K,  51% used [0x39600000, 0x39c3bdb0, 0x39c3be00, 0x3a200000)
}
Event: 100.955 GC heap before
{Heap before GC invocations=162 (full 0):
 def new generation   total 4928K, used 4426K [0x24c00000, 0x25150000, 0x2a150000)
  eden space 4416K, 100% used [0x24c00000, 0x25050000, 0x25050000)
  from space 512K,   2% used [0x25050000, 0x25052a58, 0x250d0000)
  to   space 512K,   0% used [0x250d0000, 0x250d0000, 0x25150000)
 tenured generation   total 10944K, used 378K [0x2a150000, 0x2ac00000, 0x34c00000)
   the space 10944K,   3% used [0x2a150000, 0x2a1aebd8, 0x2a1aec00, 0x2ac00000)
 compacting perm gen  total 12288K, used 659K [0x34c00000, 0x35800000, 0x38c00000)
   the space 12288K,   5% used [0x34c00000, 0x34ca4fa0, 0x34ca5000, 0x35800000)
    ro space 10240K,  42% used [0x38c00000, 0x39036058, 0x39036200, 0x39600000)
    rw space 12288K,  51% used [0x39600000, 0x39c3bdb0, 0x39c3be00, 0x3a200000)
Event: 100.956 GC heap after
Heap after GC invocations=163 (full 0):
 def new generation   total 4928K, used 9K [0x24c00000, 0x25150000, 0x2a150000)
  eden space 4416K,   0% used [0x24c00000, 0x24c00000, 0x25050000)
  from space 512K,   1% used [0x250d0000, 0x250d26f0, 0x25150000)
  to   space 512K,   0% used [0x25050000, 0x25050000, 0x250d0000)
 tenured generation   total 10944K, used 379K [0x2a150000, 0x2ac00000, 0x34c00000)
   the space 10944K,   3% used [0x2a150000, 0x2a1aeff8, 0x2a1af000, 0x2ac00000)
 compacting perm gen  total 12288K, used 659K [0x34c00000, 0x35800000, 0x38c00000)
   the space 12288K,   5% used [0x34c00000, 0x34ca4fa0, 0x34ca5000, 0x35800000)
    ro space 10240K,  42% used [0x38c00000, 0x39036058, 0x39036200, 0x39600000)
    rw space 12288K,  51% used [0x39600000, 0x39c3bdb0, 0x39c3be00, 0x3a200000)
}
Event: 101.377 GC heap before
{Heap before GC invocations=163 (full 0):
 def new generation   total 4928K, used 4425K [0x24c00000, 0x25150000, 0x2a150000)
  eden space 4416K, 100% used [0x24c00000, 0x25050000, 0x25050000)
  from space 512K,   1% used [0x250d0000, 0x250d26f0, 0x25150000)
  to   space 512K,   0% used [0x25050000, 0x25050000, 0x250d0000)
 tenured generation   total 10944K, used 379K [0x2a150000, 0x2ac00000, 0x34c00000)
   the space 10944K,   3% used [0x2a150000, 0x2a1aeff8, 0x2a1af000, 0x2ac00000)
 compacting perm gen  total 12288K, used 659K [0x34c00000, 0x35800000, 0x38c00000)
   the space 12288K,   5% used [0x34c00000, 0x34ca4fa0, 0x34ca5000, 0x35800000)
    ro space 10240K,  42% used [0x38c00000, 0x39036058, 0x39036200, 0x39600000)
    rw space 12288K,  51% used [0x39600000, 0x39c3bdb0, 0x39c3be00, 0x3a200000)
Event: 101.377 GC heap after
Heap after GC invocations=164 (full 0):
 def new generation   total 4928K, used 7K [0x24c00000, 0x25150000, 0x2a150000)
  eden space 4416K,   0% used [0x24c00000, 0x24c00000, 0x25050000)
  from space 512K,   1% used [0x25050000, 0x25051fa8, 0x250d0000)
  to   space 512K,   0% used [0x250d0000, 0x250d0000, 0x25150000)
 tenured generation   total 10944K, used 381K [0x2a150000, 0x2ac00000, 0x34c00000)
   the space 10944K,   3% used [0x2a150000, 0x2a1af6b8, 0x2a1af800, 0x2ac00000)
 compacting perm gen  total 12288K, used 659K [0x34c00000, 0x35800000, 0x38c00000)
   the space 12288K,   5% used [0x34c00000, 0x34ca4fa0, 0x34ca5000, 0x35800000)
    ro space 10240K,  42% used [0x38c00000, 0x39036058, 0x39036200, 0x39600000)
    rw space 12288K,  51% used [0x39600000, 0x39c3bdb0, 0x39c3be00, 0x3a200000)
}
Event: 101.807 GC heap before
{Heap before GC invocations=164 (full 0):
 def new generation   total 4928K, used 4423K [0x24c00000, 0x25150000, 0x2a150000)
  eden space 4416K, 100% used [0x24c00000, 0x25050000, 0x25050000)
  from space 512K,   1% used [0x25050000, 0x25051fa8, 0x250d0000)
  to   space 512K,   0% used [0x250d0000, 0x250d0000, 0x25150000)
 tenured generation   total 10944K, used 381K [0x2a150000, 0x2ac00000, 0x34c00000)
   the space 10944K,   3% used [0x2a150000, 0x2a1af6b8, 0x2a1af800, 0x2ac00000)
 compacting perm gen  total 12288K, used 659K [0x34c00000, 0x35800000, 0x38c00000)
   the space 12288K,   5% used [0x34c00000, 0x34ca4fa0, 0x34ca5000, 0x35800000)
    ro space 10240K,  42% used [0x38c00000, 0x39036058, 0x39036200, 0x39600000)
    rw space 12288K,  51% used [0x39600000, 0x39c3bdb0, 0x39c3be00, 0x3a200000)
Event: 101.808 GC heap after
Heap after GC invocations=165 (full 0):
 def new generation   total 4928K, used 7K [0x24c00000, 0x25150000, 0x2a150000)
  eden space 4416K,   0% used [0x24c00000, 0x24c00000, 0x25050000)
  from space 512K,   1% used [0x250d0000, 0x250d1cf0, 0x25150000)
  to   space 512K,   0% used [0x25050000, 0x25050000, 0x250d0000)
 tenured generation   total 10944K, used 382K [0x2a150000, 0x2ac00000, 0x34c00000)
   the space 10944K,   3% used [0x2a150000, 0x2a1af958, 0x2a1afa00, 0x2ac00000)
 compacting perm gen  total 12288K, used 659K [0x34c00000, 0x35800000, 0x38c00000)
   the space 12288K,   5% used [0x34c00000, 0x34ca4fa0, 0x34ca5000, 0x35800000)
    ro space 10240K,  42% used [0x38c00000, 0x39036058, 0x39036200, 0x39600000)
    rw space 12288K,  51% used [0x39600000, 0x39c3bdb0, 0x39c3be00, 0x3a200000)
}

Deoptimization events (0 events):
No events

Internal exceptions (10 events):
Event: 51.998 Thread 0x02d3c400 Implicit null exception at 0x02dee76e to 0x02deed1f
Event: 51.998 Thread 0x02d3c400 Threw 0x24cf6aa8 at C:\re\jdk7u79\2331\hotspot\src\share\vm\runtime\sharedRuntime.cpp:591
Event: 52.012 Thread 0x02d3c400 Implicit null exception at 0x02dee76e to 0x02deed1f
Event: 52.012 Thread 0x02d3c400 Threw 0x24cf96b0 at C:\re\jdk7u79\2331\hotspot\src\share\vm\runtime\sharedRuntime.cpp:591
Event: 52.028 Thread 0x02d3c400 Implicit null exception at 0x02dee76e to 0x02deed1f
Event: 52.028 Thread 0x02d3c400 Threw 0x24cfc2b8 at C:\re\jdk7u79\2331\hotspot\src\share\vm\runtime\sharedRuntime.cpp:591
Event: 52.030 Thread 0x02d3c400 Implicit null exception at 0x02dee76e to 0x02deed1f
Event: 52.030 Thread 0x02d3c400 Threw 0x24cfeed8 at C:\re\jdk7u79\2331\hotspot\src\share\vm\runtime\sharedRuntime.cpp:591
Event: 52.043 Thread 0x02d3c400 Implicit null exception at 0x02dee76e to 0x02deed1f
Event: 52.043 Thread 0x02d3c400 Threw 0x24d01ae0 at C:\re\jdk7u79\2331\hotspot\src\share\vm\runtime\sharedRuntime.cpp:591

Events (10 events):
Event: 100.113 Executing VM operation: GenCollectForAllocation
Event: 100.113 Executing VM operation: GenCollectForAllocation done
Event: 100.528 Executing VM operation: GenCollectForAllocation
Event: 100.529 Executing VM operation: GenCollectForAllocation done
Event: 100.955 Executing VM operation: GenCollectForAllocation
Event: 100.956 Executing VM operation: GenCollectForAllocation done
Event: 101.377 Executing VM operation: GenCollectForAllocation
Event: 101.377 Executing VM operation: GenCollectForAllocation done
Event: 101.807 Executing VM operation: GenCollectForAllocation
Event: 101.808 Executing VM operation: GenCollectForAllocation done


Dynamic libraries:
0x012c0000 - 0x012ef000 	C:\Program Files (x86)\Java\jre7\bin\javaw.exe
0x773a0000 - 0x77523000 	C:\WINDOWS\SYSTEM32\ntdll.dll
0x767b0000 - 0x76890000 	C:\WINDOWS\System32\KERNEL32.DLL
0x76600000 - 0x767a1000 	C:\WINDOWS\System32\KERNELBASE.dll
0x740e0000 - 0x74157000 	C:\WINDOWS\System32\ADVAPI32.dll
0x74500000 - 0x745be000 	C:\WINDOWS\System32\msvcrt.dll
0x74a30000 - 0x74a71000 	C:\WINDOWS\System32\sechost.dll
0x73e80000 - 0x73f41000 	C:\WINDOWS\System32\RPCRT4.dll
0x73e60000 - 0x73e7e000 	C:\WINDOWS\System32\SspiCli.dll
0x73e50000 - 0x73e5a000 	C:\WINDOWS\System32\CRYPTBASE.dll
0x76ad0000 - 0x76b2a000 	C:\WINDOWS\System32\bcryptPrimitives.dll
0x77220000 - 0x7737f000 	C:\WINDOWS\System32\USER32.dll
0x76130000 - 0x76145000 	C:\WINDOWS\System32\win32u.dll
0x74040000 - 0x7406b000 	C:\WINDOWS\System32\GDI32.dll
0x74220000 - 0x7437b000 	C:\WINDOWS\System32\gdi32full.dll
0x71be0000 - 0x71dea000 	C:\WINDOWS\WinSxS\x86_microsoft.windows.common-controls_6595b64144ccf1df_6.0.14393.447_none_89c64d28dafea4b9\COMCTL32.dll
0x745c0000 - 0x747d1000 	C:\WINDOWS\System32\combase.dll
0x74380000 - 0x74460000 	C:\WINDOWS\System32\ucrtbase.dll
0x747e0000 - 0x74805000 	C:\WINDOWS\System32\IMM32.DLL
0x776d0000 - 0x7778f000 	C:\Program Files (x86)\Java\jre7\bin\msvcr100.dll
0x504d0000 - 0x50859000 	C:\Program Files (x86)\Java\jre7\bin\client\jvm.dll
0x74ce0000 - 0x74ce6000 	C:\WINDOWS\System32\PSAPI.DLL
0x72990000 - 0x72998000 	C:\WINDOWS\SYSTEM32\WSOCK32.dll
0x73b30000 - 0x73b54000 	C:\WINDOWS\SYSTEM32\WINMM.dll
0x74070000 - 0x740d3000 	C:\WINDOWS\System32\WS2_32.dll
0x73b00000 - 0x73b23000 	C:\WINDOWS\SYSTEM32\WINMMBASE.dll
0x74d00000 - 0x74d36000 	C:\WINDOWS\System32\cfgmgr32.dll
0x556a0000 - 0x556ac000 	C:\Program Files (x86)\Java\jre7\bin\verify.dll
0x55680000 - 0x556a0000 	C:\Program Files (x86)\Java\jre7\bin\java.dll
0x55660000 - 0x55673000 	C:\Program Files (x86)\Java\jre7\bin\zip.dll
0x0ff20000 - 0x101a6000 	C:\Users\amanz360\Documents\GitHub\MoleAI\ExampleBot\bwapi_bridge2_5.dll
0x6cbc0000 - 0x6cc31000 	C:\WINDOWS\SYSTEM32\MSVCP120.dll
0x6acc0000 - 0x6ad27000 	C:\Users\amanz360\Documents\GitHub\MoleAI\ExampleBot\libgmp-10.dll
0x6f540000 - 0x6f59e000 	C:\Users\amanz360\Documents\GitHub\MoleAI\ExampleBot\libmpfr-4.dll
0x73cc0000 - 0x73dae000 	C:\WINDOWS\SYSTEM32\MSVCR120.dll
0x738d0000 - 0x73a15000 	C:\WINDOWS\SYSTEM32\dbghelp.dll

VM Arguments:
jvm_args: -Dfile.encoding=Cp1252 
java_command: TestBot1
Launcher Type: SUN_STANDARD

Environment Variables:
PATH=C:/Program Files (x86)/Java/jre7/bin/client;C:/Program Files (x86)/Java/jre7/bin;C:/Program Files (x86)/Java/jre7/lib/i386;C:\gurobi701\win64\bin;C:\Program Files (x86)\NVIDIA Corporation\PhysX\Common;C:\Program Files\Java\jdk1.8.0_45\bin;C:\ProgramData\Oracle\Java\javapath;c:\Program Files (x86)\Intel\iCLS Client\;c:\Program Files\Intel\iCLS Client\;C:\WINDOWS\system32;C:\WINDOWS;C:\WINDOWS\System32\Wbem;C:\WINDOWS\System32\WindowsPowerShell\v1.0\;C:\Program Files\Intel\WiFi\bin\;C:\Program Files\Common Files\Intel\WirelessCommon\;C:\Program Files\Mozart\bin;C:\Program Files\Microsoft SQL Server\110\Tools\Binn\;C:\Program Files (x86)\Skype\Phone\;C:\Program Files (x86)\Intel\Intel(R) Management Engine Components\DAL;C:\Program Files\Intel\Intel(R) Management Engine Components\DAL;C:\Program Files (x86)\Intel\Intel(R) Management Engine Components\IPT;C:\Program Files\Intel\Intel(R) Management Engine Components\IPT;C:\Go\bin;C:\WINDOWS\system32\config\systemprofile\.dnx\bin;C:\Program Files\Microsoft DNX\Dnvm\;C:\Program Files\Microsoft SQL Server\130\Tools\Binn\;C:\Program Files (x86)\Windows Kits\8.1\Windows Performance Toolkit\;c:\Program Files (x86)\Microsoft SQL Server\100\Tools\Binn\;c:\Program Files\Microsoft SQL Server\100\Tools\Binn\;c:\Program Files\Microsoft SQL Server\100\DTS\Binn\;C:\Users\amanz360\Anaconda3;C:\Users\amanz360\Anaconda3\Scripts;C:\Users\amanz360\Anaconda3\Library\bin;C:\Users\amanz360\AppData\Local\Microsoft\WindowsApps;;C:\Users\amanz360\Downloads\eclipse-java-mars-2-win32\eclipse;
USERNAME=amanz360
OS=Windows_NT
PROCESSOR_IDENTIFIER=Intel64 Family 6 Model 69 Stepping 1, GenuineIntel



---------------  S Y S T E M  ---------------

OS: Windows 8.1 , 64 bit Build 9600 

CPU:total 4 (2 cores per cpu, 2 threads per core) family 6 model 69 stepping 1, cmov, cx8, fxsr, mmx, sse, sse2, sse3, ssse3, sse4.1, sse4.2, popcnt, avx, avx2, aes, erms, ht, tsc, tscinvbit

Memory: 4k page, physical 6187596k(2553044k free), swap 10474704k(4572708k free)

vm_info: Java HotSpot(TM) Client VM (24.79-b02) for windows-x86 JRE (1.7.0_79-b15), built on Apr 10 2015 16:49:13 by "java_re" with unknown MS VC++:1600

time: Wed Dec 14 16:32:14 2016
elapsed time: 101 seconds

