#
# A fatal error has been detected by the Java Runtime Environment:
#
#  EXCEPTION_ACCESS_VIOLATION (0xc0000005) at pc=0x6e6854bb, pid=19352, tid=14172
#
# JRE version: Java(TM) SE Runtime Environment (7.0_79-b15) (build 1.7.0_79-b15)
# Java VM: Java HotSpot(TM) Client VM (24.79-b02 mixed mode, sharing windows-x86 )
# Problematic frame:
# V  [jvm.dll+0xc54bb]
#
# Failed to write core dump. Minidumps are not enabled by default on client versions of Windows
#
# If you would like to submit a bug report, please visit:
#   http://bugreport.java.com/bugreport/crash.jsp
#

---------------  T H R E A D  ---------------

Current thread (0x02d8c400):  JavaThread "main" [_thread_in_vm, id=14172, stack(0x01300000,0x01350000)]

siginfo: ExceptionCode=0xc0000005, reading address 0x00000000

Registers:
EAX=0x00000000, EBX=0x052731a4, ECX=0x00000000, EDX=0x00000007
ESP=0x0134d774, EBP=0x0134d790, ESI=0x02d8c530, EDI=0x02d8c400
EIP=0x6e6854bb, EFLAGS=0x00010246

Top of Stack: (sp=0x0134d774)
0x0134d774:   0134d888 00000000 052731a4 02d8c400
0x0134d784:   00000000 00000000 052731a4 0134d814
0x0134d794:   0f44c65a 02d8c530 00000000 6e696f70
0x0134d7a4:   00726574 0134d814 0f44c61e 00000007
0x0134d7b4:   0000000f 624c004a 69706177 696e552f
0x0134d7c4:   02003b74 00000001 0000000f 0464f91f
0x0134d7d4:   02d8c400 07cfa488 00000000 052731a4
0x0134d7e4:   052744ec 0528e72c 0528e728 0134d7b8 

Instructions: (pc=0x6e6854bb)
0x6e68549b:   f3 ff 83 c4 08 83 7f 04 00 89 7d f0 c7 45 f4 00
0x6e6854ab:   00 00 00 74 08 8d 4d f0 e8 a8 a6 0c 00 8b 45 0c
0x6e6854bb:   8b 08 8b 51 04 8b 42 40 50 56 e8 26 df 07 00 83
0x6e6854cb:   c4 08 83 7d f4 00 89 45 08 74 08 8d 4d f0 e8 c2 


Register to memory mapping:

EAX=0x00000000 is an unknown value
EBX=0x052731a4 is a global jni handle
ECX=0x00000000 is an unknown value
EDX=0x00000007 is an unknown value
ESP=0x0134d774 is pointing into the stack for thread: 0x02d8c400
EBP=0x0134d790 is pointing into the stack for thread: 0x02d8c400
ESI=0x02d8c530 is an unknown value
EDI=0x02d8c400 is a thread


Stack: [0x01300000,0x01350000],  sp=0x0134d774,  free space=309k
Native frames: (J=compiled Java code, j=interpreted, Vv=VM code, C=native code)
V  [jvm.dll+0xc54bb]
C  [bwapi_bridge2_5.dll+0x1c65a]
C  [bwapi_bridge2_5.dll+0x387be]
J 261  bwapi.Unit.issueCommand_native(JLbwapi/UnitCommand;)Z (0 bytes) @ 0x02e73678 [0x02e735d0+0xa8]
J 184 C1 Base.sendForce(Ljava/util/ArrayList;Lbwapi/Game;Lbwapi/TilePosition;)V (343 bytes) @ 0x02e60608 [0x02e601f0+0x418]
J 178 C1 Base.manageForces(Lbwapi/Game;Lbwapi/TilePosition;)V (418 bytes) @ 0x02e5759c [0x02e56620+0xf7c]
J 107 C1 TestBot1.onFrame()V (722 bytes) @ 0x02e3bd00 [0x02e3ac70+0x1090]
J 152 C1 bwapi.AIModule.onFrame()V (17 bytes) @ 0x02e525c4 [0x02e52590+0x34]
v  ~StubRoutines::call_stub
V  [jvm.dll+0x14234a]
V  [jvm.dll+0x206ebe]
V  [jvm.dll+0x1423cd]
V  [jvm.dll+0xcb5c2]
V  [jvm.dll+0xcf213]
C  [bwapi_bridge2_5.dll+0x1b20d]
C  [bwapi_bridge2_5.dll+0x75101]
j  bwapi.Mirror.startGame()V+0
j  TestBot1.run()V+15
j  TestBot1.main([Ljava/lang/String;)V+7
v  ~StubRoutines::call_stub
V  [jvm.dll+0x14234a]
V  [jvm.dll+0x206ebe]
V  [jvm.dll+0x1423cd]
V  [jvm.dll+0xcb345]
V  [jvm.dll+0xd5ff7]
C  [javaw.exe+0x2070]
C  [javaw.exe+0xa601]
C  [javaw.exe+0xa68b]
C  [KERNEL32.DLL+0x162c4]
C  [ntdll.dll+0x60719]
C  [ntdll.dll+0x606e4]

Java frames: (J=compiled Java code, j=interpreted, Vv=VM code)
J 261  bwapi.Unit.issueCommand_native(JLbwapi/UnitCommand;)Z (0 bytes) @ 0x02e73634 [0x02e735d0+0x64]
J 184 C1 Base.sendForce(Ljava/util/ArrayList;Lbwapi/Game;Lbwapi/TilePosition;)V (343 bytes) @ 0x02e60608 [0x02e601f0+0x418]
J 178 C1 Base.manageForces(Lbwapi/Game;Lbwapi/TilePosition;)V (418 bytes) @ 0x02e5759c [0x02e56620+0xf7c]
J 107 C1 TestBot1.onFrame()V (722 bytes) @ 0x02e3bd00 [0x02e3ac70+0x1090]
J 152 C1 bwapi.AIModule.onFrame()V (17 bytes) @ 0x02e525c4 [0x02e52590+0x34]
v  ~StubRoutines::call_stub
j  bwapi.Mirror.startGame()V+0
j  TestBot1.run()V+15
j  TestBot1.main([Ljava/lang/String;)V+7
v  ~StubRoutines::call_stub

---------------  P R O C E S S  ---------------

Java Threads: ( => current thread )
  0x02b66400 JavaThread "Service Thread" daemon [_thread_blocked, id=21956, stack(0x05190000,0x051e0000)]
  0x02b63c00 JavaThread "C1 CompilerThread0" daemon [_thread_blocked, id=14024, stack(0x05100000,0x05150000)]
  0x02b62400 JavaThread "Attach Listener" daemon [_thread_blocked, id=15372, stack(0x05070000,0x050c0000)]
  0x02b5f000 JavaThread "Signal Dispatcher" daemon [_thread_blocked, id=19068, stack(0x04fe0000,0x05030000)]
  0x02af0c00 JavaThread "Finalizer" daemon [_thread_blocked, id=10844, stack(0x04f50000,0x04fa0000)]
  0x02aef000 JavaThread "Reference Handler" daemon [_thread_blocked, id=11568, stack(0x04ec0000,0x04f10000)]
=>0x02d8c400 JavaThread "main" [_thread_in_vm, id=14172, stack(0x01300000,0x01350000)]

Other Threads:
  0x02aedc00 VMThread [stack: 0x04e30000,0x04e80000] [id=21940]
  0x02b7f000 WatcherThread [stack: 0x05220000,0x05270000] [id=18468]

VM state:not at safepoint (normal execution)

VM Mutex/Monitor currently owned by a thread: None

Heap
 def new generation   total 4928K, used 3404K [0x24c00000, 0x25150000, 0x2a150000)
  eden space 4416K,  73% used [0x24c00000, 0x24f308c0, 0x25050000)
  from space 512K,  26% used [0x25050000, 0x25072870, 0x250d0000)
  to   space 512K,   0% used [0x250d0000, 0x250d0000, 0x25150000)
 tenured generation   total 10944K, used 1047K [0x2a150000, 0x2ac00000, 0x34c00000)
   the space 10944K,   9% used [0x2a150000, 0x2a255f38, 0x2a256000, 0x2ac00000)
 compacting perm gen  total 12288K, used 640K [0x34c00000, 0x35800000, 0x38c00000)
   the space 12288K,   5% used [0x34c00000, 0x34ca0058, 0x34ca0200, 0x35800000)
    ro space 10240K,  42% used [0x38c00000, 0x39036058, 0x39036200, 0x39600000)
    rw space 12288K,  51% used [0x39600000, 0x39c3bdb0, 0x39c3be00, 0x3a200000)

Card table byte_map: [0x02c80000,0x02d30000] byte_map_base: 0x02b5a000

Polling page: 0x01350000

Code Cache  [0x02d90000, 0x02e80000, 0x04d90000)
 total_blobs=419 nmethods=282 adapters=74 free_code_cache=31819Kb largest_free_block=32582784

Compilation events (10 events):
Event: 179.821 Thread 0x02b63c00  277             java.util.HashMap::addEntry (69 bytes)
Event: 179.822 Thread 0x02b63c00 nmethod 277 0x02e7b888 code [0x02e7b9b0, 0x02e7baf4]
Event: 179.822 Thread 0x02b63c00  278             java.util.HashMap::createEntry (39 bytes)
Event: 179.822 Thread 0x02b63c00 nmethod 278 0x02e7bc88 code [0x02e7bd90, 0x02e7bf50]
Event: 180.962 Thread 0x02b63c00  279             bwapi.Position::toString (40 bytes)
Event: 180.962 Thread 0x02b63c00 nmethod 279 0x02e7c0c8 code [0x02e7c210, 0x02e7c468]
Event: 227.143 Thread 0x02b63c00  280             java.util.HashMap::removeEntryForKey (159 bytes)
Event: 227.144 Thread 0x02b63c00 nmethod 280 0x02e7c608 code [0x02e7c740, 0x02e7c9c4]
Event: 328.592 Thread 0x02b63c00  281             java.util.ArrayList::remove (77 bytes)
Event: 328.592 Thread 0x02b63c00 nmethod 281 0x02e7cc48 code [0x02e7cd80, 0x02e7cf24]

GC Heap History (10 events):
Event: 445.250 GC heap before
{Heap before GC invocations=959 (full 0):
 def new generation   total 4928K, used 4563K [0x24c00000, 0x25150000, 0x2a150000)
  eden space 4416K, 100% used [0x24c00000, 0x25050000, 0x25050000)
  from space 512K,  28% used [0x250d0000, 0x250f4e88, 0x25150000)
  to   space 512K,   0% used [0x25050000, 0x25050000, 0x250d0000)
 tenured generation   total 10944K, used 1037K [0x2a150000, 0x2ac00000, 0x34c00000)
   the space 10944K,   9% used [0x2a150000, 0x2a253778, 0x2a253800, 0x2ac00000)
 compacting perm gen  total 12288K, used 640K [0x34c00000, 0x35800000, 0x38c00000)
   the space 12288K,   5% used [0x34c00000, 0x34ca0058, 0x34ca0200, 0x35800000)
    ro space 10240K,  42% used [0x38c00000, 0x39036058, 0x39036200, 0x39600000)
    rw space 12288K,  51% used [0x39600000, 0x39c3bdb0, 0x39c3be00, 0x3a200000)
Event: 445.251 GC heap after
Heap after GC invocations=960 (full 0):
 def new generation   total 4928K, used 143K [0x24c00000, 0x25150000, 0x2a150000)
  eden space 4416K,   0% used [0x24c00000, 0x24c00000, 0x25050000)
  from space 512K,  28% used [0x25050000, 0x25073ee8, 0x250d0000)
  to   space 512K,   0% used [0x250d0000, 0x250d0000, 0x25150000)
 tenured generation   total 10944K, used 1041K [0x2a150000, 0x2ac00000, 0x34c00000)
   the space 10944K,   9% used [0x2a150000, 0x2a2547a0, 0x2a254800, 0x2ac00000)
 compacting perm gen  total 12288K, used 640K [0x34c00000, 0x35800000, 0x38c00000)
   the space 12288K,   5% used [0x34c00000, 0x34ca0058, 0x34ca0200, 0x35800000)
    ro space 10240K,  42% used [0x38c00000, 0x39036058, 0x39036200, 0x39600000)
    rw space 12288K,  51% used [0x39600000, 0x39c3bdb0, 0x39c3be00, 0x3a200000)
}
Event: 445.622 GC heap before
{Heap before GC invocations=960 (full 0):
 def new generation   total 4928K, used 4559K [0x24c00000, 0x25150000, 0x2a150000)
  eden space 4416K, 100% used [0x24c00000, 0x25050000, 0x25050000)
  from space 512K,  28% used [0x25050000, 0x25073ee8, 0x250d0000)
  to   space 512K,   0% used [0x250d0000, 0x250d0000, 0x25150000)
 tenured generation   total 10944K, used 1041K [0x2a150000, 0x2ac00000, 0x34c00000)
   the space 10944K,   9% used [0x2a150000, 0x2a2547a0, 0x2a254800, 0x2ac00000)
 compacting perm gen  total 12288K, used 640K [0x34c00000, 0x35800000, 0x38c00000)
   the space 12288K,   5% used [0x34c00000, 0x34ca0058, 0x34ca0200, 0x35800000)
    ro space 10240K,  42% used [0x38c00000, 0x39036058, 0x39036200, 0x39600000)
    rw space 12288K,  51% used [0x39600000, 0x39c3bdb0, 0x39c3be00, 0x3a200000)
Event: 445.623 GC heap after
Heap after GC invocations=961 (full 0):
 def new generation   total 4928K, used 141K [0x24c00000, 0x25150000, 0x2a150000)
  eden space 4416K,   0% used [0x24c00000, 0x24c00000, 0x25050000)
  from space 512K,  27% used [0x250d0000, 0x250f3538, 0x25150000)
  to   space 512K,   0% used [0x25050000, 0x25050000, 0x250d0000)
 tenured generation   total 10944K, used 1043K [0x2a150000, 0x2ac00000, 0x34c00000)
   the space 10944K,   9% used [0x2a150000, 0x2a254ca8, 0x2a254e00, 0x2ac00000)
 compacting perm gen  total 12288K, used 640K [0x34c00000, 0x35800000, 0x38c00000)
   the space 12288K,   5% used [0x34c00000, 0x34ca0058, 0x34ca0200, 0x35800000)
    ro space 10240K,  42% used [0x38c00000, 0x39036058, 0x39036200, 0x39600000)
    rw space 12288K,  51% used [0x39600000, 0x39c3bdb0, 0x39c3be00, 0x3a200000)
}
Event: 445.987 GC heap before
{Heap before GC invocations=961 (full 0):
 def new generation   total 4928K, used 4557K [0x24c00000, 0x25150000, 0x2a150000)
  eden space 4416K, 100% used [0x24c00000, 0x25050000, 0x25050000)
  from space 512K,  27% used [0x250d0000, 0x250f3538, 0x25150000)
  to   space 512K,   0% used [0x25050000, 0x25050000, 0x250d0000)
 tenured generation   total 10944K, used 1043K [0x2a150000, 0x2ac00000, 0x34c00000)
   the space 10944K,   9% used [0x2a150000, 0x2a254ca8, 0x2a254e00, 0x2ac00000)
 compacting perm gen  total 12288K, used 640K [0x34c00000, 0x35800000, 0x38c00000)
   the space 12288K,   5% used [0x34c00000, 0x34ca0058, 0x34ca0200, 0x35800000)
    ro space 10240K,  42% used [0x38c00000, 0x39036058, 0x39036200, 0x39600000)
    rw space 12288K,  51% used [0x39600000, 0x39c3bdb0, 0x39c3be00, 0x3a200000)
Event: 445.988 GC heap after
Heap after GC invocations=962 (full 0):
 def new generation   total 4928K, used 141K [0x24c00000, 0x25150000, 0x2a150000)
  eden space 4416K,   0% used [0x24c00000, 0x24c00000, 0x25050000)
  from space 512K,  27% used [0x25050000, 0x25073468, 0x250d0000)
  to   space 512K,   0% used [0x250d0000, 0x250d0000, 0x25150000)
 tenured generation   total 10944K, used 1043K [0x2a150000, 0x2ac00000, 0x34c00000)
   the space 10944K,   9% used [0x2a150000, 0x2a254e68, 0x2a255000, 0x2ac00000)
 compacting perm gen  total 12288K, used 640K [0x34c00000, 0x35800000, 0x38c00000)
   the space 12288K,   5% used [0x34c00000, 0x34ca0058, 0x34ca0200, 0x35800000)
    ro space 10240K,  42% used [0x38c00000, 0x39036058, 0x39036200, 0x39600000)
    rw space 12288K,  51% used [0x39600000, 0x39c3bdb0, 0x39c3be00, 0x3a200000)
}
Event: 446.392 GC heap before
{Heap before GC invocations=962 (full 0):
 def new generation   total 4928K, used 4557K [0x24c00000, 0x25150000, 0x2a150000)
  eden space 4416K, 100% used [0x24c00000, 0x25050000, 0x25050000)
  from space 512K,  27% used [0x25050000, 0x25073468, 0x250d0000)
  to   space 512K,   0% used [0x250d0000, 0x250d0000, 0x25150000)
 tenured generation   total 10944K, used 1043K [0x2a150000, 0x2ac00000, 0x34c00000)
   the space 10944K,   9% used [0x2a150000, 0x2a254e68, 0x2a255000, 0x2ac00000)
 compacting perm gen  total 12288K, used 640K [0x34c00000, 0x35800000, 0x38c00000)
   the space 12288K,   5% used [0x34c00000, 0x34ca0058, 0x34ca0200, 0x35800000)
    ro space 10240K,  42% used [0x38c00000, 0x39036058, 0x39036200, 0x39600000)
    rw space 12288K,  51% used [0x39600000, 0x39c3bdb0, 0x39c3be00, 0x3a200000)
Event: 446.393 GC heap after
Heap after GC invocations=963 (full 0):
 def new generation   total 4928K, used 141K [0x24c00000, 0x25150000, 0x2a150000)
  eden space 4416K,   0% used [0x24c00000, 0x24c00000, 0x25050000)
  from space 512K,  27% used [0x250d0000, 0x250f3530, 0x25150000)
  to   space 512K,   0% used [0x25050000, 0x25050000, 0x250d0000)
 tenured generation   total 10944K, used 1045K [0x2a150000, 0x2ac00000, 0x34c00000)
   the space 10944K,   9% used [0x2a150000, 0x2a2555a0, 0x2a255600, 0x2ac00000)
 compacting perm gen  total 12288K, used 640K [0x34c00000, 0x35800000, 0x38c00000)
   the space 12288K,   5% used [0x34c00000, 0x34ca0058, 0x34ca0200, 0x35800000)
    ro space 10240K,  42% used [0x38c00000, 0x39036058, 0x39036200, 0x39600000)
    rw space 12288K,  51% used [0x39600000, 0x39c3bdb0, 0x39c3be00, 0x3a200000)
}
Event: 446.789 GC heap before
{Heap before GC invocations=963 (full 0):
 def new generation   total 4928K, used 4557K [0x24c00000, 0x25150000, 0x2a150000)
  eden space 4416K, 100% used [0x24c00000, 0x25050000, 0x25050000)
  from space 512K,  27% used [0x250d0000, 0x250f3530, 0x25150000)
  to   space 512K,   0% used [0x25050000, 0x25050000, 0x250d0000)
 tenured generation   total 10944K, used 1045K [0x2a150000, 0x2ac00000, 0x34c00000)
   the space 10944K,   9% used [0x2a150000, 0x2a2555a0, 0x2a255600, 0x2ac00000)
 compacting perm gen  total 12288K, used 640K [0x34c00000, 0x35800000, 0x38c00000)
   the space 12288K,   5% used [0x34c00000, 0x34ca0058, 0x34ca0200, 0x35800000)
    ro space 10240K,  42% used [0x38c00000, 0x39036058, 0x39036200, 0x39600000)
    rw space 12288K,  51% used [0x39600000, 0x39c3bdb0, 0x39c3be00, 0x3a200000)
Event: 446.790 GC heap after
Heap after GC invocations=964 (full 0):
 def new generation   total 4928K, used 138K [0x24c00000, 0x25150000, 0x2a150000)
  eden space 4416K,   0% used [0x24c00000, 0x24c00000, 0x25050000)
  from space 512K,  26% used [0x25050000, 0x25072870, 0x250d0000)
  to   space 512K,   0% used [0x250d0000, 0x250d0000, 0x25150000)
 tenured generation   total 10944K, used 1047K [0x2a150000, 0x2ac00000, 0x34c00000)
   the space 10944K,   9% used [0x2a150000, 0x2a255f38, 0x2a256000, 0x2ac00000)
 compacting perm gen  total 12288K, used 640K [0x34c00000, 0x35800000, 0x38c00000)
   the space 12288K,   5% used [0x34c00000, 0x34ca0058, 0x34ca0200, 0x35800000)
    ro space 10240K,  42% used [0x38c00000, 0x39036058, 0x39036200, 0x39600000)
    rw space 12288K,  51% used [0x39600000, 0x39c3bdb0, 0x39c3be00, 0x3a200000)
}

Deoptimization events (0 events):
No events

Internal exceptions (10 events):
Event: 5.335 Thread 0x02d8c400 Threw 0x24d36e70 at C:\re\jdk7u79\2331\hotspot\src\share\vm\prims\jvm.cpp:1304
Event: 5.345 Thread 0x02d8c400 Threw 0x24d83930 at C:\re\jdk7u79\2331\hotspot\src\share\vm\prims\jvm.cpp:1304
Event: 5.346 Thread 0x02d8c400 Threw 0x24d875e8 at C:\re\jdk7u79\2331\hotspot\src\share\vm\prims\jvm.cpp:1304
Event: 5.348 Thread 0x02d8c400 Threw 0x24d96ab0 at C:\re\jdk7u79\2331\hotspot\src\share\vm\prims\jvm.cpp:1304
Event: 5.353 Thread 0x02d8c400 Threw 0x24daeb28 at C:\re\jdk7u79\2331\hotspot\src\share\vm\prims\jvm.cpp:1304
Event: 15.983 Thread 0x02d8c400 Threw 0x24ca87f0 at C:\re\jdk7u79\2331\hotspot\src\share\vm\prims\jvm.cpp:1304
Event: 15.984 Thread 0x02d8c400 Threw 0x24ca9f10 at C:\re\jdk7u79\2331\hotspot\src\share\vm\prims\jvm.cpp:1304
Event: 43.854 Thread 0x02d8c400 Threw 0x24d43888 at C:\re\jdk7u79\2331\hotspot\src\share\vm\prims\jvm.cpp:1304
Event: 91.593 Thread 0x02d8c400 Threw 0x24f34de0 at C:\re\jdk7u79\2331\hotspot\src\share\vm\prims\jvm.cpp:1304
Event: 95.029 Thread 0x02d8c400 Threw 0x24e60928 at C:\re\jdk7u79\2331\hotspot\src\share\vm\prims\jvm.cpp:1304

Events (10 events):
Event: 445.250 Executing VM operation: GenCollectForAllocation
Event: 445.251 Executing VM operation: GenCollectForAllocation done
Event: 445.622 Executing VM operation: GenCollectForAllocation
Event: 445.623 Executing VM operation: GenCollectForAllocation done
Event: 445.987 Executing VM operation: GenCollectForAllocation
Event: 445.988 Executing VM operation: GenCollectForAllocation done
Event: 446.392 Executing VM operation: GenCollectForAllocation
Event: 446.393 Executing VM operation: GenCollectForAllocation done
Event: 446.789 Executing VM operation: GenCollectForAllocation
Event: 446.790 Executing VM operation: GenCollectForAllocation done


Dynamic libraries:
0x01380000 - 0x013af000 	C:\Program Files (x86)\Java\jre7\bin\javaw.exe
0x77370000 - 0x774f2000 	C:\WINDOWS\SYSTEM32\ntdll.dll
0x756d0000 - 0x757b0000 	C:\WINDOWS\System32\KERNEL32.DLL
0x751b0000 - 0x75351000 	C:\WINDOWS\System32\KERNELBASE.dll
0x74aa0000 - 0x74b17000 	C:\WINDOWS\System32\ADVAPI32.dll
0x74bc0000 - 0x74c7e000 	C:\WINDOWS\System32\msvcrt.dll
0x74370000 - 0x743b1000 	C:\WINDOWS\System32\sechost.dll
0x742a0000 - 0x74361000 	C:\WINDOWS\System32\RPCRT4.dll
0x73e30000 - 0x73e4e000 	C:\WINDOWS\System32\SspiCli.dll
0x73e20000 - 0x73e2a000 	C:\WINDOWS\System32\CRYPTBASE.dll
0x75430000 - 0x7548a000 	C:\WINDOWS\System32\bcryptPrimitives.dll
0x743c0000 - 0x7451f000 	C:\WINDOWS\System32\USER32.dll
0x75360000 - 0x75375000 	C:\WINDOWS\System32\win32u.dll
0x75120000 - 0x7514b000 	C:\WINDOWS\System32\GDI32.dll
0x75490000 - 0x755eb000 	C:\WINDOWS\System32\gdi32full.dll
0x71690000 - 0x7189a000 	C:\WINDOWS\WinSxS\x86_microsoft.windows.common-controls_6595b64144ccf1df_6.0.14393.447_none_89c64d28dafea4b9\COMCTL32.dll
0x73ea0000 - 0x740b1000 	C:\WINDOWS\System32\combase.dll
0x74c80000 - 0x74d60000 	C:\WINDOWS\System32\ucrtbase.dll
0x73e70000 - 0x73e95000 	C:\WINDOWS\System32\IMM32.DLL
0x783f0000 - 0x784af000 	C:\Program Files (x86)\Java\jre7\bin\msvcr100.dll
0x6e5c0000 - 0x6e949000 	C:\Program Files (x86)\Java\jre7\bin\client\jvm.dll
0x74520000 - 0x74526000 	C:\WINDOWS\System32\PSAPI.DLL
0x731e0000 - 0x73204000 	C:\WINDOWS\SYSTEM32\WINMM.dll
0x730a0000 - 0x730a8000 	C:\WINDOWS\SYSTEM32\WSOCK32.dll
0x75660000 - 0x756c3000 	C:\WINDOWS\System32\WS2_32.dll
0x731b0000 - 0x731d3000 	C:\WINDOWS\SYSTEM32\WINMMBASE.dll
0x74b20000 - 0x74b56000 	C:\WINDOWS\System32\cfgmgr32.dll
0x60b30000 - 0x60b3c000 	C:\Program Files (x86)\Java\jre7\bin\verify.dll
0x5ae60000 - 0x5ae80000 	C:\Program Files (x86)\Java\jre7\bin\java.dll
0x5ad50000 - 0x5ad63000 	C:\Program Files (x86)\Java\jre7\bin\zip.dll
0x0f430000 - 0x0f6b6000 	C:\Users\amanz360\Documents\GitHub\MoleAI\ExampleBot\bwapi_bridge2_5.dll
0x537e0000 - 0x53851000 	C:\WINDOWS\SYSTEM32\MSVCP120.dll
0x6acc0000 - 0x6ad27000 	C:\Users\amanz360\Documents\GitHub\MoleAI\ExampleBot\libgmp-10.dll
0x6f540000 - 0x6f59e000 	C:\Users\amanz360\Documents\GitHub\MoleAI\ExampleBot\libmpfr-4.dll
0x73d30000 - 0x73e1e000 	C:\WINDOWS\SYSTEM32\MSVCR120.dll
0x72f00000 - 0x73045000 	C:\WINDOWS\SYSTEM32\dbghelp.dll

VM Arguments:
jvm_args: -Dfile.encoding=Cp1252 
java_command: TestBot1
Launcher Type: SUN_STANDARD

Environment Variables:
PATH=C:/Program Files (x86)/Java/jre7/bin/client;C:/Program Files (x86)/Java/jre7/bin;C:/Program Files (x86)/Java/jre7/lib/i386;C:\gurobi701\win64\bin;C:\Program Files (x86)\NVIDIA Corporation\PhysX\Common;C:\Program Files\Java\jdk1.8.0_45\bin;C:\ProgramData\Oracle\Java\javapath;c:\Program Files (x86)\Intel\iCLS Client\;c:\Program Files\Intel\iCLS Client\;C:\WINDOWS\system32;C:\WINDOWS;C:\WINDOWS\System32\Wbem;C:\WINDOWS\System32\WindowsPowerShell\v1.0\;C:\Program Files\Intel\WiFi\bin\;C:\Program Files\Common Files\Intel\WirelessCommon\;C:\Program Files\Mozart\bin;C:\Program Files\Microsoft SQL Server\110\Tools\Binn\;C:\Program Files (x86)\Skype\Phone\;C:\Program Files (x86)\Intel\Intel(R) Management Engine Components\DAL;C:\Program Files\Intel\Intel(R) Management Engine Components\DAL;C:\Program Files (x86)\Intel\Intel(R) Management Engine Components\IPT;C:\Program Files\Intel\Intel(R) Management Engine Components\IPT;C:\Go\bin;C:\WINDOWS\system32\config\systemprofile\.dnx\bin;C:\Program Files\Microsoft DNX\Dnvm\;C:\Program Files\Microsoft SQL Server\130\Tools\Binn\;C:\Program Files (x86)\Windows Kits\8.1\Windows Performance Toolkit\;c:\Program Files (x86)\Microsoft SQL Server\100\Tools\Binn\;c:\Program Files\Microsoft SQL Server\100\Tools\Binn\;c:\Program Files\Microsoft SQL Server\100\DTS\Binn\;C:\Users\amanz360\Anaconda3;C:\Users\amanz360\Anaconda3\Scripts;C:\Users\amanz360\Anaconda3\Library\bin;C:\Users\amanz360\AppData\Local\Microsoft\WindowsApps;;C:\Users\amanz360\Downloads\eclipse-java-mars-2-win32\eclipse;
USERNAME=amanz360
OS=Windows_NT
PROCESSOR_IDENTIFIER=Intel64 Family 6 Model 69 Stepping 1, GenuineIntel



---------------  S Y S T E M  ---------------

OS: Windows 8.1 , 64 bit Build 9600 

CPU:total 4 (2 cores per cpu, 2 threads per core) family 6 model 69 stepping 1, cmov, cx8, fxsr, mmx, sse, sse2, sse3, ssse3, sse4.1, sse4.2, popcnt, avx, avx2, aes, erms, ht, tsc, tscinvbit

Memory: 4k page, physical 6187596k(2555992k free), swap 11083292k(4300212k free)

vm_info: Java HotSpot(TM) Client VM (24.79-b02) for windows-x86 JRE (1.7.0_79-b15), built on Apr 10 2015 16:49:13 by "java_re" with unknown MS VC++:1600

time: Thu Dec 08 01:25:07 2016
elapsed time: 447 seconds

