#
# A fatal error has been detected by the Java Runtime Environment:
#
#  EXCEPTION_ACCESS_VIOLATION (0xc0000005) at pc=0x6dd554bb, pid=15972, tid=23616
#
# JRE version: Java(TM) SE Runtime Environment (7.0_79-b15) (build 1.7.0_79-b15)
# Java VM: Java HotSpot(TM) Client VM (24.79-b02 mixed mode, sharing windows-x86 )
# Problematic frame:
# V  [jvm.dll+0xc54bb]
#
# Failed to write core dump. Minidumps are not enabled by default on client versions of Windows
#
# If you would like to submit a bug report, please visit:
#   http://bugreport.java.com/bugreport/crash.jsp
#

---------------  T H R E A D  ---------------

Current thread (0x0098c400):  JavaThread "main" [_thread_in_vm, id=23616, stack(0x006a0000,0x006f0000)]

siginfo: ExceptionCode=0xc0000005, reading address 0x00000000

Registers:
EAX=0x00000000, EBX=0x04727470, ECX=0x00000000, EDX=0x00000007
ESP=0x006edbe4, EBP=0x006edc00, ESI=0x0098c530, EDI=0x0098c400
EIP=0x6dd554bb, EFLAGS=0x00010246

Top of Stack: (sp=0x006edbe4)
0x006edbe4:   006edd30 00000000 04727470 0098c400
0x006edbf4:   00000000 00000000 04727470 006edc84
0x006edc04:   0fffc65a 0098c530 00000000 6e696f70
0x006edc14:   00726574 006edc84 0fffc61e 00000007
0x006edc24:   0000000f 624c004a 69706177 696e552f
0x006edc34:   00003b74 00000001 0000000f c5d712e8
0x006edc44:   0098c400 06da7778 34c46370 00000000
0x006edc54:   006edce8 100266bf 0098c530 006edc28 

Instructions: (pc=0x6dd554bb)
0x6dd5549b:   f3 ff 83 c4 08 83 7f 04 00 89 7d f0 c7 45 f4 00
0x6dd554ab:   00 00 00 74 08 8d 4d f0 e8 a8 a6 0c 00 8b 45 0c
0x6dd554bb:   8b 08 8b 51 04 8b 42 40 50 56 e8 26 df 07 00 83
0x6dd554cb:   c4 08 83 7d f4 00 89 45 08 74 08 8d 4d f0 e8 c2 


Register to memory mapping:

EAX=0x00000000 is an unknown value
EBX=0x04727470 is a global jni handle
ECX=0x00000000 is an unknown value
EDX=0x00000007 is an unknown value
ESP=0x006edbe4 is pointing into the stack for thread: 0x0098c400
EBP=0x006edc00 is pointing into the stack for thread: 0x0098c400
ESI=0x0098c530 is an unknown value
EDI=0x0098c400 is a thread


Stack: [0x006a0000,0x006f0000],  sp=0x006edbe4,  free space=310k
Native frames: (J=compiled Java code, j=interpreted, Vv=VM code, C=native code)
V  [jvm.dll+0xc54bb]
C  [bwapi_bridge2_5.dll+0x1c65a]
C  [bwapi_bridge2_5.dll+0x387be]
j  bwapi.Unit.issueCommand_native(JLbwapi/UnitCommand;)Z+0
J 209 C1 Base.sendForce(Ljava/util/ArrayList;Lbwapi/Game;Lbwapi/TilePosition;)V (343 bytes) @ 0x022aa108 [0x022a9cf0+0x418]
J 208 C1 Base.manageForces(Lbwapi/Game;Lbwapi/TilePosition;)V (418 bytes) @ 0x022a775c [0x022a67e0+0xf7c]
J 112 C1 TestBot1.onFrame()V (760 bytes) @ 0x0227cd40 [0x0227ba00+0x1340]
J 192 C1 bwapi.AIModule.onFrame()V (17 bytes) @ 0x0229e244 [0x0229e210+0x34]
v  ~StubRoutines::call_stub
V  [jvm.dll+0x14234a]
V  [jvm.dll+0x206ebe]
V  [jvm.dll+0x1423cd]
V  [jvm.dll+0xcb5c2]
V  [jvm.dll+0xcf213]
C  [bwapi_bridge2_5.dll+0x1b20d]
C  [bwapi_bridge2_5.dll+0x75101]
j  bwapi.Mirror.startGame()V+0
j  TestBot1.run()V+15
j  TestBot1.main([Ljava/lang/String;)V+7
v  ~StubRoutines::call_stub
V  [jvm.dll+0x14234a]
V  [jvm.dll+0x206ebe]
V  [jvm.dll+0x1423cd]
V  [jvm.dll+0xcb345]
V  [jvm.dll+0xd5ff7]
C  [javaw.exe+0x2070]
C  [javaw.exe+0xa601]
C  [javaw.exe+0xa68b]
C  [KERNEL32.DLL+0x162c4]
C  [ntdll.dll+0x60719]
C  [ntdll.dll+0x606e4]

Java frames: (J=compiled Java code, j=interpreted, Vv=VM code)
j  bwapi.Unit.issueCommand_native(JLbwapi/UnitCommand;)Z+0
J 209 C1 Base.sendForce(Ljava/util/ArrayList;Lbwapi/Game;Lbwapi/TilePosition;)V (343 bytes) @ 0x022aa108 [0x022a9cf0+0x418]
J 208 C1 Base.manageForces(Lbwapi/Game;Lbwapi/TilePosition;)V (418 bytes) @ 0x022a775c [0x022a67e0+0xf7c]
J 112 C1 TestBot1.onFrame()V (760 bytes) @ 0x0227cd40 [0x0227ba00+0x1340]
J 192 C1 bwapi.AIModule.onFrame()V (17 bytes) @ 0x0229e244 [0x0229e210+0x34]
v  ~StubRoutines::call_stub
j  bwapi.Mirror.startGame()V+0
j  TestBot1.run()V+15
j  TestBot1.main([Ljava/lang/String;)V+7
v  ~StubRoutines::call_stub

---------------  P R O C E S S  ---------------

Java Threads: ( => current thread )
  0x008e8c00 JavaThread "Service Thread" daemon [_thread_blocked, id=19504, stack(0x04640000,0x04690000)]
  0x008e3c00 JavaThread "C1 CompilerThread0" daemon [_thread_blocked, id=24636, stack(0x045b0000,0x04600000)]
  0x008e2400 JavaThread "Attach Listener" daemon [_thread_blocked, id=228, stack(0x04520000,0x04570000)]
  0x008df000 JavaThread "Signal Dispatcher" daemon [_thread_blocked, id=24228, stack(0x04490000,0x044e0000)]
  0x00870c00 JavaThread "Finalizer" daemon [_thread_blocked, id=23448, stack(0x04400000,0x04450000)]
  0x0086f000 JavaThread "Reference Handler" daemon [_thread_blocked, id=24988, stack(0x04370000,0x043c0000)]
=>0x0098c400 JavaThread "main" [_thread_in_vm, id=23616, stack(0x006a0000,0x006f0000)]

Other Threads:
  0x0086dc00 VMThread [stack: 0x042e0000,0x04330000] [id=22628]
  0x008f8c00 WatcherThread [stack: 0x046d0000,0x04720000] [id=5248]

VM state:not at safepoint (normal execution)

VM Mutex/Monitor currently owned by a thread: None

Heap
 def new generation   total 4928K, used 3413K [0x24c00000, 0x25150000, 0x2a150000)
  eden space 4416K,  76% used [0x24c00000, 0x24f513d8, 0x25050000)
  from space 512K,   3% used [0x250d0000, 0x250d40c8, 0x25150000)
  to   space 512K,   0% used [0x25050000, 0x25050000, 0x250d0000)
 tenured generation   total 10944K, used 383K [0x2a150000, 0x2ac00000, 0x34c00000)
   the space 10944K,   3% used [0x2a150000, 0x2a1aff90, 0x2a1b0000, 0x2ac00000)
 compacting perm gen  total 12288K, used 639K [0x34c00000, 0x35800000, 0x38c00000)
   the space 12288K,   5% used [0x34c00000, 0x34c9ff60, 0x34ca0000, 0x35800000)
    ro space 10240K,  42% used [0x38c00000, 0x39036058, 0x39036200, 0x39600000)
    rw space 12288K,  51% used [0x39600000, 0x39c3bdb0, 0x39c3be00, 0x3a200000)

Card table byte_map: [0x041d0000,0x04280000] byte_map_base: 0x040aa000

Polling page: 0x006f0000

Code Cache  [0x021d0000, 0x022c0000, 0x041d0000)
 total_blobs=422 nmethods=285 adapters=74 free_code_cache=31812Kb largest_free_block=32576000

Compilation events (10 events):
Event: 105.209 Thread 0x008e3c00  275             bwta.Chokepoint::get (53 bytes)
Event: 105.210 Thread 0x008e3c00 nmethod 275 0x022b73c8 code [0x022b7500, 0x022b76b0]
Event: 105.210 Thread 0x008e3c00  276             bwapi.AbstractPoint::getX (8 bytes)
Event: 105.210 Thread 0x008e3c00 nmethod 276 0x022b77c8 code [0x022b78e0, 0x022b7988]
Event: 105.210 Thread 0x008e3c00  277             bwapi.AbstractPoint::getY (8 bytes)
Event: 105.210 Thread 0x008e3c00 nmethod 277 0x022b7a08 code [0x022b7b20, 0x022b7bc8]
Event: 108.464 Thread 0x008e3c00  283             java.lang.AbstractStringBuilder::append (191 bytes)
Event: 108.465 Thread 0x008e3c00 nmethod 283 0x022b8a08 code [0x022b8b30, 0x022b8d88]
Event: 160.005 Thread 0x008e3c00  285             TestBot1::onUnitCreate (686 bytes)
Event: 160.010 Thread 0x008e3c00 nmethod 285 0x022b92c8 code [0x022b98e0, 0x022bbcb0]

GC Heap History (10 events):
Event: 190.662 GC heap before
{Heap before GC invocations=266 (full 0):
 def new generation   total 4928K, used 4433K [0x24c00000, 0x25150000, 0x2a150000)
  eden space 4416K, 100% used [0x24c00000, 0x25050000, 0x25050000)
  from space 512K,   3% used [0x25050000, 0x25054440, 0x250d0000)
  to   space 512K,   0% used [0x250d0000, 0x250d0000, 0x25150000)
 tenured generation   total 10944K, used 379K [0x2a150000, 0x2ac00000, 0x34c00000)
   the space 10944K,   3% used [0x2a150000, 0x2a1aefb8, 0x2a1af000, 0x2ac00000)
 compacting perm gen  total 12288K, used 639K [0x34c00000, 0x35800000, 0x38c00000)
   the space 12288K,   5% used [0x34c00000, 0x34c9ff60, 0x34ca0000, 0x35800000)
    ro space 10240K,  42% used [0x38c00000, 0x39036058, 0x39036200, 0x39600000)
    rw space 12288K,  51% used [0x39600000, 0x39c3bdb0, 0x39c3be00, 0x3a200000)
Event: 190.663 GC heap after
Heap after GC invocations=267 (full 0):
 def new generation   total 4928K, used 16K [0x24c00000, 0x25150000, 0x2a150000)
  eden space 4416K,   0% used [0x24c00000, 0x24c00000, 0x25050000)
  from space 512K,   3% used [0x250d0000, 0x250d4280, 0x25150000)
  to   space 512K,   0% used [0x25050000, 0x25050000, 0x250d0000)
 tenured generation   total 10944K, used 380K [0x2a150000, 0x2ac00000, 0x34c00000)
   the space 10944K,   3% used [0x2a150000, 0x2a1af238, 0x2a1af400, 0x2ac00000)
 compacting perm gen  total 12288K, used 639K [0x34c00000, 0x35800000, 0x38c00000)
   the space 12288K,   5% used [0x34c00000, 0x34c9ff60, 0x34ca0000, 0x35800000)
    ro space 10240K,  42% used [0x38c00000, 0x39036058, 0x39036200, 0x39600000)
    rw space 12288K,  51% used [0x39600000, 0x39c3bdb0, 0x39c3be00, 0x3a200000)
}
Event: 191.213 GC heap before
{Heap before GC invocations=267 (full 0):
 def new generation   total 4928K, used 4432K [0x24c00000, 0x25150000, 0x2a150000)
  eden space 4416K, 100% used [0x24c00000, 0x25050000, 0x25050000)
  from space 512K,   3% used [0x250d0000, 0x250d4280, 0x25150000)
  to   space 512K,   0% used [0x25050000, 0x25050000, 0x250d0000)
 tenured generation   total 10944K, used 380K [0x2a150000, 0x2ac00000, 0x34c00000)
   the space 10944K,   3% used [0x2a150000, 0x2a1af238, 0x2a1af400, 0x2ac00000)
 compacting perm gen  total 12288K, used 639K [0x34c00000, 0x35800000, 0x38c00000)
   the space 12288K,   5% used [0x34c00000, 0x34c9ff60, 0x34ca0000, 0x35800000)
    ro space 10240K,  42% used [0x38c00000, 0x39036058, 0x39036200, 0x39600000)
    rw space 12288K,  51% used [0x39600000, 0x39c3bdb0, 0x39c3be00, 0x3a200000)
Event: 191.214 GC heap after
Heap after GC invocations=268 (full 0):
 def new generation   total 4928K, used 17K [0x24c00000, 0x25150000, 0x2a150000)
  eden space 4416K,   0% used [0x24c00000, 0x24c00000, 0x25050000)
  from space 512K,   3% used [0x25050000, 0x25054538, 0x250d0000)
  to   space 512K,   0% used [0x250d0000, 0x250d0000, 0x25150000)
 tenured generation   total 10944K, used 381K [0x2a150000, 0x2ac00000, 0x34c00000)
   the space 10944K,   3% used [0x2a150000, 0x2a1af430, 0x2a1af600, 0x2ac00000)
 compacting perm gen  total 12288K, used 639K [0x34c00000, 0x35800000, 0x38c00000)
   the space 12288K,   5% used [0x34c00000, 0x34c9ff60, 0x34ca0000, 0x35800000)
    ro space 10240K,  42% used [0x38c00000, 0x39036058, 0x39036200, 0x39600000)
    rw space 12288K,  51% used [0x39600000, 0x39c3bdb0, 0x39c3be00, 0x3a200000)
}
Event: 191.763 GC heap before
{Heap before GC invocations=268 (full 0):
 def new generation   total 4928K, used 4433K [0x24c00000, 0x25150000, 0x2a150000)
  eden space 4416K, 100% used [0x24c00000, 0x25050000, 0x25050000)
  from space 512K,   3% used [0x25050000, 0x25054538, 0x250d0000)
  to   space 512K,   0% used [0x250d0000, 0x250d0000, 0x25150000)
 tenured generation   total 10944K, used 381K [0x2a150000, 0x2ac00000, 0x34c00000)
   the space 10944K,   3% used [0x2a150000, 0x2a1af430, 0x2a1af600, 0x2ac00000)
 compacting perm gen  total 12288K, used 639K [0x34c00000, 0x35800000, 0x38c00000)
   the space 12288K,   5% used [0x34c00000, 0x34c9ff60, 0x34ca0000, 0x35800000)
    ro space 10240K,  42% used [0x38c00000, 0x39036058, 0x39036200, 0x39600000)
    rw space 12288K,  51% used [0x39600000, 0x39c3bdb0, 0x39c3be00, 0x3a200000)
Event: 191.764 GC heap after
Heap after GC invocations=269 (full 0):
 def new generation   total 4928K, used 17K [0x24c00000, 0x25150000, 0x2a150000)
  eden space 4416K,   0% used [0x24c00000, 0x24c00000, 0x25050000)
  from space 512K,   3% used [0x250d0000, 0x250d4760, 0x25150000)
  to   space 512K,   0% used [0x25050000, 0x25050000, 0x250d0000)
 tenured generation   total 10944K, used 381K [0x2a150000, 0x2ac00000, 0x34c00000)
   the space 10944K,   3% used [0x2a150000, 0x2a1af7f8, 0x2a1af800, 0x2ac00000)
 compacting perm gen  total 12288K, used 639K [0x34c00000, 0x35800000, 0x38c00000)
   the space 12288K,   5% used [0x34c00000, 0x34c9ff60, 0x34ca0000, 0x35800000)
    ro space 10240K,  42% used [0x38c00000, 0x39036058, 0x39036200, 0x39600000)
    rw space 12288K,  51% used [0x39600000, 0x39c3bdb0, 0x39c3be00, 0x3a200000)
}
Event: 192.326 GC heap before
{Heap before GC invocations=269 (full 0):
 def new generation   total 4928K, used 4433K [0x24c00000, 0x25150000, 0x2a150000)
  eden space 4416K, 100% used [0x24c00000, 0x25050000, 0x25050000)
  from space 512K,   3% used [0x250d0000, 0x250d4760, 0x25150000)
  to   space 512K,   0% used [0x25050000, 0x25050000, 0x250d0000)
 tenured generation   total 10944K, used 381K [0x2a150000, 0x2ac00000, 0x34c00000)
   the space 10944K,   3% used [0x2a150000, 0x2a1af7f8, 0x2a1af800, 0x2ac00000)
 compacting perm gen  total 12288K, used 639K [0x34c00000, 0x35800000, 0x38c00000)
   the space 12288K,   5% used [0x34c00000, 0x34c9ff60, 0x34ca0000, 0x35800000)
    ro space 10240K,  42% used [0x38c00000, 0x39036058, 0x39036200, 0x39600000)
    rw space 12288K,  51% used [0x39600000, 0x39c3bdb0, 0x39c3be00, 0x3a200000)
Event: 192.326 GC heap after
Heap after GC invocations=270 (full 0):
 def new generation   total 4928K, used 17K [0x24c00000, 0x25150000, 0x2a150000)
  eden space 4416K,   0% used [0x24c00000, 0x24c00000, 0x25050000)
  from space 512K,   3% used [0x25050000, 0x25054648, 0x250d0000)
  to   space 512K,   0% used [0x250d0000, 0x250d0000, 0x25150000)
 tenured generation   total 10944K, used 382K [0x2a150000, 0x2ac00000, 0x34c00000)
   the space 10944K,   3% used [0x2a150000, 0x2a1afa28, 0x2a1afc00, 0x2ac00000)
 compacting perm gen  total 12288K, used 639K [0x34c00000, 0x35800000, 0x38c00000)
   the space 12288K,   5% used [0x34c00000, 0x34c9ff60, 0x34ca0000, 0x35800000)
    ro space 10240K,  42% used [0x38c00000, 0x39036058, 0x39036200, 0x39600000)
    rw space 12288K,  51% used [0x39600000, 0x39c3bdb0, 0x39c3be00, 0x3a200000)
}
Event: 192.885 GC heap before
{Heap before GC invocations=270 (full 0):
 def new generation   total 4928K, used 4433K [0x24c00000, 0x25150000, 0x2a150000)
  eden space 4416K, 100% used [0x24c00000, 0x25050000, 0x25050000)
  from space 512K,   3% used [0x25050000, 0x25054648, 0x250d0000)
  to   space 512K,   0% used [0x250d0000, 0x250d0000, 0x25150000)
 tenured generation   total 10944K, used 382K [0x2a150000, 0x2ac00000, 0x34c00000)
   the space 10944K,   3% used [0x2a150000, 0x2a1afa28, 0x2a1afc00, 0x2ac00000)
 compacting perm gen  total 12288K, used 639K [0x34c00000, 0x35800000, 0x38c00000)
   the space 12288K,   5% used [0x34c00000, 0x34c9ff60, 0x34ca0000, 0x35800000)
    ro space 10240K,  42% used [0x38c00000, 0x39036058, 0x39036200, 0x39600000)
    rw space 12288K,  51% used [0x39600000, 0x39c3bdb0, 0x39c3be00, 0x3a200000)
Event: 192.885 GC heap after
Heap after GC invocations=271 (full 0):
 def new generation   total 4928K, used 16K [0x24c00000, 0x25150000, 0x2a150000)
  eden space 4416K,   0% used [0x24c00000, 0x24c00000, 0x25050000)
  from space 512K,   3% used [0x250d0000, 0x250d40c8, 0x25150000)
  to   space 512K,   0% used [0x25050000, 0x25050000, 0x250d0000)
 tenured generation   total 10944K, used 383K [0x2a150000, 0x2ac00000, 0x34c00000)
   the space 10944K,   3% used [0x2a150000, 0x2a1aff90, 0x2a1b0000, 0x2ac00000)
 compacting perm gen  total 12288K, used 639K [0x34c00000, 0x35800000, 0x38c00000)
   the space 12288K,   5% used [0x34c00000, 0x34c9ff60, 0x34ca0000, 0x35800000)
    ro space 10240K,  42% used [0x38c00000, 0x39036058, 0x39036200, 0x39600000)
    rw space 12288K,  51% used [0x39600000, 0x39c3bdb0, 0x39c3be00, 0x3a200000)
}

Deoptimization events (0 events):
No events

Internal exceptions (10 events):
Event: 6.679 Thread 0x0098c400 Threw 0x24d36848 at C:\re\jdk7u79\2331\hotspot\src\share\vm\prims\jvm.cpp:1304
Event: 6.690 Thread 0x0098c400 Threw 0x24d83308 at C:\re\jdk7u79\2331\hotspot\src\share\vm\prims\jvm.cpp:1304
Event: 6.691 Thread 0x0098c400 Threw 0x24d8e820 at C:\re\jdk7u79\2331\hotspot\src\share\vm\prims\jvm.cpp:1304
Event: 6.693 Thread 0x0098c400 Threw 0x24d96ee8 at C:\re\jdk7u79\2331\hotspot\src\share\vm\prims\jvm.cpp:1304
Event: 6.698 Thread 0x0098c400 Threw 0x24dae3f8 at C:\re\jdk7u79\2331\hotspot\src\share\vm\prims\jvm.cpp:1304
Event: 16.590 Thread 0x0098c400 Threw 0x24f3bc40 at C:\re\jdk7u79\2331\hotspot\src\share\vm\prims\jvm.cpp:1304
Event: 16.591 Thread 0x0098c400 Threw 0x24f3d360 at C:\re\jdk7u79\2331\hotspot\src\share\vm\prims\jvm.cpp:1304
Event: 48.824 Thread 0x0098c400 Threw 0x24f101e8 at C:\re\jdk7u79\2331\hotspot\src\share\vm\prims\jvm.cpp:1304
Event: 90.891 Thread 0x0098c400 Threw 0x24dad4c8 at C:\re\jdk7u79\2331\hotspot\src\share\vm\prims\jvm.cpp:1304
Event: 91.391 Thread 0x0098c400 Threw 0x24c76ae0 at C:\re\jdk7u79\2331\hotspot\src\share\vm\prims\jvm.cpp:1304

Events (10 events):
Event: 190.662 Executing VM operation: GenCollectForAllocation
Event: 190.663 Executing VM operation: GenCollectForAllocation done
Event: 191.213 Executing VM operation: GenCollectForAllocation
Event: 191.214 Executing VM operation: GenCollectForAllocation done
Event: 191.763 Executing VM operation: GenCollectForAllocation
Event: 191.764 Executing VM operation: GenCollectForAllocation done
Event: 192.326 Executing VM operation: GenCollectForAllocation
Event: 192.326 Executing VM operation: GenCollectForAllocation done
Event: 192.885 Executing VM operation: GenCollectForAllocation
Event: 192.885 Executing VM operation: GenCollectForAllocation done


Dynamic libraries:
0x00da0000 - 0x00dcf000 	C:\Program Files (x86)\Java\jre7\bin\javaw.exe
0x77370000 - 0x774f2000 	C:\WINDOWS\SYSTEM32\ntdll.dll
0x756d0000 - 0x757b0000 	C:\WINDOWS\System32\KERNEL32.DLL
0x751b0000 - 0x75351000 	C:\WINDOWS\System32\KERNELBASE.dll
0x74aa0000 - 0x74b17000 	C:\WINDOWS\System32\ADVAPI32.dll
0x74bc0000 - 0x74c7e000 	C:\WINDOWS\System32\msvcrt.dll
0x74370000 - 0x743b1000 	C:\WINDOWS\System32\sechost.dll
0x742a0000 - 0x74361000 	C:\WINDOWS\System32\RPCRT4.dll
0x73e30000 - 0x73e4e000 	C:\WINDOWS\System32\SspiCli.dll
0x73e20000 - 0x73e2a000 	C:\WINDOWS\System32\CRYPTBASE.dll
0x75430000 - 0x7548a000 	C:\WINDOWS\System32\bcryptPrimitives.dll
0x743c0000 - 0x7451f000 	C:\WINDOWS\System32\USER32.dll
0x75360000 - 0x75375000 	C:\WINDOWS\System32\win32u.dll
0x75120000 - 0x7514b000 	C:\WINDOWS\System32\GDI32.dll
0x75490000 - 0x755eb000 	C:\WINDOWS\System32\gdi32full.dll
0x71690000 - 0x7189a000 	C:\WINDOWS\WinSxS\x86_microsoft.windows.common-controls_6595b64144ccf1df_6.0.14393.447_none_89c64d28dafea4b9\COMCTL32.dll
0x73ea0000 - 0x740b1000 	C:\WINDOWS\System32\combase.dll
0x74c80000 - 0x74d60000 	C:\WINDOWS\System32\ucrtbase.dll
0x73e70000 - 0x73e95000 	C:\WINDOWS\System32\IMM32.DLL
0x786b0000 - 0x7876f000 	C:\Program Files (x86)\Java\jre7\bin\msvcr100.dll
0x6dc90000 - 0x6e019000 	C:\Program Files (x86)\Java\jre7\bin\client\jvm.dll
0x74520000 - 0x74526000 	C:\WINDOWS\System32\PSAPI.DLL
0x731e0000 - 0x73204000 	C:\WINDOWS\SYSTEM32\WINMM.dll
0x730a0000 - 0x730a8000 	C:\WINDOWS\SYSTEM32\WSOCK32.dll
0x75660000 - 0x756c3000 	C:\WINDOWS\System32\WS2_32.dll
0x731b0000 - 0x731d3000 	C:\WINDOWS\SYSTEM32\WINMMBASE.dll
0x74b20000 - 0x74b56000 	C:\WINDOWS\System32\cfgmgr32.dll
0x5a930000 - 0x5a93c000 	C:\Program Files (x86)\Java\jre7\bin\verify.dll
0x6ceb0000 - 0x6ced0000 	C:\Program Files (x86)\Java\jre7\bin\java.dll
0x6e360000 - 0x6e373000 	C:\Program Files (x86)\Java\jre7\bin\zip.dll
0x0ffe0000 - 0x10266000 	C:\Users\amanz360\Documents\GitHub\MoleAI\ExampleBot\bwapi_bridge2_5.dll
0x6acc0000 - 0x6ad27000 	C:\Users\amanz360\Documents\GitHub\MoleAI\ExampleBot\libgmp-10.dll
0x537e0000 - 0x53851000 	C:\WINDOWS\SYSTEM32\MSVCP120.dll
0x6f540000 - 0x6f59e000 	C:\Users\amanz360\Documents\GitHub\MoleAI\ExampleBot\libmpfr-4.dll
0x73d30000 - 0x73e1e000 	C:\WINDOWS\SYSTEM32\MSVCR120.dll
0x72f00000 - 0x73045000 	C:\WINDOWS\SYSTEM32\dbghelp.dll

VM Arguments:
jvm_args: -Dfile.encoding=Cp1252 
java_command: TestBot1
Launcher Type: SUN_STANDARD

Environment Variables:
PATH=C:/Program Files (x86)/Java/jre7/bin/client;C:/Program Files (x86)/Java/jre7/bin;C:/Program Files (x86)/Java/jre7/lib/i386;C:\gurobi701\win64\bin;C:\Program Files (x86)\NVIDIA Corporation\PhysX\Common;C:\Program Files\Java\jdk1.8.0_45\bin;C:\ProgramData\Oracle\Java\javapath;c:\Program Files (x86)\Intel\iCLS Client\;c:\Program Files\Intel\iCLS Client\;C:\WINDOWS\system32;C:\WINDOWS;C:\WINDOWS\System32\Wbem;C:\WINDOWS\System32\WindowsPowerShell\v1.0\;C:\Program Files\Intel\WiFi\bin\;C:\Program Files\Common Files\Intel\WirelessCommon\;C:\Program Files\Mozart\bin;C:\Program Files\Microsoft SQL Server\110\Tools\Binn\;C:\Program Files (x86)\Skype\Phone\;C:\Program Files (x86)\Intel\Intel(R) Management Engine Components\DAL;C:\Program Files\Intel\Intel(R) Management Engine Components\DAL;C:\Program Files (x86)\Intel\Intel(R) Management Engine Components\IPT;C:\Program Files\Intel\Intel(R) Management Engine Components\IPT;C:\Go\bin;C:\WINDOWS\system32\config\systemprofile\.dnx\bin;C:\Program Files\Microsoft DNX\Dnvm\;C:\Program Files\Microsoft SQL Server\130\Tools\Binn\;C:\Program Files (x86)\Windows Kits\8.1\Windows Performance Toolkit\;c:\Program Files (x86)\Microsoft SQL Server\100\Tools\Binn\;c:\Program Files\Microsoft SQL Server\100\Tools\Binn\;c:\Program Files\Microsoft SQL Server\100\DTS\Binn\;C:\Users\amanz360\Anaconda3;C:\Users\amanz360\Anaconda3\Scripts;C:\Users\amanz360\Anaconda3\Library\bin;C:\Users\amanz360\AppData\Local\Microsoft\WindowsApps;;C:\Users\amanz360\Downloads\eclipse-java-mars-2-win32\eclipse;
USERNAME=amanz360
OS=Windows_NT
PROCESSOR_IDENTIFIER=Intel64 Family 6 Model 69 Stepping 1, GenuineIntel



---------------  S Y S T E M  ---------------

OS: Windows 8.1 , 64 bit Build 9600 

CPU:total 4 (2 cores per cpu, 2 threads per core) family 6 model 69 stepping 1, cmov, cx8, fxsr, mmx, sse, sse2, sse3, ssse3, sse4.1, sse4.2, popcnt, avx, avx2, aes, erms, ht, tsc, tscinvbit

Memory: 4k page, physical 6187596k(2964588k free), swap 11083292k(5085680k free)

vm_info: Java HotSpot(TM) Client VM (24.79-b02) for windows-x86 JRE (1.7.0_79-b15), built on Apr 10 2015 16:49:13 by "java_re" with unknown MS VC++:1600

time: Thu Dec 08 16:29:05 2016
elapsed time: 193 seconds

