#
# A fatal error has been detected by the Java Runtime Environment:
#
#  EXCEPTION_ACCESS_VIOLATION (0xc0000005) at pc=0x6ed86cdb, pid=8372, tid=0x000025dc
#
# JRE version: Java(TM) SE Runtime Environment (8.0_121-b13) (build 1.8.0_121-b13)
# Java VM: Java HotSpot(TM) Client VM (25.121-b13 mixed mode, sharing windows-x86 )
# Problematic frame:
# V  [jvm.dll+0xd6cdb]
#
# Failed to write core dump. Minidumps are not enabled by default on client versions of Windows
#
# If you would like to submit a bug report, please visit:
#   http://bugreport.java.com/bugreport/crash.jsp
#

---------------  T H R E A D  ---------------

Current thread (0x0273c000):  JavaThread "main" [_thread_in_vm, id=9692, stack(0x00d40000,0x00d90000)]

siginfo: ExceptionCode=0xc0000005, reading address 0x00000000

Registers:
EAX=0x00000000, EBX=0x0273c000, ECX=0x00000000, EDX=0x00000001
ESP=0x00d8d864, EBP=0x00d8d880, ESI=0x0273c140, EDI=0x00000000
EIP=0x6ed86cdb, EFLAGS=0x00010246

Top of Stack: (sp=0x00d8d864)
0x00d8d864:   00000000 0273c140 0273c000 0273c000
0x00d8d874:   00000000 0273c140 0273c000 00d8d938
0x00d8d884:   68f30fd2 0273c140 00000000 02730079
0x00d8d894:   0273c000 00d8d938 68f30fa7 00000001
0x00d8d8a4:   0000000f 00d80049 6ed8aa8e 0273c000
0x00d8d8b4:   00000006 00000001 0000000f 0273c000
0x00d8d8c4:   09d86f80 00d8db94 0281ca84 00d8d918
0x00d8d8d4:   0273c140 00000002 0273c000 0098b6e0 

Instructions: (pc=0x6ed86cdb)
0x6ed86cbb:   f3 ff 83 c4 08 83 7b 04 00 89 5d f0 c7 45 f4 00
0x6ed86ccb:   00 00 00 74 08 8d 4d f0 e8 58 11 0d 00 8b 45 0c
0x6ed86cdb:   8b 08 8b 51 04 8b 42 38 50 56 e8 d6 4c 08 00 83
0x6ed86ceb:   c4 08 83 7d f4 00 89 45 08 74 08 8d 4d f0 e8 72 


Register to memory mapping:

EAX=0x00000000 is an unknown value
EBX=0x0273c000 is a thread
ECX=0x00000000 is an unknown value
EDX=0x00000001 is an unknown value
ESP=0x00d8d864 is pointing into the stack for thread: 0x0273c000
EBP=0x00d8d880 is pointing into the stack for thread: 0x0273c000
ESI=0x0273c140 is an unknown value
EDI=0x00000000 is an unknown value


Stack: [0x00d40000,0x00d90000],  sp=0x00d8d864,  free space=310k
Native frames: (J=compiled Java code, j=interpreted, Vv=VM code, C=native code)
V  [jvm.dll+0xd6cdb]
C  [bwapi_bridge2_5.dll+0x20fd2]
J 396  bwapi.Game.getUnitsInRadius_native(JLbwapi/Position;I)Ljava/util/List; (0 bytes) @ 0x028570ff [0x02857050+0xaf]
J 278 C1 moleAI.Squad.closestEnemy(Lbwapi/Game;)Lbwapi/Unit; (137 bytes) @ 0x02838c90 [0x02838bf0+0xa0]
J 221 C1 moleAI.SquadManager.update(Lbwapi/Game;Lbwapi/Position;)V (73 bytes) @ 0x02828d80 [0x02828c50+0x130]
J 82 C1 moleAI.StrategyManager.update(Lbwapi/Game;Lbwapi/Player;)V (375 bytes) @ 0x02801128 [0x028007f0+0x938]
J 207 C1 moleAI.TestBot1.onFrame()V (86 bytes) @ 0x02826c94 [0x02826a30+0x264]
J 206 C1 bwapi.AIModule.onFrame()V (17 bytes) @ 0x028267c4 [0x02826790+0x34]
v  ~StubRoutines::call_stub
V  [jvm.dll+0x15aa85]
V  [jvm.dll+0x220d7e]
V  [jvm.dll+0x15ab1e]
V  [jvm.dll+0xdcc7b]
V  [jvm.dll+0xdfc0c]
C  [bwapi_bridge2_5.dll+0x1b20d]
C  [bwapi_bridge2_5.dll+0x75101]
j  bwapi.Mirror.startGame()V+0
j  moleAI.TestBot1.run()V+15
j  moleAI.TestBot1.main([Ljava/lang/String;)V+7
v  ~StubRoutines::call_stub
V  [jvm.dll+0x15aa85]
V  [jvm.dll+0x220d7e]
V  [jvm.dll+0x15ab1e]
V  [jvm.dll+0xdca47]
V  [jvm.dll+0xe4fdf]
C  [javaw.exe+0x22ab]
C  [javaw.exe+0xaebf]
C  [javaw.exe+0xaf49]
C  [KERNEL32.DLL+0x162c4]
C  [ntdll.dll+0x60fd9]
C  [ntdll.dll+0x60fa4]
C  0x00000000

Java frames: (J=compiled Java code, j=interpreted, Vv=VM code)
J 396  bwapi.Game.getUnitsInRadius_native(JLbwapi/Position;I)Ljava/util/List; (0 bytes) @ 0x028570bb [0x02857050+0x6b]
J 278 C1 moleAI.Squad.closestEnemy(Lbwapi/Game;)Lbwapi/Unit; (137 bytes) @ 0x02838c90 [0x02838bf0+0xa0]
J 221 C1 moleAI.SquadManager.update(Lbwapi/Game;Lbwapi/Position;)V (73 bytes) @ 0x02828d80 [0x02828c50+0x130]
J 82 C1 moleAI.StrategyManager.update(Lbwapi/Game;Lbwapi/Player;)V (375 bytes) @ 0x02801128 [0x028007f0+0x938]
J 207 C1 moleAI.TestBot1.onFrame()V (86 bytes) @ 0x02826c94 [0x02826a30+0x264]
J 206 C1 bwapi.AIModule.onFrame()V (17 bytes) @ 0x028267c4 [0x02826790+0x34]
v  ~StubRoutines::call_stub
j  bwapi.Mirror.startGame()V+0
j  moleAI.TestBot1.run()V+15
j  moleAI.TestBot1.main([Ljava/lang/String;)V+7
v  ~StubRoutines::call_stub

---------------  P R O C E S S  ---------------

Java Threads: ( => current thread )
  0x0261d000 JavaThread "Service Thread" daemon [_thread_blocked, id=9036, stack(0x156e0000,0x15730000)]
  0x02600400 JavaThread "C1 CompilerThread0" daemon [_thread_blocked, id=6812, stack(0x15650000,0x156a0000)]
  0x025ff000 JavaThread "Attach Listener" daemon [_thread_blocked, id=14904, stack(0x14ff0000,0x15040000)]
  0x025fd000 JavaThread "Signal Dispatcher" daemon [_thread_blocked, id=13216, stack(0x14f60000,0x14fb0000)]
  0x025f3800 JavaThread "Finalizer" daemon [_thread_blocked, id=740, stack(0x14de0000,0x14e30000)]
  0x02596c00 JavaThread "Reference Handler" daemon [_thread_blocked, id=6132, stack(0x14d50000,0x14da0000)]
=>0x0273c000 JavaThread "main" [_thread_in_vm, id=9692, stack(0x00d40000,0x00d90000)]

Other Threads:
  0x02593000 VMThread [stack: 0x14cc0000,0x14d10000] [id=3748]
  0x0263d000 WatcherThread [stack: 0x15770000,0x157c0000] [id=5420]

VM state:not at safepoint (normal execution)

VM Mutex/Monitor currently owned by a thread: None

Heap:
 def new generation   total 4928K, used 1535K [0x04800000, 0x04d50000, 0x09d50000)
  eden space 4416K,  34% used [0x04800000, 0x049775d8, 0x04c50000)
  from space 512K,   6% used [0x04cd0000, 0x04cd8868, 0x04d50000)
  to   space 512K,   0% used [0x04c50000, 0x04c50000, 0x04cd0000)
 tenured generation   total 10944K, used 1485K [0x09d50000, 0x0a800000, 0x14800000)
   the space 10944K,  13% used [0x09d50000, 0x09ec3640, 0x09ec3800, 0x0a800000)
 Metaspace       used 561K, capacity 2760K, committed 2880K, reserved 4480K

Card table byte_map: [0x04740000,0x047d0000] byte_map_base: 0x0471c000

Polling page: 0x00db0000

CodeCache: size=32768Kb used=1150Kb max_used=1150Kb free=31617Kb
 bounds [0x02740000, 0x02860000, 0x04740000]
 total_blobs=578 nmethods=433 adapters=76
 compilation: enabled

Compilation events (10 events):
Event: 232.095 Thread 0x02600400  428             bwapi.Position::equals (49 bytes)
Event: 232.095 Thread 0x02600400 nmethod 428 0x0285e308 code [0x0285e410, 0x0285e550]
Event: 238.318 Thread 0x02600400  429             java.lang.Throwable::<init> (29 bytes)
Event: 238.318 Thread 0x02600400 nmethod 429 0x0285e888 code [0x0285e990, 0x0285ec0c]
Event: 238.318 Thread 0x02600400  430  s          java.lang.Throwable::fillInStackTrace (29 bytes)
Event: 238.318 Thread 0x02600400 nmethod 430 0x0285ecc8 code [0x0285edd0, 0x0285efdc]
Event: 253.587 Thread 0x02600400  432             java.lang.NullPointerException::<init> (5 bytes)
Event: 253.587 Thread 0x02600400 nmethod 432 0x0285f088 code [0x0285f180, 0x0285f20c]
Event: 335.227 Thread 0x02600400  433             java.util.Hashtable::rehash (142 bytes)
Event: 335.227 Thread 0x02600400 nmethod 433 0x0285f288 code [0x0285f3c0, 0x0285f6ac]

GC Heap History (10 events):
Event: 343.646 GC heap before
{Heap before GC invocations=1374 (full 0):
 def new generation   total 4928K, used 4471K [0x04800000, 0x04d50000, 0x09d50000)
  eden space 4416K, 100% used [0x04800000, 0x04c50000, 0x04c50000)
  from space 512K,  10% used [0x04c50000, 0x04c5dd90, 0x04cd0000)
  to   space 512K,   0% used [0x04cd0000, 0x04cd0000, 0x04d50000)
 tenured generation   total 10944K, used 1462K [0x09d50000, 0x0a800000, 0x14800000)
   the space 10944K,  13% used [0x09d50000, 0x09ebd940, 0x09ebda00, 0x0a800000)
 Metaspace       used 561K, capacity 2760K, committed 2880K, reserved 4480K
Event: 343.647 GC heap after
Heap after GC invocations=1375 (full 0):
 def new generation   total 4928K, used 47K [0x04800000, 0x04d50000, 0x09d50000)
  eden space 4416K,   0% used [0x04800000, 0x04800000, 0x04c50000)
  from space 512K,   9% used [0x04cd0000, 0x04cdbcf0, 0x04d50000)
  to   space 512K,   0% used [0x04c50000, 0x04c50000, 0x04cd0000)
 tenured generation   total 10944K, used 1470K [0x09d50000, 0x0a800000, 0x14800000)
   the space 10944K,  13% used [0x09d50000, 0x09ebf8e0, 0x09ebfa00, 0x0a800000)
 Metaspace       used 561K, capacity 2760K, committed 2880K, reserved 4480K
}
Event: 343.829 GC heap before
{Heap before GC invocations=1375 (full 0):
 def new generation   total 4928K, used 4463K [0x04800000, 0x04d50000, 0x09d50000)
  eden space 4416K, 100% used [0x04800000, 0x04c50000, 0x04c50000)
  from space 512K,   9% used [0x04cd0000, 0x04cdbcf0, 0x04d50000)
  to   space 512K,   0% used [0x04c50000, 0x04c50000, 0x04cd0000)
 tenured generation   total 10944K, used 1470K [0x09d50000, 0x0a800000, 0x14800000)
   the space 10944K,  13% used [0x09d50000, 0x09ebf8e0, 0x09ebfa00, 0x0a800000)
 Metaspace       used 561K, capacity 2760K, committed 2880K, reserved 4480K
Event: 343.829 GC heap after
Heap after GC invocations=1376 (full 0):
 def new generation   total 4928K, used 44K [0x04800000, 0x04d50000, 0x09d50000)
  eden space 4416K,   0% used [0x04800000, 0x04800000, 0x04c50000)
  from space 512K,   8% used [0x04c50000, 0x04c5b1d8, 0x04cd0000)
  to   space 512K,   0% used [0x04cd0000, 0x04cd0000, 0x04d50000)
 tenured generation   total 10944K, used 1475K [0x09d50000, 0x0a800000, 0x14800000)
   the space 10944K,  13% used [0x09d50000, 0x09ec0d10, 0x09ec0e00, 0x0a800000)
 Metaspace       used 561K, capacity 2760K, committed 2880K, reserved 4480K
}
Event: 344.017 GC heap before
{Heap before GC invocations=1376 (full 0):
 def new generation   total 4928K, used 4460K [0x04800000, 0x04d50000, 0x09d50000)
  eden space 4416K, 100% used [0x04800000, 0x04c50000, 0x04c50000)
  from space 512K,   8% used [0x04c50000, 0x04c5b1d8, 0x04cd0000)
  to   space 512K,   0% used [0x04cd0000, 0x04cd0000, 0x04d50000)
 tenured generation   total 10944K, used 1475K [0x09d50000, 0x0a800000, 0x14800000)
   the space 10944K,  13% used [0x09d50000, 0x09ec0d10, 0x09ec0e00, 0x0a800000)
 Metaspace       used 561K, capacity 2760K, committed 2880K, reserved 4480K
Event: 344.018 GC heap after
Heap after GC invocations=1377 (full 0):
 def new generation   total 4928K, used 39K [0x04800000, 0x04d50000, 0x09d50000)
  eden space 4416K,   0% used [0x04800000, 0x04800000, 0x04c50000)
  from space 512K,   7% used [0x04cd0000, 0x04cd9ce0, 0x04d50000)
  to   space 512K,   0% used [0x04c50000, 0x04c50000, 0x04cd0000)
 tenured generation   total 10944K, used 1478K [0x09d50000, 0x0a800000, 0x14800000)
   the space 10944K,  13% used [0x09d50000, 0x09ec18e8, 0x09ec1a00, 0x0a800000)
 Metaspace       used 561K, capacity 2760K, committed 2880K, reserved 4480K
}
Event: 344.208 GC heap before
{Heap before GC invocations=1377 (full 0):
 def new generation   total 4928K, used 4455K [0x04800000, 0x04d50000, 0x09d50000)
  eden space 4416K, 100% used [0x04800000, 0x04c50000, 0x04c50000)
  from space 512K,   7% used [0x04cd0000, 0x04cd9ce0, 0x04d50000)
  to   space 512K,   0% used [0x04c50000, 0x04c50000, 0x04cd0000)
 tenured generation   total 10944K, used 1478K [0x09d50000, 0x0a800000, 0x14800000)
   the space 10944K,  13% used [0x09d50000, 0x09ec18e8, 0x09ec1a00, 0x0a800000)
 Metaspace       used 561K, capacity 2760K, committed 2880K, reserved 4480K
Event: 344.209 GC heap after
Heap after GC invocations=1378 (full 0):
 def new generation   total 4928K, used 34K [0x04800000, 0x04d50000, 0x09d50000)
  eden space 4416K,   0% used [0x04800000, 0x04800000, 0x04c50000)
  from space 512K,   6% used [0x04c50000, 0x04c58ac8, 0x04cd0000)
  to   space 512K,   0% used [0x04cd0000, 0x04cd0000, 0x04d50000)
 tenured generation   total 10944K, used 1485K [0x09d50000, 0x0a800000, 0x14800000)
   the space 10944K,  13% used [0x09d50000, 0x09ec34b8, 0x09ec3600, 0x0a800000)
 Metaspace       used 561K, capacity 2760K, committed 2880K, reserved 4480K
}
Event: 344.392 GC heap before
{Heap before GC invocations=1378 (full 0):
 def new generation   total 4928K, used 4450K [0x04800000, 0x04d50000, 0x09d50000)
  eden space 4416K, 100% used [0x04800000, 0x04c50000, 0x04c50000)
  from space 512K,   6% used [0x04c50000, 0x04c58ac8, 0x04cd0000)
  to   space 512K,   0% used [0x04cd0000, 0x04cd0000, 0x04d50000)
 tenured generation   total 10944K, used 1485K [0x09d50000, 0x0a800000, 0x14800000)
   the space 10944K,  13% used [0x09d50000, 0x09ec34b8, 0x09ec3600, 0x0a800000)
 Metaspace       used 561K, capacity 2760K, committed 2880K, reserved 4480K
Event: 344.392 GC heap after
Heap after GC invocations=1379 (full 0):
 def new generation   total 4928K, used 34K [0x04800000, 0x04d50000, 0x09d50000)
  eden space 4416K,   0% used [0x04800000, 0x04800000, 0x04c50000)
  from space 512K,   6% used [0x04cd0000, 0x04cd8868, 0x04d50000)
  to   space 512K,   0% used [0x04c50000, 0x04c50000, 0x04cd0000)
 tenured generation   total 10944K, used 1485K [0x09d50000, 0x0a800000, 0x14800000)
   the space 10944K,  13% used [0x09d50000, 0x09ec3640, 0x09ec3800, 0x0a800000)
 Metaspace       used 561K, capacity 2760K, committed 2880K, reserved 4480K
}

Deoptimization events (0 events):
No events

Internal exceptions (10 events):
Event: 342.934 Thread 0x0273c000 Implicit null exception at 0x0285a37d to 0x0285a496
Event: 342.935 Thread 0x0273c000 Exception <a 'java/lang/NullPointerException'> (0x048e62d8) thrown at [C:\workspace\8-2-build-windows-i586-cygwin\jdk8u121\8372\hotspot\src\share\vm\runtime\sharedRuntime.cpp, line 605]
Event: 342.940 Thread 0x0273c000 Implicit null exception at 0x0285a37d to 0x0285a496
Event: 342.940 Thread 0x0273c000 Exception <a 'java/lang/NullPointerException'> (0x048fa280) thrown at [C:\workspace\8-2-build-windows-i586-cygwin\jdk8u121\8372\hotspot\src\share\vm\runtime\sharedRuntime.cpp, line 605]
Event: 342.945 Thread 0x0273c000 Implicit null exception at 0x0285a37d to 0x0285a496
Event: 342.945 Thread 0x0273c000 Exception <a 'java/lang/NullPointerException'> (0x0490db30) thrown at [C:\workspace\8-2-build-windows-i586-cygwin\jdk8u121\8372\hotspot\src\share\vm\runtime\sharedRuntime.cpp, line 605]
Event: 342.950 Thread 0x0273c000 Implicit null exception at 0x0285a37d to 0x0285a496
Event: 342.950 Thread 0x0273c000 Exception <a 'java/lang/NullPointerException'> (0x04922938) thrown at [C:\workspace\8-2-build-windows-i586-cygwin\jdk8u121\8372\hotspot\src\share\vm\runtime\sharedRuntime.cpp, line 605]
Event: 342.955 Thread 0x0273c000 Implicit null exception at 0x0285a37d to 0x0285a496
Event: 342.955 Thread 0x0273c000 Exception <a 'java/lang/NullPointerException'> (0x0493c5d0) thrown at [C:\workspace\8-2-build-windows-i586-cygwin\jdk8u121\8372\hotspot\src\share\vm\runtime\sharedRuntime.cpp, line 605]

Events (10 events):
Event: 343.646 Executing VM operation: GenCollectForAllocation
Event: 343.647 Executing VM operation: GenCollectForAllocation done
Event: 343.829 Executing VM operation: GenCollectForAllocation
Event: 343.829 Executing VM operation: GenCollectForAllocation done
Event: 344.017 Executing VM operation: GenCollectForAllocation
Event: 344.018 Executing VM operation: GenCollectForAllocation done
Event: 344.208 Executing VM operation: GenCollectForAllocation
Event: 344.209 Executing VM operation: GenCollectForAllocation done
Event: 344.392 Executing VM operation: GenCollectForAllocation
Event: 344.392 Executing VM operation: GenCollectForAllocation done


Dynamic libraries:
0x00e10000 - 0x00e43000 	C:\Program Files (x86)\Java\jre1.8.0_121\bin\javaw.exe
0x77b90000 - 0x77d13000 	C:\Windows\SYSTEM32\ntdll.dll
0x76820000 - 0x76900000 	C:\Windows\System32\KERNEL32.DLL
0x75f50000 - 0x760f1000 	C:\Windows\System32\KERNELBASE.dll
0x77b00000 - 0x77b77000 	C:\Windows\System32\ADVAPI32.dll
0x76d80000 - 0x76e3e000 	C:\Windows\System32\msvcrt.dll
0x74880000 - 0x748c1000 	C:\Windows\System32\sechost.dll
0x76f90000 - 0x77051000 	C:\Windows\System32\RPCRT4.dll
0x74650000 - 0x7466e000 	C:\Windows\System32\SspiCli.dll
0x74640000 - 0x7464a000 	C:\Windows\System32\CRYPTBASE.dll
0x76d20000 - 0x76d7a000 	C:\Windows\System32\bcryptPrimitives.dll
0x769a0000 - 0x76aff000 	C:\Windows\System32\USER32.dll
0x77060000 - 0x77075000 	C:\Windows\System32\win32u.dll
0x77a00000 - 0x77a2b000 	C:\Windows\System32\GDI32.dll
0x77320000 - 0x7747b000 	C:\Windows\System32\gdi32full.dll
0x6fe00000 - 0x7000a000 	C:\Windows\WinSxS\x86_microsoft.windows.common-controls_6595b64144ccf1df_6.0.14393.953_none_89c2555adb023171\COMCTL32.dll
0x76b00000 - 0x76d11000 	C:\Windows\System32\combase.dll
0x77920000 - 0x77a00000 	C:\Windows\System32\ucrtbase.dll
0x76970000 - 0x76995000 	C:\Windows\System32\IMM32.DLL
0x6e220000 - 0x6e2df000 	C:\Program Files (x86)\Java\jre1.8.0_121\bin\msvcr100.dll
0x6ecb0000 - 0x6f07e000 	C:\Program Files (x86)\Java\jre1.8.0_121\bin\client\jvm.dll
0x76100000 - 0x76106000 	C:\Windows\System32\PSAPI.DLL
0x74310000 - 0x74318000 	C:\Windows\SYSTEM32\VERSION.dll
0x700d0000 - 0x700f4000 	C:\Windows\SYSTEM32\WINMM.dll
0x68e10000 - 0x68e18000 	C:\Windows\SYSTEM32\WSOCK32.dll
0x76900000 - 0x76963000 	C:\Windows\System32\WS2_32.dll
0x70040000 - 0x70063000 	C:\Windows\SYSTEM32\WINMMBASE.dll
0x77a30000 - 0x77a66000 	C:\Windows\System32\cfgmgr32.dll
0x700c0000 - 0x700cc000 	C:\Program Files (x86)\Java\jre1.8.0_121\bin\verify.dll
0x70090000 - 0x700b1000 	C:\Program Files (x86)\Java\jre1.8.0_121\bin\java.dll
0x70070000 - 0x70083000 	C:\Program Files (x86)\Java\jre1.8.0_121\bin\zip.dll
0x749a0000 - 0x75d78000 	C:\Windows\System32\SHELL32.dll
0x762b0000 - 0x7681e000 	C:\Windows\System32\windows.storage.dll
0x770f0000 - 0x77135000 	C:\Windows\System32\powrprof.dll
0x76ee0000 - 0x76f26000 	C:\Windows\System32\shlwapi.dll
0x770e0000 - 0x770ed000 	C:\Windows\System32\kernel.appcore.dll
0x77a70000 - 0x77af8000 	C:\Windows\System32\shcore.dll
0x76110000 - 0x7611f000 	C:\Windows\System32\profapi.dll
0x68f10000 - 0x69196000 	C:\Users\amanz\OneDrive\Documents\GitHub\MoleAI\ExampleBot\bwapi_bridge2_5.dll
0x6e130000 - 0x6e21e000 	C:\Program Files (x86)\Java\jre1.8.0_121\bin\MSVCR120.dll
0x6e3d0000 - 0x6e441000 	C:\Program Files (x86)\Java\jre1.8.0_121\bin\MSVCP120.dll
0x6f540000 - 0x6f59e000 	C:\Users\amanz\OneDrive\Documents\GitHub\MoleAI\ExampleBot\libmpfr-4.dll
0x6acc0000 - 0x6ad27000 	C:\Users\amanz\OneDrive\Documents\GitHub\MoleAI\ExampleBot\libgmp-10.dll
0x6f610000 - 0x6f755000 	C:\Windows\SYSTEM32\dbghelp.dll

VM Arguments:
jvm_args: -Dfile.encoding=Cp1252 
java_command: moleAI.TestBot1
java_class_path (initial): C:\Users\amanz\OneDrive\Documents\GitHub\MoleAI\ExampleBot\bin;C:\Users\amanz\OneDrive\Documents\GitHub\MoleAI\ExampleBot\lib\bwmirror_v2_5.jar;C:\Users\amanz\OneDrive\Documents\GitHub\MoleAI\ExampleBot\lib\JBTCore.jar
Launcher Type: SUN_STANDARD

Environment Variables:
PATH=C:/Program Files/Java/jre1.8.0_121/bin/server;C:/Program Files/Java/jre1.8.0_121/bin;C:/Program Files/Java/jre1.8.0_121/lib/amd64;C:\ProgramData\Oracle\Java\javapath;C:\Program Files (x86)\Intel\iCLS Client\;C:\Program Files\Intel\iCLS Client\;C:\Windows\system32;C:\Windows;C:\Windows\System32\Wbem;C:\Windows\System32\WindowsPowerShell\v1.0\;C:\Program Files (x86)\Intel\Intel(R) Management Engine Components\DAL;C:\Program Files\Intel\Intel(R) Management Engine Components\DAL;C:\Program Files (x86)\Intel\Intel(R) Management Engine Components\IPT;C:\Program Files\Intel\Intel(R) Management Engine Components\IPT;C:\Program Files (x86)\NVIDIA Corporation\PhysX\Common;C:\Program Files\nodejs\;C:\Program Files\Microsoft SQL Server\110\Tools\Binn\;C:\Program Files (x86)\Microsoft SDKs\TypeScript\1.0\;C:\Program Files\Microsoft SQL Server\120\Tools\Binn\;C:\Program Files (x86)\Skype\Phone\;C:\Users\amanz\AppData\Local\Microsoft\WindowsApps;C:\Users\amanz\AppData\Roaming\npm;C:\Windows\system32;
USERNAME=amanz
OS=Windows_NT
PROCESSOR_IDENTIFIER=Intel64 Family 6 Model 94 Stepping 3, GenuineIntel



---------------  S Y S T E M  ---------------

OS: Windows 10.0 , 64 bit Build 14393 (10.0.14393.0)

CPU:total 8 (4 cores per cpu, 2 threads per core) family 6 model 94 stepping 3, cmov, cx8, fxsr, mmx, sse, sse2, sse3, ssse3, sse4.1, sse4.2, popcnt, avx, avx2, aes, clmul, erms, rtm, 3dnowpref, lzcnt, ht, tsc, tscinvbit, bmi1, bmi2, adx

Memory: 4k page, physical 8209456k(2577344k free), swap 12665904k(3680776k free)

vm_info: Java HotSpot(TM) Client VM (25.121-b13) for windows-x86 JRE (1.8.0_121-b13), built on Dec 12 2016 18:17:00 by "java_re" with MS VC++ 10.0 (VS2010)

time: Mon Apr 24 19:18:47 2017
elapsed time: 344 seconds (0d 0h 5m 44s)

