#
# A fatal error has been detected by the Java Runtime Environment:
#
#  EXCEPTION_ACCESS_VIOLATION (0xc0000005) at pc=0x6f0f54bb, pid=5240, tid=15568
#
# JRE version: Java(TM) SE Runtime Environment (7.0_79-b15) (build 1.7.0_79-b15)
# Java VM: Java HotSpot(TM) Client VM (24.79-b02 mixed mode, sharing windows-x86 )
# Problematic frame:
# V  [jvm.dll+0xc54bb]
#
# Failed to write core dump. Minidumps are not enabled by default on client versions of Windows
#
# If you would like to submit a bug report, please visit:
#   http://bugreport.java.com/bugreport/crash.jsp
#

---------------  T H R E A D  ---------------

Current thread (0x02dbc400):  JavaThread "main" [_thread_in_vm, id=15568, stack(0x02bf0000,0x02c40000)]

siginfo: ExceptionCode=0xc0000005, reading address 0x00000000

Registers:
EAX=0x00000000, EBX=0x34c45e70, ECX=0x00000000, EDX=0x00000007
ESP=0x02c3d9e4, EBP=0x02c3da00, ESI=0x02dbc530, EDI=0x02dbc400
EIP=0x6f0f54bb, EFLAGS=0x00010246

Top of Stack: (sp=0x02c3d9e4)
0x02c3d9e4:   02dbc530 00000000 34c45e70 02dbc400
0x02c3d9f4:   00000000 34c45e70 34c45e70 02c3da78
0x02c3da04:   6d7489ee 02dbc530 00000000 6e696f70
0x02c3da14:   00726574 02c3da78 6d7489bd 00000007
0x02c3da24:   0000000f 6d74004a 000152c8 00000000
0x02c3da34:   0000000d 00000001 0000000f 02dbc400
0x02c3da44:   34c45e70 02c3da6c 6f09f2c8 02dbc400
0x02c3da54:   00000006 00000008 02dbc400 34c45e70 

Instructions: (pc=0x6f0f54bb)
0x6f0f549b:   f3 ff 83 c4 08 83 7f 04 00 89 7d f0 c7 45 f4 00
0x6f0f54ab:   00 00 00 74 08 8d 4d f0 e8 a8 a6 0c 00 8b 45 0c
0x6f0f54bb:   8b 08 8b 51 04 8b 42 40 50 56 e8 26 df 07 00 83
0x6f0f54cb:   c4 08 83 7d f4 00 89 45 08 74 08 8d 4d f0 e8 c2 


Register to memory mapping:

EAX=0x00000000 is an unknown value
EBX=0x34c45e70 is an oop
{method} 
 - klass: {other class}
ECX=0x00000000 is an unknown value
EDX=0x00000007 is an unknown value
ESP=0x02c3d9e4 is pointing into the stack for thread: 0x02dbc400
EBP=0x02c3da00 is pointing into the stack for thread: 0x02dbc400
ESI=0x02dbc530 is an unknown value
EDI=0x02dbc400 is a thread


Stack: [0x02bf0000,0x02c40000],  sp=0x02c3d9e4,  free space=310k
Native frames: (J=compiled Java code, j=interpreted, Vv=VM code, C=native code)
V  [jvm.dll+0xc54bb]
C  [bwapi_bridge2_5.dll+0x389ee]
j  bwapi.Unit.attack_native(JLbwapi/Unit;)Z+0
J 141 C1 Base.sendForce(Ljava/util/ArrayList;Lbwapi/Game;Lbwapi/TilePosition;)V (210 bytes) @ 0x02e84adc [0x02e84670+0x46c]
J 140 C1 Base.manageForces(Lbwapi/Game;Lbwapi/TilePosition;)V (408 bytes) @ 0x02e8216c [0x02e81220+0xf4c]
J 104 C1 TestBot1.onFrame()V (368 bytes) @ 0x02e6d63c [0x02e6d0d0+0x56c]
J 121 C1 bwapi.AIModule.onFrame()V (17 bytes) @ 0x02e762c4 [0x02e76290+0x34]
v  ~StubRoutines::call_stub
V  [jvm.dll+0x14234a]
V  [jvm.dll+0x206ebe]
V  [jvm.dll+0x1423cd]
V  [jvm.dll+0xcb5c2]
V  [jvm.dll+0xcf213]
C  [bwapi_bridge2_5.dll+0x1b20d]
C  [bwapi_bridge2_5.dll+0x75101]
j  bwapi.Mirror.startGame()V+0
j  TestBot1.run()V+15
j  TestBot1.main([Ljava/lang/String;)V+7
v  ~StubRoutines::call_stub
V  [jvm.dll+0x14234a]
V  [jvm.dll+0x206ebe]
V  [jvm.dll+0x1423cd]
V  [jvm.dll+0xcb345]
V  [jvm.dll+0xd5ff7]
C  [javaw.exe+0x2070]
C  [javaw.exe+0xa601]
C  [javaw.exe+0xa68b]
C  [KERNEL32.DLL+0x162c4]
C  [ntdll.dll+0x60719]
C  [ntdll.dll+0x606e4]

Java frames: (J=compiled Java code, j=interpreted, Vv=VM code)
j  bwapi.Unit.attack_native(JLbwapi/Unit;)Z+0
J 141 C1 Base.sendForce(Ljava/util/ArrayList;Lbwapi/Game;Lbwapi/TilePosition;)V (210 bytes) @ 0x02e84adc [0x02e84670+0x46c]
J 140 C1 Base.manageForces(Lbwapi/Game;Lbwapi/TilePosition;)V (408 bytes) @ 0x02e8216c [0x02e81220+0xf4c]
J 104 C1 TestBot1.onFrame()V (368 bytes) @ 0x02e6d63c [0x02e6d0d0+0x56c]
J 121 C1 bwapi.AIModule.onFrame()V (17 bytes) @ 0x02e762c4 [0x02e76290+0x34]
v  ~StubRoutines::call_stub
j  bwapi.Mirror.startGame()V+0
j  TestBot1.run()V+15
j  TestBot1.main([Ljava/lang/String;)V+7
v  ~StubRoutines::call_stub

---------------  P R O C E S S  ---------------

Java Threads: ( => current thread )
  0x02cd6400 JavaThread "Service Thread" daemon [_thread_blocked, id=2676, stack(0x052d0000,0x05320000)]
  0x02cd3c00 JavaThread "C1 CompilerThread0" daemon [_thread_blocked, id=19900, stack(0x05240000,0x05290000)]
  0x02cd2400 JavaThread "Attach Listener" daemon [_thread_blocked, id=5024, stack(0x051b0000,0x05200000)]
  0x02ccf000 JavaThread "Signal Dispatcher" daemon [_thread_blocked, id=19040, stack(0x05120000,0x05170000)]
  0x02c64400 JavaThread "Finalizer" daemon [_thread_blocked, id=19612, stack(0x05090000,0x050e0000)]
  0x02c5f000 JavaThread "Reference Handler" daemon [_thread_blocked, id=16940, stack(0x05000000,0x05050000)]
=>0x02dbc400 JavaThread "main" [_thread_in_vm, id=15568, stack(0x02bf0000,0x02c40000)]

Other Threads:
  0x02c5dc00 VMThread [stack: 0x04f70000,0x04fc0000] [id=14504]
  0x02ceec00 WatcherThread [stack: 0x05360000,0x053b0000] [id=18768]

VM state:not at safepoint (normal execution)

VM Mutex/Monitor currently owned by a thread: None

Heap
 def new generation   total 4928K, used 2970K [0x24c00000, 0x25150000, 0x2a150000)
  eden space 4416K,  66% used [0x24c00000, 0x24ee11a8, 0x25050000)
  from space 512K,   4% used [0x250d0000, 0x250d5910, 0x25150000)
  to   space 512K,   0% used [0x25050000, 0x25050000, 0x250d0000)
 tenured generation   total 10944K, used 251K [0x2a150000, 0x2ac00000, 0x34c00000)
   the space 10944K,   2% used [0x2a150000, 0x2a18ed90, 0x2a18ee00, 0x2ac00000)
 compacting perm gen  total 12288K, used 626K [0x34c00000, 0x35800000, 0x38c00000)
   the space 12288K,   5% used [0x34c00000, 0x34c9c908, 0x34c9ca00, 0x35800000)
    ro space 10240K,  42% used [0x38c00000, 0x39036058, 0x39036200, 0x39600000)
    rw space 12288K,  51% used [0x39600000, 0x39c3bdb0, 0x39c3be00, 0x3a200000)

Card table byte_map: [0x04e40000,0x04ef0000] byte_map_base: 0x04d1a000

Polling page: 0x015d0000

Code Cache  [0x02dc0000, 0x02ea0000, 0x04dc0000)
 total_blobs=363 nmethods=226 adapters=74 free_code_cache=31902Kb largest_free_block=32668096

Compilation events (10 events):
Event: 82.932 Thread 0x02cd3c00  221             java.nio.Buffer::<init> (121 bytes)
Event: 82.933 Thread 0x02cd3c00 nmethod 221 0x02e96588 code [0x02e96740, 0x02e96c6c]
Event: 84.918 Thread 0x02cd3c00  222             java.io.OutputStreamWriter::write (11 bytes)
Event: 84.918 Thread 0x02cd3c00 nmethod 222 0x02e97108 code [0x02e97210, 0x02e972bc]
Event: 84.918 Thread 0x02cd3c00  223             java.io.OutputStreamWriter::flushBuffer (8 bytes)
Event: 84.918 Thread 0x02cd3c00 nmethod 223 0x02e97348 code [0x02e97450, 0x02e974ec]
Event: 87.198 Thread 0x02cd3c00  224   !         java.io.PrintStream::write (83 bytes)
Event: 87.199 Thread 0x02cd3c00 nmethod 224 0x02e97588 code [0x02e97700, 0x02e97b04]
Event: 98.495 Thread 0x02cd3c00  226             java.io.BufferedWriter::newLine (9 bytes)
Event: 98.495 Thread 0x02cd3c00 nmethod 226 0x02e98388 code [0x02e98490, 0x02e9853c]

GC Heap History (10 events):
Event: 79.731 GC heap before
{Heap before GC invocations=8 (full 0):
 def new generation   total 4928K, used 4427K [0x24c00000, 0x25150000, 0x2a150000)
  eden space 4416K, 100% used [0x24c00000, 0x25050000, 0x25050000)
  from space 512K,   2% used [0x25050000, 0x25052f98, 0x250d0000)
  to   space 512K,   0% used [0x250d0000, 0x250d0000, 0x25150000)
 tenured generation   total 10944K, used 251K [0x2a150000, 0x2ac00000, 0x34c00000)
   the space 10944K,   2% used [0x2a150000, 0x2a18ed90, 0x2a18ee00, 0x2ac00000)
 compacting perm gen  total 12288K, used 626K [0x34c00000, 0x35800000, 0x38c00000)
   the space 12288K,   5% used [0x34c00000, 0x34c9c908, 0x34c9ca00, 0x35800000)
    ro space 10240K,  42% used [0x38c00000, 0x39036058, 0x39036200, 0x39600000)
    rw space 12288K,  51% used [0x39600000, 0x39c3bdb0, 0x39c3be00, 0x3a200000)
Event: 79.731 GC heap after
Heap after GC invocations=9 (full 0):
 def new generation   total 4928K, used 16K [0x24c00000, 0x25150000, 0x2a150000)
  eden space 4416K,   0% used [0x24c00000, 0x24c00000, 0x25050000)
  from space 512K,   3% used [0x250d0000, 0x250d40f0, 0x25150000)
  to   space 512K,   0% used [0x25050000, 0x25050000, 0x250d0000)
 tenured generation   total 10944K, used 251K [0x2a150000, 0x2ac00000, 0x34c00000)
   the space 10944K,   2% used [0x2a150000, 0x2a18ed90, 0x2a18ee00, 0x2ac00000)
 compacting perm gen  total 12288K, used 626K [0x34c00000, 0x35800000, 0x38c00000)
   the space 12288K,   5% used [0x34c00000, 0x34c9c908, 0x34c9ca00, 0x35800000)
    ro space 10240K,  42% used [0x38c00000, 0x39036058, 0x39036200, 0x39600000)
    rw space 12288K,  51% used [0x39600000, 0x39c3bdb0, 0x39c3be00, 0x3a200000)
}
Event: 84.463 GC heap before
{Heap before GC invocations=9 (full 0):
 def new generation   total 4928K, used 4432K [0x24c00000, 0x25150000, 0x2a150000)
  eden space 4416K, 100% used [0x24c00000, 0x25050000, 0x25050000)
  from space 512K,   3% used [0x250d0000, 0x250d40f0, 0x25150000)
  to   space 512K,   0% used [0x25050000, 0x25050000, 0x250d0000)
 tenured generation   total 10944K, used 251K [0x2a150000, 0x2ac00000, 0x34c00000)
   the space 10944K,   2% used [0x2a150000, 0x2a18ed90, 0x2a18ee00, 0x2ac00000)
 compacting perm gen  total 12288K, used 626K [0x34c00000, 0x35800000, 0x38c00000)
   the space 12288K,   5% used [0x34c00000, 0x34c9c908, 0x34c9ca00, 0x35800000)
    ro space 10240K,  42% used [0x38c00000, 0x39036058, 0x39036200, 0x39600000)
    rw space 12288K,  51% used [0x39600000, 0x39c3bdb0, 0x39c3be00, 0x3a200000)
Event: 84.464 GC heap after
Heap after GC invocations=10 (full 0):
 def new generation   total 4928K, used 18K [0x24c00000, 0x25150000, 0x2a150000)
  eden space 4416K,   0% used [0x24c00000, 0x24c00000, 0x25050000)
  from space 512K,   3% used [0x25050000, 0x250548a8, 0x250d0000)
  to   space 512K,   0% used [0x250d0000, 0x250d0000, 0x25150000)
 tenured generation   total 10944K, used 251K [0x2a150000, 0x2ac00000, 0x34c00000)
   the space 10944K,   2% used [0x2a150000, 0x2a18ed90, 0x2a18ee00, 0x2ac00000)
 compacting perm gen  total 12288K, used 626K [0x34c00000, 0x35800000, 0x38c00000)
   the space 12288K,   5% used [0x34c00000, 0x34c9c908, 0x34c9ca00, 0x35800000)
    ro space 10240K,  42% used [0x38c00000, 0x39036058, 0x39036200, 0x39600000)
    rw space 12288K,  51% used [0x39600000, 0x39c3bdb0, 0x39c3be00, 0x3a200000)
}
Event: 88.698 GC heap before
{Heap before GC invocations=10 (full 0):
 def new generation   total 4928K, used 4434K [0x24c00000, 0x25150000, 0x2a150000)
  eden space 4416K, 100% used [0x24c00000, 0x25050000, 0x25050000)
  from space 512K,   3% used [0x25050000, 0x250548a8, 0x250d0000)
  to   space 512K,   0% used [0x250d0000, 0x250d0000, 0x25150000)
 tenured generation   total 10944K, used 251K [0x2a150000, 0x2ac00000, 0x34c00000)
   the space 10944K,   2% used [0x2a150000, 0x2a18ed90, 0x2a18ee00, 0x2ac00000)
 compacting perm gen  total 12288K, used 626K [0x34c00000, 0x35800000, 0x38c00000)
   the space 12288K,   5% used [0x34c00000, 0x34c9c908, 0x34c9ca00, 0x35800000)
    ro space 10240K,  42% used [0x38c00000, 0x39036058, 0x39036200, 0x39600000)
    rw space 12288K,  51% used [0x39600000, 0x39c3bdb0, 0x39c3be00, 0x3a200000)
Event: 88.699 GC heap after
Heap after GC invocations=11 (full 0):
 def new generation   total 4928K, used 18K [0x24c00000, 0x25150000, 0x2a150000)
  eden space 4416K,   0% used [0x24c00000, 0x24c00000, 0x25050000)
  from space 512K,   3% used [0x250d0000, 0x250d4aa0, 0x25150000)
  to   space 512K,   0% used [0x25050000, 0x25050000, 0x250d0000)
 tenured generation   total 10944K, used 251K [0x2a150000, 0x2ac00000, 0x34c00000)
   the space 10944K,   2% used [0x2a150000, 0x2a18ed90, 0x2a18ee00, 0x2ac00000)
 compacting perm gen  total 12288K, used 626K [0x34c00000, 0x35800000, 0x38c00000)
   the space 12288K,   5% used [0x34c00000, 0x34c9c908, 0x34c9ca00, 0x35800000)
    ro space 10240K,  42% used [0x38c00000, 0x39036058, 0x39036200, 0x39600000)
    rw space 12288K,  51% used [0x39600000, 0x39c3bdb0, 0x39c3be00, 0x3a200000)
}
Event: 93.057 GC heap before
{Heap before GC invocations=11 (full 0):
 def new generation   total 4928K, used 4434K [0x24c00000, 0x25150000, 0x2a150000)
  eden space 4416K, 100% used [0x24c00000, 0x25050000, 0x25050000)
  from space 512K,   3% used [0x250d0000, 0x250d4aa0, 0x25150000)
  to   space 512K,   0% used [0x25050000, 0x25050000, 0x250d0000)
 tenured generation   total 10944K, used 251K [0x2a150000, 0x2ac00000, 0x34c00000)
   the space 10944K,   2% used [0x2a150000, 0x2a18ed90, 0x2a18ee00, 0x2ac00000)
 compacting perm gen  total 12288K, used 626K [0x34c00000, 0x35800000, 0x38c00000)
   the space 12288K,   5% used [0x34c00000, 0x34c9c908, 0x34c9ca00, 0x35800000)
    ro space 10240K,  42% used [0x38c00000, 0x39036058, 0x39036200, 0x39600000)
    rw space 12288K,  51% used [0x39600000, 0x39c3bdb0, 0x39c3be00, 0x3a200000)
Event: 93.058 GC heap after
Heap after GC invocations=12 (full 0):
 def new generation   total 4928K, used 20K [0x24c00000, 0x25150000, 0x2a150000)
  eden space 4416K,   0% used [0x24c00000, 0x24c00000, 0x25050000)
  from space 512K,   4% used [0x25050000, 0x250551f8, 0x250d0000)
  to   space 512K,   0% used [0x250d0000, 0x250d0000, 0x25150000)
 tenured generation   total 10944K, used 251K [0x2a150000, 0x2ac00000, 0x34c00000)
   the space 10944K,   2% used [0x2a150000, 0x2a18ed90, 0x2a18ee00, 0x2ac00000)
 compacting perm gen  total 12288K, used 626K [0x34c00000, 0x35800000, 0x38c00000)
   the space 12288K,   5% used [0x34c00000, 0x34c9c908, 0x34c9ca00, 0x35800000)
    ro space 10240K,  42% used [0x38c00000, 0x39036058, 0x39036200, 0x39600000)
    rw space 12288K,  51% used [0x39600000, 0x39c3bdb0, 0x39c3be00, 0x3a200000)
}
Event: 97.307 GC heap before
{Heap before GC invocations=12 (full 0):
 def new generation   total 4928K, used 4436K [0x24c00000, 0x25150000, 0x2a150000)
  eden space 4416K, 100% used [0x24c00000, 0x25050000, 0x25050000)
  from space 512K,   4% used [0x25050000, 0x250551f8, 0x250d0000)
  to   space 512K,   0% used [0x250d0000, 0x250d0000, 0x25150000)
 tenured generation   total 10944K, used 251K [0x2a150000, 0x2ac00000, 0x34c00000)
   the space 10944K,   2% used [0x2a150000, 0x2a18ed90, 0x2a18ee00, 0x2ac00000)
 compacting perm gen  total 12288K, used 626K [0x34c00000, 0x35800000, 0x38c00000)
   the space 12288K,   5% used [0x34c00000, 0x34c9c908, 0x34c9ca00, 0x35800000)
    ro space 10240K,  42% used [0x38c00000, 0x39036058, 0x39036200, 0x39600000)
    rw space 12288K,  51% used [0x39600000, 0x39c3bdb0, 0x39c3be00, 0x3a200000)
Event: 97.308 GC heap after
Heap after GC invocations=13 (full 0):
 def new generation   total 4928K, used 22K [0x24c00000, 0x25150000, 0x2a150000)
  eden space 4416K,   0% used [0x24c00000, 0x24c00000, 0x25050000)
  from space 512K,   4% used [0x250d0000, 0x250d5910, 0x25150000)
  to   space 512K,   0% used [0x25050000, 0x25050000, 0x250d0000)
 tenured generation   total 10944K, used 251K [0x2a150000, 0x2ac00000, 0x34c00000)
   the space 10944K,   2% used [0x2a150000, 0x2a18ed90, 0x2a18ee00, 0x2ac00000)
 compacting perm gen  total 12288K, used 626K [0x34c00000, 0x35800000, 0x38c00000)
   the space 12288K,   5% used [0x34c00000, 0x34c9c908, 0x34c9ca00, 0x35800000)
    ro space 10240K,  42% used [0x38c00000, 0x39036058, 0x39036200, 0x39600000)
    rw space 12288K,  51% used [0x39600000, 0x39c3bdb0, 0x39c3be00, 0x3a200000)
}

Deoptimization events (0 events):
No events

Internal exceptions (10 events):
Event: 96.906 Thread 0x02dbc400 Implicit null exception at 0x02e94044 to 0x02e94282
Event: 96.906 Thread 0x02dbc400 Threw 0x24fe2250 at C:\re\jdk7u79\2331\hotspot\src\share\vm\runtime\sharedRuntime.cpp:591
Event: 96.919 Thread 0x02dbc400 Implicit null exception at 0x02e94044 to 0x02e94282
Event: 96.919 Thread 0x02dbc400 Threw 0x24fe4c90 at C:\re\jdk7u79\2331\hotspot\src\share\vm\runtime\sharedRuntime.cpp:591
Event: 96.933 Thread 0x02dbc400 Implicit null exception at 0x02e94044 to 0x02e94282
Event: 96.933 Thread 0x02dbc400 Threw 0x24fe7898 at C:\re\jdk7u79\2331\hotspot\src\share\vm\runtime\sharedRuntime.cpp:591
Event: 96.936 Thread 0x02dbc400 Implicit null exception at 0x02e94044 to 0x02e94282
Event: 96.936 Thread 0x02dbc400 Threw 0x24fea458 at C:\re\jdk7u79\2331\hotspot\src\share\vm\runtime\sharedRuntime.cpp:591
Event: 96.948 Thread 0x02dbc400 Implicit null exception at 0x02e94044 to 0x02e94282
Event: 96.948 Thread 0x02dbc400 Threw 0x24fece48 at C:\re\jdk7u79\2331\hotspot\src\share\vm\runtime\sharedRuntime.cpp:591

Events (10 events):
Event: 79.731 Executing VM operation: GenCollectForAllocation
Event: 79.732 Executing VM operation: GenCollectForAllocation done
Event: 84.463 Executing VM operation: GenCollectForAllocation
Event: 84.464 Executing VM operation: GenCollectForAllocation done
Event: 88.698 Executing VM operation: GenCollectForAllocation
Event: 88.699 Executing VM operation: GenCollectForAllocation done
Event: 93.057 Executing VM operation: GenCollectForAllocation
Event: 93.058 Executing VM operation: GenCollectForAllocation done
Event: 97.307 Executing VM operation: GenCollectForAllocation
Event: 97.308 Executing VM operation: GenCollectForAllocation done


Dynamic libraries:
0x00220000 - 0x0024f000 	C:\Program Files (x86)\Java\jre7\bin\javaw.exe
0x77370000 - 0x774f2000 	C:\WINDOWS\SYSTEM32\ntdll.dll
0x756d0000 - 0x757b0000 	C:\WINDOWS\System32\KERNEL32.DLL
0x751b0000 - 0x75351000 	C:\WINDOWS\System32\KERNELBASE.dll
0x74aa0000 - 0x74b17000 	C:\WINDOWS\System32\ADVAPI32.dll
0x74bc0000 - 0x74c7e000 	C:\WINDOWS\System32\msvcrt.dll
0x74370000 - 0x743b1000 	C:\WINDOWS\System32\sechost.dll
0x742a0000 - 0x74361000 	C:\WINDOWS\System32\RPCRT4.dll
0x73e30000 - 0x73e4e000 	C:\WINDOWS\System32\SspiCli.dll
0x73e20000 - 0x73e2a000 	C:\WINDOWS\System32\CRYPTBASE.dll
0x75430000 - 0x7548a000 	C:\WINDOWS\System32\bcryptPrimitives.dll
0x743c0000 - 0x7451f000 	C:\WINDOWS\System32\USER32.dll
0x75360000 - 0x75375000 	C:\WINDOWS\System32\win32u.dll
0x75120000 - 0x7514b000 	C:\WINDOWS\System32\GDI32.dll
0x75490000 - 0x755eb000 	C:\WINDOWS\System32\gdi32full.dll
0x71690000 - 0x7189a000 	C:\WINDOWS\WinSxS\x86_microsoft.windows.common-controls_6595b64144ccf1df_6.0.14393.447_none_89c64d28dafea4b9\COMCTL32.dll
0x73ea0000 - 0x740b1000 	C:\WINDOWS\System32\combase.dll
0x74c80000 - 0x74d60000 	C:\WINDOWS\System32\ucrtbase.dll
0x73e70000 - 0x73e95000 	C:\WINDOWS\System32\IMM32.DLL
0x6f7c0000 - 0x6f87f000 	C:\Program Files (x86)\Java\jre7\bin\msvcr100.dll
0x6f030000 - 0x6f3b9000 	C:\Program Files (x86)\Java\jre7\bin\client\jvm.dll
0x74520000 - 0x74526000 	C:\WINDOWS\System32\PSAPI.DLL
0x730a0000 - 0x730a8000 	C:\WINDOWS\SYSTEM32\WSOCK32.dll
0x731e0000 - 0x73204000 	C:\WINDOWS\SYSTEM32\WINMM.dll
0x75660000 - 0x756c3000 	C:\WINDOWS\System32\WS2_32.dll
0x731b0000 - 0x731d3000 	C:\WINDOWS\SYSTEM32\WINMMBASE.dll
0x74b20000 - 0x74b56000 	C:\WINDOWS\System32\cfgmgr32.dll
0x737e0000 - 0x737ec000 	C:\Program Files (x86)\Java\jre7\bin\verify.dll
0x734b0000 - 0x734d0000 	C:\Program Files (x86)\Java\jre7\bin\java.dll
0x73490000 - 0x734a3000 	C:\Program Files (x86)\Java\jre7\bin\zip.dll
0x6d710000 - 0x6d996000 	C:\Users\amanz360\Documents\GitHub\MoleAI\ExampleBot\bwapi_bridge2_5.dll
0x537e0000 - 0x53851000 	C:\WINDOWS\SYSTEM32\MSVCP120.dll
0x6acc0000 - 0x6ad27000 	C:\Users\amanz360\Documents\GitHub\MoleAI\ExampleBot\libgmp-10.dll
0x6f540000 - 0x6f59e000 	C:\Users\amanz360\Documents\GitHub\MoleAI\ExampleBot\libmpfr-4.dll
0x73d30000 - 0x73e1e000 	C:\WINDOWS\SYSTEM32\MSVCR120.dll
0x72f00000 - 0x73045000 	C:\WINDOWS\SYSTEM32\dbghelp.dll

VM Arguments:
jvm_args: -Dfile.encoding=Cp1252 
java_command: TestBot1
Launcher Type: SUN_STANDARD

Environment Variables:
PATH=C:/Program Files (x86)/Java/jre7/bin/client;C:/Program Files (x86)/Java/jre7/bin;C:/Program Files (x86)/Java/jre7/lib/i386;C:\gurobi701\win64\bin;C:\Program Files (x86)\NVIDIA Corporation\PhysX\Common;C:\Program Files\Java\jdk1.8.0_45\bin;C:\ProgramData\Oracle\Java\javapath;c:\Program Files (x86)\Intel\iCLS Client\;c:\Program Files\Intel\iCLS Client\;C:\WINDOWS\system32;C:\WINDOWS;C:\WINDOWS\System32\Wbem;C:\WINDOWS\System32\WindowsPowerShell\v1.0\;C:\Program Files\Intel\WiFi\bin\;C:\Program Files\Common Files\Intel\WirelessCommon\;C:\Program Files\Mozart\bin;C:\Program Files\Microsoft SQL Server\110\Tools\Binn\;C:\Program Files (x86)\Skype\Phone\;C:\Program Files (x86)\Intel\Intel(R) Management Engine Components\DAL;C:\Program Files\Intel\Intel(R) Management Engine Components\DAL;C:\Program Files (x86)\Intel\Intel(R) Management Engine Components\IPT;C:\Program Files\Intel\Intel(R) Management Engine Components\IPT;C:\Go\bin;C:\WINDOWS\system32\config\systemprofile\.dnx\bin;C:\Program Files\Microsoft DNX\Dnvm\;C:\Program Files\Microsoft SQL Server\130\Tools\Binn\;C:\Program Files (x86)\Windows Kits\8.1\Windows Performance Toolkit\;c:\Program Files (x86)\Microsoft SQL Server\100\Tools\Binn\;c:\Program Files\Microsoft SQL Server\100\Tools\Binn\;c:\Program Files\Microsoft SQL Server\100\DTS\Binn\;C:\Users\amanz360\Anaconda3;C:\Users\amanz360\Anaconda3\Scripts;C:\Users\amanz360\Anaconda3\Library\bin;C:\Users\amanz360\AppData\Local\Microsoft\WindowsApps;;C:\Users\amanz360\Downloads\eclipse-java-mars-2-win32\eclipse;
USERNAME=amanz360
OS=Windows_NT
PROCESSOR_IDENTIFIER=Intel64 Family 6 Model 69 Stepping 1, GenuineIntel



---------------  S Y S T E M  ---------------

OS: Windows 8.1 , 64 bit Build 9600 

CPU:total 4 (2 cores per cpu, 2 threads per core) family 6 model 69 stepping 1, cmov, cx8, fxsr, mmx, sse, sse2, sse3, ssse3, sse4.1, sse4.2, popcnt, avx, avx2, aes, erms, ht, tsc, tscinvbit

Memory: 4k page, physical 6187596k(2538048k free), swap 11083292k(4386848k free)

vm_info: Java HotSpot(TM) Client VM (24.79-b02) for windows-x86 JRE (1.7.0_79-b15), built on Apr 10 2015 16:49:13 by "java_re" with unknown MS VC++:1600

time: Wed Dec 07 05:37:14 2016
elapsed time: 99 seconds

