#
# A fatal error has been detected by the Java Runtime Environment:
#
#  EXCEPTION_ACCESS_VIOLATION (0xc0000005) at pc=0x6e6854bb, pid=18352, tid=20568
#
# JRE version: Java(TM) SE Runtime Environment (7.0_79-b15) (build 1.7.0_79-b15)
# Java VM: Java HotSpot(TM) Client VM (24.79-b02 mixed mode, sharing windows-x86 )
# Problematic frame:
# V  [jvm.dll+0xc54bb]
#
# Failed to write core dump. Minidumps are not enabled by default on client versions of Windows
#
# If you would like to submit a bug report, please visit:
#   http://bugreport.java.com/bugreport/crash.jsp
#

---------------  T H R E A D  ---------------

Current thread (0x0103c400):  JavaThread "main" [_thread_in_vm, id=20568, stack(0x00db0000,0x00e00000)]

siginfo: ExceptionCode=0xc0000005, reading address 0x00000000

Registers:
EAX=0x00000000, EBX=0x049c66d8, ECX=0x00000000, EDX=0x00000007
ESP=0x00dfdaf4, EBP=0x00dfdb10, ESI=0x0103c530, EDI=0x0103c400
EIP=0x6e6854bb, EFLAGS=0x00010246

Top of Stack: (sp=0x00dfdaf4)
0x00dfdaf4:   00dfdc40 00000000 049c66d8 0103c400
0x00dfdb04:   00000000 00000000 049c66d8 00dfdb94
0x00dfdb14:   0f84c65a 0103c530 00000000 6e696f70
0x00dfdb24:   00726574 00dfdb94 0f84c61e 00000007
0x00dfdb34:   0000000f 624c004a 69706177 696e552f
0x00dfdb44:   01003b74 00000001 0000000f b053b1ef
0x00dfdb54:   0103c400 07453f88 34c45d68 00000000
0x00dfdb64:   00dfdbf8 0f8766bf 0103c530 00dfdb38 

Instructions: (pc=0x6e6854bb)
0x6e68549b:   f3 ff 83 c4 08 83 7f 04 00 89 7d f0 c7 45 f4 00
0x6e6854ab:   00 00 00 74 08 8d 4d f0 e8 a8 a6 0c 00 8b 45 0c
0x6e6854bb:   8b 08 8b 51 04 8b 42 40 50 56 e8 26 df 07 00 83
0x6e6854cb:   c4 08 83 7d f4 00 89 45 08 74 08 8d 4d f0 e8 c2 


Register to memory mapping:

EAX=0x00000000 is an unknown value
EBX=0x049c66d8 is a global jni handle
ECX=0x00000000 is an unknown value
EDX=0x00000007 is an unknown value
ESP=0x00dfdaf4 is pointing into the stack for thread: 0x0103c400
EBP=0x00dfdb10 is pointing into the stack for thread: 0x0103c400
ESI=0x0103c530 is an unknown value
EDI=0x0103c400 is a thread


Stack: [0x00db0000,0x00e00000],  sp=0x00dfdaf4,  free space=310k
Native frames: (J=compiled Java code, j=interpreted, Vv=VM code, C=native code)
V  [jvm.dll+0xc54bb]
C  [bwapi_bridge2_5.dll+0x1c65a]
C  [bwapi_bridge2_5.dll+0x387be]
j  bwapi.Unit.issueCommand_native(JLbwapi/UnitCommand;)Z+0
J 142 C1 Base.sendForce(Ljava/util/ArrayList;Lbwapi/Game;Lbwapi/TilePosition;)V (170 bytes) @ 0x02874f38 [0x02874c00+0x338]
J 141 C1 Base.manageForces(Lbwapi/Game;Lbwapi/TilePosition;)V (418 bytes) @ 0x0287279c [0x02871820+0xf7c]
J 104 C1 TestBot1.onFrame()V (362 bytes) @ 0x0285d63c [0x0285d0d0+0x56c]
J 127 C1 bwapi.AIModule.onFrame()V (17 bytes) @ 0x0286a704 [0x0286a6d0+0x34]
v  ~StubRoutines::call_stub
V  [jvm.dll+0x14234a]
V  [jvm.dll+0x206ebe]
V  [jvm.dll+0x1423cd]
V  [jvm.dll+0xcb5c2]
V  [jvm.dll+0xcf213]
C  [bwapi_bridge2_5.dll+0x1b20d]
C  [bwapi_bridge2_5.dll+0x75101]
j  bwapi.Mirror.startGame()V+0
j  TestBot1.run()V+15
j  TestBot1.main([Ljava/lang/String;)V+7
v  ~StubRoutines::call_stub
V  [jvm.dll+0x14234a]
V  [jvm.dll+0x206ebe]
V  [jvm.dll+0x1423cd]
V  [jvm.dll+0xcb345]
V  [jvm.dll+0xd5ff7]
C  [javaw.exe+0x2070]
C  [javaw.exe+0xa601]
C  [javaw.exe+0xa68b]
C  [KERNEL32.DLL+0x162c4]
C  [ntdll.dll+0x60719]
C  [ntdll.dll+0x606e4]

Java frames: (J=compiled Java code, j=interpreted, Vv=VM code)
j  bwapi.Unit.issueCommand_native(JLbwapi/UnitCommand;)Z+0
J 142 C1 Base.sendForce(Ljava/util/ArrayList;Lbwapi/Game;Lbwapi/TilePosition;)V (170 bytes) @ 0x02874f38 [0x02874c00+0x338]
J 141 C1 Base.manageForces(Lbwapi/Game;Lbwapi/TilePosition;)V (418 bytes) @ 0x0287279c [0x02871820+0xf7c]
J 104 C1 TestBot1.onFrame()V (362 bytes) @ 0x0285d63c [0x0285d0d0+0x56c]
J 127 C1 bwapi.AIModule.onFrame()V (17 bytes) @ 0x0286a704 [0x0286a6d0+0x34]
v  ~StubRoutines::call_stub
j  bwapi.Mirror.startGame()V+0
j  TestBot1.run()V+15
j  TestBot1.main([Ljava/lang/String;)V+7
v  ~StubRoutines::call_stub

---------------  P R O C E S S  ---------------

Java Threads: ( => current thread )
  0x00f08c00 JavaThread "Service Thread" daemon [_thread_blocked, id=9512, stack(0x048d0000,0x04920000)]
  0x00f06c00 JavaThread "C1 CompilerThread0" daemon [_thread_blocked, id=21188, stack(0x04840000,0x04890000)]
  0x00f05c00 JavaThread "Attach Listener" daemon [_thread_blocked, id=21952, stack(0x047b0000,0x04800000)]
  0x00eff000 JavaThread "Signal Dispatcher" daemon [_thread_blocked, id=21732, stack(0x012f0000,0x01340000)]
  0x00e90c00 JavaThread "Finalizer" daemon [_thread_blocked, id=7056, stack(0x01260000,0x012b0000)]
  0x00e8f000 JavaThread "Reference Handler" daemon [_thread_blocked, id=19352, stack(0x011d0000,0x01220000)]
=>0x0103c400 JavaThread "main" [_thread_in_vm, id=20568, stack(0x00db0000,0x00e00000)]

Other Threads:
  0x00e8dc00 VMThread [stack: 0x01140000,0x01190000] [id=15508]
  0x00f1d000 WatcherThread [stack: 0x04960000,0x049b0000] [id=18136]

VM state:not at safepoint (normal execution)

VM Mutex/Monitor currently owned by a thread: None

Heap
 def new generation   total 4928K, used 297K [0x24c00000, 0x25150000, 0x2a150000)
  eden space 4416K,   4% used [0x24c00000, 0x24c2e0e0, 0x25050000)
  from space 512K,  22% used [0x250d0000, 0x250ec4d8, 0x25150000)
  to   space 512K,   0% used [0x25050000, 0x25050000, 0x250d0000)
 tenured generation   total 10944K, used 315K [0x2a150000, 0x2ac00000, 0x34c00000)
   the space 10944K,   2% used [0x2a150000, 0x2a19eda0, 0x2a19ee00, 0x2ac00000)
 compacting perm gen  total 12288K, used 629K [0x34c00000, 0x35800000, 0x38c00000)
   the space 12288K,   5% used [0x34c00000, 0x34c9d760, 0x34c9d800, 0x35800000)
    ro space 10240K,  42% used [0x38c00000, 0x39036058, 0x39036200, 0x39600000)
    rw space 12288K,  51% used [0x39600000, 0x39c3bdb0, 0x39c3be00, 0x3a200000)

Card table byte_map: [0x01040000,0x010f0000] byte_map_base: 0x00f1a000

Polling page: 0x00ba0000

Code Cache  [0x027b0000, 0x02898000, 0x047b0000)
 total_blobs=382 nmethods=245 adapters=74 free_code_cache=31867Kb largest_free_block=32632320

Compilation events (10 events):
Event: 141.255 Thread 0x00f06c00  241             bwapi.Position::toString (40 bytes)
Event: 141.255 Thread 0x00f06c00 nmethod 241 0x0288af08 code [0x0288b050, 0x0288b2a8]
Event: 147.206 Thread 0x00f06c00  242             java.util.HashMap$Entry::recordRemoval (1 bytes)
Event: 147.206 Thread 0x00f06c00 nmethod 242 0x0288b448 code [0x0288b540, 0x0288b5c0]
Event: 148.284 Thread 0x00f06c00  243             java.util.HashMap::removeEntryForKey (159 bytes)
Event: 148.284 Thread 0x00f06c00 nmethod 243 0x0288b608 code [0x0288b740, 0x0288b9c4]
Event: 156.285 Thread 0x00f06c00  244             bwapi.TilePosition::toString (40 bytes)
Event: 156.285 Thread 0x00f06c00 nmethod 244 0x0288bc48 code [0x0288bd90, 0x0288bfe8]
Event: 170.612 Thread 0x00f06c00  245             TestBot1::onUnitCreate (615 bytes)
Event: 170.617 Thread 0x00f06c00 nmethod 245 0x0288c188 code [0x0288c700, 0x0288e724]

GC Heap History (10 events):
Event: 184.331 GC heap before
{Heap before GC invocations=42 (full 0):
 def new generation   total 4928K, used 4515K [0x24c00000, 0x25150000, 0x2a150000)
  eden space 4416K, 100% used [0x24c00000, 0x25050000, 0x25050000)
  from space 512K,  19% used [0x25050000, 0x25068c88, 0x250d0000)
  to   space 512K,   0% used [0x250d0000, 0x250d0000, 0x25150000)
 tenured generation   total 10944K, used 292K [0x2a150000, 0x2ac00000, 0x34c00000)
   the space 10944K,   2% used [0x2a150000, 0x2a1992d8, 0x2a199400, 0x2ac00000)
 compacting perm gen  total 12288K, used 629K [0x34c00000, 0x35800000, 0x38c00000)
   the space 12288K,   5% used [0x34c00000, 0x34c9d760, 0x34c9d800, 0x35800000)
    ro space 10240K,  42% used [0x38c00000, 0x39036058, 0x39036200, 0x39600000)
    rw space 12288K,  51% used [0x39600000, 0x39c3bdb0, 0x39c3be00, 0x3a200000)
Event: 184.332 GC heap after
Heap after GC invocations=43 (full 0):
 def new generation   total 4928K, used 106K [0x24c00000, 0x25150000, 0x2a150000)
  eden space 4416K,   0% used [0x24c00000, 0x24c00000, 0x25050000)
  from space 512K,  20% used [0x250d0000, 0x250ea890, 0x25150000)
  to   space 512K,   0% used [0x25050000, 0x25050000, 0x250d0000)
 tenured generation   total 10944K, used 292K [0x2a150000, 0x2ac00000, 0x34c00000)
   the space 10944K,   2% used [0x2a150000, 0x2a1992d8, 0x2a199400, 0x2ac00000)
 compacting perm gen  total 12288K, used 629K [0x34c00000, 0x35800000, 0x38c00000)
   the space 12288K,   5% used [0x34c00000, 0x34c9d760, 0x34c9d800, 0x35800000)
    ro space 10240K,  42% used [0x38c00000, 0x39036058, 0x39036200, 0x39600000)
    rw space 12288K,  51% used [0x39600000, 0x39c3bdb0, 0x39c3be00, 0x3a200000)
}
Event: 188.208 GC heap before
{Heap before GC invocations=43 (full 0):
 def new generation   total 4928K, used 4522K [0x24c00000, 0x25150000, 0x2a150000)
  eden space 4416K, 100% used [0x24c00000, 0x25050000, 0x25050000)
  from space 512K,  20% used [0x250d0000, 0x250ea890, 0x25150000)
  to   space 512K,   0% used [0x25050000, 0x25050000, 0x250d0000)
 tenured generation   total 10944K, used 292K [0x2a150000, 0x2ac00000, 0x34c00000)
   the space 10944K,   2% used [0x2a150000, 0x2a1992d8, 0x2a199400, 0x2ac00000)
 compacting perm gen  total 12288K, used 629K [0x34c00000, 0x35800000, 0x38c00000)
   the space 12288K,   5% used [0x34c00000, 0x34c9d760, 0x34c9d800, 0x35800000)
    ro space 10240K,  42% used [0x38c00000, 0x39036058, 0x39036200, 0x39600000)
    rw space 12288K,  51% used [0x39600000, 0x39c3bdb0, 0x39c3be00, 0x3a200000)
Event: 188.209 GC heap after
Heap after GC invocations=44 (full 0):
 def new generation   total 4928K, used 109K [0x24c00000, 0x25150000, 0x2a150000)
  eden space 4416K,   0% used [0x24c00000, 0x24c00000, 0x25050000)
  from space 512K,  21% used [0x25050000, 0x2506b4c8, 0x250d0000)
  to   space 512K,   0% used [0x250d0000, 0x250d0000, 0x25150000)
 tenured generation   total 10944K, used 297K [0x2a150000, 0x2ac00000, 0x34c00000)
   the space 10944K,   2% used [0x2a150000, 0x2a19a7c8, 0x2a19a800, 0x2ac00000)
 compacting perm gen  total 12288K, used 629K [0x34c00000, 0x35800000, 0x38c00000)
   the space 12288K,   5% used [0x34c00000, 0x34c9d760, 0x34c9d800, 0x35800000)
    ro space 10240K,  42% used [0x38c00000, 0x39036058, 0x39036200, 0x39600000)
    rw space 12288K,  51% used [0x39600000, 0x39c3bdb0, 0x39c3be00, 0x3a200000)
}
Event: 192.018 GC heap before
{Heap before GC invocations=44 (full 0):
 def new generation   total 4928K, used 4525K [0x24c00000, 0x25150000, 0x2a150000)
  eden space 4416K, 100% used [0x24c00000, 0x25050000, 0x25050000)
  from space 512K,  21% used [0x25050000, 0x2506b4c8, 0x250d0000)
  to   space 512K,   0% used [0x250d0000, 0x250d0000, 0x25150000)
 tenured generation   total 10944K, used 297K [0x2a150000, 0x2ac00000, 0x34c00000)
   the space 10944K,   2% used [0x2a150000, 0x2a19a7c8, 0x2a19a800, 0x2ac00000)
 compacting perm gen  total 12288K, used 629K [0x34c00000, 0x35800000, 0x38c00000)
   the space 12288K,   5% used [0x34c00000, 0x34c9d760, 0x34c9d800, 0x35800000)
    ro space 10240K,  42% used [0x38c00000, 0x39036058, 0x39036200, 0x39600000)
    rw space 12288K,  51% used [0x39600000, 0x39c3bdb0, 0x39c3be00, 0x3a200000)
Event: 192.019 GC heap after
Heap after GC invocations=45 (full 0):
 def new generation   total 4928K, used 112K [0x24c00000, 0x25150000, 0x2a150000)
  eden space 4416K,   0% used [0x24c00000, 0x24c00000, 0x25050000)
  from space 512K,  22% used [0x250d0000, 0x250ec3e8, 0x25150000)
  to   space 512K,   0% used [0x25050000, 0x25050000, 0x250d0000)
 tenured generation   total 10944K, used 304K [0x2a150000, 0x2ac00000, 0x34c00000)
   the space 10944K,   2% used [0x2a150000, 0x2a19c128, 0x2a19c200, 0x2ac00000)
 compacting perm gen  total 12288K, used 629K [0x34c00000, 0x35800000, 0x38c00000)
   the space 12288K,   5% used [0x34c00000, 0x34c9d760, 0x34c9d800, 0x35800000)
    ro space 10240K,  42% used [0x38c00000, 0x39036058, 0x39036200, 0x39600000)
    rw space 12288K,  51% used [0x39600000, 0x39c3bdb0, 0x39c3be00, 0x3a200000)
}
Event: 196.225 GC heap before
{Heap before GC invocations=45 (full 0):
 def new generation   total 4928K, used 4528K [0x24c00000, 0x25150000, 0x2a150000)
  eden space 4416K, 100% used [0x24c00000, 0x25050000, 0x25050000)
  from space 512K,  22% used [0x250d0000, 0x250ec3e8, 0x25150000)
  to   space 512K,   0% used [0x25050000, 0x25050000, 0x250d0000)
 tenured generation   total 10944K, used 304K [0x2a150000, 0x2ac00000, 0x34c00000)
   the space 10944K,   2% used [0x2a150000, 0x2a19c128, 0x2a19c200, 0x2ac00000)
 compacting perm gen  total 12288K, used 629K [0x34c00000, 0x35800000, 0x38c00000)
   the space 12288K,   5% used [0x34c00000, 0x34c9d760, 0x34c9d800, 0x35800000)
    ro space 10240K,  42% used [0x38c00000, 0x39036058, 0x39036200, 0x39600000)
    rw space 12288K,  51% used [0x39600000, 0x39c3bdb0, 0x39c3be00, 0x3a200000)
Event: 196.225 GC heap after
Heap after GC invocations=46 (full 0):
 def new generation   total 4928K, used 112K [0x24c00000, 0x25150000, 0x2a150000)
  eden space 4416K,   0% used [0x24c00000, 0x24c00000, 0x25050000)
  from space 512K,  22% used [0x25050000, 0x2506c2a0, 0x250d0000)
  to   space 512K,   0% used [0x250d0000, 0x250d0000, 0x25150000)
 tenured generation   total 10944K, used 309K [0x2a150000, 0x2ac00000, 0x34c00000)
   the space 10944K,   2% used [0x2a150000, 0x2a19d5d8, 0x2a19d600, 0x2ac00000)
 compacting perm gen  total 12288K, used 629K [0x34c00000, 0x35800000, 0x38c00000)
   the space 12288K,   5% used [0x34c00000, 0x34c9d760, 0x34c9d800, 0x35800000)
    ro space 10240K,  42% used [0x38c00000, 0x39036058, 0x39036200, 0x39600000)
    rw space 12288K,  51% used [0x39600000, 0x39c3bdb0, 0x39c3be00, 0x3a200000)
}
Event: 200.753 GC heap before
{Heap before GC invocations=46 (full 0):
 def new generation   total 4928K, used 4528K [0x24c00000, 0x25150000, 0x2a150000)
  eden space 4416K, 100% used [0x24c00000, 0x25050000, 0x25050000)
  from space 512K,  22% used [0x25050000, 0x2506c2a0, 0x250d0000)
  to   space 512K,   0% used [0x250d0000, 0x250d0000, 0x25150000)
 tenured generation   total 10944K, used 309K [0x2a150000, 0x2ac00000, 0x34c00000)
   the space 10944K,   2% used [0x2a150000, 0x2a19d5d8, 0x2a19d600, 0x2ac00000)
 compacting perm gen  total 12288K, used 629K [0x34c00000, 0x35800000, 0x38c00000)
   the space 12288K,   5% used [0x34c00000, 0x34c9d760, 0x34c9d800, 0x35800000)
    ro space 10240K,  42% used [0x38c00000, 0x39036058, 0x39036200, 0x39600000)
    rw space 12288K,  51% used [0x39600000, 0x39c3bdb0, 0x39c3be00, 0x3a200000)
Event: 200.753 GC heap after
Heap after GC invocations=47 (full 0):
 def new generation   total 4928K, used 113K [0x24c00000, 0x25150000, 0x2a150000)
  eden space 4416K,   0% used [0x24c00000, 0x24c00000, 0x25050000)
  from space 512K,  22% used [0x250d0000, 0x250ec4d8, 0x25150000)
  to   space 512K,   0% used [0x25050000, 0x25050000, 0x250d0000)
 tenured generation   total 10944K, used 315K [0x2a150000, 0x2ac00000, 0x34c00000)
   the space 10944K,   2% used [0x2a150000, 0x2a19eda0, 0x2a19ee00, 0x2ac00000)
 compacting perm gen  total 12288K, used 629K [0x34c00000, 0x35800000, 0x38c00000)
   the space 12288K,   5% used [0x34c00000, 0x34c9d760, 0x34c9d800, 0x35800000)
    ro space 10240K,  42% used [0x38c00000, 0x39036058, 0x39036200, 0x39600000)
    rw space 12288K,  51% used [0x39600000, 0x39c3bdb0, 0x39c3be00, 0x3a200000)
}

Deoptimization events (0 events):
No events

Internal exceptions (10 events):
Event: 5.598 Thread 0x0103c400 Threw 0x24d2f010 at C:\re\jdk7u79\2331\hotspot\src\share\vm\prims\jvm.cpp:1304
Event: 5.599 Thread 0x0103c400 Threw 0x24d32250 at C:\re\jdk7u79\2331\hotspot\src\share\vm\prims\jvm.cpp:1304
Event: 5.599 Thread 0x0103c400 Threw 0x24d34750 at C:\re\jdk7u79\2331\hotspot\src\share\vm\prims\jvm.cpp:1304
Event: 5.610 Thread 0x0103c400 Threw 0x24d81230 at C:\re\jdk7u79\2331\hotspot\src\share\vm\prims\jvm.cpp:1304
Event: 5.612 Thread 0x0103c400 Threw 0x24d88468 at C:\re\jdk7u79\2331\hotspot\src\share\vm\prims\jvm.cpp:1304
Event: 5.623 Thread 0x0103c400 Threw 0x24dab348 at C:\re\jdk7u79\2331\hotspot\src\share\vm\prims\jvm.cpp:1304
Event: 15.971 Thread 0x0103c400 Threw 0x24fe8bd8 at C:\re\jdk7u79\2331\hotspot\src\share\vm\prims\jvm.cpp:1304
Event: 15.972 Thread 0x0103c400 Threw 0x24fea2f8 at C:\re\jdk7u79\2331\hotspot\src\share\vm\prims\jvm.cpp:1304
Event: 45.284 Thread 0x0103c400 Threw 0x250451c8 at C:\re\jdk7u79\2331\hotspot\src\share\vm\prims\jvm.cpp:1304
Event: 45.285 Thread 0x0103c400 Threw 0x2504afe0 at C:\re\jdk7u79\2331\hotspot\src\share\vm\prims\jvm.cpp:1304

Events (10 events):
Event: 184.331 Executing VM operation: GenCollectForAllocation
Event: 184.332 Executing VM operation: GenCollectForAllocation done
Event: 188.208 Executing VM operation: GenCollectForAllocation
Event: 188.209 Executing VM operation: GenCollectForAllocation done
Event: 192.018 Executing VM operation: GenCollectForAllocation
Event: 192.019 Executing VM operation: GenCollectForAllocation done
Event: 196.225 Executing VM operation: GenCollectForAllocation
Event: 196.225 Executing VM operation: GenCollectForAllocation done
Event: 200.753 Executing VM operation: GenCollectForAllocation
Event: 200.753 Executing VM operation: GenCollectForAllocation done


Dynamic libraries:
0x01380000 - 0x013af000 	C:\Program Files (x86)\Java\jre7\bin\javaw.exe
0x77370000 - 0x774f2000 	C:\WINDOWS\SYSTEM32\ntdll.dll
0x756d0000 - 0x757b0000 	C:\WINDOWS\System32\KERNEL32.DLL
0x751b0000 - 0x75351000 	C:\WINDOWS\System32\KERNELBASE.dll
0x74aa0000 - 0x74b17000 	C:\WINDOWS\System32\ADVAPI32.dll
0x74bc0000 - 0x74c7e000 	C:\WINDOWS\System32\msvcrt.dll
0x74370000 - 0x743b1000 	C:\WINDOWS\System32\sechost.dll
0x742a0000 - 0x74361000 	C:\WINDOWS\System32\RPCRT4.dll
0x73e30000 - 0x73e4e000 	C:\WINDOWS\System32\SspiCli.dll
0x73e20000 - 0x73e2a000 	C:\WINDOWS\System32\CRYPTBASE.dll
0x75430000 - 0x7548a000 	C:\WINDOWS\System32\bcryptPrimitives.dll
0x743c0000 - 0x7451f000 	C:\WINDOWS\System32\USER32.dll
0x75360000 - 0x75375000 	C:\WINDOWS\System32\win32u.dll
0x75120000 - 0x7514b000 	C:\WINDOWS\System32\GDI32.dll
0x75490000 - 0x755eb000 	C:\WINDOWS\System32\gdi32full.dll
0x71690000 - 0x7189a000 	C:\WINDOWS\WinSxS\x86_microsoft.windows.common-controls_6595b64144ccf1df_6.0.14393.447_none_89c64d28dafea4b9\COMCTL32.dll
0x73ea0000 - 0x740b1000 	C:\WINDOWS\System32\combase.dll
0x74c80000 - 0x74d60000 	C:\WINDOWS\System32\ucrtbase.dll
0x73e70000 - 0x73e95000 	C:\WINDOWS\System32\IMM32.DLL
0x77dc0000 - 0x77e7f000 	C:\Program Files (x86)\Java\jre7\bin\msvcr100.dll
0x6e5c0000 - 0x6e949000 	C:\Program Files (x86)\Java\jre7\bin\client\jvm.dll
0x74520000 - 0x74526000 	C:\WINDOWS\System32\PSAPI.DLL
0x731e0000 - 0x73204000 	C:\WINDOWS\SYSTEM32\WINMM.dll
0x730a0000 - 0x730a8000 	C:\WINDOWS\SYSTEM32\WSOCK32.dll
0x75660000 - 0x756c3000 	C:\WINDOWS\System32\WS2_32.dll
0x731b0000 - 0x731d3000 	C:\WINDOWS\SYSTEM32\WINMMBASE.dll
0x74b20000 - 0x74b56000 	C:\WINDOWS\System32\cfgmgr32.dll
0x60b30000 - 0x60b3c000 	C:\Program Files (x86)\Java\jre7\bin\verify.dll
0x5ae60000 - 0x5ae80000 	C:\Program Files (x86)\Java\jre7\bin\java.dll
0x5ad50000 - 0x5ad63000 	C:\Program Files (x86)\Java\jre7\bin\zip.dll
0x0f830000 - 0x0fab6000 	C:\Users\amanz360\Documents\GitHub\MoleAI\ExampleBot\bwapi_bridge2_5.dll
0x537e0000 - 0x53851000 	C:\WINDOWS\SYSTEM32\MSVCP120.dll
0x73d30000 - 0x73e1e000 	C:\WINDOWS\SYSTEM32\MSVCR120.dll
0x6f540000 - 0x6f59e000 	C:\Users\amanz360\Documents\GitHub\MoleAI\ExampleBot\libmpfr-4.dll
0x6acc0000 - 0x6ad27000 	C:\Users\amanz360\Documents\GitHub\MoleAI\ExampleBot\libgmp-10.dll
0x72f00000 - 0x73045000 	C:\WINDOWS\SYSTEM32\dbghelp.dll

VM Arguments:
jvm_args: -Dfile.encoding=Cp1252 
java_command: TestBot1
Launcher Type: SUN_STANDARD

Environment Variables:
PATH=C:/Program Files (x86)/Java/jre7/bin/client;C:/Program Files (x86)/Java/jre7/bin;C:/Program Files (x86)/Java/jre7/lib/i386;C:\gurobi701\win64\bin;C:\Program Files (x86)\NVIDIA Corporation\PhysX\Common;C:\Program Files\Java\jdk1.8.0_45\bin;C:\ProgramData\Oracle\Java\javapath;c:\Program Files (x86)\Intel\iCLS Client\;c:\Program Files\Intel\iCLS Client\;C:\WINDOWS\system32;C:\WINDOWS;C:\WINDOWS\System32\Wbem;C:\WINDOWS\System32\WindowsPowerShell\v1.0\;C:\Program Files\Intel\WiFi\bin\;C:\Program Files\Common Files\Intel\WirelessCommon\;C:\Program Files\Mozart\bin;C:\Program Files\Microsoft SQL Server\110\Tools\Binn\;C:\Program Files (x86)\Skype\Phone\;C:\Program Files (x86)\Intel\Intel(R) Management Engine Components\DAL;C:\Program Files\Intel\Intel(R) Management Engine Components\DAL;C:\Program Files (x86)\Intel\Intel(R) Management Engine Components\IPT;C:\Program Files\Intel\Intel(R) Management Engine Components\IPT;C:\Go\bin;C:\WINDOWS\system32\config\systemprofile\.dnx\bin;C:\Program Files\Microsoft DNX\Dnvm\;C:\Program Files\Microsoft SQL Server\130\Tools\Binn\;C:\Program Files (x86)\Windows Kits\8.1\Windows Performance Toolkit\;c:\Program Files (x86)\Microsoft SQL Server\100\Tools\Binn\;c:\Program Files\Microsoft SQL Server\100\Tools\Binn\;c:\Program Files\Microsoft SQL Server\100\DTS\Binn\;C:\Users\amanz360\Anaconda3;C:\Users\amanz360\Anaconda3\Scripts;C:\Users\amanz360\Anaconda3\Library\bin;C:\Users\amanz360\AppData\Local\Microsoft\WindowsApps;;C:\Users\amanz360\Downloads\eclipse-java-mars-2-win32\eclipse;
USERNAME=amanz360
OS=Windows_NT
PROCESSOR_IDENTIFIER=Intel64 Family 6 Model 69 Stepping 1, GenuineIntel



---------------  S Y S T E M  ---------------

OS: Windows 8.1 , 64 bit Build 9600 

CPU:total 4 (2 cores per cpu, 2 threads per core) family 6 model 69 stepping 1, cmov, cx8, fxsr, mmx, sse, sse2, sse3, ssse3, sse4.1, sse4.2, popcnt, avx, avx2, aes, erms, ht, tsc, tscinvbit

Memory: 4k page, physical 6187596k(2962004k free), swap 11083292k(4953696k free)

vm_info: Java HotSpot(TM) Client VM (24.79-b02) for windows-x86 JRE (1.7.0_79-b15), built on Apr 10 2015 16:49:13 by "java_re" with unknown MS VC++:1600

time: Wed Dec 07 19:53:59 2016
elapsed time: 200 seconds

