#
# A fatal error has been detected by the Java Runtime Environment:
#
#  EXCEPTION_ACCESS_VIOLATION (0xc0000005) at pc=0x5f7254bb, pid=37308, tid=27956
#
# JRE version: Java(TM) SE Runtime Environment (7.0_79-b15) (build 1.7.0_79-b15)
# Java VM: Java HotSpot(TM) Client VM (24.79-b02 mixed mode, sharing windows-x86 )
# Problematic frame:
# V  [jvm.dll+0xc54bb]
#
# Failed to write core dump. Minidumps are not enabled by default on client versions of Windows
#
# If you would like to submit a bug report, please visit:
#   http://bugreport.java.com/bugreport/crash.jsp
#

---------------  T H R E A D  ---------------

Current thread (0x0220c400):  JavaThread "main" [_thread_in_vm, id=27956, stack(0x00900000,0x00950000)]

siginfo: ExceptionCode=0xc0000005, reading address 0x00000000

Registers:
EAX=0x00000000, EBX=0x0220c530, ECX=0x00000000, EDX=0x00000001
ESP=0x0094dc2c, EBP=0x0094dc48, ESI=0x0220c530, EDI=0x0220c400
EIP=0x5f7254bb, EFLAGS=0x00010246

Top of Stack: (sp=0x0094dc2c)
0x0094dc2c:   00000000 24cef3c0 0220c530 0220c400
0x0094dc3c:   00000000 24cef3c0 00000000 0094dc98
0x0094dc4c:   7792554d 0220c530 00000000 24ce0079
0x0094dc5c:   00000000 0094dc98 7792551c 00000001
0x0094dc6c:   0000000f 00000049 00000000 00000000
0x0094dc7c:   00000000 00000001 0000000f 0220c400
0x0094dc8c:   24cef3c0 00000000 24cef1d8 0094dcc8
0x0094dc9c:   022e0538 0220c530 0094dcb4 072a08b8 

Instructions: (pc=0x5f7254bb)
0x5f72549b:   f3 ff 83 c4 08 83 7f 04 00 89 7d f0 c7 45 f4 00
0x5f7254ab:   00 00 00 74 08 8d 4d f0 e8 a8 a6 0c 00 8b 45 0c
0x5f7254bb:   8b 08 8b 51 04 8b 42 40 50 56 e8 26 df 07 00 83
0x5f7254cb:   c4 08 83 7d f4 00 89 45 08 74 08 8d 4d f0 e8 c2 


Register to memory mapping:

EAX=0x00000000 is an unknown value
EBX=0x0220c530 is an unknown value
ECX=0x00000000 is an unknown value
EDX=0x00000001 is an unknown value
ESP=0x0094dc2c is pointing into the stack for thread: 0x0220c400
EBP=0x0094dc48 is pointing into the stack for thread: 0x0220c400
ESI=0x0220c530 is an unknown value
EDI=0x0220c400 is a thread


Stack: [0x00900000,0x00950000],  sp=0x0094dc2c,  free space=311k
Native frames: (J=compiled Java code, j=interpreted, Vv=VM code, C=native code)
V  [jvm.dll+0xc54bb]
C  [bwapi_bridge2_5.dll+0x3554d]
J 205  bwapi.Unit.getDistance_native(JLbwapi/Position;)I (0 bytes) @ 0x022e0538 [0x022e0490+0xa8]
J 109 C1 Base.assaultPosition(Lbwapi/Game;)V (350 bytes) @ 0x022bba7c [0x022bb910+0x16c]
J 186 C1 Base.manageMarines(Lbwapi/Game;)V (84 bytes) @ 0x022d7910 [0x022d77e0+0x130]
J 139 C1 StrategyManager.runBases(Lbwapi/Game;Lbwapi/Player;)V (315 bytes) @ 0x022c7938 [0x022c75a0+0x398]
J 181 C1 StrategyManager.update(Lbwapi/Game;Lbwapi/Player;)V (100 bytes) @ 0x022d62bc [0x022d6130+0x18c]
J 172 C1 TestBot1.onFrame()V (86 bytes) @ 0x022d50dc [0x022d4e70+0x26c]
J 171 C1 bwapi.AIModule.onFrame()V (17 bytes) @ 0x022d4984 [0x022d4950+0x34]
v  ~StubRoutines::call_stub
V  [jvm.dll+0x14234a]
V  [jvm.dll+0x206ebe]
V  [jvm.dll+0x1423cd]
V  [jvm.dll+0xcb5c2]
V  [jvm.dll+0xcf213]
C  [bwapi_bridge2_5.dll+0x1b20d]
C  [bwapi_bridge2_5.dll+0x75101]
j  bwapi.Mirror.startGame()V+0
j  TestBot1.run()V+15
j  TestBot1.main([Ljava/lang/String;)V+7
v  ~StubRoutines::call_stub
V  [jvm.dll+0x14234a]
V  [jvm.dll+0x206ebe]
V  [jvm.dll+0x1423cd]
V  [jvm.dll+0xcb345]
V  [jvm.dll+0xd5ff7]
C  [javaw.exe+0x2070]
C  [javaw.exe+0xa601]
C  [javaw.exe+0xa68b]
C  [KERNEL32.DLL+0x162c4]
C  [ntdll.dll+0x60719]
C  [ntdll.dll+0x606e4]

Java frames: (J=compiled Java code, j=interpreted, Vv=VM code)
J 205  bwapi.Unit.getDistance_native(JLbwapi/Position;)I (0 bytes) @ 0x022e04f4 [0x022e0490+0x64]
J 109 C1 Base.assaultPosition(Lbwapi/Game;)V (350 bytes) @ 0x022bba7c [0x022bb910+0x16c]
J 186 C1 Base.manageMarines(Lbwapi/Game;)V (84 bytes) @ 0x022d7910 [0x022d77e0+0x130]
J 139 C1 StrategyManager.runBases(Lbwapi/Game;Lbwapi/Player;)V (315 bytes) @ 0x022c7938 [0x022c75a0+0x398]
J 181 C1 StrategyManager.update(Lbwapi/Game;Lbwapi/Player;)V (100 bytes) @ 0x022d62bc [0x022d6130+0x18c]
J 172 C1 TestBot1.onFrame()V (86 bytes) @ 0x022d50dc [0x022d4e70+0x26c]
J 171 C1 bwapi.AIModule.onFrame()V (17 bytes) @ 0x022d4984 [0x022d4950+0x34]
v  ~StubRoutines::call_stub
j  bwapi.Mirror.startGame()V+0
j  TestBot1.run()V+15
j  TestBot1.main([Ljava/lang/String;)V+7
v  ~StubRoutines::call_stub

---------------  P R O C E S S  ---------------

Java Threads: ( => current thread )
  0x02126000 JavaThread "Service Thread" daemon [_thread_blocked, id=36836, stack(0x04710000,0x04760000)]
  0x02123800 JavaThread "C1 CompilerThread0" daemon [_thread_blocked, id=13724, stack(0x04680000,0x046d0000)]
  0x02122000 JavaThread "Attach Listener" daemon [_thread_blocked, id=37536, stack(0x045f0000,0x04640000)]
  0x0211ec00 JavaThread "Signal Dispatcher" daemon [_thread_blocked, id=34856, stack(0x04560000,0x045b0000)]
  0x020b0c00 JavaThread "Finalizer" daemon [_thread_blocked, id=35960, stack(0x044d0000,0x04520000)]
  0x020af000 JavaThread "Reference Handler" daemon [_thread_blocked, id=32824, stack(0x04440000,0x04490000)]
=>0x0220c400 JavaThread "main" [_thread_in_vm, id=27956, stack(0x00900000,0x00950000)]

Other Threads:
  0x020adc00 VMThread [stack: 0x043b0000,0x04400000] [id=28572]
  0x0213dc00 WatcherThread [stack: 0x047a0000,0x047f0000] [id=36716]

VM state:not at safepoint (normal execution)

VM Mutex/Monitor currently owned by a thread: None

Heap
 def new generation   total 4928K, used 1011K [0x24c00000, 0x25150000, 0x2a150000)
  eden space 4416K,  22% used [0x24c00000, 0x24cfc480, 0x25050000)
  from space 512K,   0% used [0x25050000, 0x250509e0, 0x250d0000)
  to   space 512K,   0% used [0x250d0000, 0x250d0000, 0x25150000)
 tenured generation   total 10944K, used 271K [0x2a150000, 0x2ac00000, 0x34c00000)
   the space 10944K,   2% used [0x2a150000, 0x2a193cf8, 0x2a193e00, 0x2ac00000)
 compacting perm gen  total 12288K, used 657K [0x34c00000, 0x35800000, 0x38c00000)
   the space 12288K,   5% used [0x34c00000, 0x34ca46c0, 0x34ca4800, 0x35800000)
    ro space 10240K,  42% used [0x38c00000, 0x39036058, 0x39036200, 0x39600000)
    rw space 12288K,  51% used [0x39600000, 0x39c3bdb0, 0x39c3be00, 0x3a200000)

Card table byte_map: [0x04290000,0x04340000] byte_map_base: 0x0416a000

Polling page: 0x00780000

Code Cache  [0x02210000, 0x022e8000, 0x04210000)
 total_blobs=350 nmethods=213 adapters=74 free_code_cache=31929Kb largest_free_block=32695296

Compilation events (10 events):
Event: 30.872 Thread 0x02123800  201             bwapi.UnitCommand::getTargetPosition (68 bytes)
Event: 30.873 Thread 0x02123800 nmethod 201 0x022df908 code [0x022dfa10, 0x022dfb60]
Event: 36.529 Thread 0x02123800  206             java.lang.Object::equals (11 bytes)
Event: 36.529 Thread 0x02123800 nmethod 206 0x022e0648 code [0x022e0740, 0x022e07d0]
Event: 38.524 Thread 0x02123800  209             StrategyManager::totalUnitCount (50 bytes)
Event: 38.525 Thread 0x02123800 nmethod 209 0x022e0d48 code [0x022e0e70, 0x022e1014]
Event: 39.466 Thread 0x02123800  210             bwapi.Position::hashCode (17 bytes)
Event: 39.466 Thread 0x02123800 nmethod 210 0x022e1208 code [0x022e1300, 0x022e1390]
Event: 39.482 Thread 0x02123800  212             bwapi.Position::equals (49 bytes)
Event: 39.482 Thread 0x02123800 nmethod 212 0x022e1688 code [0x022e1790, 0x022e18d0]

GC Heap History (10 events):
Event: 50.217 GC heap before
{Heap before GC invocations=57 (full 0):
 def new generation   total 4928K, used 4419K [0x24c00000, 0x25150000, 0x2a150000)
  eden space 4416K, 100% used [0x24c00000, 0x25050000, 0x25050000)
  from space 512K,   0% used [0x250d0000, 0x250d0ca8, 0x25150000)
  to   space 512K,   0% used [0x25050000, 0x25050000, 0x250d0000)
 tenured generation   total 10944K, used 270K [0x2a150000, 0x2ac00000, 0x34c00000)
   the space 10944K,   2% used [0x2a150000, 0x2a193818, 0x2a193a00, 0x2ac00000)
 compacting perm gen  total 12288K, used 657K [0x34c00000, 0x35800000, 0x38c00000)
   the space 12288K,   5% used [0x34c00000, 0x34ca46c0, 0x34ca4800, 0x35800000)
    ro space 10240K,  42% used [0x38c00000, 0x39036058, 0x39036200, 0x39600000)
    rw space 12288K,  51% used [0x39600000, 0x39c3bdb0, 0x39c3be00, 0x3a200000)
Event: 50.217 GC heap after
Heap after GC invocations=58 (full 0):
 def new generation   total 4928K, used 2K [0x24c00000, 0x25150000, 0x2a150000)
  eden space 4416K,   0% used [0x24c00000, 0x24c00000, 0x25050000)
  from space 512K,   0% used [0x25050000, 0x25050ac8, 0x250d0000)
  to   space 512K,   0% used [0x250d0000, 0x250d0000, 0x25150000)
 tenured generation   total 10944K, used 270K [0x2a150000, 0x2ac00000, 0x34c00000)
   the space 10944K,   2% used [0x2a150000, 0x2a193a00, 0x2a193a00, 0x2ac00000)
 compacting perm gen  total 12288K, used 657K [0x34c00000, 0x35800000, 0x38c00000)
   the space 12288K,   5% used [0x34c00000, 0x34ca46c0, 0x34ca4800, 0x35800000)
    ro space 10240K,  42% used [0x38c00000, 0x39036058, 0x39036200, 0x39600000)
    rw space 12288K,  51% used [0x39600000, 0x39c3bdb0, 0x39c3be00, 0x3a200000)
}
Event: 50.912 GC heap before
{Heap before GC invocations=58 (full 0):
 def new generation   total 4928K, used 4418K [0x24c00000, 0x25150000, 0x2a150000)
  eden space 4416K, 100% used [0x24c00000, 0x25050000, 0x25050000)
  from space 512K,   0% used [0x25050000, 0x25050ac8, 0x250d0000)
  to   space 512K,   0% used [0x250d0000, 0x250d0000, 0x25150000)
 tenured generation   total 10944K, used 270K [0x2a150000, 0x2ac00000, 0x34c00000)
   the space 10944K,   2% used [0x2a150000, 0x2a193a00, 0x2a193a00, 0x2ac00000)
 compacting perm gen  total 12288K, used 657K [0x34c00000, 0x35800000, 0x38c00000)
   the space 12288K,   5% used [0x34c00000, 0x34ca46c0, 0x34ca4800, 0x35800000)
    ro space 10240K,  42% used [0x38c00000, 0x39036058, 0x39036200, 0x39600000)
    rw space 12288K,  51% used [0x39600000, 0x39c3bdb0, 0x39c3be00, 0x3a200000)
Event: 50.912 GC heap after
Heap after GC invocations=59 (full 0):
 def new generation   total 4928K, used 2K [0x24c00000, 0x25150000, 0x2a150000)
  eden space 4416K,   0% used [0x24c00000, 0x24c00000, 0x25050000)
  from space 512K,   0% used [0x250d0000, 0x250d0998, 0x25150000)
  to   space 512K,   0% used [0x25050000, 0x25050000, 0x250d0000)
 tenured generation   total 10944K, used 270K [0x2a150000, 0x2ac00000, 0x34c00000)
   the space 10944K,   2% used [0x2a150000, 0x2a193b10, 0x2a193c00, 0x2ac00000)
 compacting perm gen  total 12288K, used 657K [0x34c00000, 0x35800000, 0x38c00000)
   the space 12288K,   5% used [0x34c00000, 0x34ca46c0, 0x34ca4800, 0x35800000)
    ro space 10240K,  42% used [0x38c00000, 0x39036058, 0x39036200, 0x39600000)
    rw space 12288K,  51% used [0x39600000, 0x39c3bdb0, 0x39c3be00, 0x3a200000)
}
Event: 51.623 GC heap before
{Heap before GC invocations=59 (full 0):
 def new generation   total 4928K, used 4418K [0x24c00000, 0x25150000, 0x2a150000)
  eden space 4416K, 100% used [0x24c00000, 0x25050000, 0x25050000)
  from space 512K,   0% used [0x250d0000, 0x250d0998, 0x25150000)
  to   space 512K,   0% used [0x25050000, 0x25050000, 0x250d0000)
 tenured generation   total 10944K, used 270K [0x2a150000, 0x2ac00000, 0x34c00000)
   the space 10944K,   2% used [0x2a150000, 0x2a193b10, 0x2a193c00, 0x2ac00000)
 compacting perm gen  total 12288K, used 657K [0x34c00000, 0x35800000, 0x38c00000)
   the space 12288K,   5% used [0x34c00000, 0x34ca46c0, 0x34ca4800, 0x35800000)
    ro space 10240K,  42% used [0x38c00000, 0x39036058, 0x39036200, 0x39600000)
    rw space 12288K,  51% used [0x39600000, 0x39c3bdb0, 0x39c3be00, 0x3a200000)
Event: 51.624 GC heap after
Heap after GC invocations=60 (full 0):
 def new generation   total 4928K, used 2K [0x24c00000, 0x25150000, 0x2a150000)
  eden space 4416K,   0% used [0x24c00000, 0x24c00000, 0x25050000)
  from space 512K,   0% used [0x25050000, 0x25050b40, 0x250d0000)
  to   space 512K,   0% used [0x250d0000, 0x250d0000, 0x25150000)
 tenured generation   total 10944K, used 270K [0x2a150000, 0x2ac00000, 0x34c00000)
   the space 10944K,   2% used [0x2a150000, 0x2a193b28, 0x2a193c00, 0x2ac00000)
 compacting perm gen  total 12288K, used 657K [0x34c00000, 0x35800000, 0x38c00000)
   the space 12288K,   5% used [0x34c00000, 0x34ca46c0, 0x34ca4800, 0x35800000)
    ro space 10240K,  42% used [0x38c00000, 0x39036058, 0x39036200, 0x39600000)
    rw space 12288K,  51% used [0x39600000, 0x39c3bdb0, 0x39c3be00, 0x3a200000)
}
Event: 52.329 GC heap before
{Heap before GC invocations=60 (full 0):
 def new generation   total 4928K, used 4418K [0x24c00000, 0x25150000, 0x2a150000)
  eden space 4416K, 100% used [0x24c00000, 0x25050000, 0x25050000)
  from space 512K,   0% used [0x25050000, 0x25050b40, 0x250d0000)
  to   space 512K,   0% used [0x250d0000, 0x250d0000, 0x25150000)
 tenured generation   total 10944K, used 270K [0x2a150000, 0x2ac00000, 0x34c00000)
   the space 10944K,   2% used [0x2a150000, 0x2a193b28, 0x2a193c00, 0x2ac00000)
 compacting perm gen  total 12288K, used 657K [0x34c00000, 0x35800000, 0x38c00000)
   the space 12288K,   5% used [0x34c00000, 0x34ca46c0, 0x34ca4800, 0x35800000)
    ro space 10240K,  42% used [0x38c00000, 0x39036058, 0x39036200, 0x39600000)
    rw space 12288K,  51% used [0x39600000, 0x39c3bdb0, 0x39c3be00, 0x3a200000)
Event: 52.329 GC heap after
Heap after GC invocations=61 (full 0):
 def new generation   total 4928K, used 2K [0x24c00000, 0x25150000, 0x2a150000)
  eden space 4416K,   0% used [0x24c00000, 0x24c00000, 0x25050000)
  from space 512K,   0% used [0x250d0000, 0x250d0a38, 0x25150000)
  to   space 512K,   0% used [0x25050000, 0x25050000, 0x250d0000)
 tenured generation   total 10944K, used 271K [0x2a150000, 0x2ac00000, 0x34c00000)
   the space 10944K,   2% used [0x2a150000, 0x2a193c30, 0x2a193e00, 0x2ac00000)
 compacting perm gen  total 12288K, used 657K [0x34c00000, 0x35800000, 0x38c00000)
   the space 12288K,   5% used [0x34c00000, 0x34ca46c0, 0x34ca4800, 0x35800000)
    ro space 10240K,  42% used [0x38c00000, 0x39036058, 0x39036200, 0x39600000)
    rw space 12288K,  51% used [0x39600000, 0x39c3bdb0, 0x39c3be00, 0x3a200000)
}
Event: 53.028 GC heap before
{Heap before GC invocations=61 (full 0):
 def new generation   total 4928K, used 4418K [0x24c00000, 0x25150000, 0x2a150000)
  eden space 4416K, 100% used [0x24c00000, 0x25050000, 0x25050000)
  from space 512K,   0% used [0x250d0000, 0x250d0a38, 0x25150000)
  to   space 512K,   0% used [0x25050000, 0x25050000, 0x250d0000)
 tenured generation   total 10944K, used 271K [0x2a150000, 0x2ac00000, 0x34c00000)
   the space 10944K,   2% used [0x2a150000, 0x2a193c30, 0x2a193e00, 0x2ac00000)
 compacting perm gen  total 12288K, used 657K [0x34c00000, 0x35800000, 0x38c00000)
   the space 12288K,   5% used [0x34c00000, 0x34ca46c0, 0x34ca4800, 0x35800000)
    ro space 10240K,  42% used [0x38c00000, 0x39036058, 0x39036200, 0x39600000)
    rw space 12288K,  51% used [0x39600000, 0x39c3bdb0, 0x39c3be00, 0x3a200000)
Event: 53.028 GC heap after
Heap after GC invocations=62 (full 0):
 def new generation   total 4928K, used 2K [0x24c00000, 0x25150000, 0x2a150000)
  eden space 4416K,   0% used [0x24c00000, 0x24c00000, 0x25050000)
  from space 512K,   0% used [0x25050000, 0x250509e0, 0x250d0000)
  to   space 512K,   0% used [0x250d0000, 0x250d0000, 0x25150000)
 tenured generation   total 10944K, used 271K [0x2a150000, 0x2ac00000, 0x34c00000)
   the space 10944K,   2% used [0x2a150000, 0x2a193cf8, 0x2a193e00, 0x2ac00000)
 compacting perm gen  total 12288K, used 657K [0x34c00000, 0x35800000, 0x38c00000)
   the space 12288K,   5% used [0x34c00000, 0x34ca46c0, 0x34ca4800, 0x35800000)
    ro space 10240K,  42% used [0x38c00000, 0x39036058, 0x39036200, 0x39600000)
    rw space 12288K,  51% used [0x39600000, 0x39c3bdb0, 0x39c3be00, 0x3a200000)
}

Deoptimization events (0 events):
No events

Internal exceptions (10 events):
Event: 5.746 Thread 0x0220c400 Threw 0x24d65740 at C:\re\jdk7u79\2331\hotspot\src\share\vm\prims\jvm.cpp:1304
Event: 5.748 Thread 0x0220c400 Threw 0x24d6a1d0 at C:\re\jdk7u79\2331\hotspot\src\share\vm\prims\jvm.cpp:1304
Event: 5.748 Thread 0x0220c400 Threw 0x24d6d7c8 at C:\re\jdk7u79\2331\hotspot\src\share\vm\prims\jvm.cpp:1304
Event: 5.749 Thread 0x0220c400 Threw 0x24d6f0e0 at C:\re\jdk7u79\2331\hotspot\src\share\vm\prims\jvm.cpp:1304
Event: 5.756 Thread 0x0220c400 Threw 0x24d88fc0 at C:\re\jdk7u79\2331\hotspot\src\share\vm\prims\jvm.cpp:1304
Event: 5.758 Thread 0x0220c400 Threw 0x24d90848 at C:\re\jdk7u79\2331\hotspot\src\share\vm\prims\jvm.cpp:1304
Event: 5.759 Thread 0x0220c400 Threw 0x24d92610 at C:\re\jdk7u79\2331\hotspot\src\share\vm\prims\jvm.cpp:1304
Event: 5.771 Thread 0x0220c400 Threw 0x24da45e0 at C:\re\jdk7u79\2331\hotspot\src\share\vm\prims\jvm.cpp:1304
Event: 18.224 Thread 0x0220c400 Threw 0x24f91210 at C:\re\jdk7u79\2331\hotspot\src\share\vm\prims\jvm.cpp:1304
Event: 18.224 Thread 0x0220c400 Threw 0x24f92990 at C:\re\jdk7u79\2331\hotspot\src\share\vm\prims\jvm.cpp:1304

Events (10 events):
Event: 50.216 Executing VM operation: GenCollectForAllocation
Event: 50.217 Executing VM operation: GenCollectForAllocation done
Event: 50.912 Executing VM operation: GenCollectForAllocation
Event: 50.912 Executing VM operation: GenCollectForAllocation done
Event: 51.623 Executing VM operation: GenCollectForAllocation
Event: 51.624 Executing VM operation: GenCollectForAllocation done
Event: 52.329 Executing VM operation: GenCollectForAllocation
Event: 52.329 Executing VM operation: GenCollectForAllocation done
Event: 53.028 Executing VM operation: GenCollectForAllocation
Event: 53.028 Executing VM operation: GenCollectForAllocation done


Dynamic libraries:
0x00130000 - 0x0015f000 	C:\Program Files (x86)\Java\jre7\bin\javaw.exe
0x77370000 - 0x774f2000 	C:\WINDOWS\SYSTEM32\ntdll.dll
0x756d0000 - 0x757b0000 	C:\WINDOWS\System32\KERNEL32.DLL
0x751b0000 - 0x75351000 	C:\WINDOWS\System32\KERNELBASE.dll
0x74aa0000 - 0x74b17000 	C:\WINDOWS\System32\ADVAPI32.dll
0x74bc0000 - 0x74c7e000 	C:\WINDOWS\System32\msvcrt.dll
0x74370000 - 0x743b1000 	C:\WINDOWS\System32\sechost.dll
0x742a0000 - 0x74361000 	C:\WINDOWS\System32\RPCRT4.dll
0x73e30000 - 0x73e4e000 	C:\WINDOWS\System32\SspiCli.dll
0x73e20000 - 0x73e2a000 	C:\WINDOWS\System32\CRYPTBASE.dll
0x75430000 - 0x7548a000 	C:\WINDOWS\System32\bcryptPrimitives.dll
0x743c0000 - 0x7451f000 	C:\WINDOWS\System32\USER32.dll
0x75360000 - 0x75375000 	C:\WINDOWS\System32\win32u.dll
0x75120000 - 0x7514b000 	C:\WINDOWS\System32\GDI32.dll
0x75490000 - 0x755eb000 	C:\WINDOWS\System32\gdi32full.dll
0x71690000 - 0x7189a000 	C:\WINDOWS\WinSxS\x86_microsoft.windows.common-controls_6595b64144ccf1df_6.0.14393.447_none_89c64d28dafea4b9\COMCTL32.dll
0x73ea0000 - 0x740b1000 	C:\WINDOWS\System32\combase.dll
0x74c80000 - 0x74d60000 	C:\WINDOWS\System32\ucrtbase.dll
0x73e70000 - 0x73e95000 	C:\WINDOWS\System32\IMM32.DLL
0x5f0b0000 - 0x5f16f000 	C:\Program Files (x86)\Java\jre7\bin\msvcr100.dll
0x5f660000 - 0x5f9e9000 	C:\Program Files (x86)\Java\jre7\bin\client\jvm.dll
0x74520000 - 0x74526000 	C:\WINDOWS\System32\PSAPI.DLL
0x731e0000 - 0x73204000 	C:\WINDOWS\SYSTEM32\WINMM.dll
0x730a0000 - 0x730a8000 	C:\WINDOWS\SYSTEM32\WSOCK32.dll
0x75660000 - 0x756c3000 	C:\WINDOWS\System32\WS2_32.dll
0x731b0000 - 0x731d3000 	C:\WINDOWS\SYSTEM32\WINMMBASE.dll
0x74b20000 - 0x74b56000 	C:\WINDOWS\System32\cfgmgr32.dll
0x5f650000 - 0x5f65c000 	C:\Program Files (x86)\Java\jre7\bin\verify.dll
0x5f630000 - 0x5f650000 	C:\Program Files (x86)\Java\jre7\bin\java.dll
0x5f610000 - 0x5f623000 	C:\Program Files (x86)\Java\jre7\bin\zip.dll
0x778f0000 - 0x77b76000 	C:\Users\amanz360\Documents\GitHub\MoleAI\ExampleBot\bwapi_bridge2_5.dll
0x537e0000 - 0x53851000 	C:\WINDOWS\SYSTEM32\MSVCP120.dll
0x6acc0000 - 0x6ad27000 	C:\Users\amanz360\Documents\GitHub\MoleAI\ExampleBot\libgmp-10.dll
0x73d30000 - 0x73e1e000 	C:\WINDOWS\SYSTEM32\MSVCR120.dll
0x6f540000 - 0x6f59e000 	C:\Users\amanz360\Documents\GitHub\MoleAI\ExampleBot\libmpfr-4.dll
0x72f00000 - 0x73045000 	C:\WINDOWS\SYSTEM32\dbghelp.dll

VM Arguments:
jvm_args: -Dfile.encoding=Cp1252 
java_command: TestBot1
Launcher Type: SUN_STANDARD

Environment Variables:
PATH=C:/Program Files (x86)/Java/jre7/bin/client;C:/Program Files (x86)/Java/jre7/bin;C:/Program Files (x86)/Java/jre7/lib/i386;C:\gurobi701\win64\bin;C:\Program Files (x86)\NVIDIA Corporation\PhysX\Common;C:\Program Files\Java\jdk1.8.0_45\bin;C:\ProgramData\Oracle\Java\javapath;c:\Program Files (x86)\Intel\iCLS Client\;c:\Program Files\Intel\iCLS Client\;C:\WINDOWS\system32;C:\WINDOWS;C:\WINDOWS\System32\Wbem;C:\WINDOWS\System32\WindowsPowerShell\v1.0\;C:\Program Files\Intel\WiFi\bin\;C:\Program Files\Common Files\Intel\WirelessCommon\;C:\Program Files\Mozart\bin;C:\Program Files\Microsoft SQL Server\110\Tools\Binn\;C:\Program Files (x86)\Skype\Phone\;C:\Program Files (x86)\Intel\Intel(R) Management Engine Components\DAL;C:\Program Files\Intel\Intel(R) Management Engine Components\DAL;C:\Program Files (x86)\Intel\Intel(R) Management Engine Components\IPT;C:\Program Files\Intel\Intel(R) Management Engine Components\IPT;C:\Go\bin;C:\WINDOWS\system32\config\systemprofile\.dnx\bin;C:\Program Files\Microsoft DNX\Dnvm\;C:\Program Files\Microsoft SQL Server\130\Tools\Binn\;C:\Program Files (x86)\Windows Kits\8.1\Windows Performance Toolkit\;c:\Program Files (x86)\Microsoft SQL Server\100\Tools\Binn\;c:\Program Files\Microsoft SQL Server\100\Tools\Binn\;c:\Program Files\Microsoft SQL Server\100\DTS\Binn\;C:\Users\amanz360\Anaconda3;C:\Users\amanz360\Anaconda3\Scripts;C:\Users\amanz360\Anaconda3\Library\bin;C:\Users\amanz360\AppData\Local\Microsoft\WindowsApps;;C:\Users\amanz360\Downloads\eclipse-java-mars-2-win32\eclipse;
USERNAME=amanz360
OS=Windows_NT
PROCESSOR_IDENTIFIER=Intel64 Family 6 Model 69 Stepping 1, GenuineIntel



---------------  S Y S T E M  ---------------

OS: Windows 8.1 , 64 bit Build 9600 

CPU:total 4 (2 cores per cpu, 2 threads per core) family 6 model 69 stepping 1, cmov, cx8, fxsr, mmx, sse, sse2, sse3, ssse3, sse4.1, sse4.2, popcnt, avx, avx2, aes, erms, ht, tsc, tscinvbit

Memory: 4k page, physical 6187596k(2765984k free), swap 11083292k(4484596k free)

vm_info: Java HotSpot(TM) Client VM (24.79-b02) for windows-x86 JRE (1.7.0_79-b15), built on Apr 10 2015 16:49:13 by "java_re" with unknown MS VC++:1600

time: Sat Dec 10 17:53:20 2016
elapsed time: 53 seconds

