#
# A fatal error has been detected by the Java Runtime Environment:
#
#  EXCEPTION_ACCESS_VIOLATION (0xc0000005) at pc=0x6ed86cdb, pid=14808, tid=0x00003650
#
# JRE version: Java(TM) SE Runtime Environment (8.0_121-b13) (build 1.8.0_121-b13)
# Java VM: Java HotSpot(TM) Client VM (25.121-b13 mixed mode, sharing windows-x86 )
# Problematic frame:
# V  [jvm.dll+0xd6cdb]
#
# Failed to write core dump. Minidumps are not enabled by default on client versions of Windows
#
# If you would like to submit a bug report, please visit:
#   http://bugreport.java.com/bugreport/crash.jsp
#

---------------  T H R E A D  ---------------

Current thread (0x00c4c000):  JavaThread "main" [_thread_in_vm, id=13904, stack(0x02510000,0x02560000)]

siginfo: ExceptionCode=0xc0000005, reading address 0x00000000

Registers:
EAX=0x00000000, EBX=0x00c4c000, ECX=0x00000000, EDX=0x00000001
ESP=0x0255d8dc, EBP=0x0255d8f8, ESI=0x00c4c140, EDI=0x00000000
EIP=0x6ed86cdb, EFLAGS=0x00010246

Top of Stack: (sp=0x0255d8dc)
0x0255d8dc:   00000000 15ac8434 00c4c140 00c4c000
0x0255d8ec:   00000000 15ac8434 00000000 0255d948
0x0255d8fc:   6ea5554d 00c4c140 00000000 15ac0079
0x0255d90c:   00000000 0255d948 6ea5551c 00000001
0x0255d91c:   0000000f 09d80049 04b8aff8 0255d9bc
0x0255d92c:   027afadc 00000001 0000000f 00c4c000
0x0255d93c:   15ac8434 00000000 09de9948 0255d978
0x0255d94c:   027a5538 00c4c140 0255d964 15ac8434 

Instructions: (pc=0x6ed86cdb)
0x6ed86cbb:   f3 ff 83 c4 08 83 7b 04 00 89 5d f0 c7 45 f4 00
0x6ed86ccb:   00 00 00 74 08 8d 4d f0 e8 58 11 0d 00 8b 45 0c
0x6ed86cdb:   8b 08 8b 51 04 8b 42 38 50 56 e8 d6 4c 08 00 83
0x6ed86ceb:   c4 08 83 7d f4 00 89 45 08 74 08 8d 4d f0 e8 72 


Register to memory mapping:

EAX=0x00000000 is an unknown value
EBX=0x00c4c000 is a thread
ECX=0x00000000 is an unknown value
EDX=0x00000001 is an unknown value
ESP=0x0255d8dc is pointing into the stack for thread: 0x00c4c000
EBP=0x0255d8f8 is pointing into the stack for thread: 0x00c4c000
ESI=0x00c4c140 is an unknown value
EDI=0x00000000 is an unknown value


Stack: [0x02510000,0x02560000],  sp=0x0255d8dc,  free space=310k
Native frames: (J=compiled Java code, j=interpreted, Vv=VM code, C=native code)
V  [jvm.dll+0xd6cdb]
C  [bwapi_bridge2_5.dll+0x3554d]
J 197  bwapi.Unit.getDistance_native(JLbwapi/Position;)I (0 bytes) @ 0x027a5538 [0x027a5490+0xa8]
J 349 C1 bwapi.Unit.getDistance(Lbwapi/Position;)I (10 bytes) @ 0x027cb8b0 [0x027cb880+0x30]
j  bts.actions.execution.Move.internalTick()Ljbt/execution/core/ExecutionTask$Status;+54
J 314 C1 jbt.execution.core.ExecutionTask.tick()Ljbt/execution/core/ExecutionTask$Status; (129 bytes) @ 0x027c1a48 [0x027c1a00+0x48]
J 285 C1 jbt.execution.core.BTExecutor.tick()V (104 bytes) @ 0x027b9678 [0x027b9570+0x108]
J 350 C1 moleAI.Squad.tickUnits()V (78 bytes) @ 0x027cbc5c [0x027cbaf0+0x16c]
J 166 C1 moleAI.SquadManager.update(Lbwapi/Game;Lbwapi/Position;)V (73 bytes) @ 0x0279d650 [0x0279d510+0x140]
J 87 C1 moleAI.StrategyManager.update(Lbwapi/Game;Lbwapi/Player;)V (408 bytes) @ 0x02781ae0 [0x02781310+0x7d0]
J 155 C1 moleAI.TestBot1.onFrame()V (86 bytes) @ 0x0279b114 [0x0279aeb0+0x264]
J 154 C1 bwapi.AIModule.onFrame()V (17 bytes) @ 0x0279ac44 [0x0279ac10+0x34]
v  ~StubRoutines::call_stub
V  [jvm.dll+0x15aa85]
V  [jvm.dll+0x220d7e]
V  [jvm.dll+0x15ab1e]
V  [jvm.dll+0xdcc7b]
V  [jvm.dll+0xdfc0c]
C  [bwapi_bridge2_5.dll+0x1b20d]
C  [bwapi_bridge2_5.dll+0x75101]
j  bwapi.Mirror.startGame()V+0
j  moleAI.TestBot1.run()V+15
j  moleAI.TestBot1.main([Ljava/lang/String;)V+7
v  ~StubRoutines::call_stub
V  [jvm.dll+0x15aa85]
V  [jvm.dll+0x220d7e]
V  [jvm.dll+0x15ab1e]
V  [jvm.dll+0xdca47]
V  [jvm.dll+0xe4fdf]
C  [javaw.exe+0x22ab]
C  [javaw.exe+0xaebf]
C  [javaw.exe+0xaf49]
C  [KERNEL32.DLL+0x162c4]
C  [ntdll.dll+0x60fd9]
C  [ntdll.dll+0x60fa4]
C  0x00000000

Java frames: (J=compiled Java code, j=interpreted, Vv=VM code)
J 197  bwapi.Unit.getDistance_native(JLbwapi/Position;)I (0 bytes) @ 0x027a54f4 [0x027a5490+0x64]
J 349 C1 bwapi.Unit.getDistance(Lbwapi/Position;)I (10 bytes) @ 0x027cb8b0 [0x027cb880+0x30]
j  bts.actions.execution.Move.internalTick()Ljbt/execution/core/ExecutionTask$Status;+54
J 314 C1 jbt.execution.core.ExecutionTask.tick()Ljbt/execution/core/ExecutionTask$Status; (129 bytes) @ 0x027c1a48 [0x027c1a00+0x48]
J 285 C1 jbt.execution.core.BTExecutor.tick()V (104 bytes) @ 0x027b9678 [0x027b9570+0x108]
J 350 C1 moleAI.Squad.tickUnits()V (78 bytes) @ 0x027cbc5c [0x027cbaf0+0x16c]
J 166 C1 moleAI.SquadManager.update(Lbwapi/Game;Lbwapi/Position;)V (73 bytes) @ 0x0279d650 [0x0279d510+0x140]
J 87 C1 moleAI.StrategyManager.update(Lbwapi/Game;Lbwapi/Player;)V (408 bytes) @ 0x02781ae0 [0x02781310+0x7d0]
J 155 C1 moleAI.TestBot1.onFrame()V (86 bytes) @ 0x0279b114 [0x0279aeb0+0x264]
J 154 C1 bwapi.AIModule.onFrame()V (17 bytes) @ 0x0279ac44 [0x0279ac10+0x34]
v  ~StubRoutines::call_stub
j  bwapi.Mirror.startGame()V+0
j  moleAI.TestBot1.run()V+15
j  moleAI.TestBot1.main([Ljava/lang/String;)V+7
v  ~StubRoutines::call_stub

---------------  P R O C E S S  ---------------

Java Threads: ( => current thread )
  0x02607c00 JavaThread "Service Thread" daemon [_thread_blocked, id=10516, stack(0x156e0000,0x15730000)]
  0x025f1400 JavaThread "C1 CompilerThread0" daemon [_thread_blocked, id=7716, stack(0x15650000,0x156a0000)]
  0x025f0000 JavaThread "Attach Listener" daemon [_thread_blocked, id=13896, stack(0x14ff0000,0x15040000)]
  0x025ee000 JavaThread "Signal Dispatcher" daemon [_thread_blocked, id=10132, stack(0x14f60000,0x14fb0000)]
  0x025e3800 JavaThread "Finalizer" daemon [_thread_blocked, id=6608, stack(0x14de0000,0x14e30000)]
  0x02586c00 JavaThread "Reference Handler" daemon [_thread_blocked, id=7880, stack(0x14d50000,0x14da0000)]
=>0x00c4c000 JavaThread "main" [_thread_in_vm, id=13904, stack(0x02510000,0x02560000)]

Other Threads:
  0x02583000 VMThread [stack: 0x14cc0000,0x14d10000] [id=15864]
  0x02627000 WatcherThread [stack: 0x15770000,0x157c0000] [id=12464]

VM state:not at safepoint (normal execution)

VM Mutex/Monitor currently owned by a thread: None

Heap:
 def new generation   total 4928K, used 3755K [0x04800000, 0x04d50000, 0x09d50000)
  eden space 4416K,  84% used [0x04800000, 0x04b9f638, 0x04c50000)
  from space 512K,   8% used [0x04c50000, 0x04c5b600, 0x04cd0000)
  to   space 512K,   0% used [0x04cd0000, 0x04cd0000, 0x04d50000)
 tenured generation   total 10944K, used 686K [0x09d50000, 0x0a800000, 0x14800000)
   the space 10944K,   6% used [0x09d50000, 0x09dfbae0, 0x09dfbc00, 0x0a800000)
 Metaspace       used 566K, capacity 2760K, committed 2880K, reserved 4480K

Card table byte_map: [0x04740000,0x047d0000] byte_map_base: 0x0471c000

Polling page: 0x00c30000

CodeCache: size=32768Kb used=1158Kb max_used=1158Kb free=31609Kb
 bounds [0x026c0000, 0x027e8000, 0x046c0000]
 total_blobs=580 nmethods=435 adapters=76
 compilation: enabled

Compilation events (10 events):
Event: 32.961 Thread 0x025f1400  429             jbt.execution.task.composite.ExecutionDynamicPriorityList::storeState (2 bytes)
Event: 32.961 Thread 0x025f1400 nmethod 429 0x027e07c8 code [0x027e08c0, 0x027e0940]
Event: 32.961 Thread 0x025f1400  430             jbt.execution.task.decorator.ExecutionRepeat::statusChanged (6 bytes)
Event: 32.962 Thread 0x025f1400 nmethod 430 0x027e0988 code [0x027e0a80, 0x027e0b0c]
Event: 32.962 Thread 0x025f1400  431             jbt.execution.task.decorator.ExecutionRepeat::internalTick (60 bytes)
Event: 32.962 Thread 0x025f1400 nmethod 431 0x027e0b88 code [0x027e0cc0, 0x027e0e50]
Event: 33.131 Thread 0x025f1400  432             jbt.model.task.composite.ModelDynamicPriorityList::createExecutor (11 bytes)
Event: 33.131 Thread 0x025f1400 nmethod 432 0x027e1008 code [0x027e1110, 0x027e11fc]
Event: 38.691 Thread 0x025f1400  433             bwapi.Unit::getID (9 bytes)
Event: 38.691 Thread 0x025f1400 nmethod 433 0x027e1508 code [0x027e1600, 0x027e169c]

GC Heap History (10 events):
Event: 41.387 GC heap before
{Heap before GC invocations=163 (full 0):
 def new generation   total 4928K, used 4466K [0x04800000, 0x04d50000, 0x09d50000)
  eden space 4416K, 100% used [0x04800000, 0x04c50000, 0x04c50000)
  from space 512K,   9% used [0x04cd0000, 0x04cdc8f0, 0x04d50000)
  to   space 512K,   0% used [0x04c50000, 0x04c50000, 0x04cd0000)
 tenured generation   total 10944K, used 667K [0x09d50000, 0x0a800000, 0x14800000)
   the space 10944K,   6% used [0x09d50000, 0x09df6d78, 0x09df6e00, 0x0a800000)
 Metaspace       used 565K, capacity 2760K, committed 2880K, reserved 4480K
Event: 41.387 GC heap after
Heap after GC invocations=164 (full 0):
 def new generation   total 4928K, used 47K [0x04800000, 0x04d50000, 0x09d50000)
  eden space 4416K,   0% used [0x04800000, 0x04800000, 0x04c50000)
  from space 512K,   9% used [0x04c50000, 0x04c5bda0, 0x04cd0000)
  to   space 512K,   0% used [0x04cd0000, 0x04cd0000, 0x04d50000)
 tenured generation   total 10944K, used 668K [0x09d50000, 0x0a800000, 0x14800000)
   the space 10944K,   6% used [0x09d50000, 0x09df7050, 0x09df7200, 0x0a800000)
 Metaspace       used 565K, capacity 2760K, committed 2880K, reserved 4480K
}
Event: 41.532 GC heap before
{Heap before GC invocations=164 (full 0):
 def new generation   total 4928K, used 4463K [0x04800000, 0x04d50000, 0x09d50000)
  eden space 4416K, 100% used [0x04800000, 0x04c50000, 0x04c50000)
  from space 512K,   9% used [0x04c50000, 0x04c5bda0, 0x04cd0000)
  to   space 512K,   0% used [0x04cd0000, 0x04cd0000, 0x04d50000)
 tenured generation   total 10944K, used 668K [0x09d50000, 0x0a800000, 0x14800000)
   the space 10944K,   6% used [0x09d50000, 0x09df7050, 0x09df7200, 0x0a800000)
 Metaspace       used 565K, capacity 2760K, committed 2880K, reserved 4480K
Event: 41.532 GC heap after
Heap after GC invocations=165 (full 0):
 def new generation   total 4928K, used 49K [0x04800000, 0x04d50000, 0x09d50000)
  eden space 4416K,   0% used [0x04800000, 0x04800000, 0x04c50000)
  from space 512K,   9% used [0x04cd0000, 0x04cdc5f8, 0x04d50000)
  to   space 512K,   0% used [0x04c50000, 0x04c50000, 0x04cd0000)
 tenured generation   total 10944K, used 668K [0x09d50000, 0x0a800000, 0x14800000)
   the space 10944K,   6% used [0x09d50000, 0x09df72f0, 0x09df7400, 0x0a800000)
 Metaspace       used 565K, capacity 2760K, committed 2880K, reserved 4480K
}
Event: 41.683 GC heap before
{Heap before GC invocations=165 (full 0):
 def new generation   total 4928K, used 4465K [0x04800000, 0x04d50000, 0x09d50000)
  eden space 4416K, 100% used [0x04800000, 0x04c50000, 0x04c50000)
  from space 512K,   9% used [0x04cd0000, 0x04cdc5f8, 0x04d50000)
  to   space 512K,   0% used [0x04c50000, 0x04c50000, 0x04cd0000)
 tenured generation   total 10944K, used 668K [0x09d50000, 0x0a800000, 0x14800000)
   the space 10944K,   6% used [0x09d50000, 0x09df72f0, 0x09df7400, 0x0a800000)
 Metaspace       used 565K, capacity 2760K, committed 2880K, reserved 4480K
Event: 41.683 GC heap after
Heap after GC invocations=166 (full 0):
 def new generation   total 4928K, used 52K [0x04800000, 0x04d50000, 0x09d50000)
  eden space 4416K,   0% used [0x04800000, 0x04800000, 0x04c50000)
  from space 512K,  10% used [0x04c50000, 0x04c5d000, 0x04cd0000)
  to   space 512K,   0% used [0x04cd0000, 0x04cd0000, 0x04d50000)
 tenured generation   total 10944K, used 669K [0x09d50000, 0x0a800000, 0x14800000)
   the space 10944K,   6% used [0x09d50000, 0x09df75c8, 0x09df7600, 0x0a800000)
 Metaspace       used 565K, capacity 2760K, committed 2880K, reserved 4480K
}
Event: 41.860 GC heap before
{Heap before GC invocations=166 (full 0):
 def new generation   total 4928K, used 4468K [0x04800000, 0x04d50000, 0x09d50000)
  eden space 4416K, 100% used [0x04800000, 0x04c50000, 0x04c50000)
  from space 512K,  10% used [0x04c50000, 0x04c5d000, 0x04cd0000)
  to   space 512K,   0% used [0x04cd0000, 0x04cd0000, 0x04d50000)
 tenured generation   total 10944K, used 669K [0x09d50000, 0x0a800000, 0x14800000)
   the space 10944K,   6% used [0x09d50000, 0x09df75c8, 0x09df7600, 0x0a800000)
 Metaspace       used 566K, capacity 2760K, committed 2880K, reserved 4480K
Event: 41.860 GC heap after
Heap after GC invocations=167 (full 0):
 def new generation   total 4928K, used 46K [0x04800000, 0x04d50000, 0x09d50000)
  eden space 4416K,   0% used [0x04800000, 0x04800000, 0x04c50000)
  from space 512K,   9% used [0x04cd0000, 0x04cdb998, 0x04d50000)
  to   space 512K,   0% used [0x04c50000, 0x04c50000, 0x04cd0000)
 tenured generation   total 10944K, used 686K [0x09d50000, 0x0a800000, 0x14800000)
   the space 10944K,   6% used [0x09d50000, 0x09dfb8b0, 0x09dfba00, 0x0a800000)
 Metaspace       used 566K, capacity 2760K, committed 2880K, reserved 4480K
}
Event: 42.032 GC heap before
{Heap before GC invocations=167 (full 0):
 def new generation   total 4928K, used 4462K [0x04800000, 0x04d50000, 0x09d50000)
  eden space 4416K, 100% used [0x04800000, 0x04c50000, 0x04c50000)
  from space 512K,   9% used [0x04cd0000, 0x04cdb998, 0x04d50000)
  to   space 512K,   0% used [0x04c50000, 0x04c50000, 0x04cd0000)
 tenured generation   total 10944K, used 686K [0x09d50000, 0x0a800000, 0x14800000)
   the space 10944K,   6% used [0x09d50000, 0x09dfb8b0, 0x09dfba00, 0x0a800000)
 Metaspace       used 566K, capacity 2760K, committed 2880K, reserved 4480K
Event: 42.033 GC heap after
Heap after GC invocations=168 (full 0):
 def new generation   total 4928K, used 45K [0x04800000, 0x04d50000, 0x09d50000)
  eden space 4416K,   0% used [0x04800000, 0x04800000, 0x04c50000)
  from space 512K,   8% used [0x04c50000, 0x04c5b600, 0x04cd0000)
  to   space 512K,   0% used [0x04cd0000, 0x04cd0000, 0x04d50000)
 tenured generation   total 10944K, used 686K [0x09d50000, 0x0a800000, 0x14800000)
   the space 10944K,   6% used [0x09d50000, 0x09dfbae0, 0x09dfbc00, 0x0a800000)
 Metaspace       used 566K, capacity 2760K, committed 2880K, reserved 4480K
}

Deoptimization events (0 events):
No events

Internal exceptions (10 events):
Event: 17.788 Thread 0x00c4c000 Implicit null exception at 0x0278c226 to 0x0278c791
Event: 17.788 Thread 0x00c4c000 Exception <a 'java/lang/NullPointerException'> (0x0484ac00) thrown at [C:\workspace\8-2-build-windows-i586-cygwin\jdk8u121\8372\hotspot\src\share\vm\runtime\sharedRuntime.cpp, line 605]
Event: 17.791 Thread 0x00c4c000 Implicit null exception at 0x0278c226 to 0x0278c791
Event: 17.791 Thread 0x00c4c000 Exception <a 'java/lang/NullPointerException'> (0x04854ee8) thrown at [C:\workspace\8-2-build-windows-i586-cygwin\jdk8u121\8372\hotspot\src\share\vm\runtime\sharedRuntime.cpp, line 605]
Event: 17.795 Thread 0x00c4c000 Implicit null exception at 0x0278c226 to 0x0278c791
Event: 17.795 Thread 0x00c4c000 Exception <a 'java/lang/NullPointerException'> (0x0485f1e0) thrown at [C:\workspace\8-2-build-windows-i586-cygwin\jdk8u121\8372\hotspot\src\share\vm\runtime\sharedRuntime.cpp, line 605]
Event: 17.798 Thread 0x00c4c000 Implicit null exception at 0x0278c226 to 0x0278c791
Event: 17.798 Thread 0x00c4c000 Exception <a 'java/lang/NullPointerException'> (0x048694c8) thrown at [C:\workspace\8-2-build-windows-i586-cygwin\jdk8u121\8372\hotspot\src\share\vm\runtime\sharedRuntime.cpp, line 605]
Event: 17.800 Thread 0x00c4c000 Implicit null exception at 0x0278c226 to 0x0278c791
Event: 17.800 Thread 0x00c4c000 Exception <a 'java/lang/NullPointerException'> (0x048737c8) thrown at [C:\workspace\8-2-build-windows-i586-cygwin\jdk8u121\8372\hotspot\src\share\vm\runtime\sharedRuntime.cpp, line 605]

Events (10 events):
Event: 41.387 Executing VM operation: GenCollectForAllocation
Event: 41.387 Executing VM operation: GenCollectForAllocation done
Event: 41.532 Executing VM operation: GenCollectForAllocation
Event: 41.532 Executing VM operation: GenCollectForAllocation done
Event: 41.683 Executing VM operation: GenCollectForAllocation
Event: 41.683 Executing VM operation: GenCollectForAllocation done
Event: 41.860 Executing VM operation: GenCollectForAllocation
Event: 41.860 Executing VM operation: GenCollectForAllocation done
Event: 42.032 Executing VM operation: GenCollectForAllocation
Event: 42.033 Executing VM operation: GenCollectForAllocation done


Dynamic libraries:
0x00340000 - 0x00373000 	C:\Program Files (x86)\Java\jre1.8.0_121\bin\javaw.exe
0x77b90000 - 0x77d13000 	C:\Windows\SYSTEM32\ntdll.dll
0x76820000 - 0x76900000 	C:\Windows\System32\KERNEL32.DLL
0x75f50000 - 0x760f1000 	C:\Windows\System32\KERNELBASE.dll
0x77b00000 - 0x77b77000 	C:\Windows\System32\ADVAPI32.dll
0x76d80000 - 0x76e3e000 	C:\Windows\System32\msvcrt.dll
0x74880000 - 0x748c1000 	C:\Windows\System32\sechost.dll
0x76f90000 - 0x77051000 	C:\Windows\System32\RPCRT4.dll
0x74650000 - 0x7466e000 	C:\Windows\System32\SspiCli.dll
0x74640000 - 0x7464a000 	C:\Windows\System32\CRYPTBASE.dll
0x76d20000 - 0x76d7a000 	C:\Windows\System32\bcryptPrimitives.dll
0x769a0000 - 0x76aff000 	C:\Windows\System32\USER32.dll
0x77060000 - 0x77075000 	C:\Windows\System32\win32u.dll
0x77a00000 - 0x77a2b000 	C:\Windows\System32\GDI32.dll
0x77320000 - 0x7747b000 	C:\Windows\System32\gdi32full.dll
0x6fe00000 - 0x7000a000 	C:\Windows\WinSxS\x86_microsoft.windows.common-controls_6595b64144ccf1df_6.0.14393.953_none_89c2555adb023171\COMCTL32.dll
0x76b00000 - 0x76d11000 	C:\Windows\System32\combase.dll
0x77920000 - 0x77a00000 	C:\Windows\System32\ucrtbase.dll
0x76970000 - 0x76995000 	C:\Windows\System32\IMM32.DLL
0x6f240000 - 0x6f2ff000 	C:\Program Files (x86)\Java\jre1.8.0_121\bin\msvcr100.dll
0x6ecb0000 - 0x6f07e000 	C:\Program Files (x86)\Java\jre1.8.0_121\bin\client\jvm.dll
0x76100000 - 0x76106000 	C:\Windows\System32\PSAPI.DLL
0x68e10000 - 0x68e18000 	C:\Windows\SYSTEM32\WSOCK32.dll
0x700d0000 - 0x700f4000 	C:\Windows\SYSTEM32\WINMM.dll
0x74310000 - 0x74318000 	C:\Windows\SYSTEM32\VERSION.dll
0x76900000 - 0x76963000 	C:\Windows\System32\WS2_32.dll
0x00c50000 - 0x00c73000 	C:\Windows\SYSTEM32\WINMMBASE.dll
0x77a30000 - 0x77a66000 	C:\Windows\System32\cfgmgr32.dll
0x700c0000 - 0x700cc000 	C:\Program Files (x86)\Java\jre1.8.0_121\bin\verify.dll
0x70090000 - 0x700b1000 	C:\Program Files (x86)\Java\jre1.8.0_121\bin\java.dll
0x70070000 - 0x70083000 	C:\Program Files (x86)\Java\jre1.8.0_121\bin\zip.dll
0x749a0000 - 0x75d78000 	C:\Windows\System32\SHELL32.dll
0x762b0000 - 0x7681e000 	C:\Windows\System32\windows.storage.dll
0x770f0000 - 0x77135000 	C:\Windows\System32\powrprof.dll
0x76ee0000 - 0x76f26000 	C:\Windows\System32\shlwapi.dll
0x770e0000 - 0x770ed000 	C:\Windows\System32\kernel.appcore.dll
0x77a70000 - 0x77af8000 	C:\Windows\System32\shcore.dll
0x76110000 - 0x7611f000 	C:\Windows\System32\profapi.dll
0x6ea20000 - 0x6eca6000 	C:\Users\amanz\OneDrive\Documents\GitHub\MoleAI\ExampleBot\bwapi_bridge2_5.dll
0x6e9a0000 - 0x6ea11000 	C:\Program Files (x86)\Java\jre1.8.0_121\bin\MSVCP120.dll
0x6e8b0000 - 0x6e99e000 	C:\Program Files (x86)\Java\jre1.8.0_121\bin\MSVCR120.dll
0x6acc0000 - 0x6ad27000 	C:\Users\amanz\OneDrive\Documents\GitHub\MoleAI\ExampleBot\libgmp-10.dll
0x6f540000 - 0x6f59e000 	C:\Users\amanz\OneDrive\Documents\GitHub\MoleAI\ExampleBot\libmpfr-4.dll
0x6f610000 - 0x6f755000 	C:\Windows\SYSTEM32\dbghelp.dll

VM Arguments:
jvm_args: -Dfile.encoding=Cp1252 
java_command: moleAI.TestBot1
java_class_path (initial): C:\Users\amanz\OneDrive\Documents\GitHub\MoleAI\ExampleBot\bin;C:\Users\amanz\OneDrive\Documents\GitHub\MoleAI\ExampleBot\lib\bwmirror_v2_5.jar;C:\Users\amanz\OneDrive\Documents\GitHub\MoleAI\ExampleBot\lib\JBTCore.jar
Launcher Type: SUN_STANDARD

Environment Variables:
PATH=C:/Program Files/Java/jre1.8.0_121/bin/server;C:/Program Files/Java/jre1.8.0_121/bin;C:/Program Files/Java/jre1.8.0_121/lib/amd64;C:\ProgramData\Oracle\Java\javapath;C:\Program Files (x86)\Intel\iCLS Client\;C:\Program Files\Intel\iCLS Client\;C:\Windows\system32;C:\Windows;C:\Windows\System32\Wbem;C:\Windows\System32\WindowsPowerShell\v1.0\;C:\Program Files (x86)\Intel\Intel(R) Management Engine Components\DAL;C:\Program Files\Intel\Intel(R) Management Engine Components\DAL;C:\Program Files (x86)\Intel\Intel(R) Management Engine Components\IPT;C:\Program Files\Intel\Intel(R) Management Engine Components\IPT;C:\Program Files (x86)\NVIDIA Corporation\PhysX\Common;C:\Program Files\nodejs\;C:\Program Files\Microsoft SQL Server\110\Tools\Binn\;C:\Program Files (x86)\Microsoft SDKs\TypeScript\1.0\;C:\Program Files\Microsoft SQL Server\120\Tools\Binn\;C:\Program Files (x86)\Skype\Phone\;C:\Users\amanz\AppData\Local\Microsoft\WindowsApps;C:\Users\amanz\AppData\Roaming\npm;C:\Windows\system32;
USERNAME=amanz
OS=Windows_NT
PROCESSOR_IDENTIFIER=Intel64 Family 6 Model 94 Stepping 3, GenuineIntel



---------------  S Y S T E M  ---------------

OS: Windows 10.0 , 64 bit Build 14393 (10.0.14393.0)

CPU:total 8 (4 cores per cpu, 2 threads per core) family 6 model 94 stepping 3, cmov, cx8, fxsr, mmx, sse, sse2, sse3, ssse3, sse4.1, sse4.2, popcnt, avx, avx2, aes, clmul, erms, rtm, 3dnowpref, lzcnt, ht, tsc, tscinvbit, bmi1, bmi2, adx

Memory: 4k page, physical 8209456k(2971724k free), swap 12665904k(4609512k free)

vm_info: Java HotSpot(TM) Client VM (25.121-b13) for windows-x86 JRE (1.8.0_121-b13), built on Dec 12 2016 18:17:00 by "java_re" with MS VC++ 10.0 (VS2010)

time: Tue Apr 25 14:51:44 2017
elapsed time: 42 seconds (0d 0h 0m 42s)

