#
# A fatal error has been detected by the Java Runtime Environment:
#
#  EXCEPTION_ACCESS_VIOLATION (0xc0000005) at pc=0x6e6854bb, pid=21880, tid=18604
#
# JRE version: Java(TM) SE Runtime Environment (7.0_79-b15) (build 1.7.0_79-b15)
# Java VM: Java HotSpot(TM) Client VM (24.79-b02 mixed mode, sharing windows-x86 )
# Problematic frame:
# V  [jvm.dll+0xc54bb]
#
# Failed to write core dump. Minidumps are not enabled by default on client versions of Windows
#
# If you would like to submit a bug report, please visit:
#   http://bugreport.java.com/bugreport/crash.jsp
#

---------------  T H R E A D  ---------------

Current thread (0x0296c400):  JavaThread "main" [_thread_in_vm, id=18604, stack(0x00f70000,0x00fc0000)]

siginfo: ExceptionCode=0xc0000005, reading address 0x00000000

Registers:
EAX=0x00000000, EBX=0x34c9c658, ECX=0x00000000, EDX=0x00000007
ESP=0x00fbd784, EBP=0x00fbd7a0, ESI=0x0296c530, EDI=0x0296c400
EIP=0x6e6854bb, EFLAGS=0x00010246

Top of Stack: (sp=0x00fbd784)
0x00fbd784:   00fbd888 00000000 34c9c658 0296c400
0x00fbd794:   00000000 00000000 34c9c658 00fbd838
0x00fbd7a4:   0fbe8454 0296c530 00000000 6e696f70
0x00fbd7b4:   00726574 00fbd838 0fbe8425 00000007
0x00fbd7c4:   0000000f 0000004a fff80000 0296c828
0x00fbd7d4:   6e86ca24 00000001 0000000f 0296c400
0x00fbd7e4:   34c9c658 0fbe83e0 00015339 00000000
0x00fbd7f4:   0296c530 0296cc34 00000000 0296ab28 

Instructions: (pc=0x6e6854bb)
0x6e68549b:   f3 ff 83 c4 08 83 7f 04 00 89 7d f0 c7 45 f4 00
0x6e6854ab:   00 00 00 74 08 8d 4d f0 e8 a8 a6 0c 00 8b 45 0c
0x6e6854bb:   8b 08 8b 51 04 8b 42 40 50 56 e8 26 df 07 00 83
0x6e6854cb:   c4 08 83 7d f4 00 89 45 08 74 08 8d 4d f0 e8 c2 


Register to memory mapping:

EAX=0x00000000 is an unknown value
EBX=0x34c9c658 is an oop
{method} 
 - klass: {other class}
ECX=0x00000000 is an unknown value
EDX=0x00000007 is an unknown value
ESP=0x00fbd784 is pointing into the stack for thread: 0x0296c400
EBP=0x00fbd7a0 is pointing into the stack for thread: 0x0296c400
ESI=0x0296c530 is an unknown value
EDI=0x0296c400 is a thread


Stack: [0x00f70000,0x00fc0000],  sp=0x00fbd784,  free space=309k
Native frames: (J=compiled Java code, j=interpreted, Vv=VM code, C=native code)
V  [jvm.dll+0xc54bb]
C  [bwapi_bridge2_5.dll+0x48454]
j  bwapi.UnitCommand.upgrade(Lbwapi/Unit;Lbwapi/UpgradeType;)Lbwapi/UnitCommand;+0
J 167 C1 Base.checkProductionLevel()V (506 bytes) @ 0x02a34af4 [0x02a348d0+0x224]
J 107 C1 TestBot1.onFrame()V (722 bytes) @ 0x02a1bca0 [0x02a1ad70+0xf30]
J 154 C1 bwapi.AIModule.onFrame()V (17 bytes) @ 0x02a32c04 [0x02a32bd0+0x34]
v  ~StubRoutines::call_stub
V  [jvm.dll+0x14234a]
V  [jvm.dll+0x206ebe]
V  [jvm.dll+0x1423cd]
V  [jvm.dll+0xcb5c2]
V  [jvm.dll+0xcf213]
C  [bwapi_bridge2_5.dll+0x1b20d]
C  [bwapi_bridge2_5.dll+0x75101]
j  bwapi.Mirror.startGame()V+0
j  TestBot1.run()V+15
j  TestBot1.main([Ljava/lang/String;)V+7
v  ~StubRoutines::call_stub
V  [jvm.dll+0x14234a]
V  [jvm.dll+0x206ebe]
V  [jvm.dll+0x1423cd]
V  [jvm.dll+0xcb345]
V  [jvm.dll+0xd5ff7]
C  [javaw.exe+0x2070]
C  [javaw.exe+0xa601]
C  [javaw.exe+0xa68b]
C  [KERNEL32.DLL+0x162c4]
C  [ntdll.dll+0x60719]
C  [ntdll.dll+0x606e4]

Java frames: (J=compiled Java code, j=interpreted, Vv=VM code)
j  bwapi.UnitCommand.upgrade(Lbwapi/Unit;Lbwapi/UpgradeType;)Lbwapi/UnitCommand;+0
J 167 C1 Base.checkProductionLevel()V (506 bytes) @ 0x02a34af4 [0x02a348d0+0x224]
J 107 C1 TestBot1.onFrame()V (722 bytes) @ 0x02a1bca0 [0x02a1ad70+0xf30]
J 154 C1 bwapi.AIModule.onFrame()V (17 bytes) @ 0x02a32c04 [0x02a32bd0+0x34]
v  ~StubRoutines::call_stub
j  bwapi.Mirror.startGame()V+0
j  TestBot1.run()V+15
j  TestBot1.main([Ljava/lang/String;)V+7
v  ~StubRoutines::call_stub

---------------  P R O C E S S  ---------------

Java Threads: ( => current thread )
  0x02846400 JavaThread "Service Thread" daemon [_thread_blocked, id=18816, stack(0x04de0000,0x04e30000)]
  0x02843c00 JavaThread "C1 CompilerThread0" daemon [_thread_blocked, id=15608, stack(0x04d50000,0x04da0000)]
  0x02842400 JavaThread "Attach Listener" daemon [_thread_blocked, id=22356, stack(0x04cc0000,0x04d10000)]
  0x0283f400 JavaThread "Signal Dispatcher" daemon [_thread_blocked, id=6440, stack(0x04c30000,0x04c80000)]
  0x027d4400 JavaThread "Finalizer" daemon [_thread_blocked, id=11616, stack(0x04ba0000,0x04bf0000)]
  0x027cf000 JavaThread "Reference Handler" daemon [_thread_blocked, id=11584, stack(0x04b10000,0x04b60000)]
=>0x0296c400 JavaThread "main" [_thread_in_vm, id=18604, stack(0x00f70000,0x00fc0000)]

Other Threads:
  0x027cdc00 VMThread [stack: 0x04a80000,0x04ad0000] [id=5776]
  0x0285f000 WatcherThread [stack: 0x04e70000,0x04ec0000] [id=22008]

VM state:not at safepoint (normal execution)

VM Mutex/Monitor currently owned by a thread: None

Heap
 def new generation   total 4928K, used 376K [0x24c00000, 0x25150000, 0x2a150000)
  eden space 4416K,   8% used [0x24c00000, 0x24c5c5e0, 0x25050000)
  from space 512K,   1% used [0x250d0000, 0x250d1c08, 0x25150000)
  to   space 512K,   0% used [0x25050000, 0x25050000, 0x250d0000)
 tenured generation   total 10944K, used 262K [0x2a150000, 0x2ac00000, 0x34c00000)
   the space 10944K,   2% used [0x2a150000, 0x2a191920, 0x2a191a00, 0x2ac00000)
 compacting perm gen  total 12288K, used 634K [0x34c00000, 0x35800000, 0x38c00000)
   the space 12288K,   5% used [0x34c00000, 0x34c9e900, 0x34c9ea00, 0x35800000)
    ro space 10240K,  42% used [0x38c00000, 0x39036058, 0x39036200, 0x39600000)
    rw space 12288K,  51% used [0x39600000, 0x39c3bdb0, 0x39c3be00, 0x3a200000)

Card table byte_map: [0x04970000,0x04a20000] byte_map_base: 0x0484a000

Polling page: 0x00fc0000

Code Cache  [0x02970000, 0x02a58000, 0x04970000)
 total_blobs=394 nmethods=257 adapters=74 free_code_cache=31859Kb largest_free_block=32623936

Compilation events (10 events):
Event: 44.511 Thread 0x02843c00  244             java.util.HashMap::removeEntryForKey (159 bytes)
Event: 44.511 Thread 0x02843c00 nmethod 244 0x02a50b88 code [0x02a50cc0, 0x02a50f44]
Event: 51.090 Thread 0x02843c00  245             bwapi.UnitCommandType::get (53 bytes)
Event: 51.091 Thread 0x02843c00 nmethod 245 0x02a511c8 code [0x02a51300, 0x02a514b0]
Event: 51.153 Thread 0x02843c00  248             bwapi.UnitCommand::<init> (38 bytes)
Event: 51.153 Thread 0x02843c00 nmethod 248 0x02a51ac8 code [0x02a51bc0, 0x02a51c80]
Event: 51.153 Thread 0x02843c00  249             bwapi.UnitCommand::getUnitCommandType (5 bytes)
Event: 51.153 Thread 0x02843c00 nmethod 249 0x02a51cc8 code [0x02a51dc0, 0x02a51e40]
Event: 56.642 Thread 0x02843c00  253             bwapi.UnitCommand::getTarget (5 bytes)
Event: 56.642 Thread 0x02843c00 nmethod 253 0x02a52948 code [0x02a52a40, 0x02a52ac0]

GC Heap History (10 events):
Event: 75.878 GC heap before
{Heap before GC invocations=58 (full 0):
 def new generation   total 4928K, used 4418K [0x24c00000, 0x25150000, 0x2a150000)
  eden space 4416K, 100% used [0x24c00000, 0x25050000, 0x25050000)
  from space 512K,   0% used [0x25050000, 0x25050998, 0x250d0000)
  to   space 512K,   0% used [0x250d0000, 0x250d0000, 0x25150000)
 tenured generation   total 10944K, used 261K [0x2a150000, 0x2ac00000, 0x34c00000)
   the space 10944K,   2% used [0x2a150000, 0x2a191548, 0x2a191600, 0x2ac00000)
 compacting perm gen  total 12288K, used 634K [0x34c00000, 0x35800000, 0x38c00000)
   the space 12288K,   5% used [0x34c00000, 0x34c9e900, 0x34c9ea00, 0x35800000)
    ro space 10240K,  42% used [0x38c00000, 0x39036058, 0x39036200, 0x39600000)
    rw space 12288K,  51% used [0x39600000, 0x39c3bdb0, 0x39c3be00, 0x3a200000)
Event: 75.878 GC heap after
Heap after GC invocations=59 (full 0):
 def new generation   total 4928K, used 2K [0x24c00000, 0x25150000, 0x2a150000)
  eden space 4416K,   0% used [0x24c00000, 0x24c00000, 0x25050000)
  from space 512K,   0% used [0x250d0000, 0x250d0b88, 0x25150000)
  to   space 512K,   0% used [0x25050000, 0x25050000, 0x250d0000)
 tenured generation   total 10944K, used 261K [0x2a150000, 0x2ac00000, 0x34c00000)
   the space 10944K,   2% used [0x2a150000, 0x2a1915b8, 0x2a191600, 0x2ac00000)
 compacting perm gen  total 12288K, used 634K [0x34c00000, 0x35800000, 0x38c00000)
   the space 12288K,   5% used [0x34c00000, 0x34c9e900, 0x34c9ea00, 0x35800000)
    ro space 10240K,  42% used [0x38c00000, 0x39036058, 0x39036200, 0x39600000)
    rw space 12288K,  51% used [0x39600000, 0x39c3bdb0, 0x39c3be00, 0x3a200000)
}
Event: 76.700 GC heap before
{Heap before GC invocations=59 (full 0):
 def new generation   total 4928K, used 4418K [0x24c00000, 0x25150000, 0x2a150000)
  eden space 4416K, 100% used [0x24c00000, 0x25050000, 0x25050000)
  from space 512K,   0% used [0x250d0000, 0x250d0b88, 0x25150000)
  to   space 512K,   0% used [0x25050000, 0x25050000, 0x250d0000)
 tenured generation   total 10944K, used 261K [0x2a150000, 0x2ac00000, 0x34c00000)
   the space 10944K,   2% used [0x2a150000, 0x2a1915b8, 0x2a191600, 0x2ac00000)
 compacting perm gen  total 12288K, used 634K [0x34c00000, 0x35800000, 0x38c00000)
   the space 12288K,   5% used [0x34c00000, 0x34c9e900, 0x34c9ea00, 0x35800000)
    ro space 10240K,  42% used [0x38c00000, 0x39036058, 0x39036200, 0x39600000)
    rw space 12288K,  51% used [0x39600000, 0x39c3bdb0, 0x39c3be00, 0x3a200000)
Event: 76.700 GC heap after
Heap after GC invocations=60 (full 0):
 def new generation   total 4928K, used 7K [0x24c00000, 0x25150000, 0x2a150000)
  eden space 4416K,   0% used [0x24c00000, 0x24c00000, 0x25050000)
  from space 512K,   1% used [0x25050000, 0x25051e20, 0x250d0000)
  to   space 512K,   0% used [0x250d0000, 0x250d0000, 0x25150000)
 tenured generation   total 10944K, used 261K [0x2a150000, 0x2ac00000, 0x34c00000)
   the space 10944K,   2% used [0x2a150000, 0x2a191628, 0x2a191800, 0x2ac00000)
 compacting perm gen  total 12288K, used 634K [0x34c00000, 0x35800000, 0x38c00000)
   the space 12288K,   5% used [0x34c00000, 0x34c9e900, 0x34c9ea00, 0x35800000)
    ro space 10240K,  42% used [0x38c00000, 0x39036058, 0x39036200, 0x39600000)
    rw space 12288K,  51% used [0x39600000, 0x39c3bdb0, 0x39c3be00, 0x3a200000)
}
Event: 77.503 GC heap before
{Heap before GC invocations=60 (full 0):
 def new generation   total 4928K, used 4423K [0x24c00000, 0x25150000, 0x2a150000)
  eden space 4416K, 100% used [0x24c00000, 0x25050000, 0x25050000)
  from space 512K,   1% used [0x25050000, 0x25051e20, 0x250d0000)
  to   space 512K,   0% used [0x250d0000, 0x250d0000, 0x25150000)
 tenured generation   total 10944K, used 261K [0x2a150000, 0x2ac00000, 0x34c00000)
   the space 10944K,   2% used [0x2a150000, 0x2a191628, 0x2a191800, 0x2ac00000)
 compacting perm gen  total 12288K, used 634K [0x34c00000, 0x35800000, 0x38c00000)
   the space 12288K,   5% used [0x34c00000, 0x34c9e900, 0x34c9ea00, 0x35800000)
    ro space 10240K,  42% used [0x38c00000, 0x39036058, 0x39036200, 0x39600000)
    rw space 12288K,  51% used [0x39600000, 0x39c3bdb0, 0x39c3be00, 0x3a200000)
Event: 77.504 GC heap after
Heap after GC invocations=61 (full 0):
 def new generation   total 4928K, used 8K [0x24c00000, 0x25150000, 0x2a150000)
  eden space 4416K,   0% used [0x24c00000, 0x24c00000, 0x25050000)
  from space 512K,   1% used [0x250d0000, 0x250d2038, 0x25150000)
  to   space 512K,   0% used [0x25050000, 0x25050000, 0x250d0000)
 tenured generation   total 10944K, used 261K [0x2a150000, 0x2ac00000, 0x34c00000)
   the space 10944K,   2% used [0x2a150000, 0x2a191628, 0x2a191800, 0x2ac00000)
 compacting perm gen  total 12288K, used 634K [0x34c00000, 0x35800000, 0x38c00000)
   the space 12288K,   5% used [0x34c00000, 0x34c9e900, 0x34c9ea00, 0x35800000)
    ro space 10240K,  42% used [0x38c00000, 0x39036058, 0x39036200, 0x39600000)
    rw space 12288K,  51% used [0x39600000, 0x39c3bdb0, 0x39c3be00, 0x3a200000)
}
Event: 78.308 GC heap before
{Heap before GC invocations=61 (full 0):
 def new generation   total 4928K, used 4424K [0x24c00000, 0x25150000, 0x2a150000)
  eden space 4416K, 100% used [0x24c00000, 0x25050000, 0x25050000)
  from space 512K,   1% used [0x250d0000, 0x250d2038, 0x25150000)
  to   space 512K,   0% used [0x25050000, 0x25050000, 0x250d0000)
 tenured generation   total 10944K, used 261K [0x2a150000, 0x2ac00000, 0x34c00000)
   the space 10944K,   2% used [0x2a150000, 0x2a191628, 0x2a191800, 0x2ac00000)
 compacting perm gen  total 12288K, used 634K [0x34c00000, 0x35800000, 0x38c00000)
   the space 12288K,   5% used [0x34c00000, 0x34c9e900, 0x34c9ea00, 0x35800000)
    ro space 10240K,  42% used [0x38c00000, 0x39036058, 0x39036200, 0x39600000)
    rw space 12288K,  51% used [0x39600000, 0x39c3bdb0, 0x39c3be00, 0x3a200000)
Event: 78.309 GC heap after
Heap after GC invocations=62 (full 0):
 def new generation   total 4928K, used 7K [0x24c00000, 0x25150000, 0x2a150000)
  eden space 4416K,   0% used [0x24c00000, 0x24c00000, 0x25050000)
  from space 512K,   1% used [0x25050000, 0x25051e70, 0x250d0000)
  to   space 512K,   0% used [0x250d0000, 0x250d0000, 0x25150000)
 tenured generation   total 10944K, used 261K [0x2a150000, 0x2ac00000, 0x34c00000)
   the space 10944K,   2% used [0x2a150000, 0x2a1916d0, 0x2a191800, 0x2ac00000)
 compacting perm gen  total 12288K, used 634K [0x34c00000, 0x35800000, 0x38c00000)
   the space 12288K,   5% used [0x34c00000, 0x34c9e900, 0x34c9ea00, 0x35800000)
    ro space 10240K,  42% used [0x38c00000, 0x39036058, 0x39036200, 0x39600000)
    rw space 12288K,  51% used [0x39600000, 0x39c3bdb0, 0x39c3be00, 0x3a200000)
}
Event: 79.106 GC heap before
{Heap before GC invocations=62 (full 0):
 def new generation   total 4928K, used 4423K [0x24c00000, 0x25150000, 0x2a150000)
  eden space 4416K, 100% used [0x24c00000, 0x25050000, 0x25050000)
  from space 512K,   1% used [0x25050000, 0x25051e70, 0x250d0000)
  to   space 512K,   0% used [0x250d0000, 0x250d0000, 0x25150000)
 tenured generation   total 10944K, used 261K [0x2a150000, 0x2ac00000, 0x34c00000)
   the space 10944K,   2% used [0x2a150000, 0x2a1916d0, 0x2a191800, 0x2ac00000)
 compacting perm gen  total 12288K, used 634K [0x34c00000, 0x35800000, 0x38c00000)
   the space 12288K,   5% used [0x34c00000, 0x34c9e900, 0x34c9ea00, 0x35800000)
    ro space 10240K,  42% used [0x38c00000, 0x39036058, 0x39036200, 0x39600000)
    rw space 12288K,  51% used [0x39600000, 0x39c3bdb0, 0x39c3be00, 0x3a200000)
Event: 79.106 GC heap after
Heap after GC invocations=63 (full 0):
 def new generation   total 4928K, used 7K [0x24c00000, 0x25150000, 0x2a150000)
  eden space 4416K,   0% used [0x24c00000, 0x24c00000, 0x25050000)
  from space 512K,   1% used [0x250d0000, 0x250d1c08, 0x25150000)
  to   space 512K,   0% used [0x25050000, 0x25050000, 0x250d0000)
 tenured generation   total 10944K, used 262K [0x2a150000, 0x2ac00000, 0x34c00000)
   the space 10944K,   2% used [0x2a150000, 0x2a191920, 0x2a191a00, 0x2ac00000)
 compacting perm gen  total 12288K, used 634K [0x34c00000, 0x35800000, 0x38c00000)
   the space 12288K,   5% used [0x34c00000, 0x34c9e900, 0x34c9ea00, 0x35800000)
    ro space 10240K,  42% used [0x38c00000, 0x39036058, 0x39036200, 0x39600000)
    rw space 12288K,  51% used [0x39600000, 0x39c3bdb0, 0x39c3be00, 0x3a200000)
}

Deoptimization events (0 events):
No events

Internal exceptions (10 events):
Event: 5.370 Thread 0x0296c400 Threw 0x24d1b6c0 at C:\re\jdk7u79\2331\hotspot\src\share\vm\prims\jvm.cpp:1304
Event: 5.370 Thread 0x0296c400 Threw 0x24d1e8a0 at C:\re\jdk7u79\2331\hotspot\src\share\vm\prims\jvm.cpp:1304
Event: 5.371 Thread 0x0296c400 Threw 0x24d20da0 at C:\re\jdk7u79\2331\hotspot\src\share\vm\prims\jvm.cpp:1304
Event: 5.381 Thread 0x0296c400 Threw 0x24d6d848 at C:\re\jdk7u79\2331\hotspot\src\share\vm\prims\jvm.cpp:1304
Event: 5.383 Thread 0x0296c400 Threw 0x24d71500 at C:\re\jdk7u79\2331\hotspot\src\share\vm\prims\jvm.cpp:1304
Event: 5.384 Thread 0x0296c400 Threw 0x24d7ef60 at C:\re\jdk7u79\2331\hotspot\src\share\vm\prims\jvm.cpp:1304
Event: 5.390 Thread 0x0296c400 Threw 0x24d98a10 at C:\re\jdk7u79\2331\hotspot\src\share\vm\prims\jvm.cpp:1304
Event: 15.966 Thread 0x0296c400 Threw 0x24c79ce0 at C:\re\jdk7u79\2331\hotspot\src\share\vm\prims\jvm.cpp:1304
Event: 15.966 Thread 0x0296c400 Threw 0x24c7b400 at C:\re\jdk7u79\2331\hotspot\src\share\vm\prims\jvm.cpp:1304
Event: 42.326 Thread 0x0296c400 Threw 0x24daf190 at C:\re\jdk7u79\2331\hotspot\src\share\vm\prims\jvm.cpp:1304

Events (10 events):
Event: 75.878 Executing VM operation: GenCollectForAllocation
Event: 75.878 Executing VM operation: GenCollectForAllocation done
Event: 76.700 Executing VM operation: GenCollectForAllocation
Event: 76.700 Executing VM operation: GenCollectForAllocation done
Event: 77.503 Executing VM operation: GenCollectForAllocation
Event: 77.504 Executing VM operation: GenCollectForAllocation done
Event: 78.308 Executing VM operation: GenCollectForAllocation
Event: 78.309 Executing VM operation: GenCollectForAllocation done
Event: 79.105 Executing VM operation: GenCollectForAllocation
Event: 79.106 Executing VM operation: GenCollectForAllocation done


Dynamic libraries:
0x01380000 - 0x013af000 	C:\Program Files (x86)\Java\jre7\bin\javaw.exe
0x77370000 - 0x774f2000 	C:\WINDOWS\SYSTEM32\ntdll.dll
0x756d0000 - 0x757b0000 	C:\WINDOWS\System32\KERNEL32.DLL
0x751b0000 - 0x75351000 	C:\WINDOWS\System32\KERNELBASE.dll
0x74aa0000 - 0x74b17000 	C:\WINDOWS\System32\ADVAPI32.dll
0x74bc0000 - 0x74c7e000 	C:\WINDOWS\System32\msvcrt.dll
0x74370000 - 0x743b1000 	C:\WINDOWS\System32\sechost.dll
0x742a0000 - 0x74361000 	C:\WINDOWS\System32\RPCRT4.dll
0x73e30000 - 0x73e4e000 	C:\WINDOWS\System32\SspiCli.dll
0x73e20000 - 0x73e2a000 	C:\WINDOWS\System32\CRYPTBASE.dll
0x75430000 - 0x7548a000 	C:\WINDOWS\System32\bcryptPrimitives.dll
0x743c0000 - 0x7451f000 	C:\WINDOWS\System32\USER32.dll
0x75360000 - 0x75375000 	C:\WINDOWS\System32\win32u.dll
0x75120000 - 0x7514b000 	C:\WINDOWS\System32\GDI32.dll
0x75490000 - 0x755eb000 	C:\WINDOWS\System32\gdi32full.dll
0x71690000 - 0x7189a000 	C:\WINDOWS\WinSxS\x86_microsoft.windows.common-controls_6595b64144ccf1df_6.0.14393.447_none_89c64d28dafea4b9\COMCTL32.dll
0x73ea0000 - 0x740b1000 	C:\WINDOWS\System32\combase.dll
0x74c80000 - 0x74d60000 	C:\WINDOWS\System32\ucrtbase.dll
0x73e70000 - 0x73e95000 	C:\WINDOWS\System32\IMM32.DLL
0x781c0000 - 0x7827f000 	C:\Program Files (x86)\Java\jre7\bin\msvcr100.dll
0x6e5c0000 - 0x6e949000 	C:\Program Files (x86)\Java\jre7\bin\client\jvm.dll
0x74520000 - 0x74526000 	C:\WINDOWS\System32\PSAPI.DLL
0x731e0000 - 0x73204000 	C:\WINDOWS\SYSTEM32\WINMM.dll
0x730a0000 - 0x730a8000 	C:\WINDOWS\SYSTEM32\WSOCK32.dll
0x75660000 - 0x756c3000 	C:\WINDOWS\System32\WS2_32.dll
0x00ee0000 - 0x00f03000 	C:\WINDOWS\SYSTEM32\WINMMBASE.dll
0x74b20000 - 0x74b56000 	C:\WINDOWS\System32\cfgmgr32.dll
0x60b30000 - 0x60b3c000 	C:\Program Files (x86)\Java\jre7\bin\verify.dll
0x5ae60000 - 0x5ae80000 	C:\Program Files (x86)\Java\jre7\bin\java.dll
0x5ad50000 - 0x5ad63000 	C:\Program Files (x86)\Java\jre7\bin\zip.dll
0x0fba0000 - 0x0fe26000 	C:\Users\amanz360\Documents\GitHub\MoleAI\ExampleBot\bwapi_bridge2_5.dll
0x537e0000 - 0x53851000 	C:\WINDOWS\SYSTEM32\MSVCP120.dll
0x6acc0000 - 0x6ad27000 	C:\Users\amanz360\Documents\GitHub\MoleAI\ExampleBot\libgmp-10.dll
0x6f540000 - 0x6f59e000 	C:\Users\amanz360\Documents\GitHub\MoleAI\ExampleBot\libmpfr-4.dll
0x73d30000 - 0x73e1e000 	C:\WINDOWS\SYSTEM32\MSVCR120.dll
0x72f00000 - 0x73045000 	C:\WINDOWS\SYSTEM32\dbghelp.dll

VM Arguments:
jvm_args: -Dfile.encoding=Cp1252 
java_command: TestBot1
Launcher Type: SUN_STANDARD

Environment Variables:
PATH=C:/Program Files (x86)/Java/jre7/bin/client;C:/Program Files (x86)/Java/jre7/bin;C:/Program Files (x86)/Java/jre7/lib/i386;C:\gurobi701\win64\bin;C:\Program Files (x86)\NVIDIA Corporation\PhysX\Common;C:\Program Files\Java\jdk1.8.0_45\bin;C:\ProgramData\Oracle\Java\javapath;c:\Program Files (x86)\Intel\iCLS Client\;c:\Program Files\Intel\iCLS Client\;C:\WINDOWS\system32;C:\WINDOWS;C:\WINDOWS\System32\Wbem;C:\WINDOWS\System32\WindowsPowerShell\v1.0\;C:\Program Files\Intel\WiFi\bin\;C:\Program Files\Common Files\Intel\WirelessCommon\;C:\Program Files\Mozart\bin;C:\Program Files\Microsoft SQL Server\110\Tools\Binn\;C:\Program Files (x86)\Skype\Phone\;C:\Program Files (x86)\Intel\Intel(R) Management Engine Components\DAL;C:\Program Files\Intel\Intel(R) Management Engine Components\DAL;C:\Program Files (x86)\Intel\Intel(R) Management Engine Components\IPT;C:\Program Files\Intel\Intel(R) Management Engine Components\IPT;C:\Go\bin;C:\WINDOWS\system32\config\systemprofile\.dnx\bin;C:\Program Files\Microsoft DNX\Dnvm\;C:\Program Files\Microsoft SQL Server\130\Tools\Binn\;C:\Program Files (x86)\Windows Kits\8.1\Windows Performance Toolkit\;c:\Program Files (x86)\Microsoft SQL Server\100\Tools\Binn\;c:\Program Files\Microsoft SQL Server\100\Tools\Binn\;c:\Program Files\Microsoft SQL Server\100\DTS\Binn\;C:\Users\amanz360\Anaconda3;C:\Users\amanz360\Anaconda3\Scripts;C:\Users\amanz360\Anaconda3\Library\bin;C:\Users\amanz360\AppData\Local\Microsoft\WindowsApps;;C:\Users\amanz360\Downloads\eclipse-java-mars-2-win32\eclipse;
USERNAME=amanz360
OS=Windows_NT
PROCESSOR_IDENTIFIER=Intel64 Family 6 Model 69 Stepping 1, GenuineIntel



---------------  S Y S T E M  ---------------

OS: Windows 8.1 , 64 bit Build 9600 

CPU:total 4 (2 cores per cpu, 2 threads per core) family 6 model 69 stepping 1, cmov, cx8, fxsr, mmx, sse, sse2, sse3, ssse3, sse4.1, sse4.2, popcnt, avx, avx2, aes, erms, ht, tsc, tscinvbit

Memory: 4k page, physical 6187596k(2602988k free), swap 11083292k(4381000k free)

vm_info: Java HotSpot(TM) Client VM (24.79-b02) for windows-x86 JRE (1.7.0_79-b15), built on Apr 10 2015 16:49:13 by "java_re" with unknown MS VC++:1600

time: Thu Dec 08 01:16:40 2016
elapsed time: 79 seconds

