#
# A fatal error has been detected by the Java Runtime Environment:
#
#  EXCEPTION_ACCESS_VIOLATION (0xc0000005) at pc=0x6ed86cdb, pid=14260, tid=0x00003650
#
# JRE version: Java(TM) SE Runtime Environment (8.0_121-b13) (build 1.8.0_121-b13)
# Java VM: Java HotSpot(TM) Client VM (25.121-b13 mixed mode, sharing windows-x86 )
# Problematic frame:
# V  [jvm.dll+0xd6cdb]
#
# Failed to write core dump. Minidumps are not enabled by default on client versions of Windows
#
# If you would like to submit a bug report, please visit:
#   http://bugreport.java.com/bugreport/crash.jsp
#

---------------  T H R E A D  ---------------

Current thread (0x00f6c000):  JavaThread "main" [_thread_in_vm, id=13904, stack(0x010b0000,0x01100000)]

siginfo: ExceptionCode=0xc0000005, reading address 0x00000000

Registers:
EAX=0x00000000, EBX=0x00f6c000, ECX=0x00000000, EDX=0x00000001
ESP=0x010fdcc4, EBP=0x010fdce0, ESI=0x00f6c140, EDI=0x00000000
EIP=0x6ed86cdb, EFLAGS=0x00010246

Top of Stack: (sp=0x010fdcc4)
0x010fdcc4:   00000000 00f6c140 00f6c000 00f6c000
0x010fdcd4:   00000000 00f6c140 00f6c000 010fdd98
0x010fdce4:   68f30fd2 00f6c140 00000000 00f60079
0x010fdcf4:   00f6c000 010fdd98 68f30fa7 00000001
0x010fdd04:   0000000f 010f0049 6ed8aa8e 00f6c000
0x010fdd14:   00000006 00000001 0000000f 00f6c000
0x010fdd24:   0a186fb8 010fe004 02bed244 010fdd78
0x010fdd34:   00f6c140 00000002 00f6c000 0101b208 

Instructions: (pc=0x6ed86cdb)
0x6ed86cbb:   f3 ff 83 c4 08 83 7b 04 00 89 5d f0 c7 45 f4 00
0x6ed86ccb:   00 00 00 74 08 8d 4d f0 e8 58 11 0d 00 8b 45 0c
0x6ed86cdb:   8b 08 8b 51 04 8b 42 38 50 56 e8 d6 4c 08 00 83
0x6ed86ceb:   c4 08 83 7d f4 00 89 45 08 74 08 8d 4d f0 e8 72 


Register to memory mapping:

EAX=0x00000000 is an unknown value
EBX=0x00f6c000 is a thread
ECX=0x00000000 is an unknown value
EDX=0x00000001 is an unknown value
ESP=0x010fdcc4 is pointing into the stack for thread: 0x00f6c000
EBP=0x010fdce0 is pointing into the stack for thread: 0x00f6c000
ESI=0x00f6c140 is an unknown value
EDI=0x00000000 is an unknown value


Stack: [0x010b0000,0x01100000],  sp=0x010fdcc4,  free space=311k
Native frames: (J=compiled Java code, j=interpreted, Vv=VM code, C=native code)
V  [jvm.dll+0xd6cdb]
C  [bwapi_bridge2_5.dll+0x20fd2]
J 400  bwapi.Game.getUnitsInRadius_native(JLbwapi/Position;I)Ljava/util/List; (0 bytes) @ 0x02c280bf [0x02c28010+0xaf]
J 283 C1 moleAI.Squad.closestEnemy(Lbwapi/Game;)Lbwapi/Unit; (137 bytes) @ 0x02c09ed0 [0x02c09e30+0xa0]
J 219 C1 moleAI.SquadManager.update(Lbwapi/Game;Lbwapi/Position;)V (73 bytes) @ 0x02bf6400 [0x02bf62d0+0x130]
J 82 C1 moleAI.StrategyManager.update(Lbwapi/Game;Lbwapi/Player;)V (409 bytes) @ 0x02bd13bc [0x02bd0850+0xb6c]
J 207 C1 moleAI.TestBot1.onFrame()V (86 bytes) @ 0x02bf4514 [0x02bf42b0+0x264]
J 206 C1 bwapi.AIModule.onFrame()V (17 bytes) @ 0x02bf4044 [0x02bf4010+0x34]
v  ~StubRoutines::call_stub
V  [jvm.dll+0x15aa85]
V  [jvm.dll+0x220d7e]
V  [jvm.dll+0x15ab1e]
V  [jvm.dll+0xdcc7b]
V  [jvm.dll+0xdfc0c]
C  [bwapi_bridge2_5.dll+0x1b20d]
C  [bwapi_bridge2_5.dll+0x75101]
j  bwapi.Mirror.startGame()V+0
j  moleAI.TestBot1.run()V+15
j  moleAI.TestBot1.main([Ljava/lang/String;)V+7
v  ~StubRoutines::call_stub
V  [jvm.dll+0x15aa85]
V  [jvm.dll+0x220d7e]
V  [jvm.dll+0x15ab1e]
V  [jvm.dll+0xdca47]
V  [jvm.dll+0xe4fdf]
C  [javaw.exe+0x22ab]
C  [javaw.exe+0xaebf]
C  [javaw.exe+0xaf49]
C  [KERNEL32.DLL+0x162c4]
C  [ntdll.dll+0x60fd9]
C  [ntdll.dll+0x60fa4]
C  0x00000000

Java frames: (J=compiled Java code, j=interpreted, Vv=VM code)
J 400  bwapi.Game.getUnitsInRadius_native(JLbwapi/Position;I)Ljava/util/List; (0 bytes) @ 0x02c2807b [0x02c28010+0x6b]
J 283 C1 moleAI.Squad.closestEnemy(Lbwapi/Game;)Lbwapi/Unit; (137 bytes) @ 0x02c09ed0 [0x02c09e30+0xa0]
J 219 C1 moleAI.SquadManager.update(Lbwapi/Game;Lbwapi/Position;)V (73 bytes) @ 0x02bf6400 [0x02bf62d0+0x130]
J 82 C1 moleAI.StrategyManager.update(Lbwapi/Game;Lbwapi/Player;)V (409 bytes) @ 0x02bd13bc [0x02bd0850+0xb6c]
J 207 C1 moleAI.TestBot1.onFrame()V (86 bytes) @ 0x02bf4514 [0x02bf42b0+0x264]
J 206 C1 bwapi.AIModule.onFrame()V (17 bytes) @ 0x02bf4044 [0x02bf4010+0x34]
v  ~StubRoutines::call_stub
j  bwapi.Mirror.startGame()V+0
j  moleAI.TestBot1.run()V+15
j  moleAI.TestBot1.main([Ljava/lang/String;)V+7
v  ~StubRoutines::call_stub

---------------  P R O C E S S  ---------------

Java Threads: ( => current thread )
  0x029c0000 JavaThread "Service Thread" daemon [_thread_blocked, id=4560, stack(0x15a10000,0x15a60000)]
  0x029a1800 JavaThread "C1 CompilerThread0" daemon [_thread_blocked, id=3696, stack(0x15980000,0x159d0000)]
  0x029a0400 JavaThread "Attach Listener" daemon [_thread_blocked, id=10360, stack(0x158f0000,0x15940000)]
  0x0299e400 JavaThread "Signal Dispatcher" daemon [_thread_blocked, id=13320, stack(0x15860000,0x158b0000)]
  0x02993800 JavaThread "Finalizer" daemon [_thread_blocked, id=15580, stack(0x156e0000,0x15730000)]
  0x02936c00 JavaThread "Reference Handler" daemon [_thread_blocked, id=15224, stack(0x15650000,0x156a0000)]
=>0x00f6c000 JavaThread "main" [_thread_in_vm, id=13904, stack(0x010b0000,0x01100000)]

Other Threads:
  0x02933000 VMThread [stack: 0x04b50000,0x04ba0000] [id=14404]
  0x029d7400 WatcherThread [stack: 0x15aa0000,0x15af0000] [id=14096]

VM state:not at safepoint (normal execution)

VM Mutex/Monitor currently owned by a thread: None

Heap:
 def new generation   total 4928K, used 1045K [0x04c00000, 0x05150000, 0x0a150000)
  eden space 4416K,  22% used [0x04c00000, 0x04cf2e28, 0x05050000)
  from space 512K,  14% used [0x050d0000, 0x050e2880, 0x05150000)
  to   space 512K,   0% used [0x05050000, 0x05050000, 0x050d0000)
 tenured generation   total 10944K, used 727K [0x0a150000, 0x0ac00000, 0x14c00000)
   the space 10944K,   6% used [0x0a150000, 0x0a205c68, 0x0a205e00, 0x0ac00000)
 Metaspace       used 561K, capacity 2760K, committed 2880K, reserved 4480K

Card table byte_map: [0x02a10000,0x02aa0000] byte_map_base: 0x029ea000

Polling page: 0x01100000

CodeCache: size=32768Kb used=1145Kb max_used=1145Kb free=31622Kb
 bounds [0x02b10000, 0x02c30000, 0x04b10000]
 total_blobs=572 nmethods=427 adapters=76
 compilation: enabled

Compilation events (10 events):
Event: 103.465 Thread 0x029a1800  423             bts.actions.execution.Move::getTarget (29 bytes)
Event: 103.466 Thread 0x029a1800 nmethod 423 0x02c2d088 code [0x02c2d190, 0x02c2d29c]
Event: 103.685 Thread 0x029a1800  424             bts.actions.execution.Move::internalTick (93 bytes)
Event: 103.685 Thread 0x029a1800 nmethod 424 0x02c2d388 code [0x02c2d510, 0x02c2d824]
Event: 106.534 Thread 0x029a1800  425             bwapi.PositionOrUnit::<init> (24 bytes)
Event: 106.534 Thread 0x029a1800 nmethod 425 0x02c2dbc8 code [0x02c2dcd0, 0x02c2ddcc]
Event: 108.976 Thread 0x029a1800  426             bwapi.UnitCommand::getTarget (5 bytes)
Event: 108.976 Thread 0x029a1800 nmethod 426 0x02c2de48 code [0x02c2df40, 0x02c2dfc0]
Event: 109.326 Thread 0x029a1800  427             moleAI.StrategyManager::moleContains (48 bytes)
Event: 109.326 Thread 0x029a1800 nmethod 427 0x02c2e008 code [0x02c2e160, 0x02c2e318]

GC Heap History (10 events):
Event: 109.217 GC heap before
{Heap before GC invocations=400 (full 0):
 def new generation   total 4928K, used 4475K [0x04c00000, 0x05150000, 0x0a150000)
  eden space 4416K, 100% used [0x04c00000, 0x05050000, 0x05050000)
  from space 512K,  11% used [0x05050000, 0x0505ed38, 0x050d0000)
  to   space 512K,   0% used [0x050d0000, 0x050d0000, 0x05150000)
 tenured generation   total 10944K, used 719K [0x0a150000, 0x0ac00000, 0x14c00000)
   the space 10944K,   6% used [0x0a150000, 0x0a203f38, 0x0a204000, 0x0ac00000)
 Metaspace       used 560K, capacity 2760K, committed 2880K, reserved 4480K
Event: 109.218 GC heap after
Heap after GC invocations=401 (full 0):
 def new generation   total 4928K, used 58K [0x04c00000, 0x05150000, 0x0a150000)
  eden space 4416K,   0% used [0x04c00000, 0x04c00000, 0x05050000)
  from space 512K,  11% used [0x050d0000, 0x050dea90, 0x05150000)
  to   space 512K,   0% used [0x05050000, 0x05050000, 0x050d0000)
 tenured generation   total 10944K, used 720K [0x0a150000, 0x0ac00000, 0x14c00000)
   the space 10944K,   6% used [0x0a150000, 0x0a204380, 0x0a204400, 0x0ac00000)
 Metaspace       used 560K, capacity 2760K, committed 2880K, reserved 4480K
}
Event: 109.616 GC heap before
{Heap before GC invocations=401 (full 0):
 def new generation   total 4928K, used 4474K [0x04c00000, 0x05150000, 0x0a150000)
  eden space 4416K, 100% used [0x04c00000, 0x05050000, 0x05050000)
  from space 512K,  11% used [0x050d0000, 0x050dea90, 0x05150000)
  to   space 512K,   0% used [0x05050000, 0x05050000, 0x050d0000)
 tenured generation   total 10944K, used 720K [0x0a150000, 0x0ac00000, 0x14c00000)
   the space 10944K,   6% used [0x0a150000, 0x0a204380, 0x0a204400, 0x0ac00000)
 Metaspace       used 560K, capacity 2760K, committed 2880K, reserved 4480K
Event: 109.617 GC heap after
Heap after GC invocations=402 (full 0):
 def new generation   total 4928K, used 61K [0x04c00000, 0x05150000, 0x0a150000)
  eden space 4416K,   0% used [0x04c00000, 0x04c00000, 0x05050000)
  from space 512K,  12% used [0x05050000, 0x0505f608, 0x050d0000)
  to   space 512K,   0% used [0x050d0000, 0x050d0000, 0x05150000)
 tenured generation   total 10944K, used 722K [0x0a150000, 0x0ac00000, 0x14c00000)
   the space 10944K,   6% used [0x0a150000, 0x0a2049c8, 0x0a204a00, 0x0ac00000)
 Metaspace       used 560K, capacity 2760K, committed 2880K, reserved 4480K
}
Event: 109.899 GC heap before
{Heap before GC invocations=402 (full 0):
 def new generation   total 4928K, used 4477K [0x04c00000, 0x05150000, 0x0a150000)
  eden space 4416K, 100% used [0x04c00000, 0x05050000, 0x05050000)
  from space 512K,  12% used [0x05050000, 0x0505f608, 0x050d0000)
  to   space 512K,   0% used [0x050d0000, 0x050d0000, 0x05150000)
 tenured generation   total 10944K, used 722K [0x0a150000, 0x0ac00000, 0x14c00000)
   the space 10944K,   6% used [0x0a150000, 0x0a2049c8, 0x0a204a00, 0x0ac00000)
 Metaspace       used 561K, capacity 2760K, committed 2880K, reserved 4480K
Event: 109.899 GC heap after
Heap after GC invocations=403 (full 0):
 def new generation   total 4928K, used 64K [0x04c00000, 0x05150000, 0x0a150000)
  eden space 4416K,   0% used [0x04c00000, 0x04c00000, 0x05050000)
  from space 512K,  12% used [0x050d0000, 0x050e0328, 0x05150000)
  to   space 512K,   0% used [0x05050000, 0x05050000, 0x050d0000)
 tenured generation   total 10944K, used 725K [0x0a150000, 0x0ac00000, 0x14c00000)
   the space 10944K,   6% used [0x0a150000, 0x0a2054c8, 0x0a205600, 0x0ac00000)
 Metaspace       used 561K, capacity 2760K, committed 2880K, reserved 4480K
}
Event: 110.156 GC heap before
{Heap before GC invocations=403 (full 0):
 def new generation   total 4928K, used 4480K [0x04c00000, 0x05150000, 0x0a150000)
  eden space 4416K, 100% used [0x04c00000, 0x05050000, 0x05050000)
  from space 512K,  12% used [0x050d0000, 0x050e0328, 0x05150000)
  to   space 512K,   0% used [0x05050000, 0x05050000, 0x050d0000)
 tenured generation   total 10944K, used 725K [0x0a150000, 0x0ac00000, 0x14c00000)
   the space 10944K,   6% used [0x0a150000, 0x0a2054c8, 0x0a205600, 0x0ac00000)
 Metaspace       used 561K, capacity 2760K, committed 2880K, reserved 4480K
Event: 110.157 GC heap after
Heap after GC invocations=404 (full 0):
 def new generation   total 4928K, used 75K [0x04c00000, 0x05150000, 0x0a150000)
  eden space 4416K,   0% used [0x04c00000, 0x04c00000, 0x05050000)
  from space 512K,  14% used [0x05050000, 0x05062e28, 0x050d0000)
  to   space 512K,   0% used [0x050d0000, 0x050d0000, 0x05150000)
 tenured generation   total 10944K, used 725K [0x0a150000, 0x0ac00000, 0x14c00000)
   the space 10944K,   6% used [0x0a150000, 0x0a205500, 0x0a205600, 0x0ac00000)
 Metaspace       used 561K, capacity 2760K, committed 2880K, reserved 4480K
}
Event: 110.412 GC heap before
{Heap before GC invocations=404 (full 0):
 def new generation   total 4928K, used 4491K [0x04c00000, 0x05150000, 0x0a150000)
  eden space 4416K, 100% used [0x04c00000, 0x05050000, 0x05050000)
  from space 512K,  14% used [0x05050000, 0x05062e28, 0x050d0000)
  to   space 512K,   0% used [0x050d0000, 0x050d0000, 0x05150000)
 tenured generation   total 10944K, used 725K [0x0a150000, 0x0ac00000, 0x14c00000)
   the space 10944K,   6% used [0x0a150000, 0x0a205500, 0x0a205600, 0x0ac00000)
 Metaspace       used 561K, capacity 2760K, committed 2880K, reserved 4480K
Event: 110.413 GC heap after
Heap after GC invocations=405 (full 0):
 def new generation   total 4928K, used 74K [0x04c00000, 0x05150000, 0x0a150000)
  eden space 4416K,   0% used [0x04c00000, 0x04c00000, 0x05050000)
  from space 512K,  14% used [0x050d0000, 0x050e2880, 0x05150000)
  to   space 512K,   0% used [0x05050000, 0x05050000, 0x050d0000)
 tenured generation   total 10944K, used 727K [0x0a150000, 0x0ac00000, 0x14c00000)
   the space 10944K,   6% used [0x0a150000, 0x0a205c68, 0x0a205e00, 0x0ac00000)
 Metaspace       used 561K, capacity 2760K, committed 2880K, reserved 4480K
}

Deoptimization events (0 events):
No events

Internal exceptions (10 events):
Event: 21.455 Thread 0x00f6c000 Implicit null exception at 0x02be6926 to 0x02be6e91
Event: 21.455 Thread 0x00f6c000 Exception <a 'java/lang/NullPointerException'> (0x04d57990) thrown at [C:\workspace\8-2-build-windows-i586-cygwin\jdk8u121\8372\hotspot\src\share\vm\runtime\sharedRuntime.cpp, line 605]
Event: 21.466 Thread 0x00f6c000 Implicit null exception at 0x02be6926 to 0x02be6e91
Event: 21.466 Thread 0x00f6c000 Exception <a 'java/lang/NullPointerException'> (0x04d5f450) thrown at [C:\workspace\8-2-build-windows-i586-cygwin\jdk8u121\8372\hotspot\src\share\vm\runtime\sharedRuntime.cpp, line 605]
Event: 21.475 Thread 0x00f6c000 Implicit null exception at 0x02be6926 to 0x02be6e91
Event: 21.475 Thread 0x00f6c000 Exception <a 'java/lang/NullPointerException'> (0x04d66f18) thrown at [C:\workspace\8-2-build-windows-i586-cygwin\jdk8u121\8372\hotspot\src\share\vm\runtime\sharedRuntime.cpp, line 605]
Event: 21.486 Thread 0x00f6c000 Implicit null exception at 0x02be6926 to 0x02be6e91
Event: 21.486 Thread 0x00f6c000 Exception <a 'java/lang/NullPointerException'> (0x04d6e9c8) thrown at [C:\workspace\8-2-build-windows-i586-cygwin\jdk8u121\8372\hotspot\src\share\vm\runtime\sharedRuntime.cpp, line 605]
Event: 21.496 Thread 0x00f6c000 Implicit null exception at 0x02be6926 to 0x02be6e91
Event: 21.496 Thread 0x00f6c000 Exception <a 'java/lang/NullPointerException'> (0x04d76478) thrown at [C:\workspace\8-2-build-windows-i586-cygwin\jdk8u121\8372\hotspot\src\share\vm\runtime\sharedRuntime.cpp, line 605]

Events (10 events):
Event: 109.217 Executing VM operation: GenCollectForAllocation
Event: 109.218 Executing VM operation: GenCollectForAllocation done
Event: 109.616 Executing VM operation: GenCollectForAllocation
Event: 109.617 Executing VM operation: GenCollectForAllocation done
Event: 109.899 Executing VM operation: GenCollectForAllocation
Event: 109.899 Executing VM operation: GenCollectForAllocation done
Event: 110.156 Executing VM operation: GenCollectForAllocation
Event: 110.157 Executing VM operation: GenCollectForAllocation done
Event: 110.412 Executing VM operation: GenCollectForAllocation
Event: 110.413 Executing VM operation: GenCollectForAllocation done


Dynamic libraries:
0x00e10000 - 0x00e43000 	C:\Program Files (x86)\Java\jre1.8.0_121\bin\javaw.exe
0x77b90000 - 0x77d13000 	C:\Windows\SYSTEM32\ntdll.dll
0x76820000 - 0x76900000 	C:\Windows\System32\KERNEL32.DLL
0x75f50000 - 0x760f1000 	C:\Windows\System32\KERNELBASE.dll
0x77b00000 - 0x77b77000 	C:\Windows\System32\ADVAPI32.dll
0x76d80000 - 0x76e3e000 	C:\Windows\System32\msvcrt.dll
0x74880000 - 0x748c1000 	C:\Windows\System32\sechost.dll
0x76f90000 - 0x77051000 	C:\Windows\System32\RPCRT4.dll
0x74650000 - 0x7466e000 	C:\Windows\System32\SspiCli.dll
0x74640000 - 0x7464a000 	C:\Windows\System32\CRYPTBASE.dll
0x76d20000 - 0x76d7a000 	C:\Windows\System32\bcryptPrimitives.dll
0x769a0000 - 0x76aff000 	C:\Windows\System32\USER32.dll
0x77060000 - 0x77075000 	C:\Windows\System32\win32u.dll
0x77a00000 - 0x77a2b000 	C:\Windows\System32\GDI32.dll
0x77320000 - 0x7747b000 	C:\Windows\System32\gdi32full.dll
0x6fe00000 - 0x7000a000 	C:\Windows\WinSxS\x86_microsoft.windows.common-controls_6595b64144ccf1df_6.0.14393.953_none_89c2555adb023171\COMCTL32.dll
0x76b00000 - 0x76d11000 	C:\Windows\System32\combase.dll
0x77920000 - 0x77a00000 	C:\Windows\System32\ucrtbase.dll
0x76970000 - 0x76995000 	C:\Windows\System32\IMM32.DLL
0x6e220000 - 0x6e2df000 	C:\Program Files (x86)\Java\jre1.8.0_121\bin\msvcr100.dll
0x6ecb0000 - 0x6f07e000 	C:\Program Files (x86)\Java\jre1.8.0_121\bin\client\jvm.dll
0x76100000 - 0x76106000 	C:\Windows\System32\PSAPI.DLL
0x700d0000 - 0x700f4000 	C:\Windows\SYSTEM32\WINMM.dll
0x68e10000 - 0x68e18000 	C:\Windows\SYSTEM32\WSOCK32.dll
0x74310000 - 0x74318000 	C:\Windows\SYSTEM32\VERSION.dll
0x76900000 - 0x76963000 	C:\Windows\System32\WS2_32.dll
0x00f10000 - 0x00f33000 	C:\Windows\SYSTEM32\WINMMBASE.dll
0x77a30000 - 0x77a66000 	C:\Windows\System32\cfgmgr32.dll
0x700c0000 - 0x700cc000 	C:\Program Files (x86)\Java\jre1.8.0_121\bin\verify.dll
0x70090000 - 0x700b1000 	C:\Program Files (x86)\Java\jre1.8.0_121\bin\java.dll
0x70070000 - 0x70083000 	C:\Program Files (x86)\Java\jre1.8.0_121\bin\zip.dll
0x749a0000 - 0x75d78000 	C:\Windows\System32\SHELL32.dll
0x762b0000 - 0x7681e000 	C:\Windows\System32\windows.storage.dll
0x770f0000 - 0x77135000 	C:\Windows\System32\powrprof.dll
0x76ee0000 - 0x76f26000 	C:\Windows\System32\shlwapi.dll
0x770e0000 - 0x770ed000 	C:\Windows\System32\kernel.appcore.dll
0x77a70000 - 0x77af8000 	C:\Windows\System32\shcore.dll
0x76110000 - 0x7611f000 	C:\Windows\System32\profapi.dll
0x68f10000 - 0x69196000 	C:\Users\amanz\OneDrive\Documents\GitHub\MoleAI\ExampleBot\bwapi_bridge2_5.dll
0x6e3d0000 - 0x6e441000 	C:\Program Files (x86)\Java\jre1.8.0_121\bin\MSVCP120.dll
0x6e130000 - 0x6e21e000 	C:\Program Files (x86)\Java\jre1.8.0_121\bin\MSVCR120.dll
0x6acc0000 - 0x6ad27000 	C:\Users\amanz\OneDrive\Documents\GitHub\MoleAI\ExampleBot\libgmp-10.dll
0x6f540000 - 0x6f59e000 	C:\Users\amanz\OneDrive\Documents\GitHub\MoleAI\ExampleBot\libmpfr-4.dll
0x6f610000 - 0x6f755000 	C:\Windows\SYSTEM32\dbghelp.dll

VM Arguments:
jvm_args: -Dfile.encoding=Cp1252 
java_command: moleAI.TestBot1
java_class_path (initial): C:\Users\amanz\OneDrive\Documents\GitHub\MoleAI\ExampleBot\bin;C:\Users\amanz\OneDrive\Documents\GitHub\MoleAI\ExampleBot\lib\bwmirror_v2_5.jar;C:\Users\amanz\OneDrive\Documents\GitHub\MoleAI\ExampleBot\lib\JBTCore.jar
Launcher Type: SUN_STANDARD

Environment Variables:
PATH=C:/Program Files/Java/jre1.8.0_121/bin/server;C:/Program Files/Java/jre1.8.0_121/bin;C:/Program Files/Java/jre1.8.0_121/lib/amd64;C:\ProgramData\Oracle\Java\javapath;C:\Program Files (x86)\Intel\iCLS Client\;C:\Program Files\Intel\iCLS Client\;C:\Windows\system32;C:\Windows;C:\Windows\System32\Wbem;C:\Windows\System32\WindowsPowerShell\v1.0\;C:\Program Files (x86)\Intel\Intel(R) Management Engine Components\DAL;C:\Program Files\Intel\Intel(R) Management Engine Components\DAL;C:\Program Files (x86)\Intel\Intel(R) Management Engine Components\IPT;C:\Program Files\Intel\Intel(R) Management Engine Components\IPT;C:\Program Files (x86)\NVIDIA Corporation\PhysX\Common;C:\Program Files\nodejs\;C:\Program Files\Microsoft SQL Server\110\Tools\Binn\;C:\Program Files (x86)\Microsoft SDKs\TypeScript\1.0\;C:\Program Files\Microsoft SQL Server\120\Tools\Binn\;C:\Program Files (x86)\Skype\Phone\;C:\Users\amanz\AppData\Local\Microsoft\WindowsApps;C:\Users\amanz\AppData\Roaming\npm;C:\Windows\system32;
USERNAME=amanz
OS=Windows_NT
PROCESSOR_IDENTIFIER=Intel64 Family 6 Model 94 Stepping 3, GenuineIntel



---------------  S Y S T E M  ---------------

OS: Windows 10.0 , 64 bit Build 14393 (10.0.14393.0)

CPU:total 8 (4 cores per cpu, 2 threads per core) family 6 model 94 stepping 3, cmov, cx8, fxsr, mmx, sse, sse2, sse3, ssse3, sse4.1, sse4.2, popcnt, avx, avx2, aes, clmul, erms, rtm, 3dnowpref, lzcnt, ht, tsc, tscinvbit, bmi1, bmi2, adx

Memory: 4k page, physical 8209456k(2587856k free), swap 12665904k(3724832k free)

vm_info: Java HotSpot(TM) Client VM (25.121-b13) for windows-x86 JRE (1.8.0_121-b13), built on Dec 12 2016 18:17:00 by "java_re" with MS VC++ 10.0 (VS2010)

time: Mon Apr 24 19:24:06 2017
elapsed time: 110 seconds (0d 0h 1m 50s)

