#
# A fatal error has been detected by the Java Runtime Environment:
#
#  EXCEPTION_UNCAUGHT_CXX_EXCEPTION (0xe06d7363) at pc=0x7602a932, pid=14104, tid=0x00000538
#
# JRE version: Java(TM) SE Runtime Environment (8.0_121-b13) (build 1.8.0_121-b13)
# Java VM: Java HotSpot(TM) Client VM (25.121-b13 mixed mode, sharing windows-x86 )
# Problematic frame:
# C  [KERNELBASE.dll+0xda932]
#
# Failed to write core dump. Minidumps are not enabled by default on client versions of Windows
#
# If you would like to submit a bug report, please visit:
#   http://bugreport.java.com/bugreport/crash.jsp
# The crash happened outside the Java Virtual Machine in native code.
# See problematic frame for where to report the bug.
#

---------------  T H R E A D  ---------------

Current thread (0x00b5c000):  JavaThread "main" [_thread_in_native, id=1336, stack(0x00a90000,0x00ae0000)]

siginfo: ExceptionCode=0xe06d7363, ExceptionInformation=0x19930520 0x00adda2c 0x6e410d38 

Registers:
EAX=0x00add980, EBX=0x1620719c, ECX=0x00000003, EDX=0x00000000
ESP=0x00add980, EBP=0x00add9dc, ESI=0x6e410d38, EDI=0x00adda2c
EIP=0x7602a932, EFLAGS=0x00000212

Top of Stack: (sp=0x00add980)
0x00add980:   e06d7363 00000001 00000000 7602a932
0x00add990:   00000003 19930520 00adda2c 6e410d38
0x00add9a0:   0097f8d0 000002a5 003608fc 00000000
0x00add9b0:   003601c4 00000020 003608f8 15868060
0x00add9c0:   00add9f8 77bd5c0c 00000010 00000000
0x00add9d0:   000000a0 f7130749 18a0fac0 00adda1c
0x00add9e0:   6e149339 e06d7363 00000001 00000003
0x00add9f0:   00adda10 00000095 16557334 e06d7363 

Instructions: (pc=0x7602a932)
0x7602a912:   89 44 24 10 c1 e0 02 50 51 8d 44 24 1c 50 e8 9b
0x7602a922:   32 02 00 83 c4 0c 8d 04 24 50 ff 15 90 83 0c 76
0x7602a932:   8b 4c 24 54 33 cc e8 b8 f3 01 00 8b e5 5d c2 10
0x7602a942:   00 83 64 24 10 00 eb de 6a 0f 58 eb c3 cc cc cc 


Register to memory mapping:

EAX=0x00add980 is pointing into the stack for thread: 0x00b5c000
EBX=0x1620719c is an unknown value
ECX=0x00000003 is an unknown value
EDX=0x00000000 is an unknown value
ESP=0x00add980 is pointing into the stack for thread: 0x00b5c000
EBP=0x00add9dc is pointing into the stack for thread: 0x00b5c000
ESI=0x6e410d38 is an unknown value
EDI=0x00adda2c is pointing into the stack for thread: 0x00b5c000


Stack: [0x00a90000,0x00ae0000],  sp=0x00add980,  free space=310k
Native frames: (J=compiled Java code, j=interpreted, Vv=VM code, C=native code)
C  [KERNELBASE.dll+0xda932]
C  [MSVCR120.dll+0x19339]
C  [MSVCP120.dll+0x139ad]
C  [bwapi_bridge2_5.dll+0x88d85]
C  [bwapi_bridge2_5.dll+0x8df0e]
C  [bwapi_bridge2_5.dll+0x92ab7]

Java frames: (J=compiled Java code, j=interpreted, Vv=VM code)
j  bwapi.Unit.getUnitsInWeaponRange_native(JLbwapi/WeaponType;)Ljava/util/List;+0
j  bwapi.Unit.getUnitsInWeaponRange(Lbwapi/WeaponType;)Ljava/util/List;+6
j  bts.conditions.execution.CanAttack.internalSpawn()V+134
J 267 C1 jbt.execution.core.ExecutionTask.spawn(Ljbt/execution/core/IContext;)V (72 bytes) @ 0x025d3f84 [0x025d3e90+0xf4]
J 249 C1 jbt.execution.core.BTExecutor.tick()V (104 bytes) @ 0x025ce7d8 [0x025ce730+0xa8]
J 284 C1 jbt.execution.task.composite.ExecutionDynamicPriorityList.resetGuardsEvaluation()V (100 bytes) @ 0x025d93b0 [0x025d9270+0x140]
J 342 C1 jbt.execution.task.composite.ExecutionDynamicPriorityList.internalTick()Ljbt/execution/core/ExecutionTask$Status; (263 bytes) @ 0x025e7104 [0x025e6f70+0x194]
J 269 C1 jbt.execution.core.ExecutionTask.tick()Ljbt/execution/core/ExecutionTask$Status; (129 bytes) @ 0x025d4748 [0x025d4700+0x48]
J 249 C1 jbt.execution.core.BTExecutor.tick()V (104 bytes) @ 0x025ce838 [0x025ce730+0x108]
J 339 C1 moleAI.Squad.tickUnits()V (65 bytes) @ 0x025e5ca4 [0x025e5b60+0x144]
J 166 C1 moleAI.SquadManager.update(Lbwapi/Game;Lbwapi/Position;)V (73 bytes) @ 0x025b7ed0 [0x025b7d90+0x140]
J 82 C1 moleAI.StrategyManager.update(Lbwapi/Game;Lbwapi/Player;)V (294 bytes) @ 0x025a0bfc [0x025a0720+0x4dc]
J 152 C1 moleAI.TestBot1.onFrame()V (86 bytes) @ 0x025b5dd4 [0x025b5b70+0x264]
J 151 C1 bwapi.AIModule.onFrame()V (17 bytes) @ 0x025b5904 [0x025b58d0+0x34]
v  ~StubRoutines::call_stub
j  bwapi.Mirror.startGame()V+0
j  moleAI.TestBot1.run()V+15
j  moleAI.TestBot1.main([Ljava/lang/String;)V+7
v  ~StubRoutines::call_stub

---------------  P R O C E S S  ---------------

Java Threads: ( => current thread )
  0x02491400 JavaThread "Service Thread" daemon [_thread_blocked, id=7648, stack(0x14e60000,0x14eb0000)]
  0x02472c00 JavaThread "C1 CompilerThread0" daemon [_thread_blocked, id=15820, stack(0x14dd0000,0x14e20000)]
  0x02472000 JavaThread "Attach Listener" daemon [_thread_blocked, id=6084, stack(0x14d40000,0x14d90000)]
  0x0246e000 JavaThread "Signal Dispatcher" daemon [_thread_blocked, id=9484, stack(0x14cb0000,0x14d00000)]
  0x02463800 JavaThread "Finalizer" daemon [_thread_blocked, id=7944, stack(0x14b30000,0x14b80000)]
  0x02406c00 JavaThread "Reference Handler" daemon [_thread_blocked, id=15992, stack(0x14aa0000,0x14af0000)]
=>0x00b5c000 JavaThread "main" [_thread_in_native, id=1336, stack(0x00a90000,0x00ae0000)]

Other Threads:
  0x02403000 VMThread [stack: 0x045b0000,0x04600000] [id=15540]
  0x024a8400 WatcherThread [stack: 0x14ef0000,0x14f40000] [id=5532]

VM state:not at safepoint (normal execution)

VM Mutex/Monitor currently owned by a thread: None

Heap:
 def new generation   total 4928K, used 3389K [0x04600000, 0x04b50000, 0x09b50000)
  eden space 4416K,  76% used [0x04600000, 0x04947110, 0x04a50000)
  from space 512K,   6% used [0x04ad0000, 0x04ad8678, 0x04b50000)
  to   space 512K,   0% used [0x04a50000, 0x04a50000, 0x04ad0000)
 tenured generation   total 10944K, used 579K [0x09b50000, 0x0a600000, 0x14600000)
   the space 10944K,   5% used [0x09b50000, 0x09be0f98, 0x09be1000, 0x0a600000)
 Metaspace       used 563K, capacity 2760K, committed 2880K, reserved 4480K

Card table byte_map: [0x044e0000,0x04570000] byte_map_base: 0x044bd000

Polling page: 0x00b00000

CodeCache: size=32768Kb used=1122Kb max_used=1122Kb free=31645Kb
 bounds [0x024e0000, 0x02600000, 0x044e0000]
 total_blobs=560 nmethods=415 adapters=76
 compilation: enabled

Compilation events (10 events):
Event: 45.778 Thread 0x02472c00  411             sun.nio.cs.StreamEncoder::implFlushBuffer (15 bytes)
Event: 45.778 Thread 0x02472c00 nmethod 411 0x025f6748 code [0x025f6850, 0x025f68ec]
Event: 45.778 Thread 0x02472c00  412             sun.nio.cs.StreamEncoder::writeBytes (132 bytes)
Event: 45.779 Thread 0x02472c00 nmethod 412 0x025f6988 code [0x025f6af0, 0x025f6df8]
Event: 45.779 Thread 0x02472c00  413   !         java.nio.charset.CharsetEncoder::encode (285 bytes)
Event: 45.780 Thread 0x02472c00 nmethod 413 0x025f7188 code [0x025f7320, 0x025f77e0]
Event: 45.812 Thread 0x02472c00  414   !         java.io.PrintStream::write (69 bytes)
Event: 45.812 Thread 0x02472c00 nmethod 414 0x025f7cc8 code [0x025f7e10, 0x025f8150]
Event: 46.018 Thread 0x02472c00  415   !         java.io.BufferedWriter::flushBuffer (53 bytes)
Event: 46.018 Thread 0x02472c00 nmethod 415 0x025f8448 code [0x025f8570, 0x025f8848]

GC Heap History (10 events):
Event: 44.933 GC heap before
{Heap before GC invocations=110 (full 0):
 def new generation   total 4928K, used 4445K [0x04600000, 0x04b50000, 0x09b50000)
  eden space 4416K, 100% used [0x04600000, 0x04a50000, 0x04a50000)
  from space 512K,   5% used [0x04a50000, 0x04a577c8, 0x04ad0000)
  to   space 512K,   0% used [0x04ad0000, 0x04ad0000, 0x04b50000)
 tenured generation   total 10944K, used 578K [0x09b50000, 0x0a600000, 0x14600000)
   the space 10944K,   5% used [0x09b50000, 0x09be0a48, 0x09be0c00, 0x0a600000)
 Metaspace       used 563K, capacity 2760K, committed 2880K, reserved 4480K
Event: 44.933 GC heap after
Heap after GC invocations=111 (full 0):
 def new generation   total 4928K, used 30K [0x04600000, 0x04b50000, 0x09b50000)
  eden space 4416K,   0% used [0x04600000, 0x04600000, 0x04a50000)
  from space 512K,   5% used [0x04ad0000, 0x04ad7850, 0x04b50000)
  to   space 512K,   0% used [0x04a50000, 0x04a50000, 0x04ad0000)
 tenured generation   total 10944K, used 578K [0x09b50000, 0x0a600000, 0x14600000)
   the space 10944K,   5% used [0x09b50000, 0x09be0a48, 0x09be0c00, 0x0a600000)
 Metaspace       used 563K, capacity 2760K, committed 2880K, reserved 4480K
}
Event: 45.120 GC heap before
{Heap before GC invocations=111 (full 0):
 def new generation   total 4928K, used 4446K [0x04600000, 0x04b50000, 0x09b50000)
  eden space 4416K, 100% used [0x04600000, 0x04a50000, 0x04a50000)
  from space 512K,   5% used [0x04ad0000, 0x04ad7850, 0x04b50000)
  to   space 512K,   0% used [0x04a50000, 0x04a50000, 0x04ad0000)
 tenured generation   total 10944K, used 578K [0x09b50000, 0x0a600000, 0x14600000)
   the space 10944K,   5% used [0x09b50000, 0x09be0a48, 0x09be0c00, 0x0a600000)
 Metaspace       used 563K, capacity 2760K, committed 2880K, reserved 4480K
Event: 45.121 GC heap after
Heap after GC invocations=112 (full 0):
 def new generation   total 4928K, used 30K [0x04600000, 0x04b50000, 0x09b50000)
  eden space 4416K,   0% used [0x04600000, 0x04600000, 0x04a50000)
  from space 512K,   5% used [0x04a50000, 0x04a57950, 0x04ad0000)
  to   space 512K,   0% used [0x04ad0000, 0x04ad0000, 0x04b50000)
 tenured generation   total 10944K, used 578K [0x09b50000, 0x0a600000, 0x14600000)
   the space 10944K,   5% used [0x09b50000, 0x09be0b78, 0x09be0c00, 0x0a600000)
 Metaspace       used 563K, capacity 2760K, committed 2880K, reserved 4480K
}
Event: 45.375 GC heap before
{Heap before GC invocations=112 (full 0):
 def new generation   total 4928K, used 4446K [0x04600000, 0x04b50000, 0x09b50000)
  eden space 4416K, 100% used [0x04600000, 0x04a50000, 0x04a50000)
  from space 512K,   5% used [0x04a50000, 0x04a57950, 0x04ad0000)
  to   space 512K,   0% used [0x04ad0000, 0x04ad0000, 0x04b50000)
 tenured generation   total 10944K, used 578K [0x09b50000, 0x0a600000, 0x14600000)
   the space 10944K,   5% used [0x09b50000, 0x09be0b78, 0x09be0c00, 0x0a600000)
 Metaspace       used 563K, capacity 2760K, committed 2880K, reserved 4480K
Event: 45.375 GC heap after
Heap after GC invocations=113 (full 0):
 def new generation   total 4928K, used 31K [0x04600000, 0x04b50000, 0x09b50000)
  eden space 4416K,   0% used [0x04600000, 0x04600000, 0x04a50000)
  from space 512K,   6% used [0x04ad0000, 0x04ad7de8, 0x04b50000)
  to   space 512K,   0% used [0x04a50000, 0x04a50000, 0x04ad0000)
 tenured generation   total 10944K, used 579K [0x09b50000, 0x0a600000, 0x14600000)
   the space 10944K,   5% used [0x09b50000, 0x09be0ca0, 0x09be0e00, 0x0a600000)
 Metaspace       used 563K, capacity 2760K, committed 2880K, reserved 4480K
}
Event: 45.612 GC heap before
{Heap before GC invocations=113 (full 0):
 def new generation   total 4928K, used 4447K [0x04600000, 0x04b50000, 0x09b50000)
  eden space 4416K, 100% used [0x04600000, 0x04a50000, 0x04a50000)
  from space 512K,   6% used [0x04ad0000, 0x04ad7de8, 0x04b50000)
  to   space 512K,   0% used [0x04a50000, 0x04a50000, 0x04ad0000)
 tenured generation   total 10944K, used 579K [0x09b50000, 0x0a600000, 0x14600000)
   the space 10944K,   5% used [0x09b50000, 0x09be0ca0, 0x09be0e00, 0x0a600000)
 Metaspace       used 563K, capacity 2760K, committed 2880K, reserved 4480K
Event: 45.612 GC heap after
Heap after GC invocations=114 (full 0):
 def new generation   total 4928K, used 30K [0x04600000, 0x04b50000, 0x09b50000)
  eden space 4416K,   0% used [0x04600000, 0x04600000, 0x04a50000)
  from space 512K,   6% used [0x04a50000, 0x04a57b98, 0x04ad0000)
  to   space 512K,   0% used [0x04ad0000, 0x04ad0000, 0x04b50000)
 tenured generation   total 10944K, used 579K [0x09b50000, 0x0a600000, 0x14600000)
   the space 10944K,   5% used [0x09b50000, 0x09be0f98, 0x09be1000, 0x0a600000)
 Metaspace       used 563K, capacity 2760K, committed 2880K, reserved 4480K
}
Event: 45.856 GC heap before
{Heap before GC invocations=114 (full 0):
 def new generation   total 4928K, used 4446K [0x04600000, 0x04b50000, 0x09b50000)
  eden space 4416K, 100% used [0x04600000, 0x04a50000, 0x04a50000)
  from space 512K,   6% used [0x04a50000, 0x04a57b98, 0x04ad0000)
  to   space 512K,   0% used [0x04ad0000, 0x04ad0000, 0x04b50000)
 tenured generation   total 10944K, used 579K [0x09b50000, 0x0a600000, 0x14600000)
   the space 10944K,   5% used [0x09b50000, 0x09be0f98, 0x09be1000, 0x0a600000)
 Metaspace       used 563K, capacity 2760K, committed 2880K, reserved 4480K
Event: 45.857 GC heap after
Heap after GC invocations=115 (full 0):
 def new generation   total 4928K, used 33K [0x04600000, 0x04b50000, 0x09b50000)
  eden space 4416K,   0% used [0x04600000, 0x04600000, 0x04a50000)
  from space 512K,   6% used [0x04ad0000, 0x04ad8678, 0x04b50000)
  to   space 512K,   0% used [0x04a50000, 0x04a50000, 0x04ad0000)
 tenured generation   total 10944K, used 579K [0x09b50000, 0x0a600000, 0x14600000)
   the space 10944K,   5% used [0x09b50000, 0x09be0f98, 0x09be1000, 0x0a600000)
 Metaspace       used 563K, capacity 2760K, committed 2880K, reserved 4480K
}

Deoptimization events (0 events):
No events

Internal exceptions (2 events):
Event: 0.035 Thread 0x00b5c000 Exception <a 'java/lang/NoSuchMethodError': Method sun.misc.Unsafe.defineClass(Ljava/lang/String;[BII)Ljava/lang/Class; name or signature does not match> (0x046079c0) thrown at [C:\workspace\8-2-build-windows-i586-cygwin\jdk8u121\8372\hotspot\src\share\vm
Event: 0.035 Thread 0x00b5c000 Exception <a 'java/lang/NoSuchMethodError': Method sun.misc.Unsafe.prefetchRead(Ljava/lang/Object;J)V name or signature does not match> (0x04607c90) thrown at [C:\workspace\8-2-build-windows-i586-cygwin\jdk8u121\8372\hotspot\src\share\vm\prims\jni.cpp, li

Events (10 events):
Event: 44.933 Executing VM operation: GenCollectForAllocation
Event: 44.933 Executing VM operation: GenCollectForAllocation done
Event: 45.120 Executing VM operation: GenCollectForAllocation
Event: 45.121 Executing VM operation: GenCollectForAllocation done
Event: 45.375 Executing VM operation: GenCollectForAllocation
Event: 45.375 Executing VM operation: GenCollectForAllocation done
Event: 45.612 Executing VM operation: GenCollectForAllocation
Event: 45.612 Executing VM operation: GenCollectForAllocation done
Event: 45.856 Executing VM operation: GenCollectForAllocation
Event: 45.857 Executing VM operation: GenCollectForAllocation done


Dynamic libraries:
0x00e10000 - 0x00e43000 	C:\Program Files (x86)\Java\jre1.8.0_121\bin\javaw.exe
0x77b90000 - 0x77d13000 	C:\Windows\SYSTEM32\ntdll.dll
0x76820000 - 0x76900000 	C:\Windows\System32\KERNEL32.DLL
0x75f50000 - 0x760f1000 	C:\Windows\System32\KERNELBASE.dll
0x77b00000 - 0x77b77000 	C:\Windows\System32\ADVAPI32.dll
0x76d80000 - 0x76e3e000 	C:\Windows\System32\msvcrt.dll
0x74880000 - 0x748c1000 	C:\Windows\System32\sechost.dll
0x76f90000 - 0x77051000 	C:\Windows\System32\RPCRT4.dll
0x74650000 - 0x7466e000 	C:\Windows\System32\SspiCli.dll
0x74640000 - 0x7464a000 	C:\Windows\System32\CRYPTBASE.dll
0x76d20000 - 0x76d7a000 	C:\Windows\System32\bcryptPrimitives.dll
0x769a0000 - 0x76aff000 	C:\Windows\System32\USER32.dll
0x77060000 - 0x77075000 	C:\Windows\System32\win32u.dll
0x77a00000 - 0x77a2b000 	C:\Windows\System32\GDI32.dll
0x77320000 - 0x7747b000 	C:\Windows\System32\gdi32full.dll
0x6fe00000 - 0x7000a000 	C:\Windows\WinSxS\x86_microsoft.windows.common-controls_6595b64144ccf1df_6.0.14393.953_none_89c2555adb023171\COMCTL32.dll
0x76b00000 - 0x76d11000 	C:\Windows\System32\combase.dll
0x77920000 - 0x77a00000 	C:\Windows\System32\ucrtbase.dll
0x76970000 - 0x76995000 	C:\Windows\System32\IMM32.DLL
0x6e220000 - 0x6e2df000 	C:\Program Files (x86)\Java\jre1.8.0_121\bin\msvcr100.dll
0x6ecb0000 - 0x6f07e000 	C:\Program Files (x86)\Java\jre1.8.0_121\bin\client\jvm.dll
0x76100000 - 0x76106000 	C:\Windows\System32\PSAPI.DLL
0x700d0000 - 0x700f4000 	C:\Windows\SYSTEM32\WINMM.dll
0x74310000 - 0x74318000 	C:\Windows\SYSTEM32\VERSION.dll
0x68e10000 - 0x68e18000 	C:\Windows\SYSTEM32\WSOCK32.dll
0x76900000 - 0x76963000 	C:\Windows\System32\WS2_32.dll
0x70040000 - 0x70063000 	C:\Windows\SYSTEM32\WINMMBASE.dll
0x77a30000 - 0x77a66000 	C:\Windows\System32\cfgmgr32.dll
0x700c0000 - 0x700cc000 	C:\Program Files (x86)\Java\jre1.8.0_121\bin\verify.dll
0x70090000 - 0x700b1000 	C:\Program Files (x86)\Java\jre1.8.0_121\bin\java.dll
0x70070000 - 0x70083000 	C:\Program Files (x86)\Java\jre1.8.0_121\bin\zip.dll
0x749a0000 - 0x75d78000 	C:\Windows\System32\SHELL32.dll
0x762b0000 - 0x7681e000 	C:\Windows\System32\windows.storage.dll
0x770f0000 - 0x77135000 	C:\Windows\System32\powrprof.dll
0x76ee0000 - 0x76f26000 	C:\Windows\System32\shlwapi.dll
0x770e0000 - 0x770ed000 	C:\Windows\System32\kernel.appcore.dll
0x77a70000 - 0x77af8000 	C:\Windows\System32\shcore.dll
0x76110000 - 0x7611f000 	C:\Windows\System32\profapi.dll
0x68f10000 - 0x69196000 	C:\Users\amanz\OneDrive\Documents\GitHub\MoleAI\ExampleBot\bwapi_bridge2_5.dll
0x6e3d0000 - 0x6e441000 	C:\Program Files (x86)\Java\jre1.8.0_121\bin\MSVCP120.dll
0x6e130000 - 0x6e21e000 	C:\Program Files (x86)\Java\jre1.8.0_121\bin\MSVCR120.dll
0x6f540000 - 0x6f59e000 	C:\Users\amanz\OneDrive\Documents\GitHub\MoleAI\ExampleBot\libmpfr-4.dll
0x6acc0000 - 0x6ad27000 	C:\Users\amanz\OneDrive\Documents\GitHub\MoleAI\ExampleBot\libgmp-10.dll
0x6f610000 - 0x6f755000 	C:\Windows\SYSTEM32\dbghelp.dll

VM Arguments:
jvm_args: -Dfile.encoding=Cp1252 
java_command: moleAI.TestBot1
java_class_path (initial): C:\Users\amanz\OneDrive\Documents\GitHub\MoleAI\ExampleBot\bin;C:\Users\amanz\OneDrive\Documents\GitHub\MoleAI\ExampleBot\lib\bwmirror_v2_5.jar;C:\Users\amanz\OneDrive\Documents\GitHub\MoleAI\ExampleBot\lib\JBTCore.jar
Launcher Type: SUN_STANDARD

Environment Variables:
PATH=C:/Program Files/Java/jre1.8.0_121/bin/server;C:/Program Files/Java/jre1.8.0_121/bin;C:/Program Files/Java/jre1.8.0_121/lib/amd64;C:\ProgramData\Oracle\Java\javapath;C:\Program Files (x86)\Intel\iCLS Client\;C:\Program Files\Intel\iCLS Client\;C:\Windows\system32;C:\Windows;C:\Windows\System32\Wbem;C:\Windows\System32\WindowsPowerShell\v1.0\;C:\Program Files (x86)\Intel\Intel(R) Management Engine Components\DAL;C:\Program Files\Intel\Intel(R) Management Engine Components\DAL;C:\Program Files (x86)\Intel\Intel(R) Management Engine Components\IPT;C:\Program Files\Intel\Intel(R) Management Engine Components\IPT;C:\Program Files (x86)\NVIDIA Corporation\PhysX\Common;C:\Program Files\nodejs\;C:\Program Files\Microsoft SQL Server\110\Tools\Binn\;C:\Program Files (x86)\Microsoft SDKs\TypeScript\1.0\;C:\Program Files\Microsoft SQL Server\120\Tools\Binn\;C:\Program Files (x86)\Skype\Phone\;C:\Users\amanz\AppData\Local\Microsoft\WindowsApps;C:\Users\amanz\AppData\Roaming\npm;C:\Windows\system32;
USERNAME=amanz
OS=Windows_NT
PROCESSOR_IDENTIFIER=Intel64 Family 6 Model 94 Stepping 3, GenuineIntel



---------------  S Y S T E M  ---------------

OS: Windows 10.0 , 64 bit Build 14393 (10.0.14393.0)

CPU:total 8 (4 cores per cpu, 2 threads per core) family 6 model 94 stepping 3, cmov, cx8, fxsr, mmx, sse, sse2, sse3, ssse3, sse4.1, sse4.2, popcnt, avx, avx2, aes, clmul, erms, rtm, 3dnowpref, lzcnt, ht, tsc, tscinvbit, bmi1, bmi2, adx

Memory: 4k page, physical 8209456k(2209100k free), swap 12665904k(3910144k free)

vm_info: Java HotSpot(TM) Client VM (25.121-b13) for windows-x86 JRE (1.8.0_121-b13), built on Dec 12 2016 18:17:00 by "java_re" with MS VC++ 10.0 (VS2010)

time: Mon Apr 24 17:36:03 2017
elapsed time: 46 seconds (0d 0h 0m 46s)

