#
# A fatal error has been detected by the Java Runtime Environment:
#
#  EXCEPTION_ACCESS_VIOLATION (0xc0000005) at pc=0x0f656150, pid=2280, tid=6344
#
# JRE version: Java(TM) SE Runtime Environment (7.0_79-b15) (build 1.7.0_79-b15)
# Java VM: Java HotSpot(TM) Client VM (24.79-b02 mixed mode, sharing windows-x86 )
# Problematic frame:
# C  [bwapi_bridge2_5.dll+0x36150]
#
# Failed to write core dump. Minidumps are not enabled by default on client versions of Windows
#
# If you would like to submit a bug report, please visit:
#   http://bugreport.java.com/bugreport/crash.jsp
# The crash happened outside the Java Virtual Machine in native code.
# See problematic frame for where to report the bug.
#

---------------  T H R E A D  ---------------

Current thread (0x001fc400):  JavaThread "main" [_thread_in_native, id=6344, stack(0x007a0000,0x007f0000)]

siginfo: ExceptionCode=0xc0000005, reading address 0x00000000

Registers:
EAX=0x00000120, EBX=0x34c42f48, ECX=0x00000000, EDX=0x007ede90
ESP=0x007ede7c, EBP=0x007ede98, ESI=0x34c42f48, EDI=0x001fc400
EIP=0x0f656150, EFLAGS=0x00010206

Top of Stack: (sp=0x007ede7c)
0x007ede7c:   34c42f48 34c42f48 007edf20 007edf20
0x007ede8c:   001fc530 023a2908 00000120 007ededc
0x007ede9c:   023aaabd 001fc530 007edef4 00000000
0x007edeac:   00000120 007edf44 007edf20 001fcb0c
0x007edebc:   007edebc 00000000 007edef4 34c85038
0x007edecc:   00000000 34c42f48 00000000 007edeec
0x007ededc:   007edf18 023a339a 00000000 023a88e6
0x007edeec:   00000000 00000120 24fe0160 007edef8 

Instructions: (pc=0x0f656150)
0x0f656130:   55 8b ec 83 e4 f8 83 ec 14 8b 4d 10 8d 54 24 0c
0x0f656140:   8b 45 08 53 89 44 24 0c 8b 45 14 56 89 44 24 18
0x0f656150:   8b 01 57 52 ff 90 a8 00 00 00 8b 35 4c dc 83 0f
0x0f656160:   8b ce 8b 10 8b 46 04 80 78 0d 00 75 24 8d 49 00 


Register to memory mapping:

EAX=0x00000120 is an unknown value
EBX=0x34c42f48 is an oop
{method} 
 - klass: {other class}
ECX=0x00000000 is an unknown value
EDX=0x007ede90 is pointing into the stack for thread: 0x001fc400
ESP=0x007ede7c is pointing into the stack for thread: 0x001fc400
EBP=0x007ede98 is pointing into the stack for thread: 0x001fc400
ESI=0x34c42f48 is an oop
{method} 
 - klass: {other class}
EDI=0x001fc400 is a thread


Stack: [0x007a0000,0x007f0000],  sp=0x007ede7c,  free space=311k
Native frames: (J=compiled Java code, j=interpreted, Vv=VM code, C=native code)
C  [bwapi_bridge2_5.dll+0x36150]
j  bwapi.Unit.getBuildType_native(J)Lbwapi/UnitType;+0
j  bwapi.Unit.getBuildType()Lbwapi/UnitType;+5
j  Base.buildOrderIssued(Lbwapi/UnitType;)Z+28
j  Base.produce(Lbwapi/Game;Lbwapi/Player;Lbwapi/Error;)V+265
J 86 C1 TestBot1.onFrame()V (150 bytes) @ 0x02448a3c [0x02448650+0x3ec]
j  bwapi.AIModule.onFrame()V+11
v  ~StubRoutines::call_stub
V  [jvm.dll+0x14234a]
V  [jvm.dll+0x206ebe]
V  [jvm.dll+0x1423cd]
V  [jvm.dll+0xcb5c2]
V  [jvm.dll+0xcf213]
C  [bwapi_bridge2_5.dll+0x1b20d]
C  [bwapi_bridge2_5.dll+0x75101]
j  bwapi.Mirror.startGame()V+0
j  TestBot1.run()V+15
j  TestBot1.main([Ljava/lang/String;)V+7
v  ~StubRoutines::call_stub
V  [jvm.dll+0x14234a]
V  [jvm.dll+0x206ebe]
V  [jvm.dll+0x1423cd]
V  [jvm.dll+0xcb345]
V  [jvm.dll+0xd5ff7]
C  [javaw.exe+0x2070]
C  [javaw.exe+0xa601]
C  [javaw.exe+0xa68b]
C  [KERNEL32.DLL+0x162c4]
C  [ntdll.dll+0x60719]
C  [ntdll.dll+0x606e4]

Java frames: (J=compiled Java code, j=interpreted, Vv=VM code)
j  bwapi.Unit.getBuildType_native(J)Lbwapi/UnitType;+0
j  bwapi.Unit.getBuildType()Lbwapi/UnitType;+5
j  Base.buildOrderIssued(Lbwapi/UnitType;)Z+28
j  Base.produce(Lbwapi/Game;Lbwapi/Player;Lbwapi/Error;)V+265
J 86 C1 TestBot1.onFrame()V (150 bytes) @ 0x02448a3c [0x02448650+0x3ec]
j  bwapi.AIModule.onFrame()V+11
v  ~StubRoutines::call_stub
j  bwapi.Mirror.startGame()V+0
j  TestBot1.run()V+15
j  TestBot1.main([Ljava/lang/String;)V+7
v  ~StubRoutines::call_stub

---------------  P R O C E S S  ---------------

Java Threads: ( => current thread )
  0x00c65000 JavaThread "Service Thread" daemon [_thread_blocked, id=12108, stack(0x04630000,0x04680000)]
  0x00c63400 JavaThread "C1 CompilerThread0" daemon [_thread_blocked, id=80, stack(0x045a0000,0x045f0000)]
  0x00c62000 JavaThread "Attach Listener" daemon [_thread_blocked, id=11420, stack(0x04510000,0x04560000)]
  0x00c5ec00 JavaThread "Signal Dispatcher" daemon [_thread_blocked, id=356, stack(0x04480000,0x044d0000)]
  0x00bf0800 JavaThread "Finalizer" daemon [_thread_blocked, id=13184, stack(0x043f0000,0x04440000)]
  0x00bef000 JavaThread "Reference Handler" daemon [_thread_blocked, id=8204, stack(0x043a0000,0x043f0000)]
=>0x001fc400 JavaThread "main" [_thread_in_native, id=6344, stack(0x007a0000,0x007f0000)]

Other Threads:
  0x00bedc00 VMThread [stack: 0x00ea0000,0x00ef0000] [id=3552]
  0x00c7e000 WatcherThread [stack: 0x046c0000,0x04710000] [id=13048]

VM state:not at safepoint (normal execution)

VM Mutex/Monitor currently owned by a thread: None

Heap
 def new generation   total 4928K, used 4029K [0x24c00000, 0x25150000, 0x2a150000)
  eden space 4416K,  91% used [0x24c00000, 0x24fef7f8, 0x25050000)
  from space 512K,   0% used [0x25050000, 0x25050000, 0x250d0000)
  to   space 512K,   0% used [0x250d0000, 0x250d0000, 0x25150000)
 tenured generation   total 10944K, used 0K [0x2a150000, 0x2ac00000, 0x34c00000)
   the space 10944K,   0% used [0x2a150000, 0x2a150000, 0x2a150200, 0x2ac00000)
 compacting perm gen  total 12288K, used 610K [0x34c00000, 0x35800000, 0x38c00000)
   the space 12288K,   4% used [0x34c00000, 0x34c98850, 0x34c98a00, 0x35800000)
    ro space 10240K,  42% used [0x38c00000, 0x39036058, 0x39036200, 0x39600000)
    rw space 12288K,  51% used [0x39600000, 0x39c3bdb0, 0x39c3be00, 0x3a200000)

Card table byte_map: [0x00d50000,0x00e00000] byte_map_base: 0x00c2a000

Polling page: 0x007f0000

Code Cache  [0x023a0000, 0x02450000, 0x043a0000)
 total_blobs=234 nmethods=97 adapters=74 free_code_cache=32084Kb largest_free_block=32854016

Compilation events (10 events):
Event: 15.092 Thread 0x00c63400   91             java.lang.CharacterDataLatin1::toLowerCase (39 bytes)
Event: 15.092 Thread 0x00c63400 nmethod 91 0x0244a088 code [0x0244a180, 0x0244a260]
Event: 16.295 Thread 0x00c63400   92             bwapi.Player::supplyTotal (9 bytes)
Event: 16.295 Thread 0x00c63400 nmethod 92 0x0244a848 code [0x0244a940, 0x0244a9dc]
Event: 16.295 Thread 0x00c63400   94             bwapi.Player::supplyUsed (9 bytes)
Event: 16.295 Thread 0x00c63400 nmethod 94 0x0244aa48 code [0x0244ab40, 0x0244abdc]
Event: 18.357 Thread 0x00c63400   96             bwapi.AbstractPoint::<init> (5 bytes)
Event: 18.357 Thread 0x00c63400 nmethod 96 0x0244ac48 code [0x0244ad40, 0x0244adc0]
Event: 19.136 Thread 0x00c63400   97             bwapi.Player::getUnits (9 bytes)
Event: 19.136 Thread 0x00c63400 nmethod 97 0x0244ae08 code [0x0244af00, 0x0244af9c]

GC Heap History (0 events):
No events

Deoptimization events (0 events):
No events

Internal exceptions (10 events):
Event: 3.111 Thread 0x001fc400 Threw 0x24d160e8 at C:\re\jdk7u79\2331\hotspot\src\share\vm\prims\jvm.cpp:1304
Event: 3.112 Thread 0x001fc400 Threw 0x24d19418 at C:\re\jdk7u79\2331\hotspot\src\share\vm\prims\jvm.cpp:1304
Event: 4.559 Thread 0x001fc400 Threw 0x24d22228 at C:\re\jdk7u79\2331\hotspot\src\share\vm\prims\jvm.cpp:1304
Event: 5.161 Thread 0x001fc400 Threw 0x24d259e0 at C:\re\jdk7u79\2331\hotspot\src\share\vm\prims\jvm.cpp:1304
Event: 5.162 Thread 0x001fc400 Threw 0x24d29d18 at C:\re\jdk7u79\2331\hotspot\src\share\vm\prims\jvm.cpp:1304
Event: 5.162 Thread 0x001fc400 Threw 0x24d43398 at C:\re\jdk7u79\2331\hotspot\src\share\vm\prims\jvm.cpp:1304
Event: 5.163 Thread 0x001fc400 Threw 0x24d45898 at C:\re\jdk7u79\2331\hotspot\src\share\vm\prims\jvm.cpp:1304
Event: 5.173 Thread 0x001fc400 Threw 0x24d7c250 at C:\re\jdk7u79\2331\hotspot\src\share\vm\prims\jvm.cpp:1304
Event: 15.091 Thread 0x001fc400 Threw 0x24f283c0 at C:\re\jdk7u79\2331\hotspot\src\share\vm\prims\jvm.cpp:1304
Event: 19.300 Thread 0x001fc400 Threw 0x24fdb500 at C:\re\jdk7u79\2331\hotspot\src\share\vm\prims\jvm.cpp:1304

Events (10 events):
Event: 5.162 loading class 0x04726c18
Event: 5.162 loading class 0x04726c18 done
Event: 5.163 loading class 0x00c921f8
Event: 5.163 loading class 0x00c921f8 done
Event: 5.173 loading class 0x00c64070
Event: 5.173 loading class 0x00c64070 done
Event: 15.091 loading class 0x00cbb740
Event: 15.091 loading class 0x00cbb740 done
Event: 19.300 loading class 0x04725c00
Event: 19.300 loading class 0x04725c00 done


Dynamic libraries:
0x00f70000 - 0x00f9f000 	C:\Program Files (x86)\Java\jre7\bin\javaw.exe
0x774e0000 - 0x77662000 	C:\WINDOWS\SYSTEM32\ntdll.dll
0x759d0000 - 0x75ab0000 	C:\WINDOWS\System32\KERNEL32.DLL
0x76cf0000 - 0x76e91000 	C:\WINDOWS\System32\KERNELBASE.dll
0x770d0000 - 0x77147000 	C:\WINDOWS\System32\ADVAPI32.dll
0x76ea0000 - 0x76f5e000 	C:\WINDOWS\System32\msvcrt.dll
0x76260000 - 0x762a1000 	C:\WINDOWS\System32\sechost.dll
0x760a0000 - 0x76161000 	C:\WINDOWS\System32\RPCRT4.dll
0x73fa0000 - 0x73fbe000 	C:\WINDOWS\System32\SspiCli.dll
0x73f90000 - 0x73f9a000 	C:\WINDOWS\System32\CRYPTBASE.dll
0x74020000 - 0x7407a000 	C:\WINDOWS\System32\bcryptPrimitives.dll
0x76470000 - 0x765cf000 	C:\WINDOWS\System32\USER32.dll
0x76ca0000 - 0x76cb5000 	C:\WINDOWS\System32\win32u.dll
0x75900000 - 0x7592b000 	C:\WINDOWS\System32\GDI32.dll
0x765d0000 - 0x7672b000 	C:\WINDOWS\System32\gdi32full.dll
0x67890000 - 0x67a9a000 	C:\WINDOWS\WinSxS\x86_microsoft.windows.common-controls_6595b64144ccf1df_6.0.14393.351_none_89c04962db040fd9\COMCTL32.dll
0x77190000 - 0x773a1000 	C:\WINDOWS\System32\combase.dll
0x75ae0000 - 0x75bc0000 	C:\WINDOWS\System32\ucrtbase.dll
0x76cc0000 - 0x76ce5000 	C:\WINDOWS\System32\IMM32.DLL
0x78a50000 - 0x78b0f000 	C:\Program Files (x86)\Java\jre7\bin\msvcr100.dll
0x50000000 - 0x50389000 	C:\Program Files (x86)\Java\jre7\bin\client\jvm.dll
0x75ac0000 - 0x75ac6000 	C:\WINDOWS\System32\PSAPI.DLL
0x730d0000 - 0x730d8000 	C:\WINDOWS\SYSTEM32\WSOCK32.dll
0x73240000 - 0x73264000 	C:\WINDOWS\SYSTEM32\WINMM.dll
0x756b0000 - 0x75713000 	C:\WINDOWS\System32\WS2_32.dll
0x73160000 - 0x73183000 	C:\WINDOWS\SYSTEM32\WINMMBASE.dll
0x77150000 - 0x77186000 	C:\WINDOWS\System32\cfgmgr32.dll
0x503e0000 - 0x503ec000 	C:\Program Files (x86)\Java\jre7\bin\verify.dll
0x503c0000 - 0x503e0000 	C:\Program Files (x86)\Java\jre7\bin\java.dll
0x77fe0000 - 0x77ff3000 	C:\Program Files (x86)\Java\jre7\bin\zip.dll
0x0f620000 - 0x0f8a6000 	C:\Users\amanz360\Downloads\ExampleBot2_5\ExampleBot\bwapi_bridge2_5.dll
0x51f80000 - 0x51ff1000 	C:\WINDOWS\SYSTEM32\MSVCP120.dll
0x6acc0000 - 0x6ad27000 	C:\Users\amanz360\Downloads\ExampleBot2_5\ExampleBot\libgmp-10.dll
0x6f540000 - 0x6f59e000 	C:\Users\amanz360\Downloads\ExampleBot2_5\ExampleBot\libmpfr-4.dll
0x73e00000 - 0x73eee000 	C:\WINDOWS\SYSTEM32\MSVCR120.dll
0x73ba0000 - 0x73ce5000 	C:\WINDOWS\SYSTEM32\dbghelp.dll

VM Arguments:
jvm_args: -Dfile.encoding=Cp1252 
java_command: TestBot1
Launcher Type: SUN_STANDARD

Environment Variables:
PATH=C:/Program Files (x86)/Java/jre7/bin/client;C:/Program Files (x86)/Java/jre7/bin;C:/Program Files (x86)/Java/jre7/lib/i386;C:\Program Files (x86)\NVIDIA Corporation\PhysX\Common;C:\Program Files\Java\jdk1.8.0_45\bin;C:\ProgramData\Oracle\Java\javapath;c:\Program Files (x86)\Intel\iCLS Client\;c:\Program Files\Intel\iCLS Client\;C:\WINDOWS\system32;C:\WINDOWS;C:\WINDOWS\System32\Wbem;C:\WINDOWS\System32\WindowsPowerShell\v1.0\;C:\Program Files\Intel\WiFi\bin\;C:\Program Files\Common Files\Intel\WirelessCommon\;C:\Program Files\Mozart\bin;C:\Program Files\Microsoft SQL Server\110\Tools\Binn\;C:\Program Files (x86)\Skype\Phone\;C:\Program Files (x86)\Intel\Intel(R) Management Engine Components\DAL;C:\Program Files\Intel\Intel(R) Management Engine Components\DAL;C:\Program Files (x86)\Intel\Intel(R) Management Engine Components\IPT;C:\Program Files\Intel\Intel(R) Management Engine Components\IPT;C:\Go\bin;C:\WINDOWS\system32\config\systemprofile\.dnx\bin;C:\Program Files\Microsoft DNX\Dnvm\;C:\Program Files\Microsoft SQL Server\130\Tools\Binn\;C:\Program Files (x86)\Windows Kits\8.1\Windows Performance Toolkit\;c:\Program Files (x86)\Microsoft SQL Server\100\Tools\Binn\;c:\Program Files\Microsoft SQL Server\100\Tools\Binn\;c:\Program Files\Microsoft SQL Server\100\DTS\Binn\;C:\Users\amanz360\AppData\Local\Microsoft\WindowsApps;;C:\Users\amanz360\Downloads\eclipse-java-mars-2-win32\eclipse;
USERNAME=amanz360
OS=Windows_NT
PROCESSOR_IDENTIFIER=Intel64 Family 6 Model 69 Stepping 1, GenuineIntel



---------------  S Y S T E M  ---------------

OS: Windows 8.1 , 64 bit Build 9600 

CPU:total 4 (2 cores per cpu, 2 threads per core) family 6 model 69 stepping 1, cmov, cx8, fxsr, mmx, sse, sse2, sse3, ssse3, sse4.1, sse4.2, popcnt, avx, avx2, aes, erms, ht, tsc, tscinvbit

Memory: 4k page, physical 6187596k(2958224k free), swap 8677964k(2670320k free)

vm_info: Java HotSpot(TM) Client VM (24.79-b02) for windows-x86 JRE (1.7.0_79-b15), built on Apr 10 2015 16:49:13 by "java_re" with unknown MS VC++:1600

time: Tue Nov 08 00:41:52 2016
elapsed time: 19 seconds

