#
# A fatal error has been detected by the Java Runtime Environment:
#
#  EXCEPTION_ACCESS_VIOLATION (0xc0000005) at pc=0x6dba54bb, pid=31672, tid=19924
#
# JRE version: Java(TM) SE Runtime Environment (7.0_79-b15) (build 1.7.0_79-b15)
# Java VM: Java HotSpot(TM) Client VM (24.79-b02 mixed mode, sharing windows-x86 )
# Problematic frame:
# V  [jvm.dll+0xc54bb]
#
# Failed to write core dump. Minidumps are not enabled by default on client versions of Windows
#
# If you would like to submit a bug report, please visit:
#   http://bugreport.java.com/bugreport/crash.jsp
#

---------------  T H R E A D  ---------------

Current thread (0x0214c400):  JavaThread "main" [_thread_in_vm, id=19924, stack(0x02190000,0x021e0000)]

siginfo: ExceptionCode=0xc0000005, reading address 0x00000000

Registers:
EAX=0x00000000, EBX=0x0214c530, ECX=0x0214c400, EDX=0x00000546
ESP=0x021dd72c, EBP=0x021dd748, ESI=0x0214c530, EDI=0x0214c400
EIP=0x6dba54bb, EFLAGS=0x00010246

Top of Stack: (sp=0x021dd72c)
0x021dd72c:   00000000 04991218 0214c530 0214c400
0x021dd73c:   0214cc38 00000546 6dd99398 021dd7b4
0x021dd74c:   0f29c375 0214c530 00000000 04990079
0x021dd75c:   0214c530 021dd7b4 0f29c33c 00000001
0x021dd76c:   0000000f 06b80049 6dc87fbc 0214c530
0x021dd77c:   021dd840 00000001 0000000f a157e911
0x021dd78c:   0214c530 07024f8c 00000000 021dd828
0x021dd79c:   021dd770 021dd758 021dd7e8 021ddc48 

Instructions: (pc=0x6dba54bb)
0x6dba549b:   f3 ff 83 c4 08 83 7f 04 00 89 7d f0 c7 45 f4 00
0x6dba54ab:   00 00 00 74 08 8d 4d f0 e8 a8 a6 0c 00 8b 45 0c
0x6dba54bb:   8b 08 8b 51 04 8b 42 40 50 56 e8 26 df 07 00 83
0x6dba54cb:   c4 08 83 7d f4 00 89 45 08 74 08 8d 4d f0 e8 c2 


Register to memory mapping:

EAX=0x00000000 is an unknown value
EBX=0x0214c530 is an unknown value
ECX=0x0214c400 is a thread
EDX=0x00000546 is an unknown value
ESP=0x021dd72c is pointing into the stack for thread: 0x0214c400
EBP=0x021dd748 is pointing into the stack for thread: 0x0214c400
ESI=0x0214c530 is an unknown value
EDI=0x0214c400 is a thread


Stack: [0x02190000,0x021e0000],  sp=0x021dd72c,  free space=309k
Native frames: (J=compiled Java code, j=interpreted, Vv=VM code, C=native code)
V  [jvm.dll+0xc54bb]
C  [bwapi_bridge2_5.dll+0x1c375]
C  [bwapi_bridge2_5.dll+0x462d9]
J 260  bwapi.UnitCommand.attack(Lbwapi/Unit;Lbwapi/PositionOrUnit;)Lbwapi/UnitCommand; (0 bytes) @ 0x023fb74b [0x023fb6a0+0xab]
J 259 C1 MoleUnit.smartAttackMove(Lbwapi/Position;Lbwapi/Game;)V (84 bytes) @ 0x023fbd4c [0x023fbc60+0xec]
J 295 C1 Base.defendBase(Lbwapi/Game;)V (132 bytes) @ 0x02403408 [0x024031f0+0x218]
J 166 C1 Base.manageMarines(Lbwapi/Game;)V (78 bytes) @ 0x023e30a8 [0x023e2f30+0x178]
J 134 C1 StrategyManager.runBases(Lbwapi/Game;Lbwapi/Player;)V (152 bytes) @ 0x023d4060 [0x023d3e60+0x200]
J 160 C1 StrategyManager.update(Lbwapi/Game;Lbwapi/Player;)V (92 bytes) @ 0x023e0714 [0x023e05a0+0x174]
J 153 C1 TestBot1.onFrame()V (88 bytes) @ 0x023df75c [0x023df4f0+0x26c]
J 152 C1 bwapi.AIModule.onFrame()V (17 bytes) @ 0x023df284 [0x023df250+0x34]
v  ~StubRoutines::call_stub
V  [jvm.dll+0x14234a]
V  [jvm.dll+0x206ebe]
V  [jvm.dll+0x1423cd]
V  [jvm.dll+0xcb5c2]
V  [jvm.dll+0xcf213]
C  [bwapi_bridge2_5.dll+0x1b20d]
C  [bwapi_bridge2_5.dll+0x75101]
j  bwapi.Mirror.startGame()V+0
j  TestBot1.run()V+15
j  TestBot1.main([Ljava/lang/String;)V+7
v  ~StubRoutines::call_stub
V  [jvm.dll+0x14234a]
V  [jvm.dll+0x206ebe]
V  [jvm.dll+0x1423cd]
V  [jvm.dll+0xcb345]
V  [jvm.dll+0xd5ff7]
C  [javaw.exe+0x2070]
C  [javaw.exe+0xa601]
C  [javaw.exe+0xa68b]
C  [KERNEL32.DLL+0x162c4]
C  [ntdll.dll+0x60719]
C  [ntdll.dll+0x606e4]

Java frames: (J=compiled Java code, j=interpreted, Vv=VM code)
J 260  bwapi.UnitCommand.attack(Lbwapi/Unit;Lbwapi/PositionOrUnit;)Lbwapi/UnitCommand; (0 bytes) @ 0x023fb707 [0x023fb6a0+0x67]
J 259 C1 MoleUnit.smartAttackMove(Lbwapi/Position;Lbwapi/Game;)V (84 bytes) @ 0x023fbd4c [0x023fbc60+0xec]
J 295 C1 Base.defendBase(Lbwapi/Game;)V (132 bytes) @ 0x02403408 [0x024031f0+0x218]
J 166 C1 Base.manageMarines(Lbwapi/Game;)V (78 bytes) @ 0x023e30a8 [0x023e2f30+0x178]
J 134 C1 StrategyManager.runBases(Lbwapi/Game;Lbwapi/Player;)V (152 bytes) @ 0x023d4060 [0x023d3e60+0x200]
J 160 C1 StrategyManager.update(Lbwapi/Game;Lbwapi/Player;)V (92 bytes) @ 0x023e0714 [0x023e05a0+0x174]
J 153 C1 TestBot1.onFrame()V (88 bytes) @ 0x023df75c [0x023df4f0+0x26c]
J 152 C1 bwapi.AIModule.onFrame()V (17 bytes) @ 0x023df284 [0x023df250+0x34]
v  ~StubRoutines::call_stub
j  bwapi.Mirror.startGame()V+0
j  TestBot1.run()V+15
j  TestBot1.main([Ljava/lang/String;)V+7
v  ~StubRoutines::call_stub

---------------  P R O C E S S  ---------------

Java Threads: ( => current thread )
  0x02299400 JavaThread "Service Thread" daemon [_thread_blocked, id=28148, stack(0x048a0000,0x048f0000)]
  0x02293c00 JavaThread "C1 CompilerThread0" daemon [_thread_blocked, id=15736, stack(0x04810000,0x04860000)]
  0x02292400 JavaThread "Attach Listener" daemon [_thread_blocked, id=26756, stack(0x04780000,0x047d0000)]
  0x0228f000 JavaThread "Signal Dispatcher" daemon [_thread_blocked, id=11000, stack(0x046f0000,0x04740000)]
  0x02224400 JavaThread "Finalizer" daemon [_thread_blocked, id=18640, stack(0x04660000,0x046b0000)]
  0x0221f000 JavaThread "Reference Handler" daemon [_thread_blocked, id=4556, stack(0x045d0000,0x04620000)]
=>0x0214c400 JavaThread "main" [_thread_in_vm, id=19924, stack(0x02190000,0x021e0000)]

Other Threads:
  0x0221dc00 VMThread [stack: 0x04540000,0x04590000] [id=7872]
  0x022b0c00 WatcherThread [stack: 0x04930000,0x04980000] [id=30936]

VM state:not at safepoint (normal execution)

VM Mutex/Monitor currently owned by a thread: None

Heap
 def new generation   total 4928K, used 2984K [0x24c00000, 0x25150000, 0x2a150000)
  eden space 4416K,  66% used [0x24c00000, 0x24edb6b8, 0x25050000)
  from space 512K,  11% used [0x25050000, 0x2505ea50, 0x250d0000)
  to   space 512K,   0% used [0x250d0000, 0x250d0000, 0x25150000)
 tenured generation   total 10944K, used 281K [0x2a150000, 0x2ac00000, 0x34c00000)
   the space 10944K,   2% used [0x2a150000, 0x2a196600, 0x2a196600, 0x2ac00000)
 compacting perm gen  total 12288K, used 652K [0x34c00000, 0x35800000, 0x38c00000)
   the space 12288K,   5% used [0x34c00000, 0x34ca3320, 0x34ca3400, 0x35800000)
    ro space 10240K,  42% used [0x38c00000, 0x39036058, 0x39036200, 0x39600000)
    rw space 12288K,  51% used [0x39600000, 0x39c3bdb0, 0x39c3be00, 0x3a200000)

Card table byte_map: [0x043a0000,0x04450000] byte_map_base: 0x0427a000

Polling page: 0x02130000

Code Cache  [0x02320000, 0x02408000, 0x04320000)
 total_blobs=432 nmethods=295 adapters=74 free_code_cache=31857Kb largest_free_block=32621760

Compilation events (10 events):
Event: 88.007 Thread 0x02293c00  289             bwapi.Unit::getGroundWeaponCooldown (9 bytes)
Event: 88.007 Thread 0x02293c00 nmethod 289 0x02401c48 code [0x02401d40, 0x02401ddc]
Event: 88.782 Thread 0x02293c00  291             MoleUnit::smartAttackUnit (84 bytes)
Event: 88.782 Thread 0x02293c00 nmethod 291 0x02401e48 code [0x02401f90, 0x02402178]
Event: 92.025 Thread 0x02293c00  292             Base::alreadyHaveUnit (45 bytes)
Event: 92.026 Thread 0x02293c00 nmethod 292 0x024023c8 code [0x02402500, 0x024026d4]
Event: 93.204 Thread 0x02293c00  294             Base::getClosestBaseThreat (69 bytes)
Event: 93.205 Thread 0x02293c00 nmethod 294 0x02402b48 code [0x02402c90, 0x02402e5c]
Event: 93.219 Thread 0x02293c00  295             Base::defendBase (132 bytes)
Event: 93.220 Thread 0x02293c00 nmethod 295 0x02403048 code [0x024031f0, 0x024036e8]

GC Heap History (10 events):
Event: 90.793 GC heap before
{Heap before GC invocations=73 (full 0):
 def new generation   total 4928K, used 4451K [0x24c00000, 0x25150000, 0x2a150000)
  eden space 4416K, 100% used [0x24c00000, 0x25050000, 0x25050000)
  from space 512K,   6% used [0x250d0000, 0x250d8e78, 0x25150000)
  to   space 512K,   0% used [0x25050000, 0x25050000, 0x250d0000)
 tenured generation   total 10944K, used 279K [0x2a150000, 0x2ac00000, 0x34c00000)
   the space 10944K,   2% used [0x2a150000, 0x2a195ca8, 0x2a195e00, 0x2ac00000)
 compacting perm gen  total 12288K, used 652K [0x34c00000, 0x35800000, 0x38c00000)
   the space 12288K,   5% used [0x34c00000, 0x34ca3310, 0x34ca3400, 0x35800000)
    ro space 10240K,  42% used [0x38c00000, 0x39036058, 0x39036200, 0x39600000)
    rw space 12288K,  51% used [0x39600000, 0x39c3bdb0, 0x39c3be00, 0x3a200000)
Event: 90.793 GC heap after
Heap after GC invocations=74 (full 0):
 def new generation   total 4928K, used 42K [0x24c00000, 0x25150000, 0x2a150000)
  eden space 4416K,   0% used [0x24c00000, 0x24c00000, 0x25050000)
  from space 512K,   8% used [0x25050000, 0x2505a8b0, 0x250d0000)
  to   space 512K,   0% used [0x250d0000, 0x250d0000, 0x25150000)
 tenured generation   total 10944K, used 279K [0x2a150000, 0x2ac00000, 0x34c00000)
   the space 10944K,   2% used [0x2a150000, 0x2a195d60, 0x2a195e00, 0x2ac00000)
 compacting perm gen  total 12288K, used 652K [0x34c00000, 0x35800000, 0x38c00000)
   the space 12288K,   5% used [0x34c00000, 0x34ca3310, 0x34ca3400, 0x35800000)
    ro space 10240K,  42% used [0x38c00000, 0x39036058, 0x39036200, 0x39600000)
    rw space 12288K,  51% used [0x39600000, 0x39c3bdb0, 0x39c3be00, 0x3a200000)
}
Event: 91.812 GC heap before
{Heap before GC invocations=74 (full 0):
 def new generation   total 4928K, used 4458K [0x24c00000, 0x25150000, 0x2a150000)
  eden space 4416K, 100% used [0x24c00000, 0x25050000, 0x25050000)
  from space 512K,   8% used [0x25050000, 0x2505a8b0, 0x250d0000)
  to   space 512K,   0% used [0x250d0000, 0x250d0000, 0x25150000)
 tenured generation   total 10944K, used 279K [0x2a150000, 0x2ac00000, 0x34c00000)
   the space 10944K,   2% used [0x2a150000, 0x2a195d60, 0x2a195e00, 0x2ac00000)
 compacting perm gen  total 12288K, used 652K [0x34c00000, 0x35800000, 0x38c00000)
   the space 12288K,   5% used [0x34c00000, 0x34ca3310, 0x34ca3400, 0x35800000)
    ro space 10240K,  42% used [0x38c00000, 0x39036058, 0x39036200, 0x39600000)
    rw space 12288K,  51% used [0x39600000, 0x39c3bdb0, 0x39c3be00, 0x3a200000)
Event: 91.812 GC heap after
Heap after GC invocations=75 (full 0):
 def new generation   total 4928K, used 42K [0x24c00000, 0x25150000, 0x2a150000)
  eden space 4416K,   0% used [0x24c00000, 0x24c00000, 0x25050000)
  from space 512K,   8% used [0x250d0000, 0x250dabd0, 0x25150000)
  to   space 512K,   0% used [0x25050000, 0x25050000, 0x250d0000)
 tenured generation   total 10944K, used 281K [0x2a150000, 0x2ac00000, 0x34c00000)
   the space 10944K,   2% used [0x2a150000, 0x2a196588, 0x2a196600, 0x2ac00000)
 compacting perm gen  total 12288K, used 652K [0x34c00000, 0x35800000, 0x38c00000)
   the space 12288K,   5% used [0x34c00000, 0x34ca3310, 0x34ca3400, 0x35800000)
    ro space 10240K,  42% used [0x38c00000, 0x39036058, 0x39036200, 0x39600000)
    rw space 12288K,  51% used [0x39600000, 0x39c3bdb0, 0x39c3be00, 0x3a200000)
}
Event: 92.716 GC heap before
{Heap before GC invocations=75 (full 0):
 def new generation   total 4928K, used 4458K [0x24c00000, 0x25150000, 0x2a150000)
  eden space 4416K, 100% used [0x24c00000, 0x25050000, 0x25050000)
  from space 512K,   8% used [0x250d0000, 0x250dabd0, 0x25150000)
  to   space 512K,   0% used [0x25050000, 0x25050000, 0x250d0000)
 tenured generation   total 10944K, used 281K [0x2a150000, 0x2ac00000, 0x34c00000)
   the space 10944K,   2% used [0x2a150000, 0x2a196588, 0x2a196600, 0x2ac00000)
 compacting perm gen  total 12288K, used 652K [0x34c00000, 0x35800000, 0x38c00000)
   the space 12288K,   5% used [0x34c00000, 0x34ca3310, 0x34ca3400, 0x35800000)
    ro space 10240K,  42% used [0x38c00000, 0x39036058, 0x39036200, 0x39600000)
    rw space 12288K,  51% used [0x39600000, 0x39c3bdb0, 0x39c3be00, 0x3a200000)
Event: 92.716 GC heap after
Heap after GC invocations=76 (full 0):
 def new generation   total 4928K, used 52K [0x24c00000, 0x25150000, 0x2a150000)
  eden space 4416K,   0% used [0x24c00000, 0x24c00000, 0x25050000)
  from space 512K,  10% used [0x25050000, 0x2505d138, 0x250d0000)
  to   space 512K,   0% used [0x250d0000, 0x250d0000, 0x25150000)
 tenured generation   total 10944K, used 281K [0x2a150000, 0x2ac00000, 0x34c00000)
   the space 10944K,   2% used [0x2a150000, 0x2a1965c0, 0x2a196600, 0x2ac00000)
 compacting perm gen  total 12288K, used 652K [0x34c00000, 0x35800000, 0x38c00000)
   the space 12288K,   5% used [0x34c00000, 0x34ca3310, 0x34ca3400, 0x35800000)
    ro space 10240K,  42% used [0x38c00000, 0x39036058, 0x39036200, 0x39600000)
    rw space 12288K,  51% used [0x39600000, 0x39c3bdb0, 0x39c3be00, 0x3a200000)
}
Event: 93.760 GC heap before
{Heap before GC invocations=76 (full 0):
 def new generation   total 4928K, used 4468K [0x24c00000, 0x25150000, 0x2a150000)
  eden space 4416K, 100% used [0x24c00000, 0x25050000, 0x25050000)
  from space 512K,  10% used [0x25050000, 0x2505d138, 0x250d0000)
  to   space 512K,   0% used [0x250d0000, 0x250d0000, 0x25150000)
 tenured generation   total 10944K, used 281K [0x2a150000, 0x2ac00000, 0x34c00000)
   the space 10944K,   2% used [0x2a150000, 0x2a1965c0, 0x2a196600, 0x2ac00000)
 compacting perm gen  total 12288K, used 652K [0x34c00000, 0x35800000, 0x38c00000)
   the space 12288K,   5% used [0x34c00000, 0x34ca3320, 0x34ca3400, 0x35800000)
    ro space 10240K,  42% used [0x38c00000, 0x39036058, 0x39036200, 0x39600000)
    rw space 12288K,  51% used [0x39600000, 0x39c3bdb0, 0x39c3be00, 0x3a200000)
Event: 93.761 GC heap after
Heap after GC invocations=77 (full 0):
 def new generation   total 4928K, used 56K [0x24c00000, 0x25150000, 0x2a150000)
  eden space 4416K,   0% used [0x24c00000, 0x24c00000, 0x25050000)
  from space 512K,  10% used [0x250d0000, 0x250de0c0, 0x25150000)
  to   space 512K,   0% used [0x25050000, 0x25050000, 0x250d0000)
 tenured generation   total 10944K, used 281K [0x2a150000, 0x2ac00000, 0x34c00000)
   the space 10944K,   2% used [0x2a150000, 0x2a1965d8, 0x2a196600, 0x2ac00000)
 compacting perm gen  total 12288K, used 652K [0x34c00000, 0x35800000, 0x38c00000)
   the space 12288K,   5% used [0x34c00000, 0x34ca3320, 0x34ca3400, 0x35800000)
    ro space 10240K,  42% used [0x38c00000, 0x39036058, 0x39036200, 0x39600000)
    rw space 12288K,  51% used [0x39600000, 0x39c3bdb0, 0x39c3be00, 0x3a200000)
}
Event: 94.894 GC heap before
{Heap before GC invocations=77 (full 0):
 def new generation   total 4928K, used 4472K [0x24c00000, 0x25150000, 0x2a150000)
  eden space 4416K, 100% used [0x24c00000, 0x25050000, 0x25050000)
  from space 512K,  10% used [0x250d0000, 0x250de0c0, 0x25150000)
  to   space 512K,   0% used [0x25050000, 0x25050000, 0x250d0000)
 tenured generation   total 10944K, used 281K [0x2a150000, 0x2ac00000, 0x34c00000)
   the space 10944K,   2% used [0x2a150000, 0x2a1965d8, 0x2a196600, 0x2ac00000)
 compacting perm gen  total 12288K, used 652K [0x34c00000, 0x35800000, 0x38c00000)
   the space 12288K,   5% used [0x34c00000, 0x34ca3320, 0x34ca3400, 0x35800000)
    ro space 10240K,  42% used [0x38c00000, 0x39036058, 0x39036200, 0x39600000)
    rw space 12288K,  51% used [0x39600000, 0x39c3bdb0, 0x39c3be00, 0x3a200000)
Event: 94.894 GC heap after
Heap after GC invocations=78 (full 0):
 def new generation   total 4928K, used 58K [0x24c00000, 0x25150000, 0x2a150000)
  eden space 4416K,   0% used [0x24c00000, 0x24c00000, 0x25050000)
  from space 512K,  11% used [0x25050000, 0x2505ea50, 0x250d0000)
  to   space 512K,   0% used [0x250d0000, 0x250d0000, 0x25150000)
 tenured generation   total 10944K, used 281K [0x2a150000, 0x2ac00000, 0x34c00000)
   the space 10944K,   2% used [0x2a150000, 0x2a196600, 0x2a196600, 0x2ac00000)
 compacting perm gen  total 12288K, used 652K [0x34c00000, 0x35800000, 0x38c00000)
   the space 12288K,   5% used [0x34c00000, 0x34ca3320, 0x34ca3400, 0x35800000)
    ro space 10240K,  42% used [0x38c00000, 0x39036058, 0x39036200, 0x39600000)
    rw space 12288K,  51% used [0x39600000, 0x39c3bdb0, 0x39c3be00, 0x3a200000)
}

Deoptimization events (0 events):
No events

Internal exceptions (10 events):
Event: 4.972 Thread 0x0214c400 Threw 0x24d6ccc0 at C:\re\jdk7u79\2331\hotspot\src\share\vm\prims\jvm.cpp:1304
Event: 4.973 Thread 0x0214c400 Threw 0x24d712b8 at C:\re\jdk7u79\2331\hotspot\src\share\vm\prims\jvm.cpp:1304
Event: 4.974 Thread 0x0214c400 Threw 0x24d74548 at C:\re\jdk7u79\2331\hotspot\src\share\vm\interpreter\linkResolver.cpp:892
Event: 4.980 Thread 0x0214c400 Threw 0x24d89310 at C:\re\jdk7u79\2331\hotspot\src\share\vm\prims\jvm.cpp:1304
Event: 12.151 Thread 0x0214c400 Threw 0x25020558 at C:\re\jdk7u79\2331\hotspot\src\share\vm\prims\jvm.cpp:1304
Event: 17.764 Thread 0x0214c400 Threw 0x24eba2f0 at C:\re\jdk7u79\2331\hotspot\src\share\vm\prims\jvm.cpp:1304
Event: 17.765 Thread 0x0214c400 Threw 0x24ebba70 at C:\re\jdk7u79\2331\hotspot\src\share\vm\prims\jvm.cpp:1304
Event: 17.779 Thread 0x0214c400 Threw 0x24ebe298 at C:\re\jdk7u79\2331\hotspot\src\share\vm\prims\jvm.cpp:1304
Event: 95.667 Thread 0x0214c400 Threw 0x24ed25d0 at C:\re\jdk7u79\2331\hotspot\src\share\vm\prims\jni.cpp:1350
Event: 95.667 Thread 0x0214c400 Threw 0x24ed26e8 at C:\re\jdk7u79\2331\hotspot\src\share\vm\prims\jni.cpp:1350

Events (10 events):
Event: 90.793 Executing VM operation: GenCollectForAllocation
Event: 90.793 Executing VM operation: GenCollectForAllocation done
Event: 91.812 Executing VM operation: GenCollectForAllocation
Event: 91.812 Executing VM operation: GenCollectForAllocation done
Event: 92.716 Executing VM operation: GenCollectForAllocation
Event: 92.716 Executing VM operation: GenCollectForAllocation done
Event: 93.760 Executing VM operation: GenCollectForAllocation
Event: 93.761 Executing VM operation: GenCollectForAllocation done
Event: 94.894 Executing VM operation: GenCollectForAllocation
Event: 94.894 Executing VM operation: GenCollectForAllocation done


Dynamic libraries:
0x00130000 - 0x0015f000 	C:\Program Files (x86)\Java\jre7\bin\javaw.exe
0x77370000 - 0x774f2000 	C:\WINDOWS\SYSTEM32\ntdll.dll
0x756d0000 - 0x757b0000 	C:\WINDOWS\System32\KERNEL32.DLL
0x751b0000 - 0x75351000 	C:\WINDOWS\System32\KERNELBASE.dll
0x74aa0000 - 0x74b17000 	C:\WINDOWS\System32\ADVAPI32.dll
0x74bc0000 - 0x74c7e000 	C:\WINDOWS\System32\msvcrt.dll
0x74370000 - 0x743b1000 	C:\WINDOWS\System32\sechost.dll
0x742a0000 - 0x74361000 	C:\WINDOWS\System32\RPCRT4.dll
0x73e30000 - 0x73e4e000 	C:\WINDOWS\System32\SspiCli.dll
0x73e20000 - 0x73e2a000 	C:\WINDOWS\System32\CRYPTBASE.dll
0x75430000 - 0x7548a000 	C:\WINDOWS\System32\bcryptPrimitives.dll
0x743c0000 - 0x7451f000 	C:\WINDOWS\System32\USER32.dll
0x75360000 - 0x75375000 	C:\WINDOWS\System32\win32u.dll
0x75120000 - 0x7514b000 	C:\WINDOWS\System32\GDI32.dll
0x75490000 - 0x755eb000 	C:\WINDOWS\System32\gdi32full.dll
0x71690000 - 0x7189a000 	C:\WINDOWS\WinSxS\x86_microsoft.windows.common-controls_6595b64144ccf1df_6.0.14393.447_none_89c64d28dafea4b9\COMCTL32.dll
0x73ea0000 - 0x740b1000 	C:\WINDOWS\System32\combase.dll
0x74c80000 - 0x74d60000 	C:\WINDOWS\System32\ucrtbase.dll
0x73e70000 - 0x73e95000 	C:\WINDOWS\System32\IMM32.DLL
0x78610000 - 0x786cf000 	C:\Program Files (x86)\Java\jre7\bin\msvcr100.dll
0x6dae0000 - 0x6de69000 	C:\Program Files (x86)\Java\jre7\bin\client\jvm.dll
0x74520000 - 0x74526000 	C:\WINDOWS\System32\PSAPI.DLL
0x731e0000 - 0x73204000 	C:\WINDOWS\SYSTEM32\WINMM.dll
0x730a0000 - 0x730a8000 	C:\WINDOWS\SYSTEM32\WSOCK32.dll
0x75660000 - 0x756c3000 	C:\WINDOWS\System32\WS2_32.dll
0x731b0000 - 0x731d3000 	C:\WINDOWS\SYSTEM32\WINMMBASE.dll
0x74b20000 - 0x74b56000 	C:\WINDOWS\System32\cfgmgr32.dll
0x6e520000 - 0x6e52c000 	C:\Program Files (x86)\Java\jre7\bin\verify.dll
0x6c670000 - 0x6c690000 	C:\Program Files (x86)\Java\jre7\bin\java.dll
0x02300000 - 0x02313000 	C:\Program Files (x86)\Java\jre7\bin\zip.dll
0x0f280000 - 0x0f506000 	C:\Users\amanz360\Documents\GitHub\MoleAI\ExampleBot\bwapi_bridge2_5.dll
0x537e0000 - 0x53851000 	C:\WINDOWS\SYSTEM32\MSVCP120.dll
0x6acc0000 - 0x6ad27000 	C:\Users\amanz360\Documents\GitHub\MoleAI\ExampleBot\libgmp-10.dll
0x6f540000 - 0x6f59e000 	C:\Users\amanz360\Documents\GitHub\MoleAI\ExampleBot\libmpfr-4.dll
0x73d30000 - 0x73e1e000 	C:\WINDOWS\SYSTEM32\MSVCR120.dll
0x72f00000 - 0x73045000 	C:\WINDOWS\SYSTEM32\dbghelp.dll

VM Arguments:
jvm_args: -Dfile.encoding=Cp1252 
java_command: TestBot1
Launcher Type: SUN_STANDARD

Environment Variables:
PATH=C:/Program Files (x86)/Java/jre7/bin/client;C:/Program Files (x86)/Java/jre7/bin;C:/Program Files (x86)/Java/jre7/lib/i386;C:\gurobi701\win64\bin;C:\Program Files (x86)\NVIDIA Corporation\PhysX\Common;C:\Program Files\Java\jdk1.8.0_45\bin;C:\ProgramData\Oracle\Java\javapath;c:\Program Files (x86)\Intel\iCLS Client\;c:\Program Files\Intel\iCLS Client\;C:\WINDOWS\system32;C:\WINDOWS;C:\WINDOWS\System32\Wbem;C:\WINDOWS\System32\WindowsPowerShell\v1.0\;C:\Program Files\Intel\WiFi\bin\;C:\Program Files\Common Files\Intel\WirelessCommon\;C:\Program Files\Mozart\bin;C:\Program Files\Microsoft SQL Server\110\Tools\Binn\;C:\Program Files (x86)\Skype\Phone\;C:\Program Files (x86)\Intel\Intel(R) Management Engine Components\DAL;C:\Program Files\Intel\Intel(R) Management Engine Components\DAL;C:\Program Files (x86)\Intel\Intel(R) Management Engine Components\IPT;C:\Program Files\Intel\Intel(R) Management Engine Components\IPT;C:\Go\bin;C:\WINDOWS\system32\config\systemprofile\.dnx\bin;C:\Program Files\Microsoft DNX\Dnvm\;C:\Program Files\Microsoft SQL Server\130\Tools\Binn\;C:\Program Files (x86)\Windows Kits\8.1\Windows Performance Toolkit\;c:\Program Files (x86)\Microsoft SQL Server\100\Tools\Binn\;c:\Program Files\Microsoft SQL Server\100\Tools\Binn\;c:\Program Files\Microsoft SQL Server\100\DTS\Binn\;C:\Users\amanz360\Anaconda3;C:\Users\amanz360\Anaconda3\Scripts;C:\Users\amanz360\Anaconda3\Library\bin;C:\Users\amanz360\AppData\Local\Microsoft\WindowsApps;;C:\Users\amanz360\Downloads\eclipse-java-mars-2-win32\eclipse;
USERNAME=amanz360
OS=Windows_NT
PROCESSOR_IDENTIFIER=Intel64 Family 6 Model 69 Stepping 1, GenuineIntel



---------------  S Y S T E M  ---------------

OS: Windows 8.1 , 64 bit Build 9600 

CPU:total 4 (2 cores per cpu, 2 threads per core) family 6 model 69 stepping 1, cmov, cx8, fxsr, mmx, sse, sse2, sse3, ssse3, sse4.1, sse4.2, popcnt, avx, avx2, aes, erms, ht, tsc, tscinvbit

Memory: 4k page, physical 6187596k(3348796k free), swap 11083292k(5185368k free)

vm_info: Java HotSpot(TM) Client VM (24.79-b02) for windows-x86 JRE (1.7.0_79-b15), built on Apr 10 2015 16:49:13 by "java_re" with unknown MS VC++:1600

time: Fri Dec 09 19:39:50 2016
elapsed time: 95 seconds

