#
# A fatal error has been detected by the Java Runtime Environment:
#
#  EXCEPTION_ACCESS_VIOLATION (0xc0000005) at pc=0x0f09cca3, pid=9516, tid=1672
#
# JRE version: Java(TM) SE Runtime Environment (7.0_79-b15) (build 1.7.0_79-b15)
# Java VM: Java HotSpot(TM) Client VM (24.79-b02 mixed mode, sharing windows-x86 )
# Problematic frame:
# C  [bwapi_bridge2_5.dll+0x1cca3]
#
# Failed to write core dump. Minidumps are not enabled by default on client versions of Windows
#
# If you would like to submit a bug report, please visit:
#   http://bugreport.java.com/bugreport/crash.jsp
# The crash happened outside the Java Virtual Machine in native code.
# See problematic frame for where to report the bug.
#

---------------  T H R E A D  ---------------

Current thread (0x0081c400):  JavaThread "main" [_thread_in_native, id=1672, stack(0x00700000,0x00750000)]

siginfo: ExceptionCode=0xc0000005, reading address 0x00000000

Registers:
EAX=0x00000c0b, EBX=0x34c416e0, ECX=0x00000000, EDX=0x0074dcc8
ESP=0x0074dcbc, EBP=0x0074dcd8, ESI=0x34c416e0, EDI=0x0081c400
EIP=0x0f09cca3, EFLAGS=0x00010286

Top of Stack: (sp=0x0074dcbc)
0x0074dcbc:   34c416e0 00000000 00000000 00000000
0x0074dccc:   00000c0b 00000000 a51d927b 0074dd14
0x0074dcdc:   023aaabd 0081c530 0074dd2c 00000000
0x0074dcec:   00000c0b fa0ff937 0074dcf4 00000000
0x0074dcfc:   0074dd2c 34c84fd0 00000000 34c416e0
0x0074dd0c:   00000000 0074dd30 0074def0 0245d07c
0x0074dd1c:   00000000 023a88e6 00000000 00000c0b
0x0074dd2c:   24f56910 00000000 00000c0b 00000020 

Instructions: (pc=0x0f09cca3)
0x0f09cc83:   83 e4 f8 83 ec 18 a1 08 40 28 0f 33 c4 89 44 24
0x0f09cc93:   14 8b 4d 10 8d 54 24 08 8b 45 14 56 89 44 24 10
0x0f09cca3:   8b 01 57 8b 7d 08 52 ff 50 18 83 ec 18 8b cc 6a
0x0f09ccb3:   0e c7 41 14 0f 00 00 00 c7 41 10 00 00 00 00 68 


Register to memory mapping:

EAX=0x00000c0b is an unknown value
EBX=0x34c416e0 is an oop
{method} 
 - klass: {other class}
ECX=0x00000000 is an unknown value
EDX=0x0074dcc8 is pointing into the stack for thread: 0x0081c400
ESP=0x0074dcbc is pointing into the stack for thread: 0x0081c400
EBP=0x0074dcd8 is pointing into the stack for thread: 0x0081c400
ESI=0x34c416e0 is an oop
{method} 
 - klass: {other class}
EDI=0x0081c400 is a thread


Stack: [0x00700000,0x00750000],  sp=0x0074dcbc,  free space=311k
Native frames: (J=compiled Java code, j=interpreted, Vv=VM code, C=native code)
C  [bwapi_bridge2_5.dll+0x1cca3]
j  bwapi.Unit.getPosition_native(J)Lbwapi/Position;+0
J 167 C1 Base.manageDefense(Lbwapi/Game;)V (363 bytes) @ 0x0245d07c [0x0245c830+0x84c]
J 124 C1 TestBot1.onFrame()V (150 bytes) @ 0x02450e90 [0x02450a90+0x400]
J 148 C1 bwapi.AIModule.onFrame()V (17 bytes) @ 0x02457504 [0x024574d0+0x34]
v  ~StubRoutines::call_stub
V  [jvm.dll+0x14234a]
V  [jvm.dll+0x206ebe]
V  [jvm.dll+0x1423cd]
V  [jvm.dll+0xcb5c2]
V  [jvm.dll+0xcf213]
C  [bwapi_bridge2_5.dll+0x1b20d]
C  [bwapi_bridge2_5.dll+0x75101]
j  bwapi.Mirror.startGame()V+0
j  TestBot1.run()V+15
j  TestBot1.main([Ljava/lang/String;)V+7
v  ~StubRoutines::call_stub
V  [jvm.dll+0x14234a]
V  [jvm.dll+0x206ebe]
V  [jvm.dll+0x1423cd]
V  [jvm.dll+0xcb345]
V  [jvm.dll+0xd5ff7]
C  [javaw.exe+0x2070]
C  [javaw.exe+0xa601]
C  [javaw.exe+0xa68b]
C  [KERNEL32.DLL+0x162c4]
C  [ntdll.dll+0x60719]
C  [ntdll.dll+0x606e4]

Java frames: (J=compiled Java code, j=interpreted, Vv=VM code)
j  bwapi.Unit.getPosition_native(J)Lbwapi/Position;+0
J 167 C1 Base.manageDefense(Lbwapi/Game;)V (363 bytes) @ 0x0245d07c [0x0245c830+0x84c]
J 124 C1 TestBot1.onFrame()V (150 bytes) @ 0x02450e90 [0x02450a90+0x400]
J 148 C1 bwapi.AIModule.onFrame()V (17 bytes) @ 0x02457504 [0x024574d0+0x34]
v  ~StubRoutines::call_stub
j  bwapi.Mirror.startGame()V+0
j  TestBot1.run()V+15
j  TestBot1.main([Ljava/lang/String;)V+7
v  ~StubRoutines::call_stub

---------------  P R O C E S S  ---------------

Java Threads: ( => current thread )
  0x00be5c00 JavaThread "Service Thread" daemon [_thread_blocked, id=12208, stack(0x04550000,0x045a0000)]
  0x00be3400 JavaThread "C1 CompilerThread0" daemon [_thread_blocked, id=12192, stack(0x044c0000,0x04510000)]
  0x00be2000 JavaThread "Attach Listener" daemon [_thread_blocked, id=2376, stack(0x04430000,0x04480000)]
  0x00bdec00 JavaThread "Signal Dispatcher" daemon [_thread_blocked, id=652, stack(0x043a0000,0x043f0000)]
  0x00b70800 JavaThread "Finalizer" daemon [_thread_blocked, id=9688, stack(0x00ee0000,0x00f30000)]
  0x00b6f000 JavaThread "Reference Handler" daemon [_thread_blocked, id=2432, stack(0x00e50000,0x00ea0000)]
=>0x0081c400 JavaThread "main" [_thread_in_native, id=1672, stack(0x00700000,0x00750000)]

Other Threads:
  0x00b6dc00 VMThread [stack: 0x00dc0000,0x00e10000] [id=2436]
  0x00bf6800 WatcherThread [stack: 0x045e0000,0x04630000] [id=12260]

VM state:not at safepoint (normal execution)

VM Mutex/Monitor currently owned by a thread: None

Heap
 def new generation   total 4928K, used 3471K [0x24c00000, 0x25150000, 0x2a150000)
  eden space 4416K,  78% used [0x24c00000, 0x24f621b0, 0x25050000)
  from space 512K,   1% used [0x250d0000, 0x250d1ae8, 0x25150000)
  to   space 512K,   0% used [0x25050000, 0x25050000, 0x250d0000)
 tenured generation   total 10944K, used 249K [0x2a150000, 0x2ac00000, 0x34c00000)
   the space 10944K,   2% used [0x2a150000, 0x2a18e558, 0x2a18e600, 0x2ac00000)
 compacting perm gen  total 12288K, used 608K [0x34c00000, 0x35800000, 0x38c00000)
   the space 12288K,   4% used [0x34c00000, 0x34c982f8, 0x34c98400, 0x35800000)
    ro space 10240K,  42% used [0x38c00000, 0x39036058, 0x39036200, 0x39600000)
    rw space 12288K,  51% used [0x39600000, 0x39c3bdb0, 0x39c3be00, 0x3a200000)

Card table byte_map: [0x00c50000,0x00d00000] byte_map_base: 0x00b2a000

Polling page: 0x00590000

Code Cache  [0x023a0000, 0x02468000, 0x043a0000)
 total_blobs=325 nmethods=188 adapters=74 free_code_cache=31990Kb largest_free_block=32758144

Compilation events (10 events):
Event: 56.525 Thread 0x00be3400  180             java.util.HashMap$KeyIterator::<init> (11 bytes)
Event: 56.525 Thread 0x00be3400 nmethod 180 0x02461088 code [0x02461180, 0x0246121c]
Event: 56.525 Thread 0x00be3400  181             java.util.HashMap$KeyIterator::next (8 bytes)
Event: 56.525 Thread 0x00be3400 nmethod 181 0x02461288 code [0x02461390, 0x0246142c]
Event: 69.059 Thread 0x00be3400  184             java.util.HashMap::keySet (28 bytes)
Event: 69.059 Thread 0x00be3400 nmethod 184 0x02461a08 code [0x02461b00, 0x02461bf0]
Event: 77.813 Thread 0x00be3400  186             java.lang.StringBuilder::append (9 bytes)
Event: 77.814 Thread 0x00be3400 nmethod 186 0x02461ec8 code [0x02461fe0, 0x024620b8]
Event: 123.973 Thread 0x00be3400  188             java.lang.StringBuilder::<init> (7 bytes)
Event: 123.973 Thread 0x00be3400 nmethod 188 0x02462408 code [0x02462500, 0x02462610]

GC Heap History (10 events):
Event: 22.072 GC heap before
{Heap before GC invocations=0 (full 0):
 def new generation   total 4928K, used 4416K [0x24c00000, 0x25150000, 0x2a150000)
  eden space 4416K, 100% used [0x24c00000, 0x25050000, 0x25050000)
  from space 512K,   0% used [0x25050000, 0x25050000, 0x250d0000)
  to   space 512K,   0% used [0x250d0000, 0x250d0000, 0x25150000)
 tenured generation   total 10944K, used 0K [0x2a150000, 0x2ac00000, 0x34c00000)
   the space 10944K,   0% used [0x2a150000, 0x2a150000, 0x2a150200, 0x2ac00000)
 compacting perm gen  total 12288K, used 597K [0x34c00000, 0x35800000, 0x38c00000)
   the space 12288K,   4% used [0x34c00000, 0x34c95728, 0x34c95800, 0x35800000)
    ro space 10240K,  42% used [0x38c00000, 0x39036058, 0x39036200, 0x39600000)
    rw space 12288K,  51% used [0x39600000, 0x39c3bdb0, 0x39c3be00, 0x3a200000)
Event: 22.073 GC heap after
Heap after GC invocations=1 (full 0):
 def new generation   total 4928K, used 444K [0x24c00000, 0x25150000, 0x2a150000)
  eden space 4416K,   0% used [0x24c00000, 0x24c00000, 0x25050000)
  from space 512K,  86% used [0x250d0000, 0x2513f060, 0x25150000)
  to   space 512K,   0% used [0x25050000, 0x25050000, 0x250d0000)
 tenured generation   total 10944K, used 0K [0x2a150000, 0x2ac00000, 0x34c00000)
   the space 10944K,   0% used [0x2a150000, 0x2a150000, 0x2a150200, 0x2ac00000)
 compacting perm gen  total 12288K, used 597K [0x34c00000, 0x35800000, 0x38c00000)
   the space 12288K,   4% used [0x34c00000, 0x34c95728, 0x34c95800, 0x35800000)
    ro space 10240K,  42% used [0x38c00000, 0x39036058, 0x39036200, 0x39600000)
    rw space 12288K,  51% used [0x39600000, 0x39c3bdb0, 0x39c3be00, 0x3a200000)
}
Event: 43.634 GC heap before
{Heap before GC invocations=1 (full 0):
 def new generation   total 4928K, used 4860K [0x24c00000, 0x25150000, 0x2a150000)
  eden space 4416K, 100% used [0x24c00000, 0x25050000, 0x25050000)
  from space 512K,  86% used [0x250d0000, 0x2513f060, 0x25150000)
  to   space 512K,   0% used [0x25050000, 0x25050000, 0x250d0000)
 tenured generation   total 10944K, used 0K [0x2a150000, 0x2ac00000, 0x34c00000)
   the space 10944K,   0% used [0x2a150000, 0x2a150000, 0x2a150200, 0x2ac00000)
 compacting perm gen  total 12288K, used 597K [0x34c00000, 0x35800000, 0x38c00000)
   the space 12288K,   4% used [0x34c00000, 0x34c95728, 0x34c95800, 0x35800000)
    ro space 10240K,  42% used [0x38c00000, 0x39036058, 0x39036200, 0x39600000)
    rw space 12288K,  51% used [0x39600000, 0x39c3bdb0, 0x39c3be00, 0x3a200000)
Event: 43.635 GC heap after
Heap after GC invocations=2 (full 0):
 def new generation   total 4928K, used 1K [0x24c00000, 0x25150000, 0x2a150000)
  eden space 4416K,   0% used [0x24c00000, 0x24c00000, 0x25050000)
  from space 512K,   0% used [0x25050000, 0x250507e0, 0x250d0000)
  to   space 512K,   0% used [0x250d0000, 0x250d0000, 0x25150000)
 tenured generation   total 10944K, used 249K [0x2a150000, 0x2ac00000, 0x34c00000)
   the space 10944K,   2% used [0x2a150000, 0x2a18e558, 0x2a18e600, 0x2ac00000)
 compacting perm gen  total 12288K, used 597K [0x34c00000, 0x35800000, 0x38c00000)
   the space 12288K,   4% used [0x34c00000, 0x34c95728, 0x34c95800, 0x35800000)
    ro space 10240K,  42% used [0x38c00000, 0x39036058, 0x39036200, 0x39600000)
    rw space 12288K,  51% used [0x39600000, 0x39c3bdb0, 0x39c3be00, 0x3a200000)
}
Event: 68.978 GC heap before
{Heap before GC invocations=2 (full 0):
 def new generation   total 4928K, used 4417K [0x24c00000, 0x25150000, 0x2a150000)
  eden space 4416K, 100% used [0x24c00000, 0x25050000, 0x25050000)
  from space 512K,   0% used [0x25050000, 0x250507e0, 0x250d0000)
  to   space 512K,   0% used [0x250d0000, 0x250d0000, 0x25150000)
 tenured generation   total 10944K, used 249K [0x2a150000, 0x2ac00000, 0x34c00000)
   the space 10944K,   2% used [0x2a150000, 0x2a18e558, 0x2a18e600, 0x2ac00000)
 compacting perm gen  total 12288K, used 597K [0x34c00000, 0x35800000, 0x38c00000)
   the space 12288K,   4% used [0x34c00000, 0x34c95778, 0x34c95800, 0x35800000)
    ro space 10240K,  42% used [0x38c00000, 0x39036058, 0x39036200, 0x39600000)
    rw space 12288K,  51% used [0x39600000, 0x39c3bdb0, 0x39c3be00, 0x3a200000)
Event: 68.978 GC heap after
Heap after GC invocations=3 (full 0):
 def new generation   total 4928K, used 3K [0x24c00000, 0x25150000, 0x2a150000)
  eden space 4416K,   0% used [0x24c00000, 0x24c00000, 0x25050000)
  from space 512K,   0% used [0x250d0000, 0x250d0f18, 0x25150000)
  to   space 512K,   0% used [0x25050000, 0x25050000, 0x250d0000)
 tenured generation   total 10944K, used 249K [0x2a150000, 0x2ac00000, 0x34c00000)
   the space 10944K,   2% used [0x2a150000, 0x2a18e558, 0x2a18e600, 0x2ac00000)
 compacting perm gen  total 12288K, used 597K [0x34c00000, 0x35800000, 0x38c00000)
   the space 12288K,   4% used [0x34c00000, 0x34c95778, 0x34c95800, 0x35800000)
    ro space 10240K,  42% used [0x38c00000, 0x39036058, 0x39036200, 0x39600000)
    rw space 12288K,  51% used [0x39600000, 0x39c3bdb0, 0x39c3be00, 0x3a200000)
}
Event: 92.150 GC heap before
{Heap before GC invocations=3 (full 0):
 def new generation   total 4928K, used 4419K [0x24c00000, 0x25150000, 0x2a150000)
  eden space 4416K, 100% used [0x24c00000, 0x25050000, 0x25050000)
  from space 512K,   0% used [0x250d0000, 0x250d0f18, 0x25150000)
  to   space 512K,   0% used [0x25050000, 0x25050000, 0x250d0000)
 tenured generation   total 10944K, used 249K [0x2a150000, 0x2ac00000, 0x34c00000)
   the space 10944K,   2% used [0x2a150000, 0x2a18e558, 0x2a18e600, 0x2ac00000)
 compacting perm gen  total 12288K, used 597K [0x34c00000, 0x35800000, 0x38c00000)
   the space 12288K,   4% used [0x34c00000, 0x34c95788, 0x34c95800, 0x35800000)
    ro space 10240K,  42% used [0x38c00000, 0x39036058, 0x39036200, 0x39600000)
    rw space 12288K,  51% used [0x39600000, 0x39c3bdb0, 0x39c3be00, 0x3a200000)
Event: 92.150 GC heap after
Heap after GC invocations=4 (full 0):
 def new generation   total 4928K, used 5K [0x24c00000, 0x25150000, 0x2a150000)
  eden space 4416K,   0% used [0x24c00000, 0x24c00000, 0x25050000)
  from space 512K,   0% used [0x25050000, 0x25051430, 0x250d0000)
  to   space 512K,   0% used [0x250d0000, 0x250d0000, 0x25150000)
 tenured generation   total 10944K, used 249K [0x2a150000, 0x2ac00000, 0x34c00000)
   the space 10944K,   2% used [0x2a150000, 0x2a18e558, 0x2a18e600, 0x2ac00000)
 compacting perm gen  total 12288K, used 597K [0x34c00000, 0x35800000, 0x38c00000)
   the space 12288K,   4% used [0x34c00000, 0x34c95788, 0x34c95800, 0x35800000)
    ro space 10240K,  42% used [0x38c00000, 0x39036058, 0x39036200, 0x39600000)
    rw space 12288K,  51% used [0x39600000, 0x39c3bdb0, 0x39c3be00, 0x3a200000)
}
Event: 111.416 GC heap before
{Heap before GC invocations=4 (full 0):
 def new generation   total 4928K, used 4421K [0x24c00000, 0x25150000, 0x2a150000)
  eden space 4416K, 100% used [0x24c00000, 0x25050000, 0x25050000)
  from space 512K,   0% used [0x25050000, 0x25051430, 0x250d0000)
  to   space 512K,   0% used [0x250d0000, 0x250d0000, 0x25150000)
 tenured generation   total 10944K, used 249K [0x2a150000, 0x2ac00000, 0x34c00000)
   the space 10944K,   2% used [0x2a150000, 0x2a18e558, 0x2a18e600, 0x2ac00000)
 compacting perm gen  total 12288K, used 597K [0x34c00000, 0x35800000, 0x38c00000)
   the space 12288K,   4% used [0x34c00000, 0x34c95788, 0x34c95800, 0x35800000)
    ro space 10240K,  42% used [0x38c00000, 0x39036058, 0x39036200, 0x39600000)
    rw space 12288K,  51% used [0x39600000, 0x39c3bdb0, 0x39c3be00, 0x3a200000)
Event: 111.416 GC heap after
Heap after GC invocations=5 (full 0):
 def new generation   total 4928K, used 6K [0x24c00000, 0x25150000, 0x2a150000)
  eden space 4416K,   0% used [0x24c00000, 0x24c00000, 0x25050000)
  from space 512K,   1% used [0x250d0000, 0x250d1ae8, 0x25150000)
  to   space 512K,   0% used [0x25050000, 0x25050000, 0x250d0000)
 tenured generation   total 10944K, used 249K [0x2a150000, 0x2ac00000, 0x34c00000)
   the space 10944K,   2% used [0x2a150000, 0x2a18e558, 0x2a18e600, 0x2ac00000)
 compacting perm gen  total 12288K, used 597K [0x34c00000, 0x35800000, 0x38c00000)
   the space 12288K,   4% used [0x34c00000, 0x34c95788, 0x34c95800, 0x35800000)
    ro space 10240K,  42% used [0x38c00000, 0x39036058, 0x39036200, 0x39600000)
    rw space 12288K,  51% used [0x39600000, 0x39c3bdb0, 0x39c3be00, 0x3a200000)
}

Deoptimization events (0 events):
No events

Internal exceptions (10 events):
Event: 3.224 Thread 0x0081c400 Threw 0x24d160c0 at C:\re\jdk7u79\2331\hotspot\src\share\vm\prims\jvm.cpp:1304
Event: 3.226 Thread 0x0081c400 Threw 0x24d193f0 at C:\re\jdk7u79\2331\hotspot\src\share\vm\prims\jvm.cpp:1304
Event: 5.274 Thread 0x0081c400 Threw 0x24d22200 at C:\re\jdk7u79\2331\hotspot\src\share\vm\prims\jvm.cpp:1304
Event: 5.878 Thread 0x0081c400 Threw 0x24d259b8 at C:\re\jdk7u79\2331\hotspot\src\share\vm\prims\jvm.cpp:1304
Event: 5.880 Thread 0x0081c400 Threw 0x24d29cf0 at C:\re\jdk7u79\2331\hotspot\src\share\vm\prims\jvm.cpp:1304
Event: 5.880 Thread 0x0081c400 Threw 0x24d43370 at C:\re\jdk7u79\2331\hotspot\src\share\vm\prims\jvm.cpp:1304
Event: 5.881 Thread 0x0081c400 Threw 0x24d45870 at C:\re\jdk7u79\2331\hotspot\src\share\vm\prims\jvm.cpp:1304
Event: 5.891 Thread 0x0081c400 Threw 0x24d7c220 at C:\re\jdk7u79\2331\hotspot\src\share\vm\prims\jvm.cpp:1304
Event: 16.527 Thread 0x0081c400 Threw 0x24f56050 at C:\re\jdk7u79\2331\hotspot\src\share\vm\prims\jvm.cpp:1304
Event: 123.972 Thread 0x0081c400 Threw 0x24f421a8 at C:\re\jdk7u79\2331\hotspot\src\share\vm\prims\jvm.cpp:1304

Events (10 events):
Event: 43.634 Executing VM operation: GenCollectForAllocation
Event: 43.635 Executing VM operation: GenCollectForAllocation done
Event: 68.978 Executing VM operation: GenCollectForAllocation
Event: 68.978 Executing VM operation: GenCollectForAllocation done
Event: 92.150 Executing VM operation: GenCollectForAllocation
Event: 92.150 Executing VM operation: GenCollectForAllocation done
Event: 111.416 Executing VM operation: GenCollectForAllocation
Event: 111.416 Executing VM operation: GenCollectForAllocation done
Event: 123.971 loading class 0x046e7720
Event: 123.971 loading class 0x046e7720 done


Dynamic libraries:
0x00f70000 - 0x00f9f000 	C:\Program Files (x86)\Java\jre7\bin\javaw.exe
0x774e0000 - 0x77662000 	C:\WINDOWS\SYSTEM32\ntdll.dll
0x759d0000 - 0x75ab0000 	C:\WINDOWS\System32\KERNEL32.DLL
0x76cf0000 - 0x76e91000 	C:\WINDOWS\System32\KERNELBASE.dll
0x770d0000 - 0x77147000 	C:\WINDOWS\System32\ADVAPI32.dll
0x76ea0000 - 0x76f5e000 	C:\WINDOWS\System32\msvcrt.dll
0x76260000 - 0x762a1000 	C:\WINDOWS\System32\sechost.dll
0x760a0000 - 0x76161000 	C:\WINDOWS\System32\RPCRT4.dll
0x73fa0000 - 0x73fbe000 	C:\WINDOWS\System32\SspiCli.dll
0x73f90000 - 0x73f9a000 	C:\WINDOWS\System32\CRYPTBASE.dll
0x74020000 - 0x7407a000 	C:\WINDOWS\System32\bcryptPrimitives.dll
0x76470000 - 0x765cf000 	C:\WINDOWS\System32\USER32.dll
0x76ca0000 - 0x76cb5000 	C:\WINDOWS\System32\win32u.dll
0x75900000 - 0x7592b000 	C:\WINDOWS\System32\GDI32.dll
0x765d0000 - 0x7672b000 	C:\WINDOWS\System32\gdi32full.dll
0x67890000 - 0x67a9a000 	C:\WINDOWS\WinSxS\x86_microsoft.windows.common-controls_6595b64144ccf1df_6.0.14393.351_none_89c04962db040fd9\COMCTL32.dll
0x77190000 - 0x773a1000 	C:\WINDOWS\System32\combase.dll
0x75ae0000 - 0x75bc0000 	C:\WINDOWS\System32\ucrtbase.dll
0x76cc0000 - 0x76ce5000 	C:\WINDOWS\System32\IMM32.DLL
0x77e60000 - 0x77f1f000 	C:\Program Files (x86)\Java\jre7\bin\msvcr100.dll
0x50000000 - 0x50389000 	C:\Program Files (x86)\Java\jre7\bin\client\jvm.dll
0x75ac0000 - 0x75ac6000 	C:\WINDOWS\System32\PSAPI.DLL
0x730d0000 - 0x730d8000 	C:\WINDOWS\SYSTEM32\WSOCK32.dll
0x73240000 - 0x73264000 	C:\WINDOWS\SYSTEM32\WINMM.dll
0x756b0000 - 0x75713000 	C:\WINDOWS\System32\WS2_32.dll
0x73160000 - 0x73183000 	C:\WINDOWS\SYSTEM32\WINMMBASE.dll
0x77150000 - 0x77186000 	C:\WINDOWS\System32\cfgmgr32.dll
0x503e0000 - 0x503ec000 	C:\Program Files (x86)\Java\jre7\bin\verify.dll
0x503c0000 - 0x503e0000 	C:\Program Files (x86)\Java\jre7\bin\java.dll
0x77fe0000 - 0x77ff3000 	C:\Program Files (x86)\Java\jre7\bin\zip.dll
0x0f080000 - 0x0f306000 	C:\Users\amanz360\Downloads\ExampleBot2_5\ExampleBot\bwapi_bridge2_5.dll
0x51f80000 - 0x51ff1000 	C:\WINDOWS\SYSTEM32\MSVCP120.dll
0x6f540000 - 0x6f59e000 	C:\Users\amanz360\Downloads\ExampleBot2_5\ExampleBot\libmpfr-4.dll
0x73e00000 - 0x73eee000 	C:\WINDOWS\SYSTEM32\MSVCR120.dll
0x6acc0000 - 0x6ad27000 	C:\Users\amanz360\Downloads\ExampleBot2_5\ExampleBot\libgmp-10.dll
0x73ba0000 - 0x73ce5000 	C:\WINDOWS\SYSTEM32\dbghelp.dll

VM Arguments:
jvm_args: -Dfile.encoding=Cp1252 
java_command: TestBot1
Launcher Type: SUN_STANDARD

Environment Variables:
PATH=C:/Program Files (x86)/Java/jre7/bin/client;C:/Program Files (x86)/Java/jre7/bin;C:/Program Files (x86)/Java/jre7/lib/i386;C:\Program Files (x86)\NVIDIA Corporation\PhysX\Common;C:\Program Files\Java\jdk1.8.0_45\bin;C:\ProgramData\Oracle\Java\javapath;c:\Program Files (x86)\Intel\iCLS Client\;c:\Program Files\Intel\iCLS Client\;C:\WINDOWS\system32;C:\WINDOWS;C:\WINDOWS\System32\Wbem;C:\WINDOWS\System32\WindowsPowerShell\v1.0\;C:\Program Files\Intel\WiFi\bin\;C:\Program Files\Common Files\Intel\WirelessCommon\;C:\Program Files\Mozart\bin;C:\Program Files\Microsoft SQL Server\110\Tools\Binn\;C:\Program Files (x86)\Skype\Phone\;C:\Program Files (x86)\Intel\Intel(R) Management Engine Components\DAL;C:\Program Files\Intel\Intel(R) Management Engine Components\DAL;C:\Program Files (x86)\Intel\Intel(R) Management Engine Components\IPT;C:\Program Files\Intel\Intel(R) Management Engine Components\IPT;C:\Go\bin;C:\WINDOWS\system32\config\systemprofile\.dnx\bin;C:\Program Files\Microsoft DNX\Dnvm\;C:\Program Files\Microsoft SQL Server\130\Tools\Binn\;C:\Program Files (x86)\Windows Kits\8.1\Windows Performance Toolkit\;c:\Program Files (x86)\Microsoft SQL Server\100\Tools\Binn\;c:\Program Files\Microsoft SQL Server\100\Tools\Binn\;c:\Program Files\Microsoft SQL Server\100\DTS\Binn\;C:\Users\amanz360\AppData\Local\Microsoft\WindowsApps;;C:\Users\amanz360\Downloads\eclipse-java-mars-2-win32\eclipse;
USERNAME=amanz360
OS=Windows_NT
PROCESSOR_IDENTIFIER=Intel64 Family 6 Model 69 Stepping 1, GenuineIntel



---------------  S Y S T E M  ---------------

OS: Windows 8.1 , 64 bit Build 9600 

CPU:total 4 (2 cores per cpu, 2 threads per core) family 6 model 69 stepping 1, cmov, cx8, fxsr, mmx, sse, sse2, sse3, ssse3, sse4.1, sse4.2, popcnt, avx, avx2, aes, erms, ht, tsc, tscinvbit

Memory: 4k page, physical 6187596k(3064848k free), swap 8677964k(2795416k free)

vm_info: Java HotSpot(TM) Client VM (24.79-b02) for windows-x86 JRE (1.7.0_79-b15), built on Apr 10 2015 16:49:13 by "java_re" with unknown MS VC++:1600

time: Mon Nov 07 15:59:08 2016
elapsed time: 124 seconds

