#
# A fatal error has been detected by the Java Runtime Environment:
#
#  EXCEPTION_ACCESS_VIOLATION (0xc0000005) at pc=0x505954bb, pid=24936, tid=368
#
# JRE version: Java(TM) SE Runtime Environment (7.0_79-b15) (build 1.7.0_79-b15)
# Java VM: Java HotSpot(TM) Client VM (24.79-b02 mixed mode, sharing windows-x86 )
# Problematic frame:
# V  [jvm.dll+0xc54bb]
#
# Failed to write core dump. Minidumps are not enabled by default on client versions of Windows
#
# If you would like to submit a bug report, please visit:
#   http://bugreport.java.com/bugreport/crash.jsp
#

---------------  T H R E A D  ---------------

Current thread (0x0104c400):  JavaThread "main" [_thread_in_vm, id=368, stack(0x00f10000,0x00f60000)]

siginfo: ExceptionCode=0xc0000005, reading address 0x00000000

Registers:
EAX=0x00000000, EBX=0x0104c530, ECX=0x00000000, EDX=0x00000007
ESP=0x00f5d6fc, EBP=0x00f5d718, ESI=0x0104c530, EDI=0x0104c400
EIP=0x505954bb, EFLAGS=0x00010246

Top of Stack: (sp=0x00f5d6fc)
0x00f5d6fc:   0104c400 075c7d5c 0104c530 0104c400
0x00f5d70c:   00000000 075c7d5c 00000000 00f5d768
0x00f5d71c:   0fe8564d 0104c530 00000000 6e696f70
0x00f5d72c:   00726574 00f5d768 0fe8561d 00000007
0x00f5d73c:   0000000f 0000004a 0104c530 00f5d788
0x00f5d74c:   0fe8567d 00000001 0000000f 075c7d5c
0x00f5d75c:   00000000 0104c530 00f5d7ac 00f5d798
0x00f5d76c:   02795a78 0104c530 00f5d784 075c7d5c 

Instructions: (pc=0x505954bb)
0x5059549b:   f3 ff 83 c4 08 83 7f 04 00 89 7d f0 c7 45 f4 00
0x505954ab:   00 00 00 74 08 8d 4d f0 e8 a8 a6 0c 00 8b 45 0c
0x505954bb:   8b 08 8b 51 04 8b 42 40 50 56 e8 26 df 07 00 83
0x505954cb:   c4 08 83 7d f4 00 89 45 08 74 08 8d 4d f0 e8 c2 


Register to memory mapping:

EAX=0x00000000 is an unknown value
EBX=0x0104c530 is an unknown value
ECX=0x00000000 is an unknown value
EDX=0x00000007 is an unknown value
ESP=0x00f5d6fc is pointing into the stack for thread: 0x0104c400
EBP=0x00f5d718 is pointing into the stack for thread: 0x0104c400
ESI=0x0104c530 is an unknown value
EDI=0x0104c400 is a thread


Stack: [0x00f10000,0x00f60000],  sp=0x00f5d6fc,  free space=309k
Native frames: (J=compiled Java code, j=interpreted, Vv=VM code, C=native code)
V  [jvm.dll+0xc54bb]
C  [bwapi_bridge2_5.dll+0x3564d]
J 82  bwapi.Unit.getDistance_native(JLbwapi/Unit;)I (0 bytes) @ 0x02795a78 [0x027959d0+0xa8]
J 81 C1 bwapi.Unit.getDistance(Lbwapi/Unit;)I (10 bytes) @ 0x02795cb0 [0x02795c80+0x30]
j  MoleUnit.getClosestDamagedAllyInRadius(I)Lbwapi/Unit;+71
J 109 C1 Base.assaultPosition(Lbwapi/Game;)V (401 bytes) @ 0x0279beec [0x0279b940+0x5ac]
J 187 C1 Base.manageMarines(Lbwapi/Game;)V (84 bytes) @ 0x027ba5bc [0x027ba520+0x9c]
J 141 C1 StrategyManager.runBases(Lbwapi/Game;Lbwapi/Player;)V (325 bytes) @ 0x027a8378 [0x027a7fb0+0x3c8]
J 178 C1 StrategyManager.update(Lbwapi/Game;Lbwapi/Player;)V (100 bytes) @ 0x027b77fc [0x027b7670+0x18c]
J 169 C1 TestBot1.onFrame()V (86 bytes) @ 0x027b661c [0x027b63b0+0x26c]
J 196 C1 bwapi.AIModule.onFrame()V (17 bytes) @ 0x027bef44 [0x027bef10+0x34]
v  ~StubRoutines::call_stub
V  [jvm.dll+0x14234a]
V  [jvm.dll+0x206ebe]
V  [jvm.dll+0x1423cd]
V  [jvm.dll+0xcb5c2]
V  [jvm.dll+0xcf213]
C  [bwapi_bridge2_5.dll+0x1b20d]
C  [bwapi_bridge2_5.dll+0x75101]
j  bwapi.Mirror.startGame()V+0
j  TestBot1.run()V+15
j  TestBot1.main([Ljava/lang/String;)V+7
v  ~StubRoutines::call_stub
V  [jvm.dll+0x14234a]
V  [jvm.dll+0x206ebe]
V  [jvm.dll+0x1423cd]
V  [jvm.dll+0xcb345]
V  [jvm.dll+0xd5ff7]
C  [javaw.exe+0x2070]
C  [javaw.exe+0xa601]
C  [javaw.exe+0xa68b]
C  [KERNEL32.DLL+0x162c4]
C  [ntdll.dll+0x60fd9]
C  [ntdll.dll+0x60fa4]

Java frames: (J=compiled Java code, j=interpreted, Vv=VM code)
J 82  bwapi.Unit.getDistance_native(JLbwapi/Unit;)I (0 bytes) @ 0x02795a34 [0x027959d0+0x64]
J 81 C1 bwapi.Unit.getDistance(Lbwapi/Unit;)I (10 bytes) @ 0x02795cb0 [0x02795c80+0x30]
j  MoleUnit.getClosestDamagedAllyInRadius(I)Lbwapi/Unit;+71
J 109 C1 Base.assaultPosition(Lbwapi/Game;)V (401 bytes) @ 0x0279beec [0x0279b940+0x5ac]
J 187 C1 Base.manageMarines(Lbwapi/Game;)V (84 bytes) @ 0x027ba5bc [0x027ba520+0x9c]
J 141 C1 StrategyManager.runBases(Lbwapi/Game;Lbwapi/Player;)V (325 bytes) @ 0x027a8378 [0x027a7fb0+0x3c8]
J 178 C1 StrategyManager.update(Lbwapi/Game;Lbwapi/Player;)V (100 bytes) @ 0x027b77fc [0x027b7670+0x18c]
J 169 C1 TestBot1.onFrame()V (86 bytes) @ 0x027b661c [0x027b63b0+0x26c]
J 196 C1 bwapi.AIModule.onFrame()V (17 bytes) @ 0x027bef44 [0x027bef10+0x34]
v  ~StubRoutines::call_stub
j  bwapi.Mirror.startGame()V+0
j  TestBot1.run()V+15
j  TestBot1.main([Ljava/lang/String;)V+7
v  ~StubRoutines::call_stub

---------------  P R O C E S S  ---------------

Java Threads: ( => current thread )
  0x010ea800 JavaThread "Service Thread" daemon [_thread_blocked, id=8200, stack(0x04a50000,0x04aa0000)]
  0x010e3800 JavaThread "C1 CompilerThread0" daemon [_thread_blocked, id=24080, stack(0x049c0000,0x04a10000)]
  0x010e2000 JavaThread "Attach Listener" daemon [_thread_blocked, id=18844, stack(0x04930000,0x04980000)]
  0x010e0000 JavaThread "Signal Dispatcher" daemon [_thread_blocked, id=17680, stack(0x048a0000,0x048f0000)]
  0x01070c00 JavaThread "Finalizer" daemon [_thread_blocked, id=13892, stack(0x04810000,0x04860000)]
  0x0106f000 JavaThread "Reference Handler" daemon [_thread_blocked, id=22864, stack(0x04780000,0x047d0000)]
=>0x0104c400 JavaThread "main" [_thread_in_vm, id=368, stack(0x00f10000,0x00f60000)]

Other Threads:
  0x0106dc00 VMThread [stack: 0x046f0000,0x04740000] [id=5828]
  0x010f0800 WatcherThread [stack: 0x04ae0000,0x04b30000] [id=3720]

VM state:not at safepoint (normal execution)

VM Mutex/Monitor currently owned by a thread: None

Heap
 def new generation   total 4928K, used 1773K [0x24c00000, 0x25150000, 0x2a150000)
  eden space 4416K,  39% used [0x24c00000, 0x24db6310, 0x25050000)
  from space 512K,   4% used [0x250d0000, 0x250d5340, 0x25150000)
  to   space 512K,   0% used [0x25050000, 0x25050000, 0x250d0000)
 tenured generation   total 10944K, used 325K [0x2a150000, 0x2ac00000, 0x34c00000)
   the space 10944K,   2% used [0x2a150000, 0x2a1a17e8, 0x2a1a1800, 0x2ac00000)
 compacting perm gen  total 12288K, used 659K [0x34c00000, 0x35800000, 0x38c00000)
   the space 12288K,   5% used [0x34c00000, 0x34ca4ee0, 0x34ca5000, 0x35800000)
    ro space 10240K,  42% used [0x38c00000, 0x39036058, 0x39036200, 0x39600000)
    rw space 12288K,  51% used [0x39600000, 0x39c3bdb0, 0x39c3be00, 0x3a200000)

Card table byte_map: [0x01150000,0x01200000] byte_map_base: 0x0102a000

Polling page: 0x00b30000

Code Cache  [0x026f0000, 0x027d0000, 0x046f0000)
 total_blobs=385 nmethods=248 adapters=74 free_code_cache=31893Kb largest_free_block=32658752

Compilation events (10 events):
Event: 91.216 Thread 0x010e3800  243             bwapi.WeaponType::damageCooldown (9 bytes)
Event: 91.216 Thread 0x010e3800 nmethod 243 0x027c9608 code [0x027c9700, 0x027c979c]
Event: 94.388 Thread 0x010e3800  245             java.nio.Buffer::position (43 bytes)
Event: 94.388 Thread 0x010e3800 nmethod 245 0x027c9808 code [0x027c9910, 0x027c9a1c]
Event: 94.762 Thread 0x010e3800  246   !         java.io.BufferedWriter::write (117 bytes)
Event: 94.763 Thread 0x010e3800 nmethod 246 0x027c9a88 code [0x027c9bc0, 0x027c9f04]
Event: 95.052 Thread 0x010e3800  247             java.nio.ByteBuffer::arrayOffset (35 bytes)
Event: 95.052 Thread 0x010e3800 nmethod 247 0x027ca248 code [0x027ca360, 0x027ca4e8]
Event: 97.132 Thread 0x010e3800  248             Base::alreadyHaveUnit (45 bytes)
Event: 97.132 Thread 0x010e3800 nmethod 248 0x027ca5c8 code [0x027ca700, 0x027ca8d4]

GC Heap History (10 events):
Event: 95.824 GC heap before
{Heap before GC invocations=162 (full 0):
 def new generation   total 4928K, used 4454K [0x24c00000, 0x25150000, 0x2a150000)
  eden space 4416K, 100% used [0x24c00000, 0x25050000, 0x25050000)
  from space 512K,   7% used [0x25050000, 0x250598d8, 0x250d0000)
  to   space 512K,   0% used [0x250d0000, 0x250d0000, 0x25150000)
 tenured generation   total 10944K, used 303K [0x2a150000, 0x2ac00000, 0x34c00000)
   the space 10944K,   2% used [0x2a150000, 0x2a19bc20, 0x2a19be00, 0x2ac00000)
 compacting perm gen  total 12288K, used 659K [0x34c00000, 0x35800000, 0x38c00000)
   the space 12288K,   5% used [0x34c00000, 0x34ca4ee0, 0x34ca5000, 0x35800000)
    ro space 10240K,  42% used [0x38c00000, 0x39036058, 0x39036200, 0x39600000)
    rw space 12288K,  51% used [0x39600000, 0x39c3bdb0, 0x39c3be00, 0x3a200000)
Event: 95.824 GC heap after
Heap after GC invocations=163 (full 0):
 def new generation   total 4928K, used 27K [0x24c00000, 0x25150000, 0x2a150000)
  eden space 4416K,   0% used [0x24c00000, 0x24c00000, 0x25050000)
  from space 512K,   5% used [0x250d0000, 0x250d6d18, 0x25150000)
  to   space 512K,   0% used [0x25050000, 0x25050000, 0x250d0000)
 tenured generation   total 10944K, used 315K [0x2a150000, 0x2ac00000, 0x34c00000)
   the space 10944K,   2% used [0x2a150000, 0x2a19ef60, 0x2a19f000, 0x2ac00000)
 compacting perm gen  total 12288K, used 659K [0x34c00000, 0x35800000, 0x38c00000)
   the space 12288K,   5% used [0x34c00000, 0x34ca4ee0, 0x34ca5000, 0x35800000)
    ro space 10240K,  42% used [0x38c00000, 0x39036058, 0x39036200, 0x39600000)
    rw space 12288K,  51% used [0x39600000, 0x39c3bdb0, 0x39c3be00, 0x3a200000)
}
Event: 96.195 GC heap before
{Heap before GC invocations=163 (full 0):
 def new generation   total 4928K, used 4443K [0x24c00000, 0x25150000, 0x2a150000)
  eden space 4416K, 100% used [0x24c00000, 0x25050000, 0x25050000)
  from space 512K,   5% used [0x250d0000, 0x250d6d18, 0x25150000)
  to   space 512K,   0% used [0x25050000, 0x25050000, 0x250d0000)
 tenured generation   total 10944K, used 315K [0x2a150000, 0x2ac00000, 0x34c00000)
   the space 10944K,   2% used [0x2a150000, 0x2a19ef60, 0x2a19f000, 0x2ac00000)
 compacting perm gen  total 12288K, used 659K [0x34c00000, 0x35800000, 0x38c00000)
   the space 12288K,   5% used [0x34c00000, 0x34ca4ee0, 0x34ca5000, 0x35800000)
    ro space 10240K,  42% used [0x38c00000, 0x39036058, 0x39036200, 0x39600000)
    rw space 12288K,  51% used [0x39600000, 0x39c3bdb0, 0x39c3be00, 0x3a200000)
Event: 96.195 GC heap after
Heap after GC invocations=164 (full 0):
 def new generation   total 4928K, used 24K [0x24c00000, 0x25150000, 0x2a150000)
  eden space 4416K,   0% used [0x24c00000, 0x24c00000, 0x25050000)
  from space 512K,   4% used [0x25050000, 0x25056138, 0x250d0000)
  to   space 512K,   0% used [0x250d0000, 0x250d0000, 0x25150000)
 tenured generation   total 10944K, used 319K [0x2a150000, 0x2ac00000, 0x34c00000)
   the space 10944K,   2% used [0x2a150000, 0x2a19fc80, 0x2a19fe00, 0x2ac00000)
 compacting perm gen  total 12288K, used 659K [0x34c00000, 0x35800000, 0x38c00000)
   the space 12288K,   5% used [0x34c00000, 0x34ca4ee0, 0x34ca5000, 0x35800000)
    ro space 10240K,  42% used [0x38c00000, 0x39036058, 0x39036200, 0x39600000)
    rw space 12288K,  51% used [0x39600000, 0x39c3bdb0, 0x39c3be00, 0x3a200000)
}
Event: 96.579 GC heap before
{Heap before GC invocations=164 (full 0):
 def new generation   total 4928K, used 4440K [0x24c00000, 0x25150000, 0x2a150000)
  eden space 4416K, 100% used [0x24c00000, 0x25050000, 0x25050000)
  from space 512K,   4% used [0x25050000, 0x25056138, 0x250d0000)
  to   space 512K,   0% used [0x250d0000, 0x250d0000, 0x25150000)
 tenured generation   total 10944K, used 319K [0x2a150000, 0x2ac00000, 0x34c00000)
   the space 10944K,   2% used [0x2a150000, 0x2a19fc80, 0x2a19fe00, 0x2ac00000)
 compacting perm gen  total 12288K, used 659K [0x34c00000, 0x35800000, 0x38c00000)
   the space 12288K,   5% used [0x34c00000, 0x34ca4ee0, 0x34ca5000, 0x35800000)
    ro space 10240K,  42% used [0x38c00000, 0x39036058, 0x39036200, 0x39600000)
    rw space 12288K,  51% used [0x39600000, 0x39c3bdb0, 0x39c3be00, 0x3a200000)
Event: 96.579 GC heap after
Heap after GC invocations=165 (full 0):
 def new generation   total 4928K, used 22K [0x24c00000, 0x25150000, 0x2a150000)
  eden space 4416K,   0% used [0x24c00000, 0x24c00000, 0x25050000)
  from space 512K,   4% used [0x250d0000, 0x250d5818, 0x25150000)
  to   space 512K,   0% used [0x25050000, 0x25050000, 0x250d0000)
 tenured generation   total 10944K, used 321K [0x2a150000, 0x2ac00000, 0x34c00000)
   the space 10944K,   2% used [0x2a150000, 0x2a1a0658, 0x2a1a0800, 0x2ac00000)
 compacting perm gen  total 12288K, used 659K [0x34c00000, 0x35800000, 0x38c00000)
   the space 12288K,   5% used [0x34c00000, 0x34ca4ee0, 0x34ca5000, 0x35800000)
    ro space 10240K,  42% used [0x38c00000, 0x39036058, 0x39036200, 0x39600000)
    rw space 12288K,  51% used [0x39600000, 0x39c3bdb0, 0x39c3be00, 0x3a200000)
}
Event: 96.962 GC heap before
{Heap before GC invocations=165 (full 0):
 def new generation   total 4928K, used 4438K [0x24c00000, 0x25150000, 0x2a150000)
  eden space 4416K, 100% used [0x24c00000, 0x25050000, 0x25050000)
  from space 512K,   4% used [0x250d0000, 0x250d5818, 0x25150000)
  to   space 512K,   0% used [0x25050000, 0x25050000, 0x250d0000)
 tenured generation   total 10944K, used 321K [0x2a150000, 0x2ac00000, 0x34c00000)
   the space 10944K,   2% used [0x2a150000, 0x2a1a0658, 0x2a1a0800, 0x2ac00000)
 compacting perm gen  total 12288K, used 659K [0x34c00000, 0x35800000, 0x38c00000)
   the space 12288K,   5% used [0x34c00000, 0x34ca4ee0, 0x34ca5000, 0x35800000)
    ro space 10240K,  42% used [0x38c00000, 0x39036058, 0x39036200, 0x39600000)
    rw space 12288K,  51% used [0x39600000, 0x39c3bdb0, 0x39c3be00, 0x3a200000)
Event: 96.962 GC heap after
Heap after GC invocations=166 (full 0):
 def new generation   total 4928K, used 20K [0x24c00000, 0x25150000, 0x2a150000)
  eden space 4416K,   0% used [0x24c00000, 0x24c00000, 0x25050000)
  from space 512K,   3% used [0x25050000, 0x250550c8, 0x250d0000)
  to   space 512K,   0% used [0x250d0000, 0x250d0000, 0x25150000)
 tenured generation   total 10944K, used 323K [0x2a150000, 0x2ac00000, 0x34c00000)
   the space 10944K,   2% used [0x2a150000, 0x2a1a0e00, 0x2a1a0e00, 0x2ac00000)
 compacting perm gen  total 12288K, used 659K [0x34c00000, 0x35800000, 0x38c00000)
   the space 12288K,   5% used [0x34c00000, 0x34ca4ee0, 0x34ca5000, 0x35800000)
    ro space 10240K,  42% used [0x38c00000, 0x39036058, 0x39036200, 0x39600000)
    rw space 12288K,  51% used [0x39600000, 0x39c3bdb0, 0x39c3be00, 0x3a200000)
}
Event: 97.340 GC heap before
{Heap before GC invocations=166 (full 0):
 def new generation   total 4928K, used 4436K [0x24c00000, 0x25150000, 0x2a150000)
  eden space 4416K, 100% used [0x24c00000, 0x25050000, 0x25050000)
  from space 512K,   3% used [0x25050000, 0x250550c8, 0x250d0000)
  to   space 512K,   0% used [0x250d0000, 0x250d0000, 0x25150000)
 tenured generation   total 10944K, used 323K [0x2a150000, 0x2ac00000, 0x34c00000)
   the space 10944K,   2% used [0x2a150000, 0x2a1a0e00, 0x2a1a0e00, 0x2ac00000)
 compacting perm gen  total 12288K, used 659K [0x34c00000, 0x35800000, 0x38c00000)
   the space 12288K,   5% used [0x34c00000, 0x34ca4ee0, 0x34ca5000, 0x35800000)
    ro space 10240K,  42% used [0x38c00000, 0x39036058, 0x39036200, 0x39600000)
    rw space 12288K,  51% used [0x39600000, 0x39c3bdb0, 0x39c3be00, 0x3a200000)
Event: 97.340 GC heap after
Heap after GC invocations=167 (full 0):
 def new generation   total 4928K, used 20K [0x24c00000, 0x25150000, 0x2a150000)
  eden space 4416K,   0% used [0x24c00000, 0x24c00000, 0x25050000)
  from space 512K,   4% used [0x250d0000, 0x250d5340, 0x25150000)
  to   space 512K,   0% used [0x25050000, 0x25050000, 0x250d0000)
 tenured generation   total 10944K, used 325K [0x2a150000, 0x2ac00000, 0x34c00000)
   the space 10944K,   2% used [0x2a150000, 0x2a1a17e8, 0x2a1a1800, 0x2ac00000)
 compacting perm gen  total 12288K, used 659K [0x34c00000, 0x35800000, 0x38c00000)
   the space 12288K,   5% used [0x34c00000, 0x34ca4ee0, 0x34ca5000, 0x35800000)
    ro space 10240K,  42% used [0x38c00000, 0x39036058, 0x39036200, 0x39600000)
    rw space 12288K,  51% used [0x39600000, 0x39c3bdb0, 0x39c3be00, 0x3a200000)
}

Deoptimization events (0 events):
No events

Internal exceptions (10 events):
Event: 5.134 Thread 0x0104c400 Threw 0x24d65a00 at C:\re\jdk7u79\2331\hotspot\src\share\vm\prims\jvm.cpp:1304
Event: 5.136 Thread 0x0104c400 Threw 0x24d69ef0 at C:\re\jdk7u79\2331\hotspot\src\share\vm\prims\jvm.cpp:1304
Event: 5.137 Thread 0x0104c400 Threw 0x24d6d920 at C:\re\jdk7u79\2331\hotspot\src\share\vm\prims\jvm.cpp:1304
Event: 5.137 Thread 0x0104c400 Threw 0x24d6f2c0 at C:\re\jdk7u79\2331\hotspot\src\share\vm\prims\jvm.cpp:1304
Event: 5.143 Thread 0x0104c400 Threw 0x24d89740 at C:\re\jdk7u79\2331\hotspot\src\share\vm\prims\jvm.cpp:1304
Event: 5.145 Thread 0x0104c400 Threw 0x24d91010 at C:\re\jdk7u79\2331\hotspot\src\share\vm\prims\jvm.cpp:1304
Event: 5.145 Thread 0x0104c400 Threw 0x24d92dd8 at C:\re\jdk7u79\2331\hotspot\src\share\vm\prims\jvm.cpp:1304
Event: 5.154 Thread 0x0104c400 Threw 0x24da4d40 at C:\re\jdk7u79\2331\hotspot\src\share\vm\prims\jvm.cpp:1304
Event: 19.649 Thread 0x0104c400 Threw 0x24dbb7f8 at C:\re\jdk7u79\2331\hotspot\src\share\vm\prims\jvm.cpp:1304
Event: 19.649 Thread 0x0104c400 Threw 0x24dbcf78 at C:\re\jdk7u79\2331\hotspot\src\share\vm\prims\jvm.cpp:1304

Events (10 events):
Event: 95.824 Executing VM operation: GenCollectForAllocation
Event: 95.824 Executing VM operation: GenCollectForAllocation done
Event: 96.195 Executing VM operation: GenCollectForAllocation
Event: 96.195 Executing VM operation: GenCollectForAllocation done
Event: 96.579 Executing VM operation: GenCollectForAllocation
Event: 96.580 Executing VM operation: GenCollectForAllocation done
Event: 96.962 Executing VM operation: GenCollectForAllocation
Event: 96.962 Executing VM operation: GenCollectForAllocation done
Event: 97.340 Executing VM operation: GenCollectForAllocation
Event: 97.340 Executing VM operation: GenCollectForAllocation done


Dynamic libraries:
0x012c0000 - 0x012ef000 	C:\Program Files (x86)\Java\jre7\bin\javaw.exe
0x773a0000 - 0x77523000 	C:\WINDOWS\SYSTEM32\ntdll.dll
0x767b0000 - 0x76890000 	C:\WINDOWS\System32\KERNEL32.DLL
0x76600000 - 0x767a1000 	C:\WINDOWS\System32\KERNELBASE.dll
0x740e0000 - 0x74157000 	C:\WINDOWS\System32\ADVAPI32.dll
0x74500000 - 0x745be000 	C:\WINDOWS\System32\msvcrt.dll
0x74a30000 - 0x74a71000 	C:\WINDOWS\System32\sechost.dll
0x73e80000 - 0x73f41000 	C:\WINDOWS\System32\RPCRT4.dll
0x73e60000 - 0x73e7e000 	C:\WINDOWS\System32\SspiCli.dll
0x73e50000 - 0x73e5a000 	C:\WINDOWS\System32\CRYPTBASE.dll
0x76ad0000 - 0x76b2a000 	C:\WINDOWS\System32\bcryptPrimitives.dll
0x77220000 - 0x7737f000 	C:\WINDOWS\System32\USER32.dll
0x76130000 - 0x76145000 	C:\WINDOWS\System32\win32u.dll
0x74040000 - 0x7406b000 	C:\WINDOWS\System32\GDI32.dll
0x74220000 - 0x7437b000 	C:\WINDOWS\System32\gdi32full.dll
0x71be0000 - 0x71dea000 	C:\WINDOWS\WinSxS\x86_microsoft.windows.common-controls_6595b64144ccf1df_6.0.14393.447_none_89c64d28dafea4b9\COMCTL32.dll
0x745c0000 - 0x747d1000 	C:\WINDOWS\System32\combase.dll
0x74380000 - 0x74460000 	C:\WINDOWS\System32\ucrtbase.dll
0x747e0000 - 0x74805000 	C:\WINDOWS\System32\IMM32.DLL
0x776d0000 - 0x7778f000 	C:\Program Files (x86)\Java\jre7\bin\msvcr100.dll
0x504d0000 - 0x50859000 	C:\Program Files (x86)\Java\jre7\bin\client\jvm.dll
0x74ce0000 - 0x74ce6000 	C:\WINDOWS\System32\PSAPI.DLL
0x72990000 - 0x72998000 	C:\WINDOWS\SYSTEM32\WSOCK32.dll
0x73b30000 - 0x73b54000 	C:\WINDOWS\SYSTEM32\WINMM.dll
0x74070000 - 0x740d3000 	C:\WINDOWS\System32\WS2_32.dll
0x73b00000 - 0x73b23000 	C:\WINDOWS\SYSTEM32\WINMMBASE.dll
0x74d00000 - 0x74d36000 	C:\WINDOWS\System32\cfgmgr32.dll
0x556a0000 - 0x556ac000 	C:\Program Files (x86)\Java\jre7\bin\verify.dll
0x55680000 - 0x556a0000 	C:\Program Files (x86)\Java\jre7\bin\java.dll
0x55660000 - 0x55673000 	C:\Program Files (x86)\Java\jre7\bin\zip.dll
0x0fe50000 - 0x100d6000 	C:\Users\amanz360\Documents\GitHub\MoleAI\ExampleBot\bwapi_bridge2_5.dll
0x6cbc0000 - 0x6cc31000 	C:\WINDOWS\SYSTEM32\MSVCP120.dll
0x73cc0000 - 0x73dae000 	C:\WINDOWS\SYSTEM32\MSVCR120.dll
0x6acc0000 - 0x6ad27000 	C:\Users\amanz360\Documents\GitHub\MoleAI\ExampleBot\libgmp-10.dll
0x6f540000 - 0x6f59e000 	C:\Users\amanz360\Documents\GitHub\MoleAI\ExampleBot\libmpfr-4.dll
0x738d0000 - 0x73a15000 	C:\WINDOWS\SYSTEM32\dbghelp.dll

VM Arguments:
jvm_args: -Dfile.encoding=Cp1252 
java_command: TestBot1
Launcher Type: SUN_STANDARD

Environment Variables:
PATH=C:/Program Files (x86)/Java/jre7/bin/client;C:/Program Files (x86)/Java/jre7/bin;C:/Program Files (x86)/Java/jre7/lib/i386;C:\gurobi701\win64\bin;C:\Program Files (x86)\NVIDIA Corporation\PhysX\Common;C:\Program Files\Java\jdk1.8.0_45\bin;C:\ProgramData\Oracle\Java\javapath;c:\Program Files (x86)\Intel\iCLS Client\;c:\Program Files\Intel\iCLS Client\;C:\WINDOWS\system32;C:\WINDOWS;C:\WINDOWS\System32\Wbem;C:\WINDOWS\System32\WindowsPowerShell\v1.0\;C:\Program Files\Intel\WiFi\bin\;C:\Program Files\Common Files\Intel\WirelessCommon\;C:\Program Files\Mozart\bin;C:\Program Files\Microsoft SQL Server\110\Tools\Binn\;C:\Program Files (x86)\Skype\Phone\;C:\Program Files (x86)\Intel\Intel(R) Management Engine Components\DAL;C:\Program Files\Intel\Intel(R) Management Engine Components\DAL;C:\Program Files (x86)\Intel\Intel(R) Management Engine Components\IPT;C:\Program Files\Intel\Intel(R) Management Engine Components\IPT;C:\Go\bin;C:\WINDOWS\system32\config\systemprofile\.dnx\bin;C:\Program Files\Microsoft DNX\Dnvm\;C:\Program Files\Microsoft SQL Server\130\Tools\Binn\;C:\Program Files (x86)\Windows Kits\8.1\Windows Performance Toolkit\;c:\Program Files (x86)\Microsoft SQL Server\100\Tools\Binn\;c:\Program Files\Microsoft SQL Server\100\Tools\Binn\;c:\Program Files\Microsoft SQL Server\100\DTS\Binn\;C:\Users\amanz360\Anaconda3;C:\Users\amanz360\Anaconda3\Scripts;C:\Users\amanz360\Anaconda3\Library\bin;C:\Users\amanz360\AppData\Local\Microsoft\WindowsApps;;C:\Users\amanz360\Downloads\eclipse-java-mars-2-win32\eclipse;
USERNAME=amanz360
OS=Windows_NT
PROCESSOR_IDENTIFIER=Intel64 Family 6 Model 69 Stepping 1, GenuineIntel



---------------  S Y S T E M  ---------------

OS: Windows 8.1 , 64 bit Build 9600 

CPU:total 4 (2 cores per cpu, 2 threads per core) family 6 model 69 stepping 1, cmov, cx8, fxsr, mmx, sse, sse2, sse3, ssse3, sse4.1, sse4.2, popcnt, avx, avx2, aes, erms, ht, tsc, tscinvbit

Memory: 4k page, physical 6187596k(2715628k free), swap 10474704k(4652104k free)

vm_info: Java HotSpot(TM) Client VM (24.79-b02) for windows-x86 JRE (1.7.0_79-b15), built on Apr 10 2015 16:49:13 by "java_re" with unknown MS VC++:1600

time: Wed Dec 14 16:14:24 2016
elapsed time: 97 seconds

