#
# A fatal error has been detected by the Java Runtime Environment:
#
#  EXCEPTION_ACCESS_VIOLATION (0xc0000005) at pc=0x6e6854bb, pid=17432, tid=21820
#
# JRE version: Java(TM) SE Runtime Environment (7.0_79-b15) (build 1.7.0_79-b15)
# Java VM: Java HotSpot(TM) Client VM (24.79-b02 mixed mode, sharing windows-x86 )
# Problematic frame:
# V  [jvm.dll+0xc54bb]
#
# Failed to write core dump. Minidumps are not enabled by default on client versions of Windows
#
# If you would like to submit a bug report, please visit:
#   http://bugreport.java.com/bugreport/crash.jsp
#

---------------  T H R E A D  ---------------

Current thread (0x0137c400):  JavaThread "main" [_thread_in_vm, id=21820, stack(0x01280000,0x012d0000)]

siginfo: ExceptionCode=0xc0000005, reading address 0x00000000

Registers:
EAX=0x00000000, EBX=0x34c9c668, ECX=0x00000000, EDX=0x00000007
ESP=0x012cda94, EBP=0x012cdab0, ESI=0x0137c530, EDI=0x0137c400
EIP=0x6e6854bb, EFLAGS=0x00010246

Top of Stack: (sp=0x012cda94)
0x012cda94:   012cdb98 00000000 34c9c668 0137c400
0x012cdaa4:   00000000 00000000 34c9c668 012cdb48
0x012cdab4:   0fac8454 0137c530 00000000 6e696f70
0x012cdac4:   00726574 012cdb48 0fac8425 00000007
0x012cdad4:   0000000f 0000004a fff80000 0137c828
0x012cdae4:   6e86ca24 00000001 0000000f 0137c400
0x012cdaf4:   34c9c668 0fac83e0 00015339 00000000
0x012cdb04:   0137c530 0137cc34 00000000 0137b070 

Instructions: (pc=0x6e6854bb)
0x6e68549b:   f3 ff 83 c4 08 83 7f 04 00 89 7d f0 c7 45 f4 00
0x6e6854ab:   00 00 00 74 08 8d 4d f0 e8 a8 a6 0c 00 8b 45 0c
0x6e6854bb:   8b 08 8b 51 04 8b 42 40 50 56 e8 26 df 07 00 83
0x6e6854cb:   c4 08 83 7d f4 00 89 45 08 74 08 8d 4d f0 e8 c2 


Register to memory mapping:

EAX=0x00000000 is an unknown value
EBX=0x34c9c668 is an oop
{method} 
 - klass: {other class}
ECX=0x00000000 is an unknown value
EDX=0x00000007 is an unknown value
ESP=0x012cda94 is pointing into the stack for thread: 0x0137c400
EBP=0x012cdab0 is pointing into the stack for thread: 0x0137c400
ESI=0x0137c530 is an unknown value
EDI=0x0137c400 is a thread


Stack: [0x01280000,0x012d0000],  sp=0x012cda94,  free space=310k
Native frames: (J=compiled Java code, j=interpreted, Vv=VM code, C=native code)
V  [jvm.dll+0xc54bb]
C  [bwapi_bridge2_5.dll+0x48454]
j  bwapi.UnitCommand.upgrade(Lbwapi/Unit;Lbwapi/UpgradeType;)Lbwapi/UnitCommand;+0
J 167 C1 Base.checkProductionLevel()V (506 bytes) @ 0x02bb574c [0x02bb48d0+0xe7c]
J 107 C1 TestBot1.onFrame()V (722 bytes) @ 0x02b9bca0 [0x02b9ad70+0xf30]
J 154 C1 bwapi.AIModule.onFrame()V (17 bytes) @ 0x02bb2c44 [0x02bb2c10+0x34]
v  ~StubRoutines::call_stub
V  [jvm.dll+0x14234a]
V  [jvm.dll+0x206ebe]
V  [jvm.dll+0x1423cd]
V  [jvm.dll+0xcb5c2]
V  [jvm.dll+0xcf213]
C  [bwapi_bridge2_5.dll+0x1b20d]
C  [bwapi_bridge2_5.dll+0x75101]
j  bwapi.Mirror.startGame()V+0
j  TestBot1.run()V+15
j  TestBot1.main([Ljava/lang/String;)V+7
v  ~StubRoutines::call_stub
V  [jvm.dll+0x14234a]
V  [jvm.dll+0x206ebe]
V  [jvm.dll+0x1423cd]
V  [jvm.dll+0xcb345]
V  [jvm.dll+0xd5ff7]
C  [javaw.exe+0x2070]
C  [javaw.exe+0xa601]
C  [javaw.exe+0xa68b]
C  [KERNEL32.DLL+0x162c4]
C  [ntdll.dll+0x60719]
C  [ntdll.dll+0x606e4]

Java frames: (J=compiled Java code, j=interpreted, Vv=VM code)
j  bwapi.UnitCommand.upgrade(Lbwapi/Unit;Lbwapi/UpgradeType;)Lbwapi/UnitCommand;+0
J 167 C1 Base.checkProductionLevel()V (506 bytes) @ 0x02bb574c [0x02bb48d0+0xe7c]
J 107 C1 TestBot1.onFrame()V (722 bytes) @ 0x02b9bca0 [0x02b9ad70+0xf30]
J 154 C1 bwapi.AIModule.onFrame()V (17 bytes) @ 0x02bb2c44 [0x02bb2c10+0x34]
v  ~StubRoutines::call_stub
j  bwapi.Mirror.startGame()V+0
j  TestBot1.run()V+15
j  TestBot1.main([Ljava/lang/String;)V+7
v  ~StubRoutines::call_stub

---------------  P R O C E S S  ---------------

Java Threads: ( => current thread )
  0x029da800 JavaThread "Service Thread" daemon [_thread_blocked, id=12940, stack(0x04f40000,0x04f90000)]
  0x029d3800 JavaThread "C1 CompilerThread0" daemon [_thread_blocked, id=19768, stack(0x04eb0000,0x04f00000)]
  0x029d2000 JavaThread "Attach Listener" daemon [_thread_blocked, id=16324, stack(0x04e20000,0x04e70000)]
  0x029d0000 JavaThread "Signal Dispatcher" daemon [_thread_blocked, id=19172, stack(0x04d90000,0x04de0000)]
  0x02960c00 JavaThread "Finalizer" daemon [_thread_blocked, id=15564, stack(0x04d00000,0x04d50000)]
  0x0295f000 JavaThread "Reference Handler" daemon [_thread_blocked, id=12016, stack(0x04c70000,0x04cc0000)]
=>0x0137c400 JavaThread "main" [_thread_in_vm, id=21820, stack(0x01280000,0x012d0000)]

Other Threads:
  0x0295dc00 VMThread [stack: 0x04be0000,0x04c30000] [id=15216]
  0x029e0c00 WatcherThread [stack: 0x04fd0000,0x05020000] [id=19812]

VM state:not at safepoint (normal execution)

VM Mutex/Monitor currently owned by a thread: None

Heap
 def new generation   total 4928K, used 3559K [0x24c00000, 0x25150000, 0x2a150000)
  eden space 4416K,  80% used [0x24c00000, 0x24f78220, 0x25050000)
  from space 512K,   1% used [0x25050000, 0x25051ca8, 0x250d0000)
  to   space 512K,   0% used [0x250d0000, 0x250d0000, 0x25150000)
 tenured generation   total 10944K, used 261K [0x2a150000, 0x2ac00000, 0x34c00000)
   the space 10944K,   2% used [0x2a150000, 0x2a191578, 0x2a191600, 0x2ac00000)
 compacting perm gen  total 12288K, used 634K [0x34c00000, 0x35800000, 0x38c00000)
   the space 12288K,   5% used [0x34c00000, 0x34c9e910, 0x34c9ea00, 0x35800000)
    ro space 10240K,  42% used [0x38c00000, 0x39036058, 0x39036200, 0x39600000)
    rw space 12288K,  51% used [0x39600000, 0x39c3bdb0, 0x39c3be00, 0x3a200000)

Card table byte_map: [0x04af0000,0x04ba0000] byte_map_base: 0x049ca000

Polling page: 0x00f80000

Code Cache  [0x02af0000, 0x02bd8000, 0x04af0000)
 total_blobs=393 nmethods=256 adapters=74 free_code_cache=31860Kb largest_free_block=32625280

Compilation events (10 events):
Event: 46.108 Thread 0x029d3800  244             java.util.HashMap::removeEntryForKey (159 bytes)
Event: 46.108 Thread 0x029d3800 nmethod 244 0x02bd08c8 code [0x02bd0a00, 0x02bd0c84]
Event: 52.063 Thread 0x029d3800  245             bwapi.UnitCommandType::get (53 bytes)
Event: 52.063 Thread 0x029d3800 nmethod 245 0x02bd0f08 code [0x02bd1040, 0x02bd11f0]
Event: 52.125 Thread 0x029d3800  248             bwapi.UnitCommand::<init> (38 bytes)
Event: 52.125 Thread 0x029d3800 nmethod 248 0x02bd1808 code [0x02bd1900, 0x02bd19c0]
Event: 52.125 Thread 0x029d3800  249             bwapi.UnitCommand::getUnitCommandType (5 bytes)
Event: 52.125 Thread 0x029d3800 nmethod 249 0x02bd1a08 code [0x02bd1b00, 0x02bd1b80]
Event: 56.720 Thread 0x029d3800  252             bwapi.UnitCommand::getTarget (5 bytes)
Event: 56.720 Thread 0x029d3800 nmethod 252 0x02bd23c8 code [0x02bd24c0, 0x02bd2540]

GC Heap History (10 events):
Event: 74.004 GC heap before
{Heap before GC invocations=55 (full 0):
 def new generation   total 4928K, used 4418K [0x24c00000, 0x25150000, 0x2a150000)
  eden space 4416K, 100% used [0x24c00000, 0x25050000, 0x25050000)
  from space 512K,   0% used [0x250d0000, 0x250d0a08, 0x25150000)
  to   space 512K,   0% used [0x25050000, 0x25050000, 0x250d0000)
 tenured generation   total 10944K, used 260K [0x2a150000, 0x2ac00000, 0x34c00000)
   the space 10944K,   2% used [0x2a150000, 0x2a191380, 0x2a191400, 0x2ac00000)
 compacting perm gen  total 12288K, used 634K [0x34c00000, 0x35800000, 0x38c00000)
   the space 12288K,   5% used [0x34c00000, 0x34c9e910, 0x34c9ea00, 0x35800000)
    ro space 10240K,  42% used [0x38c00000, 0x39036058, 0x39036200, 0x39600000)
    rw space 12288K,  51% used [0x39600000, 0x39c3bdb0, 0x39c3be00, 0x3a200000)
Event: 74.004 GC heap after
Heap after GC invocations=56 (full 0):
 def new generation   total 4928K, used 2K [0x24c00000, 0x25150000, 0x2a150000)
  eden space 4416K,   0% used [0x24c00000, 0x24c00000, 0x25050000)
  from space 512K,   0% used [0x25050000, 0x25050a00, 0x250d0000)
  to   space 512K,   0% used [0x250d0000, 0x250d0000, 0x25150000)
 tenured generation   total 10944K, used 260K [0x2a150000, 0x2ac00000, 0x34c00000)
   the space 10944K,   2% used [0x2a150000, 0x2a1913f0, 0x2a191400, 0x2ac00000)
 compacting perm gen  total 12288K, used 634K [0x34c00000, 0x35800000, 0x38c00000)
   the space 12288K,   5% used [0x34c00000, 0x34c9e910, 0x34c9ea00, 0x35800000)
    ro space 10240K,  42% used [0x38c00000, 0x39036058, 0x39036200, 0x39600000)
    rw space 12288K,  51% used [0x39600000, 0x39c3bdb0, 0x39c3be00, 0x3a200000)
}
Event: 74.828 GC heap before
{Heap before GC invocations=56 (full 0):
 def new generation   total 4928K, used 4418K [0x24c00000, 0x25150000, 0x2a150000)
  eden space 4416K, 100% used [0x24c00000, 0x25050000, 0x25050000)
  from space 512K,   0% used [0x25050000, 0x25050a00, 0x250d0000)
  to   space 512K,   0% used [0x250d0000, 0x250d0000, 0x25150000)
 tenured generation   total 10944K, used 260K [0x2a150000, 0x2ac00000, 0x34c00000)
   the space 10944K,   2% used [0x2a150000, 0x2a1913f0, 0x2a191400, 0x2ac00000)
 compacting perm gen  total 12288K, used 634K [0x34c00000, 0x35800000, 0x38c00000)
   the space 12288K,   5% used [0x34c00000, 0x34c9e910, 0x34c9ea00, 0x35800000)
    ro space 10240K,  42% used [0x38c00000, 0x39036058, 0x39036200, 0x39600000)
    rw space 12288K,  51% used [0x39600000, 0x39c3bdb0, 0x39c3be00, 0x3a200000)
Event: 74.828 GC heap after
Heap after GC invocations=57 (full 0):
 def new generation   total 4928K, used 2K [0x24c00000, 0x25150000, 0x2a150000)
  eden space 4416K,   0% used [0x24c00000, 0x24c00000, 0x25050000)
  from space 512K,   0% used [0x250d0000, 0x250d0a20, 0x25150000)
  to   space 512K,   0% used [0x25050000, 0x25050000, 0x250d0000)
 tenured generation   total 10944K, used 260K [0x2a150000, 0x2ac00000, 0x34c00000)
   the space 10944K,   2% used [0x2a150000, 0x2a1913f0, 0x2a191400, 0x2ac00000)
 compacting perm gen  total 12288K, used 634K [0x34c00000, 0x35800000, 0x38c00000)
   the space 12288K,   5% used [0x34c00000, 0x34c9e910, 0x34c9ea00, 0x35800000)
    ro space 10240K,  42% used [0x38c00000, 0x39036058, 0x39036200, 0x39600000)
    rw space 12288K,  51% used [0x39600000, 0x39c3bdb0, 0x39c3be00, 0x3a200000)
}
Event: 75.643 GC heap before
{Heap before GC invocations=57 (full 0):
 def new generation   total 4928K, used 4418K [0x24c00000, 0x25150000, 0x2a150000)
  eden space 4416K, 100% used [0x24c00000, 0x25050000, 0x25050000)
  from space 512K,   0% used [0x250d0000, 0x250d0a20, 0x25150000)
  to   space 512K,   0% used [0x25050000, 0x25050000, 0x250d0000)
 tenured generation   total 10944K, used 260K [0x2a150000, 0x2ac00000, 0x34c00000)
   the space 10944K,   2% used [0x2a150000, 0x2a1913f0, 0x2a191400, 0x2ac00000)
 compacting perm gen  total 12288K, used 634K [0x34c00000, 0x35800000, 0x38c00000)
   the space 12288K,   5% used [0x34c00000, 0x34c9e910, 0x34c9ea00, 0x35800000)
    ro space 10240K,  42% used [0x38c00000, 0x39036058, 0x39036200, 0x39600000)
    rw space 12288K,  51% used [0x39600000, 0x39c3bdb0, 0x39c3be00, 0x3a200000)
Event: 75.644 GC heap after
Heap after GC invocations=58 (full 0):
 def new generation   total 4928K, used 7K [0x24c00000, 0x25150000, 0x2a150000)
  eden space 4416K,   0% used [0x24c00000, 0x24c00000, 0x25050000)
  from space 512K,   1% used [0x25050000, 0x25051d80, 0x250d0000)
  to   space 512K,   0% used [0x250d0000, 0x250d0000, 0x25150000)
 tenured generation   total 10944K, used 261K [0x2a150000, 0x2ac00000, 0x34c00000)
   the space 10944K,   2% used [0x2a150000, 0x2a191508, 0x2a191600, 0x2ac00000)
 compacting perm gen  total 12288K, used 634K [0x34c00000, 0x35800000, 0x38c00000)
   the space 12288K,   5% used [0x34c00000, 0x34c9e910, 0x34c9ea00, 0x35800000)
    ro space 10240K,  42% used [0x38c00000, 0x39036058, 0x39036200, 0x39600000)
    rw space 12288K,  51% used [0x39600000, 0x39c3bdb0, 0x39c3be00, 0x3a200000)
}
Event: 76.468 GC heap before
{Heap before GC invocations=58 (full 0):
 def new generation   total 4928K, used 4423K [0x24c00000, 0x25150000, 0x2a150000)
  eden space 4416K, 100% used [0x24c00000, 0x25050000, 0x25050000)
  from space 512K,   1% used [0x25050000, 0x25051d80, 0x250d0000)
  to   space 512K,   0% used [0x250d0000, 0x250d0000, 0x25150000)
 tenured generation   total 10944K, used 261K [0x2a150000, 0x2ac00000, 0x34c00000)
   the space 10944K,   2% used [0x2a150000, 0x2a191508, 0x2a191600, 0x2ac00000)
 compacting perm gen  total 12288K, used 634K [0x34c00000, 0x35800000, 0x38c00000)
   the space 12288K,   5% used [0x34c00000, 0x34c9e910, 0x34c9ea00, 0x35800000)
    ro space 10240K,  42% used [0x38c00000, 0x39036058, 0x39036200, 0x39600000)
    rw space 12288K,  51% used [0x39600000, 0x39c3bdb0, 0x39c3be00, 0x3a200000)
Event: 76.468 GC heap after
Heap after GC invocations=59 (full 0):
 def new generation   total 4928K, used 6K [0x24c00000, 0x25150000, 0x2a150000)
  eden space 4416K,   0% used [0x24c00000, 0x24c00000, 0x25050000)
  from space 512K,   1% used [0x250d0000, 0x250d1ba0, 0x25150000)
  to   space 512K,   0% used [0x25050000, 0x25050000, 0x250d0000)
 tenured generation   total 10944K, used 261K [0x2a150000, 0x2ac00000, 0x34c00000)
   the space 10944K,   2% used [0x2a150000, 0x2a191578, 0x2a191600, 0x2ac00000)
 compacting perm gen  total 12288K, used 634K [0x34c00000, 0x35800000, 0x38c00000)
   the space 12288K,   5% used [0x34c00000, 0x34c9e910, 0x34c9ea00, 0x35800000)
    ro space 10240K,  42% used [0x38c00000, 0x39036058, 0x39036200, 0x39600000)
    rw space 12288K,  51% used [0x39600000, 0x39c3bdb0, 0x39c3be00, 0x3a200000)
}
Event: 77.265 GC heap before
{Heap before GC invocations=59 (full 0):
 def new generation   total 4928K, used 4422K [0x24c00000, 0x25150000, 0x2a150000)
  eden space 4416K, 100% used [0x24c00000, 0x25050000, 0x25050000)
  from space 512K,   1% used [0x250d0000, 0x250d1ba0, 0x25150000)
  to   space 512K,   0% used [0x25050000, 0x25050000, 0x250d0000)
 tenured generation   total 10944K, used 261K [0x2a150000, 0x2ac00000, 0x34c00000)
   the space 10944K,   2% used [0x2a150000, 0x2a191578, 0x2a191600, 0x2ac00000)
 compacting perm gen  total 12288K, used 634K [0x34c00000, 0x35800000, 0x38c00000)
   the space 12288K,   5% used [0x34c00000, 0x34c9e910, 0x34c9ea00, 0x35800000)
    ro space 10240K,  42% used [0x38c00000, 0x39036058, 0x39036200, 0x39600000)
    rw space 12288K,  51% used [0x39600000, 0x39c3bdb0, 0x39c3be00, 0x3a200000)
Event: 77.265 GC heap after
Heap after GC invocations=60 (full 0):
 def new generation   total 4928K, used 7K [0x24c00000, 0x25150000, 0x2a150000)
  eden space 4416K,   0% used [0x24c00000, 0x24c00000, 0x25050000)
  from space 512K,   1% used [0x25050000, 0x25051ca8, 0x250d0000)
  to   space 512K,   0% used [0x250d0000, 0x250d0000, 0x25150000)
 tenured generation   total 10944K, used 261K [0x2a150000, 0x2ac00000, 0x34c00000)
   the space 10944K,   2% used [0x2a150000, 0x2a191578, 0x2a191600, 0x2ac00000)
 compacting perm gen  total 12288K, used 634K [0x34c00000, 0x35800000, 0x38c00000)
   the space 12288K,   5% used [0x34c00000, 0x34c9e910, 0x34c9ea00, 0x35800000)
    ro space 10240K,  42% used [0x38c00000, 0x39036058, 0x39036200, 0x39600000)
    rw space 12288K,  51% used [0x39600000, 0x39c3bdb0, 0x39c3be00, 0x3a200000)
}

Deoptimization events (0 events):
No events

Internal exceptions (10 events):
Event: 6.150 Thread 0x0137c400 Threw 0x24d31790 at C:\re\jdk7u79\2331\hotspot\src\share\vm\prims\jvm.cpp:1304
Event: 6.151 Thread 0x0137c400 Threw 0x24d34970 at C:\re\jdk7u79\2331\hotspot\src\share\vm\prims\jvm.cpp:1304
Event: 6.151 Thread 0x0137c400 Threw 0x24d36e70 at C:\re\jdk7u79\2331\hotspot\src\share\vm\prims\jvm.cpp:1304
Event: 6.162 Thread 0x0137c400 Threw 0x24d83938 at C:\re\jdk7u79\2331\hotspot\src\share\vm\prims\jvm.cpp:1304
Event: 6.163 Thread 0x0137c400 Threw 0x24d875f0 at C:\re\jdk7u79\2331\hotspot\src\share\vm\prims\jvm.cpp:1304
Event: 6.165 Thread 0x0137c400 Threw 0x24d97a10 at C:\re\jdk7u79\2331\hotspot\src\share\vm\prims\jvm.cpp:1304
Event: 6.170 Thread 0x0137c400 Threw 0x24daeb18 at C:\re\jdk7u79\2331\hotspot\src\share\vm\prims\jvm.cpp:1304
Event: 16.801 Thread 0x0137c400 Threw 0x24ca8b48 at C:\re\jdk7u79\2331\hotspot\src\share\vm\prims\jvm.cpp:1304
Event: 16.802 Thread 0x0137c400 Threw 0x24caa268 at C:\re\jdk7u79\2331\hotspot\src\share\vm\prims\jvm.cpp:1304
Event: 43.329 Thread 0x0137c400 Threw 0x24de65b0 at C:\re\jdk7u79\2331\hotspot\src\share\vm\prims\jvm.cpp:1304

Events (10 events):
Event: 74.004 Executing VM operation: GenCollectForAllocation
Event: 74.004 Executing VM operation: GenCollectForAllocation done
Event: 74.828 Executing VM operation: GenCollectForAllocation
Event: 74.828 Executing VM operation: GenCollectForAllocation done
Event: 75.643 Executing VM operation: GenCollectForAllocation
Event: 75.644 Executing VM operation: GenCollectForAllocation done
Event: 76.468 Executing VM operation: GenCollectForAllocation
Event: 76.468 Executing VM operation: GenCollectForAllocation done
Event: 77.265 Executing VM operation: GenCollectForAllocation
Event: 77.265 Executing VM operation: GenCollectForAllocation done


Dynamic libraries:
0x01380000 - 0x013af000 	C:\Program Files (x86)\Java\jre7\bin\javaw.exe
0x77370000 - 0x774f2000 	C:\WINDOWS\SYSTEM32\ntdll.dll
0x756d0000 - 0x757b0000 	C:\WINDOWS\System32\KERNEL32.DLL
0x751b0000 - 0x75351000 	C:\WINDOWS\System32\KERNELBASE.dll
0x74aa0000 - 0x74b17000 	C:\WINDOWS\System32\ADVAPI32.dll
0x74bc0000 - 0x74c7e000 	C:\WINDOWS\System32\msvcrt.dll
0x74370000 - 0x743b1000 	C:\WINDOWS\System32\sechost.dll
0x742a0000 - 0x74361000 	C:\WINDOWS\System32\RPCRT4.dll
0x73e30000 - 0x73e4e000 	C:\WINDOWS\System32\SspiCli.dll
0x73e20000 - 0x73e2a000 	C:\WINDOWS\System32\CRYPTBASE.dll
0x75430000 - 0x7548a000 	C:\WINDOWS\System32\bcryptPrimitives.dll
0x743c0000 - 0x7451f000 	C:\WINDOWS\System32\USER32.dll
0x75360000 - 0x75375000 	C:\WINDOWS\System32\win32u.dll
0x75120000 - 0x7514b000 	C:\WINDOWS\System32\GDI32.dll
0x75490000 - 0x755eb000 	C:\WINDOWS\System32\gdi32full.dll
0x71690000 - 0x7189a000 	C:\WINDOWS\WinSxS\x86_microsoft.windows.common-controls_6595b64144ccf1df_6.0.14393.447_none_89c64d28dafea4b9\COMCTL32.dll
0x73ea0000 - 0x740b1000 	C:\WINDOWS\System32\combase.dll
0x74c80000 - 0x74d60000 	C:\WINDOWS\System32\ucrtbase.dll
0x73e70000 - 0x73e95000 	C:\WINDOWS\System32\IMM32.DLL
0x77be0000 - 0x77c9f000 	C:\Program Files (x86)\Java\jre7\bin\msvcr100.dll
0x6e5c0000 - 0x6e949000 	C:\Program Files (x86)\Java\jre7\bin\client\jvm.dll
0x74520000 - 0x74526000 	C:\WINDOWS\System32\PSAPI.DLL
0x731e0000 - 0x73204000 	C:\WINDOWS\SYSTEM32\WINMM.dll
0x730a0000 - 0x730a8000 	C:\WINDOWS\SYSTEM32\WSOCK32.dll
0x75660000 - 0x756c3000 	C:\WINDOWS\System32\WS2_32.dll
0x00f20000 - 0x00f43000 	C:\WINDOWS\SYSTEM32\WINMMBASE.dll
0x74b20000 - 0x74b56000 	C:\WINDOWS\System32\cfgmgr32.dll
0x60b30000 - 0x60b3c000 	C:\Program Files (x86)\Java\jre7\bin\verify.dll
0x5ae60000 - 0x5ae80000 	C:\Program Files (x86)\Java\jre7\bin\java.dll
0x5ad50000 - 0x5ad63000 	C:\Program Files (x86)\Java\jre7\bin\zip.dll
0x0fa80000 - 0x0fd06000 	C:\Users\amanz360\Documents\GitHub\MoleAI\ExampleBot\bwapi_bridge2_5.dll
0x537e0000 - 0x53851000 	C:\WINDOWS\SYSTEM32\MSVCP120.dll
0x6f540000 - 0x6f59e000 	C:\Users\amanz360\Documents\GitHub\MoleAI\ExampleBot\libmpfr-4.dll
0x6acc0000 - 0x6ad27000 	C:\Users\amanz360\Documents\GitHub\MoleAI\ExampleBot\libgmp-10.dll
0x73d30000 - 0x73e1e000 	C:\WINDOWS\SYSTEM32\MSVCR120.dll
0x72f00000 - 0x73045000 	C:\WINDOWS\SYSTEM32\dbghelp.dll

VM Arguments:
jvm_args: -Dfile.encoding=Cp1252 
java_command: TestBot1
Launcher Type: SUN_STANDARD

Environment Variables:
PATH=C:/Program Files (x86)/Java/jre7/bin/client;C:/Program Files (x86)/Java/jre7/bin;C:/Program Files (x86)/Java/jre7/lib/i386;C:\gurobi701\win64\bin;C:\Program Files (x86)\NVIDIA Corporation\PhysX\Common;C:\Program Files\Java\jdk1.8.0_45\bin;C:\ProgramData\Oracle\Java\javapath;c:\Program Files (x86)\Intel\iCLS Client\;c:\Program Files\Intel\iCLS Client\;C:\WINDOWS\system32;C:\WINDOWS;C:\WINDOWS\System32\Wbem;C:\WINDOWS\System32\WindowsPowerShell\v1.0\;C:\Program Files\Intel\WiFi\bin\;C:\Program Files\Common Files\Intel\WirelessCommon\;C:\Program Files\Mozart\bin;C:\Program Files\Microsoft SQL Server\110\Tools\Binn\;C:\Program Files (x86)\Skype\Phone\;C:\Program Files (x86)\Intel\Intel(R) Management Engine Components\DAL;C:\Program Files\Intel\Intel(R) Management Engine Components\DAL;C:\Program Files (x86)\Intel\Intel(R) Management Engine Components\IPT;C:\Program Files\Intel\Intel(R) Management Engine Components\IPT;C:\Go\bin;C:\WINDOWS\system32\config\systemprofile\.dnx\bin;C:\Program Files\Microsoft DNX\Dnvm\;C:\Program Files\Microsoft SQL Server\130\Tools\Binn\;C:\Program Files (x86)\Windows Kits\8.1\Windows Performance Toolkit\;c:\Program Files (x86)\Microsoft SQL Server\100\Tools\Binn\;c:\Program Files\Microsoft SQL Server\100\Tools\Binn\;c:\Program Files\Microsoft SQL Server\100\DTS\Binn\;C:\Users\amanz360\Anaconda3;C:\Users\amanz360\Anaconda3\Scripts;C:\Users\amanz360\Anaconda3\Library\bin;C:\Users\amanz360\AppData\Local\Microsoft\WindowsApps;;C:\Users\amanz360\Downloads\eclipse-java-mars-2-win32\eclipse;
USERNAME=amanz360
OS=Windows_NT
PROCESSOR_IDENTIFIER=Intel64 Family 6 Model 69 Stepping 1, GenuineIntel



---------------  S Y S T E M  ---------------

OS: Windows 8.1 , 64 bit Build 9600 

CPU:total 4 (2 cores per cpu, 2 threads per core) family 6 model 69 stepping 1, cmov, cx8, fxsr, mmx, sse, sse2, sse3, ssse3, sse4.1, sse4.2, popcnt, avx, avx2, aes, erms, ht, tsc, tscinvbit

Memory: 4k page, physical 6187596k(2602028k free), swap 11083292k(4378792k free)

vm_info: Java HotSpot(TM) Client VM (24.79-b02) for windows-x86 JRE (1.7.0_79-b15), built on Apr 10 2015 16:49:13 by "java_re" with unknown MS VC++:1600

time: Thu Dec 08 01:14:19 2016
elapsed time: 77 seconds

