#
# A fatal error has been detected by the Java Runtime Environment:
#
#  EXCEPTION_ACCESS_VIOLATION (0xc0000005) at pc=0x505954bb, pid=23192, tid=14932
#
# JRE version: Java(TM) SE Runtime Environment (7.0_79-b15) (build 1.7.0_79-b15)
# Java VM: Java HotSpot(TM) Client VM (24.79-b02 mixed mode, sharing windows-x86 )
# Problematic frame:
# V  [jvm.dll+0xc54bb]
#
# Failed to write core dump. Minidumps are not enabled by default on client versions of Windows
#
# If you would like to submit a bug report, please visit:
#   http://bugreport.java.com/bugreport/crash.jsp
#

---------------  T H R E A D  ---------------

Current thread (0x02b9c400):  JavaThread "main" [_thread_in_vm, id=14932, stack(0x01210000,0x01260000)]

siginfo: ExceptionCode=0xc0000005, reading address 0x00000000

Registers:
EAX=0x00000000, EBX=0x02b9c530, ECX=0x00000000, EDX=0x00000007
ESP=0x0125de2c, EBP=0x0125de48, ESI=0x02b9c530, EDI=0x02b9c400
EIP=0x505954bb, EFLAGS=0x00010246

Top of Stack: (sp=0x0125de2c)
0x0125de2c:   02b9c400 07bdd7e4 02b9c530 02b9c400
0x0125de3c:   00000000 07bdd7e4 00000000 0125de98
0x0125de4c:   0fb3564d 02b9c530 00000000 6e696f70
0x0125de5c:   00726574 0125de98 0fb3561d 00000007
0x0125de6c:   0000000f 0000004a 02b9c530 0125deb8
0x0125de7c:   0fb3567d 00000001 0000000f 07bdd7e4
0x0125de8c:   00000000 02ba2908 00000000 0125dec8
0x0125de9c:   02c45778 02b9c530 0125deb4 07bdd7e4 

Instructions: (pc=0x505954bb)
0x5059549b:   f3 ff 83 c4 08 83 7f 04 00 89 7d f0 c7 45 f4 00
0x505954ab:   00 00 00 74 08 8d 4d f0 e8 a8 a6 0c 00 8b 45 0c
0x505954bb:   8b 08 8b 51 04 8b 42 40 50 56 e8 26 df 07 00 83
0x505954cb:   c4 08 83 7d f4 00 89 45 08 74 08 8d 4d f0 e8 c2 


Register to memory mapping:

EAX=0x00000000 is an unknown value
EBX=0x02b9c530 is an unknown value
ECX=0x00000000 is an unknown value
EDX=0x00000007 is an unknown value
ESP=0x0125de2c is pointing into the stack for thread: 0x02b9c400
EBP=0x0125de48 is pointing into the stack for thread: 0x02b9c400
ESI=0x02b9c530 is an unknown value
EDI=0x02b9c400 is a thread


Stack: [0x01210000,0x01260000],  sp=0x0125de2c,  free space=311k
Native frames: (J=compiled Java code, j=interpreted, Vv=VM code, C=native code)
V  [jvm.dll+0xc54bb]
C  [bwapi_bridge2_5.dll+0x3564d]
J 82  bwapi.Unit.getDistance_native(JLbwapi/Unit;)I (0 bytes) @ 0x02c45778 [0x02c456d0+0xa8]
J 81 C1 bwapi.Unit.getDistance(Lbwapi/Unit;)I (10 bytes) @ 0x02c459b0 [0x02c45980+0x30]
j  MoleUnit.getClosestDamagedAllyInRadius(I)Lbwapi/Unit;+168
J 108 C1 Base.assaultPosition(Lbwapi/Game;)V (428 bytes) @ 0x02c4beb4 [0x02c4b7f0+0x6c4]
J 184 C1 Base.manageMarines(Lbwapi/Game;)V (84 bytes) @ 0x02c68110 [0x02c67fe0+0x130]
J 139 C1 StrategyManager.runBases(Lbwapi/Game;Lbwapi/Player;)V (325 bytes) @ 0x02c58578 [0x02c581b0+0x3c8]
J 180 C1 StrategyManager.update(Lbwapi/Game;Lbwapi/Player;)V (100 bytes) @ 0x02c669fc [0x02c66870+0x18c]
J 173 C1 TestBot1.onFrame()V (86 bytes) @ 0x02c65a1c [0x02c657b0+0x26c]
J 172 C1 bwapi.AIModule.onFrame()V (17 bytes) @ 0x02c65544 [0x02c65510+0x34]
v  ~StubRoutines::call_stub
V  [jvm.dll+0x14234a]
V  [jvm.dll+0x206ebe]
V  [jvm.dll+0x1423cd]
V  [jvm.dll+0xcb5c2]
V  [jvm.dll+0xcf213]
C  [bwapi_bridge2_5.dll+0x1b20d]
C  [bwapi_bridge2_5.dll+0x75101]
j  bwapi.Mirror.startGame()V+0
j  TestBot1.run()V+15
j  TestBot1.main([Ljava/lang/String;)V+7
v  ~StubRoutines::call_stub
V  [jvm.dll+0x14234a]
V  [jvm.dll+0x206ebe]
V  [jvm.dll+0x1423cd]
V  [jvm.dll+0xcb345]
V  [jvm.dll+0xd5ff7]
C  [javaw.exe+0x2070]
C  [javaw.exe+0xa601]
C  [javaw.exe+0xa68b]
C  [KERNEL32.DLL+0x162c4]
C  [ntdll.dll+0x60fd9]
C  [ntdll.dll+0x60fa4]

Java frames: (J=compiled Java code, j=interpreted, Vv=VM code)
J 82  bwapi.Unit.getDistance_native(JLbwapi/Unit;)I (0 bytes) @ 0x02c45734 [0x02c456d0+0x64]
J 81 C1 bwapi.Unit.getDistance(Lbwapi/Unit;)I (10 bytes) @ 0x02c459b0 [0x02c45980+0x30]
j  MoleUnit.getClosestDamagedAllyInRadius(I)Lbwapi/Unit;+168
J 108 C1 Base.assaultPosition(Lbwapi/Game;)V (428 bytes) @ 0x02c4beb4 [0x02c4b7f0+0x6c4]
J 184 C1 Base.manageMarines(Lbwapi/Game;)V (84 bytes) @ 0x02c68110 [0x02c67fe0+0x130]
J 139 C1 StrategyManager.runBases(Lbwapi/Game;Lbwapi/Player;)V (325 bytes) @ 0x02c58578 [0x02c581b0+0x3c8]
J 180 C1 StrategyManager.update(Lbwapi/Game;Lbwapi/Player;)V (100 bytes) @ 0x02c669fc [0x02c66870+0x18c]
J 173 C1 TestBot1.onFrame()V (86 bytes) @ 0x02c65a1c [0x02c657b0+0x26c]
J 172 C1 bwapi.AIModule.onFrame()V (17 bytes) @ 0x02c65544 [0x02c65510+0x34]
v  ~StubRoutines::call_stub
j  bwapi.Mirror.startGame()V+0
j  TestBot1.run()V+15
j  TestBot1.main([Ljava/lang/String;)V+7
v  ~StubRoutines::call_stub

---------------  P R O C E S S  ---------------

Java Threads: ( => current thread )
  0x02aa8c00 JavaThread "Service Thread" daemon [_thread_blocked, id=14016, stack(0x05070000,0x050c0000)]
  0x02aa3c00 JavaThread "C1 CompilerThread0" daemon [_thread_blocked, id=14944, stack(0x04fe0000,0x05030000)]
  0x02aa2400 JavaThread "Attach Listener" daemon [_thread_blocked, id=14092, stack(0x04f50000,0x04fa0000)]
  0x02a9f000 JavaThread "Signal Dispatcher" daemon [_thread_blocked, id=6852, stack(0x04ec0000,0x04f10000)]
  0x02a30c00 JavaThread "Finalizer" daemon [_thread_blocked, id=25132, stack(0x04e30000,0x04e80000)]
  0x02a2f000 JavaThread "Reference Handler" daemon [_thread_blocked, id=20212, stack(0x04da0000,0x04df0000)]
=>0x02b9c400 JavaThread "main" [_thread_in_vm, id=14932, stack(0x01210000,0x01260000)]

Other Threads:
  0x02a2dc00 VMThread [stack: 0x04d10000,0x04d60000] [id=13140]
  0x02ab8c00 WatcherThread [stack: 0x05100000,0x05150000] [id=9060]

VM state:not at safepoint (normal execution)

VM Mutex/Monitor currently owned by a thread: None

Heap
 def new generation   total 4928K, used 4280K [0x24c00000, 0x25150000, 0x2a150000)
  eden space 4416K,  95% used [0x24c00000, 0x250222f0, 0x25050000)
  from space 512K,   9% used [0x25050000, 0x2505bf28, 0x250d0000)
  to   space 512K,   0% used [0x250d0000, 0x250d0000, 0x25150000)
 tenured generation   total 10944K, used 344K [0x2a150000, 0x2ac00000, 0x34c00000)
   the space 10944K,   3% used [0x2a150000, 0x2a1a6290, 0x2a1a6400, 0x2ac00000)
 compacting perm gen  total 12288K, used 660K [0x34c00000, 0x35800000, 0x38c00000)
   the space 12288K,   5% used [0x34c00000, 0x34ca5110, 0x34ca5200, 0x35800000)
    ro space 10240K,  42% used [0x38c00000, 0x39036058, 0x39036200, 0x39600000)
    rw space 12288K,  51% used [0x39600000, 0x39c3bdb0, 0x39c3be00, 0x3a200000)

Card table byte_map: [0x04ba0000,0x04c50000] byte_map_base: 0x04a7a000

Polling page: 0x01260000

Code Cache  [0x02ba0000, 0x02c80000, 0x04ba0000)
 total_blobs=382 nmethods=245 adapters=74 free_code_cache=31894Kb largest_free_block=32659840

Compilation events (10 events):
Event: 92.459 Thread 0x02aa3c00  236             bwapi.UnitType::groundWeapon (9 bytes)
Event: 92.460 Thread 0x02aa3c00 nmethod 236 0x02c77d88 code [0x02c77e80, 0x02c77f1c]
Event: 92.540 Thread 0x02aa3c00  240             MoleUnit::smartKiteTarget (235 bytes)
Event: 92.541 Thread 0x02aa3c00 nmethod 240 0x02c78748 code [0x02c789d0, 0x02c79028]
Event: 92.541 Thread 0x02aa3c00  241             bwapi.WeaponType::damageCooldown (9 bytes)
Event: 92.541 Thread 0x02aa3c00 nmethod 241 0x02c79bc8 code [0x02c79cc0, 0x02c79d5c]
Event: 94.504 Thread 0x02aa3c00  244             BuildingManager::getBuilder (71 bytes)
Event: 94.504 Thread 0x02aa3c00 nmethod 244 0x02c7a048 code [0x02c7a190, 0x02c7a300]
Event: 96.669 Thread 0x02aa3c00  245             java.util.HashMap$Entry::<init> (26 bytes)
Event: 96.669 Thread 0x02aa3c00 nmethod 245 0x02c7a488 code [0x02c7a580, 0x02c7a640]

GC Heap History (10 events):
Event: 94.457 GC heap before
{Heap before GC invocations=151 (full 0):
 def new generation   total 4928K, used 4469K [0x24c00000, 0x25150000, 0x2a150000)
  eden space 4416K, 100% used [0x24c00000, 0x25050000, 0x25050000)
  from space 512K,  10% used [0x250d0000, 0x250dd410, 0x25150000)
  to   space 512K,   0% used [0x25050000, 0x25050000, 0x250d0000)
 tenured generation   total 10944K, used 333K [0x2a150000, 0x2ac00000, 0x34c00000)
   the space 10944K,   3% used [0x2a150000, 0x2a1a34e0, 0x2a1a3600, 0x2ac00000)
 compacting perm gen  total 12288K, used 660K [0x34c00000, 0x35800000, 0x38c00000)
   the space 12288K,   5% used [0x34c00000, 0x34ca5110, 0x34ca5200, 0x35800000)
    ro space 10240K,  42% used [0x38c00000, 0x39036058, 0x39036200, 0x39600000)
    rw space 12288K,  51% used [0x39600000, 0x39c3bdb0, 0x39c3be00, 0x3a200000)
Event: 94.457 GC heap after
Heap after GC invocations=152 (full 0):
 def new generation   total 4928K, used 53K [0x24c00000, 0x25150000, 0x2a150000)
  eden space 4416K,   0% used [0x24c00000, 0x24c00000, 0x25050000)
  from space 512K,  10% used [0x25050000, 0x2505d550, 0x250d0000)
  to   space 512K,   0% used [0x250d0000, 0x250d0000, 0x25150000)
 tenured generation   total 10944K, used 335K [0x2a150000, 0x2ac00000, 0x34c00000)
   the space 10944K,   3% used [0x2a150000, 0x2a1a3c50, 0x2a1a3e00, 0x2ac00000)
 compacting perm gen  total 12288K, used 660K [0x34c00000, 0x35800000, 0x38c00000)
   the space 12288K,   5% used [0x34c00000, 0x34ca5110, 0x34ca5200, 0x35800000)
    ro space 10240K,  42% used [0x38c00000, 0x39036058, 0x39036200, 0x39600000)
    rw space 12288K,  51% used [0x39600000, 0x39c3bdb0, 0x39c3be00, 0x3a200000)
}
Event: 95.007 GC heap before
{Heap before GC invocations=152 (full 0):
 def new generation   total 4928K, used 4469K [0x24c00000, 0x25150000, 0x2a150000)
  eden space 4416K, 100% used [0x24c00000, 0x25050000, 0x25050000)
  from space 512K,  10% used [0x25050000, 0x2505d550, 0x250d0000)
  to   space 512K,   0% used [0x250d0000, 0x250d0000, 0x25150000)
 tenured generation   total 10944K, used 335K [0x2a150000, 0x2ac00000, 0x34c00000)
   the space 10944K,   3% used [0x2a150000, 0x2a1a3c50, 0x2a1a3e00, 0x2ac00000)
 compacting perm gen  total 12288K, used 660K [0x34c00000, 0x35800000, 0x38c00000)
   the space 12288K,   5% used [0x34c00000, 0x34ca5110, 0x34ca5200, 0x35800000)
    ro space 10240K,  42% used [0x38c00000, 0x39036058, 0x39036200, 0x39600000)
    rw space 12288K,  51% used [0x39600000, 0x39c3bdb0, 0x39c3be00, 0x3a200000)
Event: 95.008 GC heap after
Heap after GC invocations=153 (full 0):
 def new generation   total 4928K, used 53K [0x24c00000, 0x25150000, 0x2a150000)
  eden space 4416K,   0% used [0x24c00000, 0x24c00000, 0x25050000)
  from space 512K,  10% used [0x250d0000, 0x250dd4e8, 0x25150000)
  to   space 512K,   0% used [0x25050000, 0x25050000, 0x250d0000)
 tenured generation   total 10944K, used 336K [0x2a150000, 0x2ac00000, 0x34c00000)
   the space 10944K,   3% used [0x2a150000, 0x2a1a4238, 0x2a1a4400, 0x2ac00000)
 compacting perm gen  total 12288K, used 660K [0x34c00000, 0x35800000, 0x38c00000)
   the space 12288K,   5% used [0x34c00000, 0x34ca5110, 0x34ca5200, 0x35800000)
    ro space 10240K,  42% used [0x38c00000, 0x39036058, 0x39036200, 0x39600000)
    rw space 12288K,  51% used [0x39600000, 0x39c3bdb0, 0x39c3be00, 0x3a200000)
}
Event: 95.520 GC heap before
{Heap before GC invocations=153 (full 0):
 def new generation   total 4928K, used 4469K [0x24c00000, 0x25150000, 0x2a150000)
  eden space 4416K, 100% used [0x24c00000, 0x25050000, 0x25050000)
  from space 512K,  10% used [0x250d0000, 0x250dd4e8, 0x25150000)
  to   space 512K,   0% used [0x25050000, 0x25050000, 0x250d0000)
 tenured generation   total 10944K, used 336K [0x2a150000, 0x2ac00000, 0x34c00000)
   the space 10944K,   3% used [0x2a150000, 0x2a1a4238, 0x2a1a4400, 0x2ac00000)
 compacting perm gen  total 12288K, used 660K [0x34c00000, 0x35800000, 0x38c00000)
   the space 12288K,   5% used [0x34c00000, 0x34ca5110, 0x34ca5200, 0x35800000)
    ro space 10240K,  42% used [0x38c00000, 0x39036058, 0x39036200, 0x39600000)
    rw space 12288K,  51% used [0x39600000, 0x39c3bdb0, 0x39c3be00, 0x3a200000)
Event: 95.520 GC heap after
Heap after GC invocations=154 (full 0):
 def new generation   total 4928K, used 52K [0x24c00000, 0x25150000, 0x2a150000)
  eden space 4416K,   0% used [0x24c00000, 0x24c00000, 0x25050000)
  from space 512K,  10% used [0x25050000, 0x2505d130, 0x250d0000)
  to   space 512K,   0% used [0x250d0000, 0x250d0000, 0x25150000)
 tenured generation   total 10944K, used 338K [0x2a150000, 0x2ac00000, 0x34c00000)
   the space 10944K,   3% used [0x2a150000, 0x2a1a48c8, 0x2a1a4a00, 0x2ac00000)
 compacting perm gen  total 12288K, used 660K [0x34c00000, 0x35800000, 0x38c00000)
   the space 12288K,   5% used [0x34c00000, 0x34ca5110, 0x34ca5200, 0x35800000)
    ro space 10240K,  42% used [0x38c00000, 0x39036058, 0x39036200, 0x39600000)
    rw space 12288K,  51% used [0x39600000, 0x39c3bdb0, 0x39c3be00, 0x3a200000)
}
Event: 96.000 GC heap before
{Heap before GC invocations=154 (full 0):
 def new generation   total 4928K, used 4468K [0x24c00000, 0x25150000, 0x2a150000)
  eden space 4416K, 100% used [0x24c00000, 0x25050000, 0x25050000)
  from space 512K,  10% used [0x25050000, 0x2505d130, 0x250d0000)
  to   space 512K,   0% used [0x250d0000, 0x250d0000, 0x25150000)
 tenured generation   total 10944K, used 338K [0x2a150000, 0x2ac00000, 0x34c00000)
   the space 10944K,   3% used [0x2a150000, 0x2a1a48c8, 0x2a1a4a00, 0x2ac00000)
 compacting perm gen  total 12288K, used 660K [0x34c00000, 0x35800000, 0x38c00000)
   the space 12288K,   5% used [0x34c00000, 0x34ca5110, 0x34ca5200, 0x35800000)
    ro space 10240K,  42% used [0x38c00000, 0x39036058, 0x39036200, 0x39600000)
    rw space 12288K,  51% used [0x39600000, 0x39c3bdb0, 0x39c3be00, 0x3a200000)
Event: 96.001 GC heap after
Heap after GC invocations=155 (full 0):
 def new generation   total 4928K, used 49K [0x24c00000, 0x25150000, 0x2a150000)
  eden space 4416K,   0% used [0x24c00000, 0x24c00000, 0x25050000)
  from space 512K,   9% used [0x250d0000, 0x250dc400, 0x25150000)
  to   space 512K,   0% used [0x25050000, 0x25050000, 0x250d0000)
 tenured generation   total 10944K, used 342K [0x2a150000, 0x2ac00000, 0x34c00000)
   the space 10944K,   3% used [0x2a150000, 0x2a1a5848, 0x2a1a5a00, 0x2ac00000)
 compacting perm gen  total 12288K, used 660K [0x34c00000, 0x35800000, 0x38c00000)
   the space 12288K,   5% used [0x34c00000, 0x34ca5110, 0x34ca5200, 0x35800000)
    ro space 10240K,  42% used [0x38c00000, 0x39036058, 0x39036200, 0x39600000)
    rw space 12288K,  51% used [0x39600000, 0x39c3bdb0, 0x39c3be00, 0x3a200000)
}
Event: 96.488 GC heap before
{Heap before GC invocations=155 (full 0):
 def new generation   total 4928K, used 4465K [0x24c00000, 0x25150000, 0x2a150000)
  eden space 4416K, 100% used [0x24c00000, 0x25050000, 0x25050000)
  from space 512K,   9% used [0x250d0000, 0x250dc400, 0x25150000)
  to   space 512K,   0% used [0x25050000, 0x25050000, 0x250d0000)
 tenured generation   total 10944K, used 342K [0x2a150000, 0x2ac00000, 0x34c00000)
   the space 10944K,   3% used [0x2a150000, 0x2a1a5848, 0x2a1a5a00, 0x2ac00000)
 compacting perm gen  total 12288K, used 660K [0x34c00000, 0x35800000, 0x38c00000)
   the space 12288K,   5% used [0x34c00000, 0x34ca5110, 0x34ca5200, 0x35800000)
    ro space 10240K,  42% used [0x38c00000, 0x39036058, 0x39036200, 0x39600000)
    rw space 12288K,  51% used [0x39600000, 0x39c3bdb0, 0x39c3be00, 0x3a200000)
Event: 96.489 GC heap after
Heap after GC invocations=156 (full 0):
 def new generation   total 4928K, used 47K [0x24c00000, 0x25150000, 0x2a150000)
  eden space 4416K,   0% used [0x24c00000, 0x24c00000, 0x25050000)
  from space 512K,   9% used [0x25050000, 0x2505bf28, 0x250d0000)
  to   space 512K,   0% used [0x250d0000, 0x250d0000, 0x25150000)
 tenured generation   total 10944K, used 344K [0x2a150000, 0x2ac00000, 0x34c00000)
   the space 10944K,   3% used [0x2a150000, 0x2a1a6290, 0x2a1a6400, 0x2ac00000)
 compacting perm gen  total 12288K, used 660K [0x34c00000, 0x35800000, 0x38c00000)
   the space 12288K,   5% used [0x34c00000, 0x34ca5110, 0x34ca5200, 0x35800000)
    ro space 10240K,  42% used [0x38c00000, 0x39036058, 0x39036200, 0x39600000)
    rw space 12288K,  51% used [0x39600000, 0x39c3bdb0, 0x39c3be00, 0x3a200000)
}

Deoptimization events (0 events):
No events

Internal exceptions (10 events):
Event: 5.096 Thread 0x02b9c400 Threw 0x24d65a80 at C:\re\jdk7u79\2331\hotspot\src\share\vm\prims\jvm.cpp:1304
Event: 5.098 Thread 0x02b9c400 Threw 0x24d6aac0 at C:\re\jdk7u79\2331\hotspot\src\share\vm\prims\jvm.cpp:1304
Event: 5.098 Thread 0x02b9c400 Threw 0x24d70368 at C:\re\jdk7u79\2331\hotspot\src\share\vm\prims\jvm.cpp:1304
Event: 5.099 Thread 0x02b9c400 Threw 0x24d71d08 at C:\re\jdk7u79\2331\hotspot\src\share\vm\prims\jvm.cpp:1304
Event: 5.106 Thread 0x02b9c400 Threw 0x24d8b648 at C:\re\jdk7u79\2331\hotspot\src\share\vm\prims\jvm.cpp:1304
Event: 5.108 Thread 0x02b9c400 Threw 0x24d92e30 at C:\re\jdk7u79\2331\hotspot\src\share\vm\prims\jvm.cpp:1304
Event: 5.109 Thread 0x02b9c400 Threw 0x24d94bf8 at C:\re\jdk7u79\2331\hotspot\src\share\vm\prims\jvm.cpp:1304
Event: 5.117 Thread 0x02b9c400 Threw 0x24da6b80 at C:\re\jdk7u79\2331\hotspot\src\share\vm\prims\jvm.cpp:1304
Event: 17.744 Thread 0x02b9c400 Threw 0x24c408a0 at C:\re\jdk7u79\2331\hotspot\src\share\vm\prims\jvm.cpp:1304
Event: 17.745 Thread 0x02b9c400 Threw 0x24c42020 at C:\re\jdk7u79\2331\hotspot\src\share\vm\prims\jvm.cpp:1304

Events (10 events):
Event: 94.457 Executing VM operation: GenCollectForAllocation
Event: 94.457 Executing VM operation: GenCollectForAllocation done
Event: 95.007 Executing VM operation: GenCollectForAllocation
Event: 95.008 Executing VM operation: GenCollectForAllocation done
Event: 95.519 Executing VM operation: GenCollectForAllocation
Event: 95.520 Executing VM operation: GenCollectForAllocation done
Event: 96.000 Executing VM operation: GenCollectForAllocation
Event: 96.001 Executing VM operation: GenCollectForAllocation done
Event: 96.488 Executing VM operation: GenCollectForAllocation
Event: 96.489 Executing VM operation: GenCollectForAllocation done


Dynamic libraries:
0x012c0000 - 0x012ef000 	C:\Program Files (x86)\Java\jre7\bin\javaw.exe
0x773a0000 - 0x77523000 	C:\WINDOWS\SYSTEM32\ntdll.dll
0x767b0000 - 0x76890000 	C:\WINDOWS\System32\KERNEL32.DLL
0x76600000 - 0x767a1000 	C:\WINDOWS\System32\KERNELBASE.dll
0x740e0000 - 0x74157000 	C:\WINDOWS\System32\ADVAPI32.dll
0x74500000 - 0x745be000 	C:\WINDOWS\System32\msvcrt.dll
0x74a30000 - 0x74a71000 	C:\WINDOWS\System32\sechost.dll
0x73e80000 - 0x73f41000 	C:\WINDOWS\System32\RPCRT4.dll
0x73e60000 - 0x73e7e000 	C:\WINDOWS\System32\SspiCli.dll
0x73e50000 - 0x73e5a000 	C:\WINDOWS\System32\CRYPTBASE.dll
0x76ad0000 - 0x76b2a000 	C:\WINDOWS\System32\bcryptPrimitives.dll
0x77220000 - 0x7737f000 	C:\WINDOWS\System32\USER32.dll
0x76130000 - 0x76145000 	C:\WINDOWS\System32\win32u.dll
0x74040000 - 0x7406b000 	C:\WINDOWS\System32\GDI32.dll
0x74220000 - 0x7437b000 	C:\WINDOWS\System32\gdi32full.dll
0x71be0000 - 0x71dea000 	C:\WINDOWS\WinSxS\x86_microsoft.windows.common-controls_6595b64144ccf1df_6.0.14393.447_none_89c64d28dafea4b9\COMCTL32.dll
0x745c0000 - 0x747d1000 	C:\WINDOWS\System32\combase.dll
0x74380000 - 0x74460000 	C:\WINDOWS\System32\ucrtbase.dll
0x747e0000 - 0x74805000 	C:\WINDOWS\System32\IMM32.DLL
0x776d0000 - 0x7778f000 	C:\Program Files (x86)\Java\jre7\bin\msvcr100.dll
0x504d0000 - 0x50859000 	C:\Program Files (x86)\Java\jre7\bin\client\jvm.dll
0x74ce0000 - 0x74ce6000 	C:\WINDOWS\System32\PSAPI.DLL
0x72990000 - 0x72998000 	C:\WINDOWS\SYSTEM32\WSOCK32.dll
0x73b30000 - 0x73b54000 	C:\WINDOWS\SYSTEM32\WINMM.dll
0x74070000 - 0x740d3000 	C:\WINDOWS\System32\WS2_32.dll
0x73b00000 - 0x73b23000 	C:\WINDOWS\SYSTEM32\WINMMBASE.dll
0x74d00000 - 0x74d36000 	C:\WINDOWS\System32\cfgmgr32.dll
0x556a0000 - 0x556ac000 	C:\Program Files (x86)\Java\jre7\bin\verify.dll
0x55680000 - 0x556a0000 	C:\Program Files (x86)\Java\jre7\bin\java.dll
0x55660000 - 0x55673000 	C:\Program Files (x86)\Java\jre7\bin\zip.dll
0x0fb00000 - 0x0fd86000 	C:\Users\amanz360\Documents\GitHub\MoleAI\ExampleBot\bwapi_bridge2_5.dll
0x73cc0000 - 0x73dae000 	C:\WINDOWS\SYSTEM32\MSVCR120.dll
0x6cbc0000 - 0x6cc31000 	C:\WINDOWS\SYSTEM32\MSVCP120.dll
0x6f540000 - 0x6f59e000 	C:\Users\amanz360\Documents\GitHub\MoleAI\ExampleBot\libmpfr-4.dll
0x6acc0000 - 0x6ad27000 	C:\Users\amanz360\Documents\GitHub\MoleAI\ExampleBot\libgmp-10.dll
0x738d0000 - 0x73a15000 	C:\WINDOWS\SYSTEM32\dbghelp.dll

VM Arguments:
jvm_args: -Dfile.encoding=Cp1252 
java_command: TestBot1
Launcher Type: SUN_STANDARD

Environment Variables:
PATH=C:/Program Files (x86)/Java/jre7/bin/client;C:/Program Files (x86)/Java/jre7/bin;C:/Program Files (x86)/Java/jre7/lib/i386;C:\gurobi701\win64\bin;C:\Program Files (x86)\NVIDIA Corporation\PhysX\Common;C:\Program Files\Java\jdk1.8.0_45\bin;C:\ProgramData\Oracle\Java\javapath;c:\Program Files (x86)\Intel\iCLS Client\;c:\Program Files\Intel\iCLS Client\;C:\WINDOWS\system32;C:\WINDOWS;C:\WINDOWS\System32\Wbem;C:\WINDOWS\System32\WindowsPowerShell\v1.0\;C:\Program Files\Intel\WiFi\bin\;C:\Program Files\Common Files\Intel\WirelessCommon\;C:\Program Files\Mozart\bin;C:\Program Files\Microsoft SQL Server\110\Tools\Binn\;C:\Program Files (x86)\Skype\Phone\;C:\Program Files (x86)\Intel\Intel(R) Management Engine Components\DAL;C:\Program Files\Intel\Intel(R) Management Engine Components\DAL;C:\Program Files (x86)\Intel\Intel(R) Management Engine Components\IPT;C:\Program Files\Intel\Intel(R) Management Engine Components\IPT;C:\Go\bin;C:\WINDOWS\system32\config\systemprofile\.dnx\bin;C:\Program Files\Microsoft DNX\Dnvm\;C:\Program Files\Microsoft SQL Server\130\Tools\Binn\;C:\Program Files (x86)\Windows Kits\8.1\Windows Performance Toolkit\;c:\Program Files (x86)\Microsoft SQL Server\100\Tools\Binn\;c:\Program Files\Microsoft SQL Server\100\Tools\Binn\;c:\Program Files\Microsoft SQL Server\100\DTS\Binn\;C:\Users\amanz360\Anaconda3;C:\Users\amanz360\Anaconda3\Scripts;C:\Users\amanz360\Anaconda3\Library\bin;C:\Users\amanz360\AppData\Local\Microsoft\WindowsApps;;C:\Users\amanz360\Downloads\eclipse-java-mars-2-win32\eclipse;
USERNAME=amanz360
OS=Windows_NT
PROCESSOR_IDENTIFIER=Intel64 Family 6 Model 69 Stepping 1, GenuineIntel



---------------  S Y S T E M  ---------------

OS: Windows 8.1 , 64 bit Build 9600 

CPU:total 4 (2 cores per cpu, 2 threads per core) family 6 model 69 stepping 1, cmov, cx8, fxsr, mmx, sse, sse2, sse3, ssse3, sse4.1, sse4.2, popcnt, avx, avx2, aes, erms, ht, tsc, tscinvbit

Memory: 4k page, physical 6187596k(2595264k free), swap 10474704k(4518020k free)

vm_info: Java HotSpot(TM) Client VM (24.79-b02) for windows-x86 JRE (1.7.0_79-b15), built on Apr 10 2015 16:49:13 by "java_re" with unknown MS VC++:1600

time: Wed Dec 14 16:42:23 2016
elapsed time: 96 seconds

