#
# A fatal error has been detected by the Java Runtime Environment:
#
#  EXCEPTION_ACCESS_VIOLATION (0xc0000005) at pc=0x505954bb, pid=10088, tid=19244
#
# JRE version: Java(TM) SE Runtime Environment (7.0_79-b15) (build 1.7.0_79-b15)
# Java VM: Java HotSpot(TM) Client VM (24.79-b02 mixed mode, sharing windows-x86 )
# Problematic frame:
# V  [jvm.dll+0xc54bb]
#
# Failed to write core dump. Minidumps are not enabled by default on client versions of Windows
#
# If you would like to submit a bug report, please visit:
#   http://bugreport.java.com/bugreport/crash.jsp
#

---------------  T H R E A D  ---------------

Current thread (0x0100c400):  JavaThread "main" [_thread_in_vm, id=19244, stack(0x01060000,0x010b0000)]

siginfo: ExceptionCode=0xc0000005, reading address 0x00000000

Registers:
EAX=0x00000000, EBX=0x0100c530, ECX=0x00000000, EDX=0x00000001
ESP=0x010adcec, EBP=0x010add08, ESI=0x0100c530, EDI=0x0100c400
EIP=0x505954bb, EFLAGS=0x00010246

Top of Stack: (sp=0x010adcec)
0x010adcec:   00000000 250d1da8 0100c530 0100c400
0x010adcfc:   00000000 250d1da8 00000000 010add58
0x010add0c:   0f37554d 0100c530 00000000 250d0079
0x010add1c:   00000000 010add58 0f37551c 00000001
0x010add2c:   0000000f 0f380049 00000000 00000000
0x010add3c:   89abcdef 00000001 0000000f 0100c400
0x010add4c:   250d1da8 00000000 250d00d8 010add88
0x010add5c:   027bf8b8 0100c530 010add74 076f9de8 

Instructions: (pc=0x505954bb)
0x5059549b:   f3 ff 83 c4 08 83 7f 04 00 89 7d f0 c7 45 f4 00
0x505954ab:   00 00 00 74 08 8d 4d f0 e8 a8 a6 0c 00 8b 45 0c
0x505954bb:   8b 08 8b 51 04 8b 42 40 50 56 e8 26 df 07 00 83
0x505954cb:   c4 08 83 7d f4 00 89 45 08 74 08 8d 4d f0 e8 c2 


Register to memory mapping:

EAX=0x00000000 is an unknown value
EBX=0x0100c530 is an unknown value
ECX=0x00000000 is an unknown value
EDX=0x00000001 is an unknown value
ESP=0x010adcec is pointing into the stack for thread: 0x0100c400
EBP=0x010add08 is pointing into the stack for thread: 0x0100c400
ESI=0x0100c530 is an unknown value
EDI=0x0100c400 is a thread


Stack: [0x01060000,0x010b0000],  sp=0x010adcec,  free space=311k
Native frames: (J=compiled Java code, j=interpreted, Vv=VM code, C=native code)
V  [jvm.dll+0xc54bb]
C  [bwapi_bridge2_5.dll+0x3554d]
J 201  bwapi.Unit.getDistance_native(JLbwapi/Position;)I (0 bytes) @ 0x027bf8b8 [0x027bf810+0xa8]
J 109 C1 Base.assaultPosition(Lbwapi/Game;)V (354 bytes) @ 0x0279be48 [0x0279b910+0x538]
J 180 C1 Base.manageMarines(Lbwapi/Game;)V (84 bytes) @ 0x027b7c7c [0x027b7be0+0x9c]
J 137 C1 StrategyManager.runBases(Lbwapi/Game;Lbwapi/Player;)V (315 bytes) @ 0x027a6b78 [0x027a67e0+0x398]
J 175 C1 StrategyManager.update(Lbwapi/Game;Lbwapi/Player;)V (100 bytes) @ 0x027b65fc [0x027b6470+0x18c]
J 166 C1 TestBot1.onFrame()V (86 bytes) @ 0x027b541c [0x027b51b0+0x26c]
J 165 C1 bwapi.AIModule.onFrame()V (17 bytes) @ 0x027b4f44 [0x027b4f10+0x34]
v  ~StubRoutines::call_stub
V  [jvm.dll+0x14234a]
V  [jvm.dll+0x206ebe]
V  [jvm.dll+0x1423cd]
V  [jvm.dll+0xcb5c2]
V  [jvm.dll+0xcf213]
C  [bwapi_bridge2_5.dll+0x1b20d]
C  [bwapi_bridge2_5.dll+0x75101]
j  bwapi.Mirror.startGame()V+0
j  TestBot1.run()V+15
j  TestBot1.main([Ljava/lang/String;)V+7
v  ~StubRoutines::call_stub
V  [jvm.dll+0x14234a]
V  [jvm.dll+0x206ebe]
V  [jvm.dll+0x1423cd]
V  [jvm.dll+0xcb345]
V  [jvm.dll+0xd5ff7]
C  [javaw.exe+0x2070]
C  [javaw.exe+0xa601]
C  [javaw.exe+0xa68b]
C  [KERNEL32.DLL+0x162c4]
C  [ntdll.dll+0x60fd9]
C  [ntdll.dll+0x60fa4]

Java frames: (J=compiled Java code, j=interpreted, Vv=VM code)
J 201  bwapi.Unit.getDistance_native(JLbwapi/Position;)I (0 bytes) @ 0x027bf874 [0x027bf810+0x64]
J 109 C1 Base.assaultPosition(Lbwapi/Game;)V (354 bytes) @ 0x0279be48 [0x0279b910+0x538]
J 180 C1 Base.manageMarines(Lbwapi/Game;)V (84 bytes) @ 0x027b7c7c [0x027b7be0+0x9c]
J 137 C1 StrategyManager.runBases(Lbwapi/Game;Lbwapi/Player;)V (315 bytes) @ 0x027a6b78 [0x027a67e0+0x398]
J 175 C1 StrategyManager.update(Lbwapi/Game;Lbwapi/Player;)V (100 bytes) @ 0x027b65fc [0x027b6470+0x18c]
J 166 C1 TestBot1.onFrame()V (86 bytes) @ 0x027b541c [0x027b51b0+0x26c]
J 165 C1 bwapi.AIModule.onFrame()V (17 bytes) @ 0x027b4f44 [0x027b4f10+0x34]
v  ~StubRoutines::call_stub
j  bwapi.Mirror.startGame()V+0
j  TestBot1.run()V+15
j  TestBot1.main([Ljava/lang/String;)V+7
v  ~StubRoutines::call_stub

---------------  P R O C E S S  ---------------

Java Threads: ( => current thread )
  0x01178800 JavaThread "Service Thread" daemon [_thread_blocked, id=19056, stack(0x04b90000,0x04be0000)]
  0x01173800 JavaThread "C1 CompilerThread0" daemon [_thread_blocked, id=8112, stack(0x04b00000,0x04b50000)]
  0x01172000 JavaThread "Attach Listener" daemon [_thread_blocked, id=18880, stack(0x04a70000,0x04ac0000)]
  0x0116ec00 JavaThread "Signal Dispatcher" daemon [_thread_blocked, id=5360, stack(0x049e0000,0x04a30000)]
  0x01100c00 JavaThread "Finalizer" daemon [_thread_blocked, id=10136, stack(0x04950000,0x049a0000)]
  0x010ff000 JavaThread "Reference Handler" daemon [_thread_blocked, id=22472, stack(0x048c0000,0x04910000)]
=>0x0100c400 JavaThread "main" [_thread_in_vm, id=19244, stack(0x01060000,0x010b0000)]

Other Threads:
  0x010fdc00 VMThread [stack: 0x04830000,0x04880000] [id=16844]
  0x01188800 WatcherThread [stack: 0x04c20000,0x04c70000] [id=10100]

VM state:not at safepoint (normal execution)

VM Mutex/Monitor currently owned by a thread: None

Heap
 def new generation   total 4928K, used 378K [0x24c00000, 0x25150000, 0x2a150000)
  eden space 4416K,   8% used [0x24c00000, 0x24c5c408, 0x25050000)
  from space 512K,   1% used [0x250d0000, 0x250d25e0, 0x25150000)
  to   space 512K,   0% used [0x25050000, 0x25050000, 0x250d0000)
 tenured generation   total 10944K, used 327K [0x2a150000, 0x2ac00000, 0x34c00000)
   the space 10944K,   2% used [0x2a150000, 0x2a1a1e70, 0x2a1a2000, 0x2ac00000)
 compacting perm gen  total 12288K, used 658K [0x34c00000, 0x35800000, 0x38c00000)
   the space 12288K,   5% used [0x34c00000, 0x34ca4b10, 0x34ca4c00, 0x35800000)
    ro space 10240K,  42% used [0x38c00000, 0x39036058, 0x39036200, 0x39600000)
    rw space 12288K,  51% used [0x39600000, 0x39c3bdb0, 0x39c3be00, 0x3a200000)

Card table byte_map: [0x046f0000,0x047a0000] byte_map_base: 0x045ca000

Polling page: 0x010b0000

Code Cache  [0x026f0000, 0x027d8000, 0x046f0000)
 total_blobs=425 nmethods=288 adapters=74 free_code_cache=31857Kb largest_free_block=32622144

Compilation events (10 events):
Event: 100.741 Thread 0x01173800  283             bwapi.PositionOrUnit::isUnit (13 bytes)
Event: 100.741 Thread 0x01173800 nmethod 283 0x027d1b08 code [0x027d1c00, 0x027d1c90]
Event: 100.763 Thread 0x01173800  284             Base::gasesSaturated (43 bytes)
Event: 100.764 Thread 0x01173800 nmethod 284 0x027d1cc8 code [0x027d1de0, 0x027d1f78]
Event: 100.906 Thread 0x01173800  285   !         java.nio.charset.CharsetEncoder::encode (285 bytes)
Event: 100.907 Thread 0x01173800 nmethod 285 0x027d2108 code [0x027d22a0, 0x027d2720]
Event: 101.298 Thread 0x01173800  287  s          java.io.BufferedOutputStream::write (67 bytes)
Event: 101.298 Thread 0x01173800 nmethod 287 0x027d2e88 code [0x027d2fc0, 0x027d3360]
Event: 101.495 Thread 0x01173800  288             Base::alreadyHaveUnit (45 bytes)
Event: 101.496 Thread 0x01173800 nmethod 288 0x027d34c8 code [0x027d3600, 0x027d37d4]

GC Heap History (10 events):
Event: 101.518 GC heap before
{Heap before GC invocations=182 (full 0):
 def new generation   total 4928K, used 4425K [0x24c00000, 0x25150000, 0x2a150000)
  eden space 4416K, 100% used [0x24c00000, 0x25050000, 0x25050000)
  from space 512K,   1% used [0x25050000, 0x250524d8, 0x250d0000)
  to   space 512K,   0% used [0x250d0000, 0x250d0000, 0x25150000)
 tenured generation   total 10944K, used 324K [0x2a150000, 0x2ac00000, 0x34c00000)
   the space 10944K,   2% used [0x2a150000, 0x2a1a1258, 0x2a1a1400, 0x2ac00000)
 compacting perm gen  total 12288K, used 658K [0x34c00000, 0x35800000, 0x38c00000)
   the space 12288K,   5% used [0x34c00000, 0x34ca4b10, 0x34ca4c00, 0x35800000)
    ro space 10240K,  42% used [0x38c00000, 0x39036058, 0x39036200, 0x39600000)
    rw space 12288K,  51% used [0x39600000, 0x39c3bdb0, 0x39c3be00, 0x3a200000)
Event: 101.519 GC heap after
Heap after GC invocations=183 (full 0):
 def new generation   total 4928K, used 9K [0x24c00000, 0x25150000, 0x2a150000)
  eden space 4416K,   0% used [0x24c00000, 0x24c00000, 0x25050000)
  from space 512K,   1% used [0x250d0000, 0x250d2640, 0x25150000)
  to   space 512K,   0% used [0x25050000, 0x25050000, 0x250d0000)
 tenured generation   total 10944K, used 326K [0x2a150000, 0x2ac00000, 0x34c00000)
   the space 10944K,   2% used [0x2a150000, 0x2a1a1a30, 0x2a1a1c00, 0x2ac00000)
 compacting perm gen  total 12288K, used 658K [0x34c00000, 0x35800000, 0x38c00000)
   the space 12288K,   5% used [0x34c00000, 0x34ca4b10, 0x34ca4c00, 0x35800000)
    ro space 10240K,  42% used [0x38c00000, 0x39036058, 0x39036200, 0x39600000)
    rw space 12288K,  51% used [0x39600000, 0x39c3bdb0, 0x39c3be00, 0x3a200000)
}
Event: 101.951 GC heap before
{Heap before GC invocations=183 (full 0):
 def new generation   total 4928K, used 4425K [0x24c00000, 0x25150000, 0x2a150000)
  eden space 4416K, 100% used [0x24c00000, 0x25050000, 0x25050000)
  from space 512K,   1% used [0x250d0000, 0x250d2640, 0x25150000)
  to   space 512K,   0% used [0x25050000, 0x25050000, 0x250d0000)
 tenured generation   total 10944K, used 326K [0x2a150000, 0x2ac00000, 0x34c00000)
   the space 10944K,   2% used [0x2a150000, 0x2a1a1a30, 0x2a1a1c00, 0x2ac00000)
 compacting perm gen  total 12288K, used 658K [0x34c00000, 0x35800000, 0x38c00000)
   the space 12288K,   5% used [0x34c00000, 0x34ca4b10, 0x34ca4c00, 0x35800000)
    ro space 10240K,  42% used [0x38c00000, 0x39036058, 0x39036200, 0x39600000)
    rw space 12288K,  51% used [0x39600000, 0x39c3bdb0, 0x39c3be00, 0x3a200000)
Event: 101.952 GC heap after
Heap after GC invocations=184 (full 0):
 def new generation   total 4928K, used 9K [0x24c00000, 0x25150000, 0x2a150000)
  eden space 4416K,   0% used [0x24c00000, 0x24c00000, 0x25050000)
  from space 512K,   1% used [0x25050000, 0x25052530, 0x250d0000)
  to   space 512K,   0% used [0x250d0000, 0x250d0000, 0x25150000)
 tenured generation   total 10944K, used 326K [0x2a150000, 0x2ac00000, 0x34c00000)
   the space 10944K,   2% used [0x2a150000, 0x2a1a1b80, 0x2a1a1c00, 0x2ac00000)
 compacting perm gen  total 12288K, used 658K [0x34c00000, 0x35800000, 0x38c00000)
   the space 12288K,   5% used [0x34c00000, 0x34ca4b10, 0x34ca4c00, 0x35800000)
    ro space 10240K,  42% used [0x38c00000, 0x39036058, 0x39036200, 0x39600000)
    rw space 12288K,  51% used [0x39600000, 0x39c3bdb0, 0x39c3be00, 0x3a200000)
}
Event: 102.420 GC heap before
{Heap before GC invocations=184 (full 0):
 def new generation   total 4928K, used 4425K [0x24c00000, 0x25150000, 0x2a150000)
  eden space 4416K, 100% used [0x24c00000, 0x25050000, 0x25050000)
  from space 512K,   1% used [0x25050000, 0x25052530, 0x250d0000)
  to   space 512K,   0% used [0x250d0000, 0x250d0000, 0x25150000)
 tenured generation   total 10944K, used 326K [0x2a150000, 0x2ac00000, 0x34c00000)
   the space 10944K,   2% used [0x2a150000, 0x2a1a1b80, 0x2a1a1c00, 0x2ac00000)
 compacting perm gen  total 12288K, used 658K [0x34c00000, 0x35800000, 0x38c00000)
   the space 12288K,   5% used [0x34c00000, 0x34ca4b10, 0x34ca4c00, 0x35800000)
    ro space 10240K,  42% used [0x38c00000, 0x39036058, 0x39036200, 0x39600000)
    rw space 12288K,  51% used [0x39600000, 0x39c3bdb0, 0x39c3be00, 0x3a200000)
Event: 102.420 GC heap after
Heap after GC invocations=185 (full 0):
 def new generation   total 4928K, used 9K [0x24c00000, 0x25150000, 0x2a150000)
  eden space 4416K,   0% used [0x24c00000, 0x24c00000, 0x25050000)
  from space 512K,   1% used [0x250d0000, 0x250d2618, 0x25150000)
  to   space 512K,   0% used [0x25050000, 0x25050000, 0x250d0000)
 tenured generation   total 10944K, used 327K [0x2a150000, 0x2ac00000, 0x34c00000)
   the space 10944K,   2% used [0x2a150000, 0x2a1a1cb8, 0x2a1a1e00, 0x2ac00000)
 compacting perm gen  total 12288K, used 658K [0x34c00000, 0x35800000, 0x38c00000)
   the space 12288K,   5% used [0x34c00000, 0x34ca4b10, 0x34ca4c00, 0x35800000)
    ro space 10240K,  42% used [0x38c00000, 0x39036058, 0x39036200, 0x39600000)
    rw space 12288K,  51% used [0x39600000, 0x39c3bdb0, 0x39c3be00, 0x3a200000)
}
Event: 102.920 GC heap before
{Heap before GC invocations=185 (full 0):
 def new generation   total 4928K, used 4425K [0x24c00000, 0x25150000, 0x2a150000)
  eden space 4416K, 100% used [0x24c00000, 0x25050000, 0x25050000)
  from space 512K,   1% used [0x250d0000, 0x250d2618, 0x25150000)
  to   space 512K,   0% used [0x25050000, 0x25050000, 0x250d0000)
 tenured generation   total 10944K, used 327K [0x2a150000, 0x2ac00000, 0x34c00000)
   the space 10944K,   2% used [0x2a150000, 0x2a1a1cb8, 0x2a1a1e00, 0x2ac00000)
 compacting perm gen  total 12288K, used 658K [0x34c00000, 0x35800000, 0x38c00000)
   the space 12288K,   5% used [0x34c00000, 0x34ca4b10, 0x34ca4c00, 0x35800000)
    ro space 10240K,  42% used [0x38c00000, 0x39036058, 0x39036200, 0x39600000)
    rw space 12288K,  51% used [0x39600000, 0x39c3bdb0, 0x39c3be00, 0x3a200000)
Event: 102.920 GC heap after
Heap after GC invocations=186 (full 0):
 def new generation   total 4928K, used 9K [0x24c00000, 0x25150000, 0x2a150000)
  eden space 4416K,   0% used [0x24c00000, 0x24c00000, 0x25050000)
  from space 512K,   1% used [0x25050000, 0x250526a8, 0x250d0000)
  to   space 512K,   0% used [0x250d0000, 0x250d0000, 0x25150000)
 tenured generation   total 10944K, used 327K [0x2a150000, 0x2ac00000, 0x34c00000)
   the space 10944K,   2% used [0x2a150000, 0x2a1a1d70, 0x2a1a1e00, 0x2ac00000)
 compacting perm gen  total 12288K, used 658K [0x34c00000, 0x35800000, 0x38c00000)
   the space 12288K,   5% used [0x34c00000, 0x34ca4b10, 0x34ca4c00, 0x35800000)
    ro space 10240K,  42% used [0x38c00000, 0x39036058, 0x39036200, 0x39600000)
    rw space 12288K,  51% used [0x39600000, 0x39c3bdb0, 0x39c3be00, 0x3a200000)
}
Event: 103.451 GC heap before
{Heap before GC invocations=186 (full 0):
 def new generation   total 4928K, used 4425K [0x24c00000, 0x25150000, 0x2a150000)
  eden space 4416K, 100% used [0x24c00000, 0x25050000, 0x25050000)
  from space 512K,   1% used [0x25050000, 0x250526a8, 0x250d0000)
  to   space 512K,   0% used [0x250d0000, 0x250d0000, 0x25150000)
 tenured generation   total 10944K, used 327K [0x2a150000, 0x2ac00000, 0x34c00000)
   the space 10944K,   2% used [0x2a150000, 0x2a1a1d70, 0x2a1a1e00, 0x2ac00000)
 compacting perm gen  total 12288K, used 658K [0x34c00000, 0x35800000, 0x38c00000)
   the space 12288K,   5% used [0x34c00000, 0x34ca4b10, 0x34ca4c00, 0x35800000)
    ro space 10240K,  42% used [0x38c00000, 0x39036058, 0x39036200, 0x39600000)
    rw space 12288K,  51% used [0x39600000, 0x39c3bdb0, 0x39c3be00, 0x3a200000)
Event: 103.452 GC heap after
Heap after GC invocations=187 (full 0):
 def new generation   total 4928K, used 9K [0x24c00000, 0x25150000, 0x2a150000)
  eden space 4416K,   0% used [0x24c00000, 0x24c00000, 0x25050000)
  from space 512K,   1% used [0x250d0000, 0x250d25e0, 0x25150000)
  to   space 512K,   0% used [0x25050000, 0x25050000, 0x250d0000)
 tenured generation   total 10944K, used 327K [0x2a150000, 0x2ac00000, 0x34c00000)
   the space 10944K,   2% used [0x2a150000, 0x2a1a1e70, 0x2a1a2000, 0x2ac00000)
 compacting perm gen  total 12288K, used 658K [0x34c00000, 0x35800000, 0x38c00000)
   the space 12288K,   5% used [0x34c00000, 0x34ca4b10, 0x34ca4c00, 0x35800000)
    ro space 10240K,  42% used [0x38c00000, 0x39036058, 0x39036200, 0x39600000)
    rw space 12288K,  51% used [0x39600000, 0x39c3bdb0, 0x39c3be00, 0x3a200000)
}

Deoptimization events (0 events):
No events

Internal exceptions (10 events):
Event: 40.886 Thread 0x0100c400 Implicit null exception at 0x0279db2e to 0x0279e0df
Event: 40.886 Thread 0x0100c400 Threw 0x24d71810 at C:\re\jdk7u79\2331\hotspot\src\share\vm\runtime\sharedRuntime.cpp:591
Event: 40.889 Thread 0x0100c400 Implicit null exception at 0x0279db2e to 0x0279e0df
Event: 40.889 Thread 0x0100c400 Threw 0x24d75bd0 at C:\re\jdk7u79\2331\hotspot\src\share\vm\runtime\sharedRuntime.cpp:591
Event: 40.902 Thread 0x0100c400 Implicit null exception at 0x0279db2e to 0x0279e0df
Event: 40.902 Thread 0x0100c400 Threw 0x24d79f80 at C:\re\jdk7u79\2331\hotspot\src\share\vm\runtime\sharedRuntime.cpp:591
Event: 40.918 Thread 0x0100c400 Implicit null exception at 0x0279db2e to 0x0279e0df
Event: 40.918 Thread 0x0100c400 Threw 0x24d7e330 at C:\re\jdk7u79\2331\hotspot\src\share\vm\runtime\sharedRuntime.cpp:591
Event: 40.921 Thread 0x0100c400 Implicit null exception at 0x0279db2e to 0x0279e0df
Event: 40.921 Thread 0x0100c400 Threw 0x24d826e0 at C:\re\jdk7u79\2331\hotspot\src\share\vm\runtime\sharedRuntime.cpp:591

Events (10 events):
Event: 101.518 Executing VM operation: GenCollectForAllocation
Event: 101.519 Executing VM operation: GenCollectForAllocation done
Event: 101.951 Executing VM operation: GenCollectForAllocation
Event: 101.952 Executing VM operation: GenCollectForAllocation done
Event: 102.420 Executing VM operation: GenCollectForAllocation
Event: 102.420 Executing VM operation: GenCollectForAllocation done
Event: 102.920 Executing VM operation: GenCollectForAllocation
Event: 102.920 Executing VM operation: GenCollectForAllocation done
Event: 103.451 Executing VM operation: GenCollectForAllocation
Event: 103.452 Executing VM operation: GenCollectForAllocation done


Dynamic libraries:
0x012c0000 - 0x012ef000 	C:\Program Files (x86)\Java\jre7\bin\javaw.exe
0x773a0000 - 0x77523000 	C:\WINDOWS\SYSTEM32\ntdll.dll
0x767b0000 - 0x76890000 	C:\WINDOWS\System32\KERNEL32.DLL
0x76600000 - 0x767a1000 	C:\WINDOWS\System32\KERNELBASE.dll
0x740e0000 - 0x74157000 	C:\WINDOWS\System32\ADVAPI32.dll
0x74500000 - 0x745be000 	C:\WINDOWS\System32\msvcrt.dll
0x74a30000 - 0x74a71000 	C:\WINDOWS\System32\sechost.dll
0x73e80000 - 0x73f41000 	C:\WINDOWS\System32\RPCRT4.dll
0x73e60000 - 0x73e7e000 	C:\WINDOWS\System32\SspiCli.dll
0x73e50000 - 0x73e5a000 	C:\WINDOWS\System32\CRYPTBASE.dll
0x76ad0000 - 0x76b2a000 	C:\WINDOWS\System32\bcryptPrimitives.dll
0x77220000 - 0x7737f000 	C:\WINDOWS\System32\USER32.dll
0x76130000 - 0x76145000 	C:\WINDOWS\System32\win32u.dll
0x74040000 - 0x7406b000 	C:\WINDOWS\System32\GDI32.dll
0x74220000 - 0x7437b000 	C:\WINDOWS\System32\gdi32full.dll
0x71be0000 - 0x71dea000 	C:\WINDOWS\WinSxS\x86_microsoft.windows.common-controls_6595b64144ccf1df_6.0.14393.447_none_89c64d28dafea4b9\COMCTL32.dll
0x745c0000 - 0x747d1000 	C:\WINDOWS\System32\combase.dll
0x74380000 - 0x74460000 	C:\WINDOWS\System32\ucrtbase.dll
0x747e0000 - 0x74805000 	C:\WINDOWS\System32\IMM32.DLL
0x776d0000 - 0x7778f000 	C:\Program Files (x86)\Java\jre7\bin\msvcr100.dll
0x504d0000 - 0x50859000 	C:\Program Files (x86)\Java\jre7\bin\client\jvm.dll
0x74ce0000 - 0x74ce6000 	C:\WINDOWS\System32\PSAPI.DLL
0x72990000 - 0x72998000 	C:\WINDOWS\SYSTEM32\WSOCK32.dll
0x73b30000 - 0x73b54000 	C:\WINDOWS\SYSTEM32\WINMM.dll
0x74070000 - 0x740d3000 	C:\WINDOWS\System32\WS2_32.dll
0x00fc0000 - 0x00fe3000 	C:\WINDOWS\SYSTEM32\WINMMBASE.dll
0x74d00000 - 0x74d36000 	C:\WINDOWS\System32\cfgmgr32.dll
0x556a0000 - 0x556ac000 	C:\Program Files (x86)\Java\jre7\bin\verify.dll
0x55680000 - 0x556a0000 	C:\Program Files (x86)\Java\jre7\bin\java.dll
0x55660000 - 0x55673000 	C:\Program Files (x86)\Java\jre7\bin\zip.dll
0x0f340000 - 0x0f5c6000 	C:\Users\amanz360\Documents\GitHub\MoleAI\ExampleBot\bwapi_bridge2_5.dll
0x6cbc0000 - 0x6cc31000 	C:\WINDOWS\SYSTEM32\MSVCP120.dll
0x73cc0000 - 0x73dae000 	C:\WINDOWS\SYSTEM32\MSVCR120.dll
0x6acc0000 - 0x6ad27000 	C:\Users\amanz360\Documents\GitHub\MoleAI\ExampleBot\libgmp-10.dll
0x6f540000 - 0x6f59e000 	C:\Users\amanz360\Documents\GitHub\MoleAI\ExampleBot\libmpfr-4.dll
0x738d0000 - 0x73a15000 	C:\WINDOWS\SYSTEM32\dbghelp.dll

VM Arguments:
jvm_args: -Dfile.encoding=Cp1252 
java_command: TestBot1
Launcher Type: SUN_STANDARD

Environment Variables:
PATH=C:/Program Files (x86)/Java/jre7/bin/client;C:/Program Files (x86)/Java/jre7/bin;C:/Program Files (x86)/Java/jre7/lib/i386;C:\gurobi701\win64\bin;C:\Program Files (x86)\NVIDIA Corporation\PhysX\Common;C:\Program Files\Java\jdk1.8.0_45\bin;C:\ProgramData\Oracle\Java\javapath;c:\Program Files (x86)\Intel\iCLS Client\;c:\Program Files\Intel\iCLS Client\;C:\WINDOWS\system32;C:\WINDOWS;C:\WINDOWS\System32\Wbem;C:\WINDOWS\System32\WindowsPowerShell\v1.0\;C:\Program Files\Intel\WiFi\bin\;C:\Program Files\Common Files\Intel\WirelessCommon\;C:\Program Files\Mozart\bin;C:\Program Files\Microsoft SQL Server\110\Tools\Binn\;C:\Program Files (x86)\Skype\Phone\;C:\Program Files (x86)\Intel\Intel(R) Management Engine Components\DAL;C:\Program Files\Intel\Intel(R) Management Engine Components\DAL;C:\Program Files (x86)\Intel\Intel(R) Management Engine Components\IPT;C:\Program Files\Intel\Intel(R) Management Engine Components\IPT;C:\Go\bin;C:\WINDOWS\system32\config\systemprofile\.dnx\bin;C:\Program Files\Microsoft DNX\Dnvm\;C:\Program Files\Microsoft SQL Server\130\Tools\Binn\;C:\Program Files (x86)\Windows Kits\8.1\Windows Performance Toolkit\;c:\Program Files (x86)\Microsoft SQL Server\100\Tools\Binn\;c:\Program Files\Microsoft SQL Server\100\Tools\Binn\;c:\Program Files\Microsoft SQL Server\100\DTS\Binn\;C:\Users\amanz360\Anaconda3;C:\Users\amanz360\Anaconda3\Scripts;C:\Users\amanz360\Anaconda3\Library\bin;C:\Users\amanz360\AppData\Local\Microsoft\WindowsApps;;C:\Users\amanz360\Downloads\eclipse-java-mars-2-win32\eclipse;
USERNAME=amanz360
OS=Windows_NT
PROCESSOR_IDENTIFIER=Intel64 Family 6 Model 69 Stepping 1, GenuineIntel



---------------  S Y S T E M  ---------------

OS: Windows 8.1 , 64 bit Build 9600 

CPU:total 4 (2 cores per cpu, 2 threads per core) family 6 model 69 stepping 1, cmov, cx8, fxsr, mmx, sse, sse2, sse3, ssse3, sse4.1, sse4.2, popcnt, avx, avx2, aes, erms, ht, tsc, tscinvbit

Memory: 4k page, physical 6187596k(2772204k free), swap 10474704k(4689392k free)

vm_info: Java HotSpot(TM) Client VM (24.79-b02) for windows-x86 JRE (1.7.0_79-b15), built on Apr 10 2015 16:49:13 by "java_re" with unknown MS VC++:1600

time: Wed Dec 14 15:29:27 2016
elapsed time: 103 seconds

