#
# A fatal error has been detected by the Java Runtime Environment:
#
#  EXCEPTION_ACCESS_VIOLATION (0xc0000005) at pc=0x505954bb, pid=21148, tid=14264
#
# JRE version: Java(TM) SE Runtime Environment (7.0_79-b15) (build 1.7.0_79-b15)
# Java VM: Java HotSpot(TM) Client VM (24.79-b02 mixed mode, sharing windows-x86 )
# Problematic frame:
# V  [jvm.dll+0xc54bb]
#
# Failed to write core dump. Minidumps are not enabled by default on client versions of Windows
#
# If you would like to submit a bug report, please visit:
#   http://bugreport.java.com/bugreport/crash.jsp
#

---------------  T H R E A D  ---------------

Current thread (0x02ccc400):  JavaThread "main" [_thread_in_vm, id=14264, stack(0x02b90000,0x02be0000)]

siginfo: ExceptionCode=0xc0000005, reading address 0x00000000

Registers:
EAX=0x00000000, EBX=0x02ccc530, ECX=0x00000000, EDX=0x00000007
ESP=0x02bddbbc, EBP=0x02bddbd8, ESI=0x02ccc530, EDI=0x02ccc400
EIP=0x505954bb, EFLAGS=0x00010246

Top of Stack: (sp=0x02bddbbc)
0x02bddbbc:   02ccc400 07a0ade8 02ccc530 02ccc400
0x02bddbcc:   00000000 07a0ade8 00000000 02bddc28
0x02bddbdc:   0f12564d 02ccc530 00000000 6e696f70
0x02bddbec:   00726574 02bddc28 0f12561d 00000007
0x02bddbfc:   0000000f 0000004a 02ccc530 02bddc48
0x02bddc0c:   0f12567d 00000001 0000000f 07a0ade8
0x02bddc1c:   00000000 02e62908 00000000 02bddc58
0x02bddc2c:   02f054b8 02ccc530 02bddc44 07a0ade8 

Instructions: (pc=0x505954bb)
0x5059549b:   f3 ff 83 c4 08 83 7f 04 00 89 7d f0 c7 45 f4 00
0x505954ab:   00 00 00 74 08 8d 4d f0 e8 a8 a6 0c 00 8b 45 0c
0x505954bb:   8b 08 8b 51 04 8b 42 40 50 56 e8 26 df 07 00 83
0x505954cb:   c4 08 83 7d f4 00 89 45 08 74 08 8d 4d f0 e8 c2 


Register to memory mapping:

EAX=0x00000000 is an unknown value
EBX=0x02ccc530 is an unknown value
ECX=0x00000000 is an unknown value
EDX=0x00000007 is an unknown value
ESP=0x02bddbbc is pointing into the stack for thread: 0x02ccc400
EBP=0x02bddbd8 is pointing into the stack for thread: 0x02ccc400
ESI=0x02ccc530 is an unknown value
EDI=0x02ccc400 is a thread


Stack: [0x02b90000,0x02be0000],  sp=0x02bddbbc,  free space=310k
Native frames: (J=compiled Java code, j=interpreted, Vv=VM code, C=native code)
V  [jvm.dll+0xc54bb]
C  [bwapi_bridge2_5.dll+0x3564d]
J 81  bwapi.Unit.getDistance_native(JLbwapi/Unit;)I (0 bytes) @ 0x02f054b8 [0x02f05410+0xa8]
J 80 C1 bwapi.Unit.getDistance(Lbwapi/Unit;)I (10 bytes) @ 0x02f056f0 [0x02f056c0+0x30]
j  MoleUnit.getClosestDamagedAllyInRadius(I)Lbwapi/Unit;+71
J 109 C1 Base.assaultPosition(Lbwapi/Game;)V (410 bytes) @ 0x02f0bf0c [0x02f0b960+0x5ac]
J 183 C1 Base.manageMarines(Lbwapi/Game;)V (84 bytes) @ 0x02f27810 [0x02f276e0+0x130]
J 139 C1 StrategyManager.runBases(Lbwapi/Game;Lbwapi/Player;)V (325 bytes) @ 0x02f17f38 [0x02f17b70+0x3c8]
J 177 C1 StrategyManager.update(Lbwapi/Game;Lbwapi/Player;)V (100 bytes) @ 0x02f25d3c [0x02f25bb0+0x18c]
J 170 C1 TestBot1.onFrame()V (86 bytes) @ 0x02f24d5c [0x02f24af0+0x26c]
J 169 C1 bwapi.AIModule.onFrame()V (17 bytes) @ 0x02f24884 [0x02f24850+0x34]
v  ~StubRoutines::call_stub
V  [jvm.dll+0x14234a]
V  [jvm.dll+0x206ebe]
V  [jvm.dll+0x1423cd]
V  [jvm.dll+0xcb5c2]
V  [jvm.dll+0xcf213]
C  [bwapi_bridge2_5.dll+0x1b20d]
C  [bwapi_bridge2_5.dll+0x75101]
j  bwapi.Mirror.startGame()V+0
j  TestBot1.run()V+15
j  TestBot1.main([Ljava/lang/String;)V+7
v  ~StubRoutines::call_stub
V  [jvm.dll+0x14234a]
V  [jvm.dll+0x206ebe]
V  [jvm.dll+0x1423cd]
V  [jvm.dll+0xcb345]
V  [jvm.dll+0xd5ff7]
C  [javaw.exe+0x2070]
C  [javaw.exe+0xa601]
C  [javaw.exe+0xa68b]
C  [KERNEL32.DLL+0x162c4]
C  [ntdll.dll+0x60fd9]
C  [ntdll.dll+0x60fa4]

Java frames: (J=compiled Java code, j=interpreted, Vv=VM code)
J 81  bwapi.Unit.getDistance_native(JLbwapi/Unit;)I (0 bytes) @ 0x02f05474 [0x02f05410+0x64]
J 80 C1 bwapi.Unit.getDistance(Lbwapi/Unit;)I (10 bytes) @ 0x02f056f0 [0x02f056c0+0x30]
j  MoleUnit.getClosestDamagedAllyInRadius(I)Lbwapi/Unit;+71
J 109 C1 Base.assaultPosition(Lbwapi/Game;)V (410 bytes) @ 0x02f0bf0c [0x02f0b960+0x5ac]
J 183 C1 Base.manageMarines(Lbwapi/Game;)V (84 bytes) @ 0x02f27810 [0x02f276e0+0x130]
J 139 C1 StrategyManager.runBases(Lbwapi/Game;Lbwapi/Player;)V (325 bytes) @ 0x02f17f38 [0x02f17b70+0x3c8]
J 177 C1 StrategyManager.update(Lbwapi/Game;Lbwapi/Player;)V (100 bytes) @ 0x02f25d3c [0x02f25bb0+0x18c]
J 170 C1 TestBot1.onFrame()V (86 bytes) @ 0x02f24d5c [0x02f24af0+0x26c]
J 169 C1 bwapi.AIModule.onFrame()V (17 bytes) @ 0x02f24884 [0x02f24850+0x34]
v  ~StubRoutines::call_stub
j  bwapi.Mirror.startGame()V+0
j  TestBot1.run()V+15
j  TestBot1.main([Ljava/lang/String;)V+7
v  ~StubRoutines::call_stub

---------------  P R O C E S S  ---------------

Java Threads: ( => current thread )
  0x02dfec00 JavaThread "Service Thread" daemon [_thread_blocked, id=19092, stack(0x052b0000,0x05300000)]
  0x02df3800 JavaThread "C1 CompilerThread0" daemon [_thread_blocked, id=15412, stack(0x05220000,0x05270000)]
  0x02df2400 JavaThread "Attach Listener" daemon [_thread_blocked, id=10488, stack(0x05190000,0x051e0000)]
  0x02def000 JavaThread "Signal Dispatcher" daemon [_thread_blocked, id=25208, stack(0x05100000,0x05150000)]
  0x02d80c00 JavaThread "Finalizer" daemon [_thread_blocked, id=21272, stack(0x05070000,0x050c0000)]
  0x02d7f000 JavaThread "Reference Handler" daemon [_thread_blocked, id=11380, stack(0x04fe0000,0x05030000)]
=>0x02ccc400 JavaThread "main" [_thread_in_vm, id=14264, stack(0x02b90000,0x02be0000)]

Other Threads:
  0x02d7dc00 VMThread [stack: 0x04f50000,0x04fa0000] [id=1660]
  0x02e16400 WatcherThread [stack: 0x05340000,0x05390000] [id=24728]

VM state:not at safepoint (normal execution)

VM Mutex/Monitor currently owned by a thread: None

Heap
 def new generation   total 4928K, used 2436K [0x24c00000, 0x25150000, 0x2a150000)
  eden space 4416K,  54% used [0x24c00000, 0x24e56170, 0x25050000)
  from space 512K,   8% used [0x25050000, 0x2505b1b8, 0x250d0000)
  to   space 512K,   0% used [0x250d0000, 0x250d0000, 0x25150000)
 tenured generation   total 10944K, used 343K [0x2a150000, 0x2ac00000, 0x34c00000)
   the space 10944K,   3% used [0x2a150000, 0x2a1a5cc0, 0x2a1a5e00, 0x2ac00000)
 compacting perm gen  total 12288K, used 659K [0x34c00000, 0x35800000, 0x38c00000)
   the space 12288K,   5% used [0x34c00000, 0x34ca4f00, 0x34ca5000, 0x35800000)
    ro space 10240K,  42% used [0x38c00000, 0x39036058, 0x39036200, 0x39600000)
    rw space 12288K,  51% used [0x39600000, 0x39c3bdb0, 0x39c3be00, 0x3a200000)

Card table byte_map: [0x04e60000,0x04f10000] byte_map_base: 0x04d3a000

Polling page: 0x012a0000

Code Cache  [0x02e60000, 0x02f40000, 0x04e60000)
 total_blobs=389 nmethods=252 adapters=74 free_code_cache=31888Kb largest_free_block=32654144

Compilation events (10 events):
Event: 95.851 Thread 0x02df3800  248             java.io.BufferedWriter::ensureOpen (18 bytes)
Event: 95.851 Thread 0x02df3800 nmethod 248 0x02f3ac48 code [0x02f3ad50, 0x02f3ae4c]
Event: 96.108 Thread 0x02df3800  249  s          java.io.BufferedOutputStream::flush (12 bytes)
Event: 96.108 Thread 0x02df3800 nmethod 249 0x02f3af08 code [0x02f3b020, 0x02f3b238]
Event: 96.108 Thread 0x02df3800  250             java.io.BufferedOutputStream::flushBuffer (29 bytes)
Event: 96.108 Thread 0x02df3800 nmethod 250 0x02f3b308 code [0x02f3b410, 0x02f3b4cc]
Event: 96.999 Thread 0x02df3800  251             java.io.OutputStream::flush (1 bytes)
Event: 96.999 Thread 0x02df3800 nmethod 251 0x02f3b548 code [0x02f3b640, 0x02f3b6c0]
Event: 97.273 Thread 0x02df3800  252             BuildingManager::isQueued (51 bytes)
Event: 97.273 Thread 0x02df3800 nmethod 252 0x02f3b708 code [0x02f3b840, 0x02f3ba40]

GC Heap History (10 events):
Event: 95.543 GC heap before
{Heap before GC invocations=155 (full 0):
 def new generation   total 4928K, used 4467K [0x24c00000, 0x25150000, 0x2a150000)
  eden space 4416K, 100% used [0x24c00000, 0x25050000, 0x25050000)
  from space 512K,  10% used [0x250d0000, 0x250dce90, 0x25150000)
  to   space 512K,   0% used [0x25050000, 0x25050000, 0x250d0000)
 tenured generation   total 10944K, used 326K [0x2a150000, 0x2ac00000, 0x34c00000)
   the space 10944K,   2% used [0x2a150000, 0x2a1a18b0, 0x2a1a1a00, 0x2ac00000)
 compacting perm gen  total 12288K, used 659K [0x34c00000, 0x35800000, 0x38c00000)
   the space 12288K,   5% used [0x34c00000, 0x34ca4ee0, 0x34ca5000, 0x35800000)
    ro space 10240K,  42% used [0x38c00000, 0x39036058, 0x39036200, 0x39600000)
    rw space 12288K,  51% used [0x39600000, 0x39c3bdb0, 0x39c3be00, 0x3a200000)
Event: 95.544 GC heap after
Heap after GC invocations=156 (full 0):
 def new generation   total 4928K, used 49K [0x24c00000, 0x25150000, 0x2a150000)
  eden space 4416K,   0% used [0x24c00000, 0x24c00000, 0x25050000)
  from space 512K,   9% used [0x25050000, 0x2505c458, 0x250d0000)
  to   space 512K,   0% used [0x250d0000, 0x250d0000, 0x25150000)
 tenured generation   total 10944K, used 330K [0x2a150000, 0x2ac00000, 0x34c00000)
   the space 10944K,   3% used [0x2a150000, 0x2a1a2950, 0x2a1a2a00, 0x2ac00000)
 compacting perm gen  total 12288K, used 659K [0x34c00000, 0x35800000, 0x38c00000)
   the space 12288K,   5% used [0x34c00000, 0x34ca4ee0, 0x34ca5000, 0x35800000)
    ro space 10240K,  42% used [0x38c00000, 0x39036058, 0x39036200, 0x39600000)
    rw space 12288K,  51% used [0x39600000, 0x39c3bdb0, 0x39c3be00, 0x3a200000)
}
Event: 96.021 GC heap before
{Heap before GC invocations=156 (full 0):
 def new generation   total 4928K, used 4465K [0x24c00000, 0x25150000, 0x2a150000)
  eden space 4416K, 100% used [0x24c00000, 0x25050000, 0x25050000)
  from space 512K,   9% used [0x25050000, 0x2505c458, 0x250d0000)
  to   space 512K,   0% used [0x250d0000, 0x250d0000, 0x25150000)
 tenured generation   total 10944K, used 330K [0x2a150000, 0x2ac00000, 0x34c00000)
   the space 10944K,   3% used [0x2a150000, 0x2a1a2950, 0x2a1a2a00, 0x2ac00000)
 compacting perm gen  total 12288K, used 659K [0x34c00000, 0x35800000, 0x38c00000)
   the space 12288K,   5% used [0x34c00000, 0x34ca4ee0, 0x34ca5000, 0x35800000)
    ro space 10240K,  42% used [0x38c00000, 0x39036058, 0x39036200, 0x39600000)
    rw space 12288K,  51% used [0x39600000, 0x39c3bdb0, 0x39c3be00, 0x3a200000)
Event: 96.022 GC heap after
Heap after GC invocations=157 (full 0):
 def new generation   total 4928K, used 49K [0x24c00000, 0x25150000, 0x2a150000)
  eden space 4416K,   0% used [0x24c00000, 0x24c00000, 0x25050000)
  from space 512K,   9% used [0x250d0000, 0x250dc5c0, 0x25150000)
  to   space 512K,   0% used [0x25050000, 0x25050000, 0x250d0000)
 tenured generation   total 10944K, used 332K [0x2a150000, 0x2ac00000, 0x34c00000)
   the space 10944K,   3% used [0x2a150000, 0x2a1a3168, 0x2a1a3200, 0x2ac00000)
 compacting perm gen  total 12288K, used 659K [0x34c00000, 0x35800000, 0x38c00000)
   the space 12288K,   5% used [0x34c00000, 0x34ca4ee0, 0x34ca5000, 0x35800000)
    ro space 10240K,  42% used [0x38c00000, 0x39036058, 0x39036200, 0x39600000)
    rw space 12288K,  51% used [0x39600000, 0x39c3bdb0, 0x39c3be00, 0x3a200000)
}
Event: 96.506 GC heap before
{Heap before GC invocations=157 (full 0):
 def new generation   total 4928K, used 4465K [0x24c00000, 0x25150000, 0x2a150000)
  eden space 4416K, 100% used [0x24c00000, 0x25050000, 0x25050000)
  from space 512K,   9% used [0x250d0000, 0x250dc5c0, 0x25150000)
  to   space 512K,   0% used [0x25050000, 0x25050000, 0x250d0000)
 tenured generation   total 10944K, used 332K [0x2a150000, 0x2ac00000, 0x34c00000)
   the space 10944K,   3% used [0x2a150000, 0x2a1a3168, 0x2a1a3200, 0x2ac00000)
 compacting perm gen  total 12288K, used 659K [0x34c00000, 0x35800000, 0x38c00000)
   the space 12288K,   5% used [0x34c00000, 0x34ca4f00, 0x34ca5000, 0x35800000)
    ro space 10240K,  42% used [0x38c00000, 0x39036058, 0x39036200, 0x39600000)
    rw space 12288K,  51% used [0x39600000, 0x39c3bdb0, 0x39c3be00, 0x3a200000)
Event: 96.506 GC heap after
Heap after GC invocations=158 (full 0):
 def new generation   total 4928K, used 48K [0x24c00000, 0x25150000, 0x2a150000)
  eden space 4416K,   0% used [0x24c00000, 0x24c00000, 0x25050000)
  from space 512K,   9% used [0x25050000, 0x2505c2b0, 0x250d0000)
  to   space 512K,   0% used [0x250d0000, 0x250d0000, 0x25150000)
 tenured generation   total 10944K, used 334K [0x2a150000, 0x2ac00000, 0x34c00000)
   the space 10944K,   3% used [0x2a150000, 0x2a1a39b8, 0x2a1a3a00, 0x2ac00000)
 compacting perm gen  total 12288K, used 659K [0x34c00000, 0x35800000, 0x38c00000)
   the space 12288K,   5% used [0x34c00000, 0x34ca4f00, 0x34ca5000, 0x35800000)
    ro space 10240K,  42% used [0x38c00000, 0x39036058, 0x39036200, 0x39600000)
    rw space 12288K,  51% used [0x39600000, 0x39c3bdb0, 0x39c3be00, 0x3a200000)
}
Event: 96.978 GC heap before
{Heap before GC invocations=158 (full 0):
 def new generation   total 4928K, used 4464K [0x24c00000, 0x25150000, 0x2a150000)
  eden space 4416K, 100% used [0x24c00000, 0x25050000, 0x25050000)
  from space 512K,   9% used [0x25050000, 0x2505c2b0, 0x250d0000)
  to   space 512K,   0% used [0x250d0000, 0x250d0000, 0x25150000)
 tenured generation   total 10944K, used 334K [0x2a150000, 0x2ac00000, 0x34c00000)
   the space 10944K,   3% used [0x2a150000, 0x2a1a39b8, 0x2a1a3a00, 0x2ac00000)
 compacting perm gen  total 12288K, used 659K [0x34c00000, 0x35800000, 0x38c00000)
   the space 12288K,   5% used [0x34c00000, 0x34ca4f00, 0x34ca5000, 0x35800000)
    ro space 10240K,  42% used [0x38c00000, 0x39036058, 0x39036200, 0x39600000)
    rw space 12288K,  51% used [0x39600000, 0x39c3bdb0, 0x39c3be00, 0x3a200000)
Event: 96.979 GC heap after
Heap after GC invocations=159 (full 0):
 def new generation   total 4928K, used 46K [0x24c00000, 0x25150000, 0x2a150000)
  eden space 4416K,   0% used [0x24c00000, 0x24c00000, 0x25050000)
  from space 512K,   9% used [0x250d0000, 0x250dbb58, 0x25150000)
  to   space 512K,   0% used [0x25050000, 0x25050000, 0x250d0000)
 tenured generation   total 10944K, used 338K [0x2a150000, 0x2ac00000, 0x34c00000)
   the space 10944K,   3% used [0x2a150000, 0x2a1a4b40, 0x2a1a4c00, 0x2ac00000)
 compacting perm gen  total 12288K, used 659K [0x34c00000, 0x35800000, 0x38c00000)
   the space 12288K,   5% used [0x34c00000, 0x34ca4f00, 0x34ca5000, 0x35800000)
    ro space 10240K,  42% used [0x38c00000, 0x39036058, 0x39036200, 0x39600000)
    rw space 12288K,  51% used [0x39600000, 0x39c3bdb0, 0x39c3be00, 0x3a200000)
}
Event: 97.445 GC heap before
{Heap before GC invocations=159 (full 0):
 def new generation   total 4928K, used 4462K [0x24c00000, 0x25150000, 0x2a150000)
  eden space 4416K, 100% used [0x24c00000, 0x25050000, 0x25050000)
  from space 512K,   9% used [0x250d0000, 0x250dbb58, 0x25150000)
  to   space 512K,   0% used [0x25050000, 0x25050000, 0x250d0000)
 tenured generation   total 10944K, used 338K [0x2a150000, 0x2ac00000, 0x34c00000)
   the space 10944K,   3% used [0x2a150000, 0x2a1a4b40, 0x2a1a4c00, 0x2ac00000)
 compacting perm gen  total 12288K, used 659K [0x34c00000, 0x35800000, 0x38c00000)
   the space 12288K,   5% used [0x34c00000, 0x34ca4f00, 0x34ca5000, 0x35800000)
    ro space 10240K,  42% used [0x38c00000, 0x39036058, 0x39036200, 0x39600000)
    rw space 12288K,  51% used [0x39600000, 0x39c3bdb0, 0x39c3be00, 0x3a200000)
Event: 97.445 GC heap after
Heap after GC invocations=160 (full 0):
 def new generation   total 4928K, used 44K [0x24c00000, 0x25150000, 0x2a150000)
  eden space 4416K,   0% used [0x24c00000, 0x24c00000, 0x25050000)
  from space 512K,   8% used [0x25050000, 0x2505b1b8, 0x250d0000)
  to   space 512K,   0% used [0x250d0000, 0x250d0000, 0x25150000)
 tenured generation   total 10944K, used 343K [0x2a150000, 0x2ac00000, 0x34c00000)
   the space 10944K,   3% used [0x2a150000, 0x2a1a5cc0, 0x2a1a5e00, 0x2ac00000)
 compacting perm gen  total 12288K, used 659K [0x34c00000, 0x35800000, 0x38c00000)
   the space 12288K,   5% used [0x34c00000, 0x34ca4f00, 0x34ca5000, 0x35800000)
    ro space 10240K,  42% used [0x38c00000, 0x39036058, 0x39036200, 0x39600000)
    rw space 12288K,  51% used [0x39600000, 0x39c3bdb0, 0x39c3be00, 0x3a200000)
}

Deoptimization events (0 events):
No events

Internal exceptions (10 events):
Event: 56.721 Thread 0x02ccc400 Implicit null exception at 0x02f0e0ee to 0x02f0e69f
Event: 56.721 Thread 0x02ccc400 Threw 0x24e4a0c8 at C:\re\jdk7u79\2331\hotspot\src\share\vm\runtime\sharedRuntime.cpp:591
Event: 56.724 Thread 0x02ccc400 Implicit null exception at 0x02f0e0ee to 0x02f0e69f
Event: 56.724 Thread 0x02ccc400 Threw 0x24e4de90 at C:\re\jdk7u79\2331\hotspot\src\share\vm\runtime\sharedRuntime.cpp:591
Event: 56.737 Thread 0x02ccc400 Implicit null exception at 0x02f0e0ee to 0x02f0e69f
Event: 56.737 Thread 0x02ccc400 Threw 0x24e51c58 at C:\re\jdk7u79\2331\hotspot\src\share\vm\runtime\sharedRuntime.cpp:591
Event: 56.752 Thread 0x02ccc400 Implicit null exception at 0x02f0e0ee to 0x02f0e69f
Event: 56.752 Thread 0x02ccc400 Threw 0x24e55a20 at C:\re\jdk7u79\2331\hotspot\src\share\vm\runtime\sharedRuntime.cpp:591
Event: 56.755 Thread 0x02ccc400 Implicit null exception at 0x02f0e0ee to 0x02f0e69f
Event: 56.755 Thread 0x02ccc400 Threw 0x24e597f8 at C:\re\jdk7u79\2331\hotspot\src\share\vm\runtime\sharedRuntime.cpp:591

Events (10 events):
Event: 95.543 Executing VM operation: GenCollectForAllocation
Event: 95.544 Executing VM operation: GenCollectForAllocation done
Event: 96.021 Executing VM operation: GenCollectForAllocation
Event: 96.022 Executing VM operation: GenCollectForAllocation done
Event: 96.506 Executing VM operation: GenCollectForAllocation
Event: 96.506 Executing VM operation: GenCollectForAllocation done
Event: 96.978 Executing VM operation: GenCollectForAllocation
Event: 96.979 Executing VM operation: GenCollectForAllocation done
Event: 97.445 Executing VM operation: GenCollectForAllocation
Event: 97.445 Executing VM operation: GenCollectForAllocation done


Dynamic libraries:
0x012c0000 - 0x012ef000 	C:\Program Files (x86)\Java\jre7\bin\javaw.exe
0x773a0000 - 0x77523000 	C:\WINDOWS\SYSTEM32\ntdll.dll
0x767b0000 - 0x76890000 	C:\WINDOWS\System32\KERNEL32.DLL
0x76600000 - 0x767a1000 	C:\WINDOWS\System32\KERNELBASE.dll
0x740e0000 - 0x74157000 	C:\WINDOWS\System32\ADVAPI32.dll
0x74500000 - 0x745be000 	C:\WINDOWS\System32\msvcrt.dll
0x74a30000 - 0x74a71000 	C:\WINDOWS\System32\sechost.dll
0x73e80000 - 0x73f41000 	C:\WINDOWS\System32\RPCRT4.dll
0x73e60000 - 0x73e7e000 	C:\WINDOWS\System32\SspiCli.dll
0x73e50000 - 0x73e5a000 	C:\WINDOWS\System32\CRYPTBASE.dll
0x76ad0000 - 0x76b2a000 	C:\WINDOWS\System32\bcryptPrimitives.dll
0x77220000 - 0x7737f000 	C:\WINDOWS\System32\USER32.dll
0x76130000 - 0x76145000 	C:\WINDOWS\System32\win32u.dll
0x74040000 - 0x7406b000 	C:\WINDOWS\System32\GDI32.dll
0x74220000 - 0x7437b000 	C:\WINDOWS\System32\gdi32full.dll
0x71be0000 - 0x71dea000 	C:\WINDOWS\WinSxS\x86_microsoft.windows.common-controls_6595b64144ccf1df_6.0.14393.447_none_89c64d28dafea4b9\COMCTL32.dll
0x745c0000 - 0x747d1000 	C:\WINDOWS\System32\combase.dll
0x74380000 - 0x74460000 	C:\WINDOWS\System32\ucrtbase.dll
0x747e0000 - 0x74805000 	C:\WINDOWS\System32\IMM32.DLL
0x776d0000 - 0x7778f000 	C:\Program Files (x86)\Java\jre7\bin\msvcr100.dll
0x504d0000 - 0x50859000 	C:\Program Files (x86)\Java\jre7\bin\client\jvm.dll
0x74ce0000 - 0x74ce6000 	C:\WINDOWS\System32\PSAPI.DLL
0x72990000 - 0x72998000 	C:\WINDOWS\SYSTEM32\WSOCK32.dll
0x73b30000 - 0x73b54000 	C:\WINDOWS\SYSTEM32\WINMM.dll
0x74070000 - 0x740d3000 	C:\WINDOWS\System32\WS2_32.dll
0x73b00000 - 0x73b23000 	C:\WINDOWS\SYSTEM32\WINMMBASE.dll
0x74d00000 - 0x74d36000 	C:\WINDOWS\System32\cfgmgr32.dll
0x556a0000 - 0x556ac000 	C:\Program Files (x86)\Java\jre7\bin\verify.dll
0x55680000 - 0x556a0000 	C:\Program Files (x86)\Java\jre7\bin\java.dll
0x55660000 - 0x55673000 	C:\Program Files (x86)\Java\jre7\bin\zip.dll
0x0f0f0000 - 0x0f376000 	C:\Users\amanz360\Documents\GitHub\MoleAI\ExampleBot\bwapi_bridge2_5.dll
0x6acc0000 - 0x6ad27000 	C:\Users\amanz360\Documents\GitHub\MoleAI\ExampleBot\libgmp-10.dll
0x6cbc0000 - 0x6cc31000 	C:\WINDOWS\SYSTEM32\MSVCP120.dll
0x6f540000 - 0x6f59e000 	C:\Users\amanz360\Documents\GitHub\MoleAI\ExampleBot\libmpfr-4.dll
0x73cc0000 - 0x73dae000 	C:\WINDOWS\SYSTEM32\MSVCR120.dll
0x738d0000 - 0x73a15000 	C:\WINDOWS\SYSTEM32\dbghelp.dll

VM Arguments:
jvm_args: -Dfile.encoding=Cp1252 
java_command: TestBot1
Launcher Type: SUN_STANDARD

Environment Variables:
PATH=C:/Program Files (x86)/Java/jre7/bin/client;C:/Program Files (x86)/Java/jre7/bin;C:/Program Files (x86)/Java/jre7/lib/i386;C:\gurobi701\win64\bin;C:\Program Files (x86)\NVIDIA Corporation\PhysX\Common;C:\Program Files\Java\jdk1.8.0_45\bin;C:\ProgramData\Oracle\Java\javapath;c:\Program Files (x86)\Intel\iCLS Client\;c:\Program Files\Intel\iCLS Client\;C:\WINDOWS\system32;C:\WINDOWS;C:\WINDOWS\System32\Wbem;C:\WINDOWS\System32\WindowsPowerShell\v1.0\;C:\Program Files\Intel\WiFi\bin\;C:\Program Files\Common Files\Intel\WirelessCommon\;C:\Program Files\Mozart\bin;C:\Program Files\Microsoft SQL Server\110\Tools\Binn\;C:\Program Files (x86)\Skype\Phone\;C:\Program Files (x86)\Intel\Intel(R) Management Engine Components\DAL;C:\Program Files\Intel\Intel(R) Management Engine Components\DAL;C:\Program Files (x86)\Intel\Intel(R) Management Engine Components\IPT;C:\Program Files\Intel\Intel(R) Management Engine Components\IPT;C:\Go\bin;C:\WINDOWS\system32\config\systemprofile\.dnx\bin;C:\Program Files\Microsoft DNX\Dnvm\;C:\Program Files\Microsoft SQL Server\130\Tools\Binn\;C:\Program Files (x86)\Windows Kits\8.1\Windows Performance Toolkit\;c:\Program Files (x86)\Microsoft SQL Server\100\Tools\Binn\;c:\Program Files\Microsoft SQL Server\100\Tools\Binn\;c:\Program Files\Microsoft SQL Server\100\DTS\Binn\;C:\Users\amanz360\Anaconda3;C:\Users\amanz360\Anaconda3\Scripts;C:\Users\amanz360\Anaconda3\Library\bin;C:\Users\amanz360\AppData\Local\Microsoft\WindowsApps;;C:\Users\amanz360\Downloads\eclipse-java-mars-2-win32\eclipse;
USERNAME=amanz360
OS=Windows_NT
PROCESSOR_IDENTIFIER=Intel64 Family 6 Model 69 Stepping 1, GenuineIntel



---------------  S Y S T E M  ---------------

OS: Windows 8.1 , 64 bit Build 9600 

CPU:total 4 (2 cores per cpu, 2 threads per core) family 6 model 69 stepping 1, cmov, cx8, fxsr, mmx, sse, sse2, sse3, ssse3, sse4.1, sse4.2, popcnt, avx, avx2, aes, erms, ht, tsc, tscinvbit

Memory: 4k page, physical 6187596k(2684932k free), swap 10474704k(4647360k free)

vm_info: Java HotSpot(TM) Client VM (24.79-b02) for windows-x86 JRE (1.7.0_79-b15), built on Apr 10 2015 16:49:13 by "java_re" with unknown MS VC++:1600

time: Wed Dec 14 16:20:09 2016
elapsed time: 97 seconds

