#
# A fatal error has been detected by the Java Runtime Environment:
#
#  EXCEPTION_ACCESS_VIOLATION (0xc0000005) at pc=0x5f7254bb, pid=28928, tid=26592
#
# JRE version: Java(TM) SE Runtime Environment (7.0_79-b15) (build 1.7.0_79-b15)
# Java VM: Java HotSpot(TM) Client VM (24.79-b02 mixed mode, sharing windows-x86 )
# Problematic frame:
# V  [jvm.dll+0xc54bb]
#
# Failed to write core dump. Minidumps are not enabled by default on client versions of Windows
#
# If you would like to submit a bug report, please visit:
#   http://bugreport.java.com/bugreport/crash.jsp
#

---------------  T H R E A D  ---------------

Current thread (0x0315c400):  JavaThread "main" [_thread_in_vm, id=26592, stack(0x015d0000,0x01620000)]

siginfo: ExceptionCode=0xc0000005, reading address 0x00000000

Registers:
EAX=0x00000000, EBX=0x0315c530, ECX=0x00000000, EDX=0x00000001
ESP=0x0161d86c, EBP=0x0161d888, ESI=0x0315c530, EDI=0x0315c400
EIP=0x5f7254bb, EFLAGS=0x00010246

Top of Stack: (sp=0x0161d86c)
0x0161d86c:   00000000 250d0a08 0315c530 0315c400
0x0161d87c:   00000000 250d0a08 00000000 0161d8d8
0x0161d88c:   7792554d 0315c530 00000000 250d0079
0x0161d89c:   00000000 0161d8d8 7792551c 00000001
0x0161d8ac:   0000000f 00000049 00000000 00000000
0x0161d8bc:   00000000 00000001 0000000f 0315c400
0x0161d8cc:   250d0a08 00000000 250d00c0 0161d908
0x0161d8dc:   0322fe38 0315c530 0161d8f4 080afff8 

Instructions: (pc=0x5f7254bb)
0x5f72549b:   f3 ff 83 c4 08 83 7f 04 00 89 7d f0 c7 45 f4 00
0x5f7254ab:   00 00 00 74 08 8d 4d f0 e8 a8 a6 0c 00 8b 45 0c
0x5f7254bb:   8b 08 8b 51 04 8b 42 40 50 56 e8 26 df 07 00 83
0x5f7254cb:   c4 08 83 7d f4 00 89 45 08 74 08 8d 4d f0 e8 c2 


Register to memory mapping:

EAX=0x00000000 is an unknown value
EBX=0x0315c530 is an unknown value
ECX=0x00000000 is an unknown value
EDX=0x00000001 is an unknown value
ESP=0x0161d86c is pointing into the stack for thread: 0x0315c400
EBP=0x0161d888 is pointing into the stack for thread: 0x0315c400
ESI=0x0315c530 is an unknown value
EDI=0x0315c400 is a thread


Stack: [0x015d0000,0x01620000],  sp=0x0161d86c,  free space=310k
Native frames: (J=compiled Java code, j=interpreted, Vv=VM code, C=native code)
V  [jvm.dll+0xc54bb]
C  [bwapi_bridge2_5.dll+0x3554d]
J 201  bwapi.Unit.getDistance_native(JLbwapi/Position;)I (0 bytes) @ 0x0322fe38 [0x0322fd90+0xa8]
J 109 C1 Base.assaultPosition(Lbwapi/Game;)V (350 bytes) @ 0x0320ba7c [0x0320b910+0x16c]
J 180 C1 Base.manageMarines(Lbwapi/Game;)V (84 bytes) @ 0x03228290 [0x03228160+0x130]
J 139 C1 StrategyManager.runBases(Lbwapi/Game;Lbwapi/Player;)V (315 bytes) @ 0x03217bf8 [0x03217860+0x398]
J 175 C1 StrategyManager.update(Lbwapi/Game;Lbwapi/Player;)V (100 bytes) @ 0x03226bbc [0x03226a30+0x18c]
J 166 C1 TestBot1.onFrame()V (86 bytes) @ 0x032259dc [0x03225770+0x26c]
J 165 C1 bwapi.AIModule.onFrame()V (17 bytes) @ 0x03225504 [0x032254d0+0x34]
v  ~StubRoutines::call_stub
V  [jvm.dll+0x14234a]
V  [jvm.dll+0x206ebe]
V  [jvm.dll+0x1423cd]
V  [jvm.dll+0xcb5c2]
V  [jvm.dll+0xcf213]
C  [bwapi_bridge2_5.dll+0x1b20d]
C  [bwapi_bridge2_5.dll+0x75101]
j  bwapi.Mirror.startGame()V+0
j  TestBot1.run()V+15
j  TestBot1.main([Ljava/lang/String;)V+7
v  ~StubRoutines::call_stub
V  [jvm.dll+0x14234a]
V  [jvm.dll+0x206ebe]
V  [jvm.dll+0x1423cd]
V  [jvm.dll+0xcb345]
V  [jvm.dll+0xd5ff7]
C  [javaw.exe+0x2070]
C  [javaw.exe+0xa601]
C  [javaw.exe+0xa68b]
C  [KERNEL32.DLL+0x162c4]
C  [ntdll.dll+0x60719]
C  [ntdll.dll+0x606e4]

Java frames: (J=compiled Java code, j=interpreted, Vv=VM code)
J 201  bwapi.Unit.getDistance_native(JLbwapi/Position;)I (0 bytes) @ 0x0322fdf4 [0x0322fd90+0x64]
J 109 C1 Base.assaultPosition(Lbwapi/Game;)V (350 bytes) @ 0x0320ba7c [0x0320b910+0x16c]
J 180 C1 Base.manageMarines(Lbwapi/Game;)V (84 bytes) @ 0x03228290 [0x03228160+0x130]
J 139 C1 StrategyManager.runBases(Lbwapi/Game;Lbwapi/Player;)V (315 bytes) @ 0x03217bf8 [0x03217860+0x398]
J 175 C1 StrategyManager.update(Lbwapi/Game;Lbwapi/Player;)V (100 bytes) @ 0x03226bbc [0x03226a30+0x18c]
J 166 C1 TestBot1.onFrame()V (86 bytes) @ 0x032259dc [0x03225770+0x26c]
J 165 C1 bwapi.AIModule.onFrame()V (17 bytes) @ 0x03225504 [0x032254d0+0x34]
v  ~StubRoutines::call_stub
j  bwapi.Mirror.startGame()V+0
j  TestBot1.run()V+15
j  TestBot1.main([Ljava/lang/String;)V+7
v  ~StubRoutines::call_stub

---------------  P R O C E S S  ---------------

Java Threads: ( => current thread )
  0x017e7400 JavaThread "Service Thread" daemon [_thread_blocked, id=33924, stack(0x05520000,0x05570000)]
  0x017e3800 JavaThread "C1 CompilerThread0" daemon [_thread_blocked, id=34320, stack(0x05490000,0x054e0000)]
  0x017e2400 JavaThread "Attach Listener" daemon [_thread_blocked, id=13764, stack(0x05400000,0x05450000)]
  0x017df000 JavaThread "Signal Dispatcher" daemon [_thread_blocked, id=33168, stack(0x05370000,0x053c0000)]
  0x01770c00 JavaThread "Finalizer" daemon [_thread_blocked, id=9684, stack(0x052e0000,0x05330000)]
  0x0176f000 JavaThread "Reference Handler" daemon [_thread_blocked, id=21036, stack(0x05250000,0x052a0000)]
=>0x0315c400 JavaThread "main" [_thread_in_vm, id=26592, stack(0x015d0000,0x01620000)]

Other Threads:
  0x0176dc00 VMThread [stack: 0x051c0000,0x05210000] [id=33960]
  0x01800c00 WatcherThread [stack: 0x055b0000,0x05600000] [id=8624]

VM state:not at safepoint (normal execution)

VM Mutex/Monitor currently owned by a thread: None

Heap
 def new generation   total 4928K, used 94K [0x24c00000, 0x25150000, 0x2a150000)
  eden space 4416K,   2% used [0x24c00000, 0x24c17190, 0x25050000)
  from space 512K,   0% used [0x250d0000, 0x250d0a40, 0x25150000)
  to   space 512K,   0% used [0x25050000, 0x25050000, 0x250d0000)
 tenured generation   total 10944K, used 269K [0x2a150000, 0x2ac00000, 0x34c00000)
   the space 10944K,   2% used [0x2a150000, 0x2a193600, 0x2a193600, 0x2ac00000)
 compacting perm gen  total 12288K, used 657K [0x34c00000, 0x35800000, 0x38c00000)
   the space 12288K,   5% used [0x34c00000, 0x34ca4668, 0x34ca4800, 0x35800000)
    ro space 10240K,  42% used [0x38c00000, 0x39036058, 0x39036200, 0x39600000)
    rw space 12288K,  51% used [0x39600000, 0x39c3bdb0, 0x39c3be00, 0x3a200000)

Card table byte_map: [0x03040000,0x030f0000] byte_map_base: 0x02f1a000

Polling page: 0x01720000

Code Cache  [0x03160000, 0x03238000, 0x05160000)
 total_blobs=343 nmethods=206 adapters=74 free_code_cache=31933Kb largest_free_block=32699392

Compilation events (10 events):
Event: 26.419 Thread 0x017e3800  197             bwapi.Error::get (53 bytes)
Event: 26.419 Thread 0x017e3800 nmethod 197 0x0322ed88 code [0x0322eec0, 0x0322f070]
Event: 26.770 Thread 0x017e3800  198             MoleUnit::smartMove (74 bytes)
Event: 26.771 Thread 0x017e3800 nmethod 198 0x0322f188 code [0x0322f2d0, 0x0322f4a8]
Event: 26.776 Thread 0x017e3800  199             bwapi.UnitCommand::getTargetPosition (68 bytes)
Event: 26.776 Thread 0x017e3800 nmethod 199 0x0322f708 code [0x0322f810, 0x0322f960]
Event: 28.850 Thread 0x017e3800  203             bwapi.Position::hashCode (17 bytes)
Event: 28.850 Thread 0x017e3800 nmethod 203 0x03230208 code [0x03230300, 0x03230390]
Event: 28.864 Thread 0x017e3800  205             bwapi.Position::equals (49 bytes)
Event: 28.864 Thread 0x017e3800 nmethod 205 0x03230688 code [0x03230790, 0x032308d0]

GC Heap History (10 events):
Event: 37.948 GC heap before
{Heap before GC invocations=44 (full 0):
 def new generation   total 4928K, used 4418K [0x24c00000, 0x25150000, 0x2a150000)
  eden space 4416K, 100% used [0x24c00000, 0x25050000, 0x25050000)
  from space 512K,   0% used [0x25050000, 0x25050970, 0x250d0000)
  to   space 512K,   0% used [0x250d0000, 0x250d0000, 0x25150000)
 tenured generation   total 10944K, used 269K [0x2a150000, 0x2ac00000, 0x34c00000)
   the space 10944K,   2% used [0x2a150000, 0x2a193430, 0x2a193600, 0x2ac00000)
 compacting perm gen  total 12288K, used 657K [0x34c00000, 0x35800000, 0x38c00000)
   the space 12288K,   5% used [0x34c00000, 0x34ca4668, 0x34ca4800, 0x35800000)
    ro space 10240K,  42% used [0x38c00000, 0x39036058, 0x39036200, 0x39600000)
    rw space 12288K,  51% used [0x39600000, 0x39c3bdb0, 0x39c3be00, 0x3a200000)
Event: 37.949 GC heap after
Heap after GC invocations=45 (full 0):
 def new generation   total 4928K, used 2K [0x24c00000, 0x25150000, 0x2a150000)
  eden space 4416K,   0% used [0x24c00000, 0x24c00000, 0x25050000)
  from space 512K,   0% used [0x250d0000, 0x250d0888, 0x25150000)
  to   space 512K,   0% used [0x25050000, 0x25050000, 0x250d0000)
 tenured generation   total 10944K, used 269K [0x2a150000, 0x2ac00000, 0x34c00000)
   the space 10944K,   2% used [0x2a150000, 0x2a1934a0, 0x2a193600, 0x2ac00000)
 compacting perm gen  total 12288K, used 657K [0x34c00000, 0x35800000, 0x38c00000)
   the space 12288K,   5% used [0x34c00000, 0x34ca4668, 0x34ca4800, 0x35800000)
    ro space 10240K,  42% used [0x38c00000, 0x39036058, 0x39036200, 0x39600000)
    rw space 12288K,  51% used [0x39600000, 0x39c3bdb0, 0x39c3be00, 0x3a200000)
}
Event: 38.617 GC heap before
{Heap before GC invocations=45 (full 0):
 def new generation   total 4928K, used 4418K [0x24c00000, 0x25150000, 0x2a150000)
  eden space 4416K, 100% used [0x24c00000, 0x25050000, 0x25050000)
  from space 512K,   0% used [0x250d0000, 0x250d0888, 0x25150000)
  to   space 512K,   0% used [0x25050000, 0x25050000, 0x250d0000)
 tenured generation   total 10944K, used 269K [0x2a150000, 0x2ac00000, 0x34c00000)
   the space 10944K,   2% used [0x2a150000, 0x2a1934a0, 0x2a193600, 0x2ac00000)
 compacting perm gen  total 12288K, used 657K [0x34c00000, 0x35800000, 0x38c00000)
   the space 12288K,   5% used [0x34c00000, 0x34ca4668, 0x34ca4800, 0x35800000)
    ro space 10240K,  42% used [0x38c00000, 0x39036058, 0x39036200, 0x39600000)
    rw space 12288K,  51% used [0x39600000, 0x39c3bdb0, 0x39c3be00, 0x3a200000)
Event: 38.617 GC heap after
Heap after GC invocations=46 (full 0):
 def new generation   total 4928K, used 2K [0x24c00000, 0x25150000, 0x2a150000)
  eden space 4416K,   0% used [0x24c00000, 0x24c00000, 0x25050000)
  from space 512K,   0% used [0x25050000, 0x250509c8, 0x250d0000)
  to   space 512K,   0% used [0x250d0000, 0x250d0000, 0x25150000)
 tenured generation   total 10944K, used 269K [0x2a150000, 0x2ac00000, 0x34c00000)
   the space 10944K,   2% used [0x2a150000, 0x2a193538, 0x2a193600, 0x2ac00000)
 compacting perm gen  total 12288K, used 657K [0x34c00000, 0x35800000, 0x38c00000)
   the space 12288K,   5% used [0x34c00000, 0x34ca4668, 0x34ca4800, 0x35800000)
    ro space 10240K,  42% used [0x38c00000, 0x39036058, 0x39036200, 0x39600000)
    rw space 12288K,  51% used [0x39600000, 0x39c3bdb0, 0x39c3be00, 0x3a200000)
}
Event: 39.278 GC heap before
{Heap before GC invocations=46 (full 0):
 def new generation   total 4928K, used 4418K [0x24c00000, 0x25150000, 0x2a150000)
  eden space 4416K, 100% used [0x24c00000, 0x25050000, 0x25050000)
  from space 512K,   0% used [0x25050000, 0x250509c8, 0x250d0000)
  to   space 512K,   0% used [0x250d0000, 0x250d0000, 0x25150000)
 tenured generation   total 10944K, used 269K [0x2a150000, 0x2ac00000, 0x34c00000)
   the space 10944K,   2% used [0x2a150000, 0x2a193538, 0x2a193600, 0x2ac00000)
 compacting perm gen  total 12288K, used 657K [0x34c00000, 0x35800000, 0x38c00000)
   the space 12288K,   5% used [0x34c00000, 0x34ca4668, 0x34ca4800, 0x35800000)
    ro space 10240K,  42% used [0x38c00000, 0x39036058, 0x39036200, 0x39600000)
    rw space 12288K,  51% used [0x39600000, 0x39c3bdb0, 0x39c3be00, 0x3a200000)
Event: 39.278 GC heap after
Heap after GC invocations=47 (full 0):
 def new generation   total 4928K, used 2K [0x24c00000, 0x25150000, 0x2a150000)
  eden space 4416K,   0% used [0x24c00000, 0x24c00000, 0x25050000)
  from space 512K,   0% used [0x250d0000, 0x250d08d8, 0x25150000)
  to   space 512K,   0% used [0x25050000, 0x25050000, 0x250d0000)
 tenured generation   total 10944K, used 269K [0x2a150000, 0x2ac00000, 0x34c00000)
   the space 10944K,   2% used [0x2a150000, 0x2a193600, 0x2a193600, 0x2ac00000)
 compacting perm gen  total 12288K, used 657K [0x34c00000, 0x35800000, 0x38c00000)
   the space 12288K,   5% used [0x34c00000, 0x34ca4668, 0x34ca4800, 0x35800000)
    ro space 10240K,  42% used [0x38c00000, 0x39036058, 0x39036200, 0x39600000)
    rw space 12288K,  51% used [0x39600000, 0x39c3bdb0, 0x39c3be00, 0x3a200000)
}
Event: 39.951 GC heap before
{Heap before GC invocations=47 (full 0):
 def new generation   total 4928K, used 4418K [0x24c00000, 0x25150000, 0x2a150000)
  eden space 4416K, 100% used [0x24c00000, 0x25050000, 0x25050000)
  from space 512K,   0% used [0x250d0000, 0x250d08d8, 0x25150000)
  to   space 512K,   0% used [0x25050000, 0x25050000, 0x250d0000)
 tenured generation   total 10944K, used 269K [0x2a150000, 0x2ac00000, 0x34c00000)
   the space 10944K,   2% used [0x2a150000, 0x2a193600, 0x2a193600, 0x2ac00000)
 compacting perm gen  total 12288K, used 657K [0x34c00000, 0x35800000, 0x38c00000)
   the space 12288K,   5% used [0x34c00000, 0x34ca4668, 0x34ca4800, 0x35800000)
    ro space 10240K,  42% used [0x38c00000, 0x39036058, 0x39036200, 0x39600000)
    rw space 12288K,  51% used [0x39600000, 0x39c3bdb0, 0x39c3be00, 0x3a200000)
Event: 39.951 GC heap after
Heap after GC invocations=48 (full 0):
 def new generation   total 4928K, used 2K [0x24c00000, 0x25150000, 0x2a150000)
  eden space 4416K,   0% used [0x24c00000, 0x24c00000, 0x25050000)
  from space 512K,   0% used [0x25050000, 0x250508f0, 0x250d0000)
  to   space 512K,   0% used [0x250d0000, 0x250d0000, 0x25150000)
 tenured generation   total 10944K, used 269K [0x2a150000, 0x2ac00000, 0x34c00000)
   the space 10944K,   2% used [0x2a150000, 0x2a193600, 0x2a193600, 0x2ac00000)
 compacting perm gen  total 12288K, used 657K [0x34c00000, 0x35800000, 0x38c00000)
   the space 12288K,   5% used [0x34c00000, 0x34ca4668, 0x34ca4800, 0x35800000)
    ro space 10240K,  42% used [0x38c00000, 0x39036058, 0x39036200, 0x39600000)
    rw space 12288K,  51% used [0x39600000, 0x39c3bdb0, 0x39c3be00, 0x3a200000)
}
Event: 40.620 GC heap before
{Heap before GC invocations=48 (full 0):
 def new generation   total 4928K, used 4418K [0x24c00000, 0x25150000, 0x2a150000)
  eden space 4416K, 100% used [0x24c00000, 0x25050000, 0x25050000)
  from space 512K,   0% used [0x25050000, 0x250508f0, 0x250d0000)
  to   space 512K,   0% used [0x250d0000, 0x250d0000, 0x25150000)
 tenured generation   total 10944K, used 269K [0x2a150000, 0x2ac00000, 0x34c00000)
   the space 10944K,   2% used [0x2a150000, 0x2a193600, 0x2a193600, 0x2ac00000)
 compacting perm gen  total 12288K, used 657K [0x34c00000, 0x35800000, 0x38c00000)
   the space 12288K,   5% used [0x34c00000, 0x34ca4668, 0x34ca4800, 0x35800000)
    ro space 10240K,  42% used [0x38c00000, 0x39036058, 0x39036200, 0x39600000)
    rw space 12288K,  51% used [0x39600000, 0x39c3bdb0, 0x39c3be00, 0x3a200000)
Event: 40.620 GC heap after
Heap after GC invocations=49 (full 0):
 def new generation   total 4928K, used 2K [0x24c00000, 0x25150000, 0x2a150000)
  eden space 4416K,   0% used [0x24c00000, 0x24c00000, 0x25050000)
  from space 512K,   0% used [0x250d0000, 0x250d0a40, 0x25150000)
  to   space 512K,   0% used [0x25050000, 0x25050000, 0x250d0000)
 tenured generation   total 10944K, used 269K [0x2a150000, 0x2ac00000, 0x34c00000)
   the space 10944K,   2% used [0x2a150000, 0x2a193600, 0x2a193600, 0x2ac00000)
 compacting perm gen  total 12288K, used 657K [0x34c00000, 0x35800000, 0x38c00000)
   the space 12288K,   5% used [0x34c00000, 0x34ca4668, 0x34ca4800, 0x35800000)
    ro space 10240K,  42% used [0x38c00000, 0x39036058, 0x39036200, 0x39600000)
    rw space 12288K,  51% used [0x39600000, 0x39c3bdb0, 0x39c3be00, 0x3a200000)
}

Deoptimization events (0 events):
No events

Internal exceptions (10 events):
Event: 4.862 Thread 0x0315c400 Threw 0x24d65778 at C:\re\jdk7u79\2331\hotspot\src\share\vm\prims\jvm.cpp:1304
Event: 4.863 Thread 0x0315c400 Threw 0x24d6a208 at C:\re\jdk7u79\2331\hotspot\src\share\vm\prims\jvm.cpp:1304
Event: 4.864 Thread 0x0315c400 Threw 0x24d6d800 at C:\re\jdk7u79\2331\hotspot\src\share\vm\prims\jvm.cpp:1304
Event: 4.864 Thread 0x0315c400 Threw 0x24d6f118 at C:\re\jdk7u79\2331\hotspot\src\share\vm\prims\jvm.cpp:1304
Event: 4.871 Thread 0x0315c400 Threw 0x24d89008 at C:\re\jdk7u79\2331\hotspot\src\share\vm\prims\jvm.cpp:1304
Event: 4.873 Thread 0x0315c400 Threw 0x24d908e8 at C:\re\jdk7u79\2331\hotspot\src\share\vm\prims\jvm.cpp:1304
Event: 4.874 Thread 0x0315c400 Threw 0x24d926b0 at C:\re\jdk7u79\2331\hotspot\src\share\vm\prims\jvm.cpp:1304
Event: 4.882 Thread 0x0315c400 Threw 0x24da4550 at C:\re\jdk7u79\2331\hotspot\src\share\vm\prims\jvm.cpp:1304
Event: 17.636 Thread 0x0315c400 Threw 0x24d05470 at C:\re\jdk7u79\2331\hotspot\src\share\vm\prims\jvm.cpp:1304
Event: 17.637 Thread 0x0315c400 Threw 0x24d06bf0 at C:\re\jdk7u79\2331\hotspot\src\share\vm\prims\jvm.cpp:1304

Events (10 events):
Event: 37.948 Executing VM operation: GenCollectForAllocation
Event: 37.949 Executing VM operation: GenCollectForAllocation done
Event: 38.617 Executing VM operation: GenCollectForAllocation
Event: 38.617 Executing VM operation: GenCollectForAllocation done
Event: 39.278 Executing VM operation: GenCollectForAllocation
Event: 39.279 Executing VM operation: GenCollectForAllocation done
Event: 39.951 Executing VM operation: GenCollectForAllocation
Event: 39.951 Executing VM operation: GenCollectForAllocation done
Event: 40.620 Executing VM operation: GenCollectForAllocation
Event: 40.620 Executing VM operation: GenCollectForAllocation done


Dynamic libraries:
0x00130000 - 0x0015f000 	C:\Program Files (x86)\Java\jre7\bin\javaw.exe
0x77370000 - 0x774f2000 	C:\WINDOWS\SYSTEM32\ntdll.dll
0x756d0000 - 0x757b0000 	C:\WINDOWS\System32\KERNEL32.DLL
0x751b0000 - 0x75351000 	C:\WINDOWS\System32\KERNELBASE.dll
0x74aa0000 - 0x74b17000 	C:\WINDOWS\System32\ADVAPI32.dll
0x74bc0000 - 0x74c7e000 	C:\WINDOWS\System32\msvcrt.dll
0x74370000 - 0x743b1000 	C:\WINDOWS\System32\sechost.dll
0x742a0000 - 0x74361000 	C:\WINDOWS\System32\RPCRT4.dll
0x73e30000 - 0x73e4e000 	C:\WINDOWS\System32\SspiCli.dll
0x73e20000 - 0x73e2a000 	C:\WINDOWS\System32\CRYPTBASE.dll
0x75430000 - 0x7548a000 	C:\WINDOWS\System32\bcryptPrimitives.dll
0x743c0000 - 0x7451f000 	C:\WINDOWS\System32\USER32.dll
0x75360000 - 0x75375000 	C:\WINDOWS\System32\win32u.dll
0x75120000 - 0x7514b000 	C:\WINDOWS\System32\GDI32.dll
0x75490000 - 0x755eb000 	C:\WINDOWS\System32\gdi32full.dll
0x71690000 - 0x7189a000 	C:\WINDOWS\WinSxS\x86_microsoft.windows.common-controls_6595b64144ccf1df_6.0.14393.447_none_89c64d28dafea4b9\COMCTL32.dll
0x73ea0000 - 0x740b1000 	C:\WINDOWS\System32\combase.dll
0x74c80000 - 0x74d60000 	C:\WINDOWS\System32\ucrtbase.dll
0x73e70000 - 0x73e95000 	C:\WINDOWS\System32\IMM32.DLL
0x5f0b0000 - 0x5f16f000 	C:\Program Files (x86)\Java\jre7\bin\msvcr100.dll
0x5f660000 - 0x5f9e9000 	C:\Program Files (x86)\Java\jre7\bin\client\jvm.dll
0x74520000 - 0x74526000 	C:\WINDOWS\System32\PSAPI.DLL
0x731e0000 - 0x73204000 	C:\WINDOWS\SYSTEM32\WINMM.dll
0x730a0000 - 0x730a8000 	C:\WINDOWS\SYSTEM32\WSOCK32.dll
0x75660000 - 0x756c3000 	C:\WINDOWS\System32\WS2_32.dll
0x731b0000 - 0x731d3000 	C:\WINDOWS\SYSTEM32\WINMMBASE.dll
0x74b20000 - 0x74b56000 	C:\WINDOWS\System32\cfgmgr32.dll
0x5f650000 - 0x5f65c000 	C:\Program Files (x86)\Java\jre7\bin\verify.dll
0x5f630000 - 0x5f650000 	C:\Program Files (x86)\Java\jre7\bin\java.dll
0x5f610000 - 0x5f623000 	C:\Program Files (x86)\Java\jre7\bin\zip.dll
0x778f0000 - 0x77b76000 	C:\Users\amanz360\Documents\GitHub\MoleAI\ExampleBot\bwapi_bridge2_5.dll
0x537e0000 - 0x53851000 	C:\WINDOWS\SYSTEM32\MSVCP120.dll
0x73d30000 - 0x73e1e000 	C:\WINDOWS\SYSTEM32\MSVCR120.dll
0x6f540000 - 0x6f59e000 	C:\Users\amanz360\Documents\GitHub\MoleAI\ExampleBot\libmpfr-4.dll
0x6acc0000 - 0x6ad27000 	C:\Users\amanz360\Documents\GitHub\MoleAI\ExampleBot\libgmp-10.dll
0x72f00000 - 0x73045000 	C:\WINDOWS\SYSTEM32\dbghelp.dll

VM Arguments:
jvm_args: -Dfile.encoding=Cp1252 
java_command: TestBot1
Launcher Type: SUN_STANDARD

Environment Variables:
PATH=C:/Program Files (x86)/Java/jre7/bin/client;C:/Program Files (x86)/Java/jre7/bin;C:/Program Files (x86)/Java/jre7/lib/i386;C:\gurobi701\win64\bin;C:\Program Files (x86)\NVIDIA Corporation\PhysX\Common;C:\Program Files\Java\jdk1.8.0_45\bin;C:\ProgramData\Oracle\Java\javapath;c:\Program Files (x86)\Intel\iCLS Client\;c:\Program Files\Intel\iCLS Client\;C:\WINDOWS\system32;C:\WINDOWS;C:\WINDOWS\System32\Wbem;C:\WINDOWS\System32\WindowsPowerShell\v1.0\;C:\Program Files\Intel\WiFi\bin\;C:\Program Files\Common Files\Intel\WirelessCommon\;C:\Program Files\Mozart\bin;C:\Program Files\Microsoft SQL Server\110\Tools\Binn\;C:\Program Files (x86)\Skype\Phone\;C:\Program Files (x86)\Intel\Intel(R) Management Engine Components\DAL;C:\Program Files\Intel\Intel(R) Management Engine Components\DAL;C:\Program Files (x86)\Intel\Intel(R) Management Engine Components\IPT;C:\Program Files\Intel\Intel(R) Management Engine Components\IPT;C:\Go\bin;C:\WINDOWS\system32\config\systemprofile\.dnx\bin;C:\Program Files\Microsoft DNX\Dnvm\;C:\Program Files\Microsoft SQL Server\130\Tools\Binn\;C:\Program Files (x86)\Windows Kits\8.1\Windows Performance Toolkit\;c:\Program Files (x86)\Microsoft SQL Server\100\Tools\Binn\;c:\Program Files\Microsoft SQL Server\100\Tools\Binn\;c:\Program Files\Microsoft SQL Server\100\DTS\Binn\;C:\Users\amanz360\Anaconda3;C:\Users\amanz360\Anaconda3\Scripts;C:\Users\amanz360\Anaconda3\Library\bin;C:\Users\amanz360\AppData\Local\Microsoft\WindowsApps;;C:\Users\amanz360\Downloads\eclipse-java-mars-2-win32\eclipse;
USERNAME=amanz360
OS=Windows_NT
PROCESSOR_IDENTIFIER=Intel64 Family 6 Model 69 Stepping 1, GenuineIntel



---------------  S Y S T E M  ---------------

OS: Windows 8.1 , 64 bit Build 9600 

CPU:total 4 (2 cores per cpu, 2 threads per core) family 6 model 69 stepping 1, cmov, cx8, fxsr, mmx, sse, sse2, sse3, ssse3, sse4.1, sse4.2, popcnt, avx, avx2, aes, erms, ht, tsc, tscinvbit

Memory: 4k page, physical 6187596k(2722744k free), swap 11083292k(4473092k free)

vm_info: Java HotSpot(TM) Client VM (24.79-b02) for windows-x86 JRE (1.7.0_79-b15), built on Apr 10 2015 16:49:13 by "java_re" with unknown MS VC++:1600

time: Sat Dec 10 17:59:57 2016
elapsed time: 40 seconds

