#
# A fatal error has been detected by the Java Runtime Environment:
#
#  EXCEPTION_ACCESS_VIOLATION (0xc0000005) at pc=0x505954bb, pid=7652, tid=16280
#
# JRE version: Java(TM) SE Runtime Environment (7.0_79-b15) (build 1.7.0_79-b15)
# Java VM: Java HotSpot(TM) Client VM (24.79-b02 mixed mode, sharing windows-x86 )
# Problematic frame:
# V  [jvm.dll+0xc54bb]
#
# Failed to write core dump. Minidumps are not enabled by default on client versions of Windows
#
# If you would like to submit a bug report, please visit:
#   http://bugreport.java.com/bugreport/crash.jsp
#

---------------  T H R E A D  ---------------

Current thread (0x030ac400):  JavaThread "main" [_thread_in_vm, id=16280, stack(0x02e30000,0x02e80000)]

siginfo: ExceptionCode=0xc0000005, reading address 0x00000000

Registers:
EAX=0x00000000, EBX=0x030ac530, ECX=0x00000000, EDX=0x00000007
ESP=0x02e7d73c, EBP=0x02e7d758, ESI=0x030ac530, EDI=0x030ac400
EIP=0x505954bb, EFLAGS=0x00010246

Top of Stack: (sp=0x02e7d73c)
0x02e7d73c:   030ac400 07cbb7e4 030ac530 030ac400
0x02e7d74c:   00000000 07cbb7e4 00000000 02e7d7a8
0x02e7d75c:   0fc4564d 030ac530 00000000 6e696f70
0x02e7d76c:   00726574 02e7d7a8 0fc4561d 00000007
0x02e7d77c:   0000000f 0000004a 030ac530 02e7d7c8
0x02e7d78c:   0fc4567d 00000001 0000000f 07cbb7e4
0x02e7d79c:   00000000 030ac530 02e7d7ec 02e7d7d8
0x02e7d7ac:   03155d38 030ac530 02e7d7c4 07cbb7e4 

Instructions: (pc=0x505954bb)
0x5059549b:   f3 ff 83 c4 08 83 7f 04 00 89 7d f0 c7 45 f4 00
0x505954ab:   00 00 00 74 08 8d 4d f0 e8 a8 a6 0c 00 8b 45 0c
0x505954bb:   8b 08 8b 51 04 8b 42 40 50 56 e8 26 df 07 00 83
0x505954cb:   c4 08 83 7d f4 00 89 45 08 74 08 8d 4d f0 e8 c2 


Register to memory mapping:

EAX=0x00000000 is an unknown value
EBX=0x030ac530 is an unknown value
ECX=0x00000000 is an unknown value
EDX=0x00000007 is an unknown value
ESP=0x02e7d73c is pointing into the stack for thread: 0x030ac400
EBP=0x02e7d758 is pointing into the stack for thread: 0x030ac400
ESI=0x030ac530 is an unknown value
EDI=0x030ac400 is a thread


Stack: [0x02e30000,0x02e80000],  sp=0x02e7d73c,  free space=309k
Native frames: (J=compiled Java code, j=interpreted, Vv=VM code, C=native code)
V  [jvm.dll+0xc54bb]
C  [bwapi_bridge2_5.dll+0x3564d]
J 83  bwapi.Unit.getDistance_native(JLbwapi/Unit;)I (0 bytes) @ 0x03155d38 [0x03155c90+0xa8]
J 82 C1 bwapi.Unit.getDistance(Lbwapi/Unit;)I (10 bytes) @ 0x03155f70 [0x03155f40+0x30]
j  MoleUnit.getClosestDamagedAllyInRadius(I)Lbwapi/Unit;+168
J 108 C1 Base.assaultPosition(Lbwapi/Game;)V (428 bytes) @ 0x0315beb4 [0x0315b7f0+0x6c4]
J 184 C1 Base.manageMarines(Lbwapi/Game;)V (84 bytes) @ 0x03177e3c [0x03177da0+0x9c]
J 138 C1 StrategyManager.runBases(Lbwapi/Game;Lbwapi/Player;)V (325 bytes) @ 0x031680b8 [0x03167cf0+0x3c8]
J 179 C1 StrategyManager.update(Lbwapi/Game;Lbwapi/Player;)V (100 bytes) @ 0x031767bc [0x03176630+0x18c]
J 172 C1 TestBot1.onFrame()V (86 bytes) @ 0x031757dc [0x03175570+0x26c]
J 171 C1 bwapi.AIModule.onFrame()V (17 bytes) @ 0x03175084 [0x03175050+0x34]
v  ~StubRoutines::call_stub
V  [jvm.dll+0x14234a]
V  [jvm.dll+0x206ebe]
V  [jvm.dll+0x1423cd]
V  [jvm.dll+0xcb5c2]
V  [jvm.dll+0xcf213]
C  [bwapi_bridge2_5.dll+0x1b20d]
C  [bwapi_bridge2_5.dll+0x75101]
j  bwapi.Mirror.startGame()V+0
j  TestBot1.run()V+15
j  TestBot1.main([Ljava/lang/String;)V+7
v  ~StubRoutines::call_stub
V  [jvm.dll+0x14234a]
V  [jvm.dll+0x206ebe]
V  [jvm.dll+0x1423cd]
V  [jvm.dll+0xcb345]
V  [jvm.dll+0xd5ff7]
C  [javaw.exe+0x2070]
C  [javaw.exe+0xa601]
C  [javaw.exe+0xa68b]
C  [KERNEL32.DLL+0x162c4]
C  [ntdll.dll+0x60fd9]
C  [ntdll.dll+0x60fa4]

Java frames: (J=compiled Java code, j=interpreted, Vv=VM code)
J 83  bwapi.Unit.getDistance_native(JLbwapi/Unit;)I (0 bytes) @ 0x03155cf4 [0x03155c90+0x64]
J 82 C1 bwapi.Unit.getDistance(Lbwapi/Unit;)I (10 bytes) @ 0x03155f70 [0x03155f40+0x30]
j  MoleUnit.getClosestDamagedAllyInRadius(I)Lbwapi/Unit;+168
J 108 C1 Base.assaultPosition(Lbwapi/Game;)V (428 bytes) @ 0x0315beb4 [0x0315b7f0+0x6c4]
J 184 C1 Base.manageMarines(Lbwapi/Game;)V (84 bytes) @ 0x03177e3c [0x03177da0+0x9c]
J 138 C1 StrategyManager.runBases(Lbwapi/Game;Lbwapi/Player;)V (325 bytes) @ 0x031680b8 [0x03167cf0+0x3c8]
J 179 C1 StrategyManager.update(Lbwapi/Game;Lbwapi/Player;)V (100 bytes) @ 0x031767bc [0x03176630+0x18c]
J 172 C1 TestBot1.onFrame()V (86 bytes) @ 0x031757dc [0x03175570+0x26c]
J 171 C1 bwapi.AIModule.onFrame()V (17 bytes) @ 0x03175084 [0x03175050+0x34]
v  ~StubRoutines::call_stub
j  bwapi.Mirror.startGame()V+0
j  TestBot1.run()V+15
j  TestBot1.main([Ljava/lang/String;)V+7
v  ~StubRoutines::call_stub

---------------  P R O C E S S  ---------------

Java Threads: ( => current thread )
  0x02fc5400 JavaThread "Service Thread" daemon [_thread_blocked, id=24272, stack(0x05530000,0x05580000)]
  0x02fc3400 JavaThread "C1 CompilerThread0" daemon [_thread_blocked, id=20596, stack(0x054a0000,0x054f0000)]
  0x02fc2000 JavaThread "Attach Listener" daemon [_thread_blocked, id=240, stack(0x05410000,0x05460000)]
  0x02fbec00 JavaThread "Signal Dispatcher" daemon [_thread_blocked, id=17664, stack(0x05380000,0x053d0000)]
  0x02f50c00 JavaThread "Finalizer" daemon [_thread_blocked, id=9028, stack(0x052f0000,0x05340000)]
  0x02f4f000 JavaThread "Reference Handler" daemon [_thread_blocked, id=16372, stack(0x05260000,0x052b0000)]
=>0x030ac400 JavaThread "main" [_thread_in_vm, id=16280, stack(0x02e30000,0x02e80000)]

Other Threads:
  0x02f4dc00 VMThread [stack: 0x051d0000,0x05220000] [id=24464]
  0x02fdec00 WatcherThread [stack: 0x055c0000,0x05610000] [id=6640]

VM state:not at safepoint (normal execution)

VM Mutex/Monitor currently owned by a thread: None

Heap
 def new generation   total 4928K, used 115K [0x24c00000, 0x25150000, 0x2a150000)
  eden space 4416K,   2% used [0x24c00000, 0x24c17038, 0x25050000)
  from space 512K,   4% used [0x250d0000, 0x250d5fa0, 0x25150000)
  to   space 512K,   0% used [0x25050000, 0x25050000, 0x250d0000)
 tenured generation   total 10944K, used 335K [0x2a150000, 0x2ac00000, 0x34c00000)
   the space 10944K,   3% used [0x2a150000, 0x2a1a3d00, 0x2a1a3e00, 0x2ac00000)
 compacting perm gen  total 12288K, used 660K [0x34c00000, 0x35800000, 0x38c00000)
   the space 12288K,   5% used [0x34c00000, 0x34ca50f8, 0x34ca5200, 0x35800000)
    ro space 10240K,  42% used [0x38c00000, 0x39036058, 0x39036200, 0x39600000)
    rw space 12288K,  51% used [0x39600000, 0x39c3bdb0, 0x39c3be00, 0x3a200000)

Card table byte_map: [0x050b0000,0x05160000] byte_map_base: 0x04f8a000

Polling page: 0x016a0000

Code Cache  [0x030b0000, 0x03190000, 0x050b0000)
 total_blobs=381 nmethods=244 adapters=74 free_code_cache=31894Kb largest_free_block=32660288

Compilation events (10 events):
Event: 94.679 Thread 0x02fc3400  236             bwapi.WeaponType::get (53 bytes)
Event: 94.679 Thread 0x02fc3400 nmethod 236 0x03187988 code [0x03187ac0, 0x03187c70]
Event: 94.701 Thread 0x02fc3400  237             bwapi.UnitType::groundWeapon (9 bytes)
Event: 94.701 Thread 0x02fc3400 nmethod 237 0x03188008 code [0x03188100, 0x0318819c]
Event: 94.825 Thread 0x02fc3400  241             MoleUnit::smartKiteTarget (235 bytes)
Event: 94.826 Thread 0x02fc3400 nmethod 241 0x031889c8 code [0x03188c50, 0x031892a8]
Event: 94.826 Thread 0x02fc3400  242             bwapi.WeaponType::damageCooldown (9 bytes)
Event: 94.826 Thread 0x02fc3400 nmethod 242 0x03189e48 code [0x03189f40, 0x03189fdc]
Event: 95.980 Thread 0x02fc3400  244             Base::getClosestBaseThreat (63 bytes)
Event: 95.981 Thread 0x02fc3400 nmethod 244 0x0318a048 code [0x0318a190, 0x0318a34c]

GC Heap History (10 events):
Event: 97.480 GC heap before
{Heap before GC invocations=164 (full 0):
 def new generation   total 4928K, used 4440K [0x24c00000, 0x25150000, 0x2a150000)
  eden space 4416K, 100% used [0x24c00000, 0x25050000, 0x25050000)
  from space 512K,   4% used [0x25050000, 0x25056298, 0x250d0000)
  to   space 512K,   0% used [0x250d0000, 0x250d0000, 0x25150000)
 tenured generation   total 10944K, used 327K [0x2a150000, 0x2ac00000, 0x34c00000)
   the space 10944K,   2% used [0x2a150000, 0x2a1a1d78, 0x2a1a1e00, 0x2ac00000)
 compacting perm gen  total 12288K, used 660K [0x34c00000, 0x35800000, 0x38c00000)
   the space 12288K,   5% used [0x34c00000, 0x34ca50f8, 0x34ca5200, 0x35800000)
    ro space 10240K,  42% used [0x38c00000, 0x39036058, 0x39036200, 0x39600000)
    rw space 12288K,  51% used [0x39600000, 0x39c3bdb0, 0x39c3be00, 0x3a200000)
Event: 97.480 GC heap after
Heap after GC invocations=165 (full 0):
 def new generation   total 4928K, used 21K [0x24c00000, 0x25150000, 0x2a150000)
  eden space 4416K,   0% used [0x24c00000, 0x24c00000, 0x25050000)
  from space 512K,   4% used [0x250d0000, 0x250d5560, 0x25150000)
  to   space 512K,   0% used [0x25050000, 0x25050000, 0x250d0000)
 tenured generation   total 10944K, used 331K [0x2a150000, 0x2ac00000, 0x34c00000)
   the space 10944K,   3% used [0x2a150000, 0x2a1a2de0, 0x2a1a2e00, 0x2ac00000)
 compacting perm gen  total 12288K, used 660K [0x34c00000, 0x35800000, 0x38c00000)
   the space 12288K,   5% used [0x34c00000, 0x34ca50f8, 0x34ca5200, 0x35800000)
    ro space 10240K,  42% used [0x38c00000, 0x39036058, 0x39036200, 0x39600000)
    rw space 12288K,  51% used [0x39600000, 0x39c3bdb0, 0x39c3be00, 0x3a200000)
}
Event: 97.928 GC heap before
{Heap before GC invocations=165 (full 0):
 def new generation   total 4928K, used 4437K [0x24c00000, 0x25150000, 0x2a150000)
  eden space 4416K, 100% used [0x24c00000, 0x25050000, 0x25050000)
  from space 512K,   4% used [0x250d0000, 0x250d5560, 0x25150000)
  to   space 512K,   0% used [0x25050000, 0x25050000, 0x250d0000)
 tenured generation   total 10944K, used 331K [0x2a150000, 0x2ac00000, 0x34c00000)
   the space 10944K,   3% used [0x2a150000, 0x2a1a2de0, 0x2a1a2e00, 0x2ac00000)
 compacting perm gen  total 12288K, used 660K [0x34c00000, 0x35800000, 0x38c00000)
   the space 12288K,   5% used [0x34c00000, 0x34ca50f8, 0x34ca5200, 0x35800000)
    ro space 10240K,  42% used [0x38c00000, 0x39036058, 0x39036200, 0x39600000)
    rw space 12288K,  51% used [0x39600000, 0x39c3bdb0, 0x39c3be00, 0x3a200000)
Event: 97.929 GC heap after
Heap after GC invocations=166 (full 0):
 def new generation   total 4928K, used 20K [0x24c00000, 0x25150000, 0x2a150000)
  eden space 4416K,   0% used [0x24c00000, 0x24c00000, 0x25050000)
  from space 512K,   3% used [0x25050000, 0x25055190, 0x250d0000)
  to   space 512K,   0% used [0x250d0000, 0x250d0000, 0x25150000)
 tenured generation   total 10944K, used 333K [0x2a150000, 0x2ac00000, 0x34c00000)
   the space 10944K,   3% used [0x2a150000, 0x2a1a35e0, 0x2a1a3600, 0x2ac00000)
 compacting perm gen  total 12288K, used 660K [0x34c00000, 0x35800000, 0x38c00000)
   the space 12288K,   5% used [0x34c00000, 0x34ca50f8, 0x34ca5200, 0x35800000)
    ro space 10240K,  42% used [0x38c00000, 0x39036058, 0x39036200, 0x39600000)
    rw space 12288K,  51% used [0x39600000, 0x39c3bdb0, 0x39c3be00, 0x3a200000)
}
Event: 98.334 GC heap before
{Heap before GC invocations=166 (full 0):
 def new generation   total 4928K, used 4436K [0x24c00000, 0x25150000, 0x2a150000)
  eden space 4416K, 100% used [0x24c00000, 0x25050000, 0x25050000)
  from space 512K,   3% used [0x25050000, 0x25055190, 0x250d0000)
  to   space 512K,   0% used [0x250d0000, 0x250d0000, 0x25150000)
 tenured generation   total 10944K, used 333K [0x2a150000, 0x2ac00000, 0x34c00000)
   the space 10944K,   3% used [0x2a150000, 0x2a1a35e0, 0x2a1a3600, 0x2ac00000)
 compacting perm gen  total 12288K, used 660K [0x34c00000, 0x35800000, 0x38c00000)
   the space 12288K,   5% used [0x34c00000, 0x34ca50f8, 0x34ca5200, 0x35800000)
    ro space 10240K,  42% used [0x38c00000, 0x39036058, 0x39036200, 0x39600000)
    rw space 12288K,  51% used [0x39600000, 0x39c3bdb0, 0x39c3be00, 0x3a200000)
Event: 98.334 GC heap after
Heap after GC invocations=167 (full 0):
 def new generation   total 4928K, used 23K [0x24c00000, 0x25150000, 0x2a150000)
  eden space 4416K,   0% used [0x24c00000, 0x24c00000, 0x25050000)
  from space 512K,   4% used [0x250d0000, 0x250d5e10, 0x25150000)
  to   space 512K,   0% used [0x25050000, 0x25050000, 0x250d0000)
 tenured generation   total 10944K, used 333K [0x2a150000, 0x2ac00000, 0x34c00000)
   the space 10944K,   3% used [0x2a150000, 0x2a1a3618, 0x2a1a3800, 0x2ac00000)
 compacting perm gen  total 12288K, used 660K [0x34c00000, 0x35800000, 0x38c00000)
   the space 12288K,   5% used [0x34c00000, 0x34ca50f8, 0x34ca5200, 0x35800000)
    ro space 10240K,  42% used [0x38c00000, 0x39036058, 0x39036200, 0x39600000)
    rw space 12288K,  51% used [0x39600000, 0x39c3bdb0, 0x39c3be00, 0x3a200000)
}
Event: 98.792 GC heap before
{Heap before GC invocations=167 (full 0):
 def new generation   total 4928K, used 4439K [0x24c00000, 0x25150000, 0x2a150000)
  eden space 4416K, 100% used [0x24c00000, 0x25050000, 0x25050000)
  from space 512K,   4% used [0x250d0000, 0x250d5e10, 0x25150000)
  to   space 512K,   0% used [0x25050000, 0x25050000, 0x250d0000)
 tenured generation   total 10944K, used 333K [0x2a150000, 0x2ac00000, 0x34c00000)
   the space 10944K,   3% used [0x2a150000, 0x2a1a3618, 0x2a1a3800, 0x2ac00000)
 compacting perm gen  total 12288K, used 660K [0x34c00000, 0x35800000, 0x38c00000)
   the space 12288K,   5% used [0x34c00000, 0x34ca50f8, 0x34ca5200, 0x35800000)
    ro space 10240K,  42% used [0x38c00000, 0x39036058, 0x39036200, 0x39600000)
    rw space 12288K,  51% used [0x39600000, 0x39c3bdb0, 0x39c3be00, 0x3a200000)
Event: 98.792 GC heap after
Heap after GC invocations=168 (full 0):
 def new generation   total 4928K, used 24K [0x24c00000, 0x25150000, 0x2a150000)
  eden space 4416K,   0% used [0x24c00000, 0x24c00000, 0x25050000)
  from space 512K,   4% used [0x25050000, 0x250560f0, 0x250d0000)
  to   space 512K,   0% used [0x250d0000, 0x250d0000, 0x25150000)
 tenured generation   total 10944K, used 334K [0x2a150000, 0x2ac00000, 0x34c00000)
   the space 10944K,   3% used [0x2a150000, 0x2a1a38d8, 0x2a1a3a00, 0x2ac00000)
 compacting perm gen  total 12288K, used 660K [0x34c00000, 0x35800000, 0x38c00000)
   the space 12288K,   5% used [0x34c00000, 0x34ca50f8, 0x34ca5200, 0x35800000)
    ro space 10240K,  42% used [0x38c00000, 0x39036058, 0x39036200, 0x39600000)
    rw space 12288K,  51% used [0x39600000, 0x39c3bdb0, 0x39c3be00, 0x3a200000)
}
Event: 99.247 GC heap before
{Heap before GC invocations=168 (full 0):
 def new generation   total 4928K, used 4440K [0x24c00000, 0x25150000, 0x2a150000)
  eden space 4416K, 100% used [0x24c00000, 0x25050000, 0x25050000)
  from space 512K,   4% used [0x25050000, 0x250560f0, 0x250d0000)
  to   space 512K,   0% used [0x250d0000, 0x250d0000, 0x25150000)
 tenured generation   total 10944K, used 334K [0x2a150000, 0x2ac00000, 0x34c00000)
   the space 10944K,   3% used [0x2a150000, 0x2a1a38d8, 0x2a1a3a00, 0x2ac00000)
 compacting perm gen  total 12288K, used 660K [0x34c00000, 0x35800000, 0x38c00000)
   the space 12288K,   5% used [0x34c00000, 0x34ca50f8, 0x34ca5200, 0x35800000)
    ro space 10240K,  42% used [0x38c00000, 0x39036058, 0x39036200, 0x39600000)
    rw space 12288K,  51% used [0x39600000, 0x39c3bdb0, 0x39c3be00, 0x3a200000)
Event: 99.248 GC heap after
Heap after GC invocations=169 (full 0):
 def new generation   total 4928K, used 23K [0x24c00000, 0x25150000, 0x2a150000)
  eden space 4416K,   0% used [0x24c00000, 0x24c00000, 0x25050000)
  from space 512K,   4% used [0x250d0000, 0x250d5fa0, 0x25150000)
  to   space 512K,   0% used [0x25050000, 0x25050000, 0x250d0000)
 tenured generation   total 10944K, used 335K [0x2a150000, 0x2ac00000, 0x34c00000)
   the space 10944K,   3% used [0x2a150000, 0x2a1a3d00, 0x2a1a3e00, 0x2ac00000)
 compacting perm gen  total 12288K, used 660K [0x34c00000, 0x35800000, 0x38c00000)
   the space 12288K,   5% used [0x34c00000, 0x34ca50f8, 0x34ca5200, 0x35800000)
    ro space 10240K,  42% used [0x38c00000, 0x39036058, 0x39036200, 0x39600000)
    rw space 12288K,  51% used [0x39600000, 0x39c3bdb0, 0x39c3be00, 0x3a200000)
}

Deoptimization events (0 events):
No events

Internal exceptions (10 events):
Event: 79.945 Thread 0x030ac400 Implicit null exception at 0x0315e76e to 0x0315ed1f
Event: 79.945 Thread 0x030ac400 Threw 0x24f5b420 at C:\re\jdk7u79\2331\hotspot\src\share\vm\runtime\sharedRuntime.cpp:591
Event: 79.947 Thread 0x030ac400 Implicit null exception at 0x0315e76e to 0x0315ed1f
Event: 79.947 Thread 0x030ac400 Threw 0x24f5fbe0 at C:\re\jdk7u79\2331\hotspot\src\share\vm\runtime\sharedRuntime.cpp:591
Event: 79.960 Thread 0x030ac400 Implicit null exception at 0x0315e76e to 0x0315ed1f
Event: 79.960 Thread 0x030ac400 Threw 0x24f643a0 at C:\re\jdk7u79\2331\hotspot\src\share\vm\runtime\sharedRuntime.cpp:591
Event: 79.976 Thread 0x030ac400 Implicit null exception at 0x0315e76e to 0x0315ed1f
Event: 79.976 Thread 0x030ac400 Threw 0x24f68b60 at C:\re\jdk7u79\2331\hotspot\src\share\vm\runtime\sharedRuntime.cpp:591
Event: 79.978 Thread 0x030ac400 Implicit null exception at 0x0315e76e to 0x0315ed1f
Event: 79.978 Thread 0x030ac400 Threw 0x24f6d388 at C:\re\jdk7u79\2331\hotspot\src\share\vm\runtime\sharedRuntime.cpp:591

Events (10 events):
Event: 97.480 Executing VM operation: GenCollectForAllocation
Event: 97.480 Executing VM operation: GenCollectForAllocation done
Event: 97.928 Executing VM operation: GenCollectForAllocation
Event: 97.929 Executing VM operation: GenCollectForAllocation done
Event: 98.334 Executing VM operation: GenCollectForAllocation
Event: 98.334 Executing VM operation: GenCollectForAllocation done
Event: 98.792 Executing VM operation: GenCollectForAllocation
Event: 98.792 Executing VM operation: GenCollectForAllocation done
Event: 99.247 Executing VM operation: GenCollectForAllocation
Event: 99.248 Executing VM operation: GenCollectForAllocation done


Dynamic libraries:
0x012c0000 - 0x012ef000 	C:\Program Files (x86)\Java\jre7\bin\javaw.exe
0x773a0000 - 0x77523000 	C:\WINDOWS\SYSTEM32\ntdll.dll
0x767b0000 - 0x76890000 	C:\WINDOWS\System32\KERNEL32.DLL
0x76600000 - 0x767a1000 	C:\WINDOWS\System32\KERNELBASE.dll
0x740e0000 - 0x74157000 	C:\WINDOWS\System32\ADVAPI32.dll
0x74500000 - 0x745be000 	C:\WINDOWS\System32\msvcrt.dll
0x74a30000 - 0x74a71000 	C:\WINDOWS\System32\sechost.dll
0x73e80000 - 0x73f41000 	C:\WINDOWS\System32\RPCRT4.dll
0x73e60000 - 0x73e7e000 	C:\WINDOWS\System32\SspiCli.dll
0x73e50000 - 0x73e5a000 	C:\WINDOWS\System32\CRYPTBASE.dll
0x76ad0000 - 0x76b2a000 	C:\WINDOWS\System32\bcryptPrimitives.dll
0x77220000 - 0x7737f000 	C:\WINDOWS\System32\USER32.dll
0x76130000 - 0x76145000 	C:\WINDOWS\System32\win32u.dll
0x74040000 - 0x7406b000 	C:\WINDOWS\System32\GDI32.dll
0x74220000 - 0x7437b000 	C:\WINDOWS\System32\gdi32full.dll
0x71be0000 - 0x71dea000 	C:\WINDOWS\WinSxS\x86_microsoft.windows.common-controls_6595b64144ccf1df_6.0.14393.447_none_89c64d28dafea4b9\COMCTL32.dll
0x745c0000 - 0x747d1000 	C:\WINDOWS\System32\combase.dll
0x74380000 - 0x74460000 	C:\WINDOWS\System32\ucrtbase.dll
0x747e0000 - 0x74805000 	C:\WINDOWS\System32\IMM32.DLL
0x776d0000 - 0x7778f000 	C:\Program Files (x86)\Java\jre7\bin\msvcr100.dll
0x504d0000 - 0x50859000 	C:\Program Files (x86)\Java\jre7\bin\client\jvm.dll
0x74ce0000 - 0x74ce6000 	C:\WINDOWS\System32\PSAPI.DLL
0x72990000 - 0x72998000 	C:\WINDOWS\SYSTEM32\WSOCK32.dll
0x73b30000 - 0x73b54000 	C:\WINDOWS\SYSTEM32\WINMM.dll
0x74070000 - 0x740d3000 	C:\WINDOWS\System32\WS2_32.dll
0x73b00000 - 0x73b23000 	C:\WINDOWS\SYSTEM32\WINMMBASE.dll
0x74d00000 - 0x74d36000 	C:\WINDOWS\System32\cfgmgr32.dll
0x556a0000 - 0x556ac000 	C:\Program Files (x86)\Java\jre7\bin\verify.dll
0x55680000 - 0x556a0000 	C:\Program Files (x86)\Java\jre7\bin\java.dll
0x55660000 - 0x55673000 	C:\Program Files (x86)\Java\jre7\bin\zip.dll
0x0fc10000 - 0x0fe96000 	C:\Users\amanz360\Documents\GitHub\MoleAI\ExampleBot\bwapi_bridge2_5.dll
0x6cbc0000 - 0x6cc31000 	C:\WINDOWS\SYSTEM32\MSVCP120.dll
0x6f540000 - 0x6f59e000 	C:\Users\amanz360\Documents\GitHub\MoleAI\ExampleBot\libmpfr-4.dll
0x6acc0000 - 0x6ad27000 	C:\Users\amanz360\Documents\GitHub\MoleAI\ExampleBot\libgmp-10.dll
0x73cc0000 - 0x73dae000 	C:\WINDOWS\SYSTEM32\MSVCR120.dll
0x738d0000 - 0x73a15000 	C:\WINDOWS\SYSTEM32\dbghelp.dll

VM Arguments:
jvm_args: -Dfile.encoding=Cp1252 
java_command: TestBot1
Launcher Type: SUN_STANDARD

Environment Variables:
PATH=C:/Program Files (x86)/Java/jre7/bin/client;C:/Program Files (x86)/Java/jre7/bin;C:/Program Files (x86)/Java/jre7/lib/i386;C:\gurobi701\win64\bin;C:\Program Files (x86)\NVIDIA Corporation\PhysX\Common;C:\Program Files\Java\jdk1.8.0_45\bin;C:\ProgramData\Oracle\Java\javapath;c:\Program Files (x86)\Intel\iCLS Client\;c:\Program Files\Intel\iCLS Client\;C:\WINDOWS\system32;C:\WINDOWS;C:\WINDOWS\System32\Wbem;C:\WINDOWS\System32\WindowsPowerShell\v1.0\;C:\Program Files\Intel\WiFi\bin\;C:\Program Files\Common Files\Intel\WirelessCommon\;C:\Program Files\Mozart\bin;C:\Program Files\Microsoft SQL Server\110\Tools\Binn\;C:\Program Files (x86)\Skype\Phone\;C:\Program Files (x86)\Intel\Intel(R) Management Engine Components\DAL;C:\Program Files\Intel\Intel(R) Management Engine Components\DAL;C:\Program Files (x86)\Intel\Intel(R) Management Engine Components\IPT;C:\Program Files\Intel\Intel(R) Management Engine Components\IPT;C:\Go\bin;C:\WINDOWS\system32\config\systemprofile\.dnx\bin;C:\Program Files\Microsoft DNX\Dnvm\;C:\Program Files\Microsoft SQL Server\130\Tools\Binn\;C:\Program Files (x86)\Windows Kits\8.1\Windows Performance Toolkit\;c:\Program Files (x86)\Microsoft SQL Server\100\Tools\Binn\;c:\Program Files\Microsoft SQL Server\100\Tools\Binn\;c:\Program Files\Microsoft SQL Server\100\DTS\Binn\;C:\Users\amanz360\Anaconda3;C:\Users\amanz360\Anaconda3\Scripts;C:\Users\amanz360\Anaconda3\Library\bin;C:\Users\amanz360\AppData\Local\Microsoft\WindowsApps;;C:\Users\amanz360\Downloads\eclipse-java-mars-2-win32\eclipse;
USERNAME=amanz360
OS=Windows_NT
PROCESSOR_IDENTIFIER=Intel64 Family 6 Model 69 Stepping 1, GenuineIntel



---------------  S Y S T E M  ---------------

OS: Windows 8.1 , 64 bit Build 9600 

CPU:total 4 (2 cores per cpu, 2 threads per core) family 6 model 69 stepping 1, cmov, cx8, fxsr, mmx, sse, sse2, sse3, ssse3, sse4.1, sse4.2, popcnt, avx, avx2, aes, erms, ht, tsc, tscinvbit

Memory: 4k page, physical 6187596k(2570588k free), swap 10474704k(4524892k free)

vm_info: Java HotSpot(TM) Client VM (24.79-b02) for windows-x86 JRE (1.7.0_79-b15), built on Apr 10 2015 16:49:13 by "java_re" with unknown MS VC++:1600

time: Wed Dec 14 16:44:45 2016
elapsed time: 99 seconds

