#
# A fatal error has been detected by the Java Runtime Environment:
#
#  EXCEPTION_ACCESS_VIOLATION (0xc0000005) at pc=0x0fa4cca3, pid=3852, tid=1836
#
# JRE version: Java(TM) SE Runtime Environment (7.0_79-b15) (build 1.7.0_79-b15)
# Java VM: Java HotSpot(TM) Client VM (24.79-b02 mixed mode, sharing windows-x86 )
# Problematic frame:
# C  [bwapi_bridge2_5.dll+0x1cca3]
#
# Failed to write core dump. Minidumps are not enabled by default on client versions of Windows
#
# If you would like to submit a bug report, please visit:
#   http://bugreport.java.com/bugreport/crash.jsp
# The crash happened outside the Java Virtual Machine in native code.
# See problematic frame for where to report the bug.
#

---------------  T H R E A D  ---------------

Current thread (0x02e6c400):  JavaThread "main" [_thread_in_native, id=1836, stack(0x02df0000,0x02e40000)]

siginfo: ExceptionCode=0xc0000005, reading address 0x00000000

Registers:
EAX=0x00007d00, EBX=0x34c416e0, ECX=0x00000000, EDX=0x02e3dfa8
ESP=0x02e3df9c, EBP=0x02e3dfb8, ESI=0x34c416e0, EDI=0x02e6c400
EIP=0x0fa4cca3, EFLAGS=0x00010286

Top of Stack: (sp=0x02e3df9c)
0x02e3df9c:   34c416e0 00000000 00000000 00000000
0x02e3dfac:   00007d00 00000000 b3570518 02e3dff4
0x02e3dfbc:   0302aabd 02e6c530 02e3e00c 00000000
0x02e3dfcc:   00007d00 fa0ff937 02e3dfd4 00000000
0x02e3dfdc:   02e3e00c 34c84fd0 00000000 34c416e0
0x02e3dfec:   00000000 02e3e010 02e3e240 030d1df4
0x02e3dffc:   00000000 030288e6 00000000 00007d00
0x02e3e00c:   24e49038 00000000 00007d00 24e434a8 

Instructions: (pc=0x0fa4cca3)
0x0fa4cc83:   83 e4 f8 83 ec 18 a1 08 40 c3 0f 33 c4 89 44 24
0x0fa4cc93:   14 8b 4d 10 8d 54 24 08 8b 45 14 56 89 44 24 10
0x0fa4cca3:   8b 01 57 8b 7d 08 52 ff 50 18 83 ec 18 8b cc 6a
0x0fa4ccb3:   0e c7 41 14 0f 00 00 00 c7 41 10 00 00 00 00 68 


Register to memory mapping:

EAX=0x00007d00 is an unknown value
EBX=0x34c416e0 is an oop
{method} 
 - klass: {other class}
ECX=0x00000000 is an unknown value
EDX=0x02e3dfa8 is pointing into the stack for thread: 0x02e6c400
ESP=0x02e3df9c is pointing into the stack for thread: 0x02e6c400
EBP=0x02e3dfb8 is pointing into the stack for thread: 0x02e6c400
ESI=0x34c416e0 is an oop
{method} 
 - klass: {other class}
EDI=0x02e6c400 is a thread


Stack: [0x02df0000,0x02e40000],  sp=0x02e3df9c,  free space=311k
Native frames: (J=compiled Java code, j=interpreted, Vv=VM code, C=native code)
C  [bwapi_bridge2_5.dll+0x1cca3]
j  bwapi.Unit.getPosition_native(J)Lbwapi/Position;+0
J 120 C1 Base.manageDefense(Lbwapi/Game;)V (578 bytes) @ 0x030d1df4 [0x030d0770+0x1684]
J 86 C1 TestBot1.onFrame()V (150 bytes) @ 0x030c7ad0 [0x030c76d0+0x400]
J 106 C1 bwapi.AIModule.onFrame()V (17 bytes) @ 0x030cc784 [0x030cc750+0x34]
v  ~StubRoutines::call_stub
V  [jvm.dll+0x14234a]
V  [jvm.dll+0x206ebe]
V  [jvm.dll+0x1423cd]
V  [jvm.dll+0xcb5c2]
V  [jvm.dll+0xcf213]
C  [bwapi_bridge2_5.dll+0x1b20d]
C  [bwapi_bridge2_5.dll+0x75101]
j  bwapi.Mirror.startGame()V+0
j  TestBot1.run()V+15
j  TestBot1.main([Ljava/lang/String;)V+7
v  ~StubRoutines::call_stub
V  [jvm.dll+0x14234a]
V  [jvm.dll+0x206ebe]
V  [jvm.dll+0x1423cd]
V  [jvm.dll+0xcb345]
V  [jvm.dll+0xd5ff7]
C  [javaw.exe+0x2070]
C  [javaw.exe+0xa601]
C  [javaw.exe+0xa68b]
C  [KERNEL32.DLL+0x162c4]
C  [ntdll.dll+0x60719]
C  [ntdll.dll+0x606e4]

Java frames: (J=compiled Java code, j=interpreted, Vv=VM code)
j  bwapi.Unit.getPosition_native(J)Lbwapi/Position;+0
J 120 C1 Base.manageDefense(Lbwapi/Game;)V (578 bytes) @ 0x030d1df4 [0x030d0770+0x1684]
J 86 C1 TestBot1.onFrame()V (150 bytes) @ 0x030c7ad0 [0x030c76d0+0x400]
J 106 C1 bwapi.AIModule.onFrame()V (17 bytes) @ 0x030cc784 [0x030cc750+0x34]
v  ~StubRoutines::call_stub
j  bwapi.Mirror.startGame()V+0
j  TestBot1.run()V+15
j  TestBot1.main([Ljava/lang/String;)V+7
v  ~StubRoutines::call_stub

---------------  P R O C E S S  ---------------

Java Threads: ( => current thread )
  0x02fb7c00 JavaThread "Service Thread" daemon [_thread_blocked, id=10684, stack(0x05510000,0x05560000)]
  0x02fb6800 JavaThread "C1 CompilerThread0" daemon [_thread_blocked, id=7700, stack(0x05480000,0x054d0000)]
  0x02fb5800 JavaThread "Attach Listener" daemon [_thread_blocked, id=10716, stack(0x053f0000,0x05440000)]
  0x02faf000 JavaThread "Signal Dispatcher" daemon [_thread_blocked, id=13220, stack(0x05360000,0x053b0000)]
  0x02f40800 JavaThread "Finalizer" daemon [_thread_blocked, id=3584, stack(0x052d0000,0x05320000)]
  0x02f3f000 JavaThread "Reference Handler" daemon [_thread_blocked, id=9144, stack(0x05240000,0x05290000)]
=>0x02e6c400 JavaThread "main" [_thread_in_native, id=1836, stack(0x02df0000,0x02e40000)]

Other Threads:
  0x02f3dc00 VMThread [stack: 0x051b0000,0x05200000] [id=9588]
  0x02fc8800 WatcherThread [stack: 0x055a0000,0x055f0000] [id=10196]

VM state:not at safepoint (normal execution)

VM Mutex/Monitor currently owned by a thread: None

Heap
 def new generation   total 4928K, used 2351K [0x24c00000, 0x25150000, 0x2a150000)
  eden space 4416K,  53% used [0x24c00000, 0x24e4a8a8, 0x25050000)
  from space 512K,   1% used [0x25050000, 0x250516d0, 0x250d0000)
  to   space 512K,   0% used [0x250d0000, 0x250d0000, 0x25150000)
 tenured generation   total 10944K, used 250K [0x2a150000, 0x2ac00000, 0x34c00000)
   the space 10944K,   2% used [0x2a150000, 0x2a18e830, 0x2a18ea00, 0x2ac00000)
 compacting perm gen  total 12288K, used 609K [0x34c00000, 0x35800000, 0x38c00000)
   the space 12288K,   4% used [0x34c00000, 0x34c98550, 0x34c98600, 0x35800000)
    ro space 10240K,  42% used [0x38c00000, 0x39036058, 0x39036200, 0x39600000)
    rw space 12288K,  51% used [0x39600000, 0x39c3bdb0, 0x39c3be00, 0x3a200000)

Card table byte_map: [0x05020000,0x050d0000] byte_map_base: 0x04efa000

Polling page: 0x02e40000

Code Cache  [0x03020000, 0x030e0000, 0x05020000)
 total_blobs=289 nmethods=152 adapters=74 free_code_cache=32015Kb largest_free_block=32783936

Compilation events (10 events):
Event: 58.731 Thread 0x02fb6800  145             java.util.HashMap$KeyIterator::<init> (11 bytes)
Event: 58.731 Thread 0x02fb6800 nmethod 145 0x030dad88 code [0x030dae80, 0x030daf1c]
Event: 58.731 Thread 0x02fb6800  146             java.util.HashMap$KeyIterator::next (8 bytes)
Event: 58.731 Thread 0x02fb6800 nmethod 146 0x030daf88 code [0x030db090, 0x030db12c]
Event: 67.016 Thread 0x02fb6800  148             java.util.HashMap::keySet (28 bytes)
Event: 67.016 Thread 0x02fb6800 nmethod 148 0x030db488 code [0x030db580, 0x030db670]
Event: 67.051 Thread 0x02fb6800  149             java.lang.StringBuilder::append (9 bytes)
Event: 67.051 Thread 0x02fb6800 nmethod 149 0x030db948 code [0x030dba60, 0x030dbb38]
Event: 96.925 Thread 0x02fb6800  152             java.nio.CharBuffer::arrayOffset (35 bytes)
Event: 96.925 Thread 0x02fb6800 nmethod 152 0x030dbe48 code [0x030dbf60, 0x030dc0e8]

GC Heap History (8 events):
Event: 21.205 GC heap before
{Heap before GC invocations=0 (full 0):
 def new generation   total 4928K, used 4416K [0x24c00000, 0x25150000, 0x2a150000)
  eden space 4416K, 100% used [0x24c00000, 0x25050000, 0x25050000)
  from space 512K,   0% used [0x25050000, 0x25050000, 0x250d0000)
  to   space 512K,   0% used [0x250d0000, 0x250d0000, 0x25150000)
 tenured generation   total 10944K, used 0K [0x2a150000, 0x2ac00000, 0x34c00000)
   the space 10944K,   0% used [0x2a150000, 0x2a150000, 0x2a150200, 0x2ac00000)
 compacting perm gen  total 12288K, used 598K [0x34c00000, 0x35800000, 0x38c00000)
   the space 12288K,   4% used [0x34c00000, 0x34c95990, 0x34c95a00, 0x35800000)
    ro space 10240K,  42% used [0x38c00000, 0x39036058, 0x39036200, 0x39600000)
    rw space 12288K,  51% used [0x39600000, 0x39c3bdb0, 0x39c3be00, 0x3a200000)
Event: 21.206 GC heap after
Heap after GC invocations=1 (full 0):
 def new generation   total 4928K, used 444K [0x24c00000, 0x25150000, 0x2a150000)
  eden space 4416K,   0% used [0x24c00000, 0x24c00000, 0x25050000)
  from space 512K,  86% used [0x250d0000, 0x2513f368, 0x25150000)
  to   space 512K,   0% used [0x25050000, 0x25050000, 0x250d0000)
 tenured generation   total 10944K, used 0K [0x2a150000, 0x2ac00000, 0x34c00000)
   the space 10944K,   0% used [0x2a150000, 0x2a150000, 0x2a150200, 0x2ac00000)
 compacting perm gen  total 12288K, used 598K [0x34c00000, 0x35800000, 0x38c00000)
   the space 12288K,   4% used [0x34c00000, 0x34c95990, 0x34c95a00, 0x35800000)
    ro space 10240K,  42% used [0x38c00000, 0x39036058, 0x39036200, 0x39600000)
    rw space 12288K,  51% used [0x39600000, 0x39c3bdb0, 0x39c3be00, 0x3a200000)
}
Event: 46.251 GC heap before
{Heap before GC invocations=1 (full 0):
 def new generation   total 4928K, used 4860K [0x24c00000, 0x25150000, 0x2a150000)
  eden space 4416K, 100% used [0x24c00000, 0x25050000, 0x25050000)
  from space 512K,  86% used [0x250d0000, 0x2513f368, 0x25150000)
  to   space 512K,   0% used [0x25050000, 0x25050000, 0x250d0000)
 tenured generation   total 10944K, used 0K [0x2a150000, 0x2ac00000, 0x34c00000)
   the space 10944K,   0% used [0x2a150000, 0x2a150000, 0x2a150200, 0x2ac00000)
 compacting perm gen  total 12288K, used 598K [0x34c00000, 0x35800000, 0x38c00000)
   the space 12288K,   4% used [0x34c00000, 0x34c95990, 0x34c95a00, 0x35800000)
    ro space 10240K,  42% used [0x38c00000, 0x39036058, 0x39036200, 0x39600000)
    rw space 12288K,  51% used [0x39600000, 0x39c3bdb0, 0x39c3be00, 0x3a200000)
Event: 46.252 GC heap after
Heap after GC invocations=2 (full 0):
 def new generation   total 4928K, used 1K [0x24c00000, 0x25150000, 0x2a150000)
  eden space 4416K,   0% used [0x24c00000, 0x24c00000, 0x25050000)
  from space 512K,   0% used [0x25050000, 0x25050720, 0x250d0000)
  to   space 512K,   0% used [0x250d0000, 0x250d0000, 0x25150000)
 tenured generation   total 10944K, used 250K [0x2a150000, 0x2ac00000, 0x34c00000)
   the space 10944K,   2% used [0x2a150000, 0x2a18e830, 0x2a18ea00, 0x2ac00000)
 compacting perm gen  total 12288K, used 598K [0x34c00000, 0x35800000, 0x38c00000)
   the space 12288K,   4% used [0x34c00000, 0x34c95990, 0x34c95a00, 0x35800000)
    ro space 10240K,  42% used [0x38c00000, 0x39036058, 0x39036200, 0x39600000)
    rw space 12288K,  51% used [0x39600000, 0x39c3bdb0, 0x39c3be00, 0x3a200000)
}
Event: 68.603 GC heap before
{Heap before GC invocations=2 (full 0):
 def new generation   total 4928K, used 4417K [0x24c00000, 0x25150000, 0x2a150000)
  eden space 4416K, 100% used [0x24c00000, 0x25050000, 0x25050000)
  from space 512K,   0% used [0x25050000, 0x25050720, 0x250d0000)
  to   space 512K,   0% used [0x250d0000, 0x250d0000, 0x25150000)
 tenured generation   total 10944K, used 250K [0x2a150000, 0x2ac00000, 0x34c00000)
   the space 10944K,   2% used [0x2a150000, 0x2a18e830, 0x2a18ea00, 0x2ac00000)
 compacting perm gen  total 12288K, used 598K [0x34c00000, 0x35800000, 0x38c00000)
   the space 12288K,   4% used [0x34c00000, 0x34c959f0, 0x34c95a00, 0x35800000)
    ro space 10240K,  42% used [0x38c00000, 0x39036058, 0x39036200, 0x39600000)
    rw space 12288K,  51% used [0x39600000, 0x39c3bdb0, 0x39c3be00, 0x3a200000)
Event: 68.604 GC heap after
Heap after GC invocations=3 (full 0):
 def new generation   total 4928K, used 3K [0x24c00000, 0x25150000, 0x2a150000)
  eden space 4416K,   0% used [0x24c00000, 0x24c00000, 0x25050000)
  from space 512K,   0% used [0x250d0000, 0x250d0ea0, 0x25150000)
  to   space 512K,   0% used [0x25050000, 0x25050000, 0x250d0000)
 tenured generation   total 10944K, used 250K [0x2a150000, 0x2ac00000, 0x34c00000)
   the space 10944K,   2% used [0x2a150000, 0x2a18e830, 0x2a18ea00, 0x2ac00000)
 compacting perm gen  total 12288K, used 598K [0x34c00000, 0x35800000, 0x38c00000)
   the space 12288K,   4% used [0x34c00000, 0x34c959f0, 0x34c95a00, 0x35800000)
    ro space 10240K,  42% used [0x38c00000, 0x39036058, 0x39036200, 0x39600000)
    rw space 12288K,  51% used [0x39600000, 0x39c3bdb0, 0x39c3be00, 0x3a200000)
}
Event: 91.131 GC heap before
{Heap before GC invocations=3 (full 0):
 def new generation   total 4928K, used 4419K [0x24c00000, 0x25150000, 0x2a150000)
  eden space 4416K, 100% used [0x24c00000, 0x25050000, 0x25050000)
  from space 512K,   0% used [0x250d0000, 0x250d0ea0, 0x25150000)
  to   space 512K,   0% used [0x25050000, 0x25050000, 0x250d0000)
 tenured generation   total 10944K, used 250K [0x2a150000, 0x2ac00000, 0x34c00000)
   the space 10944K,   2% used [0x2a150000, 0x2a18e830, 0x2a18ea00, 0x2ac00000)
 compacting perm gen  total 12288K, used 598K [0x34c00000, 0x35800000, 0x38c00000)
   the space 12288K,   4% used [0x34c00000, 0x34c959f0, 0x34c95a00, 0x35800000)
    ro space 10240K,  42% used [0x38c00000, 0x39036058, 0x39036200, 0x39600000)
    rw space 12288K,  51% used [0x39600000, 0x39c3bdb0, 0x39c3be00, 0x3a200000)
Event: 91.131 GC heap after
Heap after GC invocations=4 (full 0):
 def new generation   total 4928K, used 5K [0x24c00000, 0x25150000, 0x2a150000)
  eden space 4416K,   0% used [0x24c00000, 0x24c00000, 0x25050000)
  from space 512K,   1% used [0x25050000, 0x250516d0, 0x250d0000)
  to   space 512K,   0% used [0x250d0000, 0x250d0000, 0x25150000)
 tenured generation   total 10944K, used 250K [0x2a150000, 0x2ac00000, 0x34c00000)
   the space 10944K,   2% used [0x2a150000, 0x2a18e830, 0x2a18ea00, 0x2ac00000)
 compacting perm gen  total 12288K, used 598K [0x34c00000, 0x35800000, 0x38c00000)
   the space 12288K,   4% used [0x34c00000, 0x34c959f0, 0x34c95a00, 0x35800000)
    ro space 10240K,  42% used [0x38c00000, 0x39036058, 0x39036200, 0x39600000)
    rw space 12288K,  51% used [0x39600000, 0x39c3bdb0, 0x39c3be00, 0x3a200000)
}

Deoptimization events (0 events):
No events

Internal exceptions (10 events):
Event: 2.280 Thread 0x02e6c400 Threw 0x24d160c0 at C:\re\jdk7u79\2331\hotspot\src\share\vm\prims\jvm.cpp:1304
Event: 2.281 Thread 0x02e6c400 Threw 0x24d193f0 at C:\re\jdk7u79\2331\hotspot\src\share\vm\prims\jvm.cpp:1304
Event: 4.337 Thread 0x02e6c400 Threw 0x24d22200 at C:\re\jdk7u79\2331\hotspot\src\share\vm\prims\jvm.cpp:1304
Event: 4.948 Thread 0x02e6c400 Threw 0x24d259b8 at C:\re\jdk7u79\2331\hotspot\src\share\vm\prims\jvm.cpp:1304
Event: 4.949 Thread 0x02e6c400 Threw 0x24d29cf0 at C:\re\jdk7u79\2331\hotspot\src\share\vm\prims\jvm.cpp:1304
Event: 4.949 Thread 0x02e6c400 Threw 0x24d43370 at C:\re\jdk7u79\2331\hotspot\src\share\vm\prims\jvm.cpp:1304
Event: 4.949 Thread 0x02e6c400 Threw 0x24d45870 at C:\re\jdk7u79\2331\hotspot\src\share\vm\prims\jvm.cpp:1304
Event: 4.960 Thread 0x02e6c400 Threw 0x24d7c220 at C:\re\jdk7u79\2331\hotspot\src\share\vm\prims\jvm.cpp:1304
Event: 14.857 Thread 0x02e6c400 Threw 0x24f2f108 at C:\re\jdk7u79\2331\hotspot\src\share\vm\prims\jvm.cpp:1304
Event: 101.383 Thread 0x02e6c400 Threw 0x24e443d8 at C:\re\jdk7u79\2331\hotspot\src\share\vm\prims\jvm.cpp:1304

Events (10 events):
Event: 21.207 Executing VM operation: RevokeBias
Event: 21.207 Executing VM operation: RevokeBias done
Event: 46.251 Executing VM operation: GenCollectForAllocation
Event: 46.252 Executing VM operation: GenCollectForAllocation done
Event: 68.603 Executing VM operation: GenCollectForAllocation
Event: 68.604 Executing VM operation: GenCollectForAllocation done
Event: 91.131 Executing VM operation: GenCollectForAllocation
Event: 91.131 Executing VM operation: GenCollectForAllocation done
Event: 101.383 loading class 0x05611fc8
Event: 101.383 loading class 0x05611fc8 done


Dynamic libraries:
0x00f70000 - 0x00f9f000 	C:\Program Files (x86)\Java\jre7\bin\javaw.exe
0x774e0000 - 0x77662000 	C:\WINDOWS\SYSTEM32\ntdll.dll
0x759d0000 - 0x75ab0000 	C:\WINDOWS\System32\KERNEL32.DLL
0x76cf0000 - 0x76e91000 	C:\WINDOWS\System32\KERNELBASE.dll
0x770d0000 - 0x77147000 	C:\WINDOWS\System32\ADVAPI32.dll
0x76ea0000 - 0x76f5e000 	C:\WINDOWS\System32\msvcrt.dll
0x76260000 - 0x762a1000 	C:\WINDOWS\System32\sechost.dll
0x760a0000 - 0x76161000 	C:\WINDOWS\System32\RPCRT4.dll
0x73fa0000 - 0x73fbe000 	C:\WINDOWS\System32\SspiCli.dll
0x73f90000 - 0x73f9a000 	C:\WINDOWS\System32\CRYPTBASE.dll
0x74020000 - 0x7407a000 	C:\WINDOWS\System32\bcryptPrimitives.dll
0x76470000 - 0x765cf000 	C:\WINDOWS\System32\USER32.dll
0x76ca0000 - 0x76cb5000 	C:\WINDOWS\System32\win32u.dll
0x75900000 - 0x7592b000 	C:\WINDOWS\System32\GDI32.dll
0x765d0000 - 0x7672b000 	C:\WINDOWS\System32\gdi32full.dll
0x67890000 - 0x67a9a000 	C:\WINDOWS\WinSxS\x86_microsoft.windows.common-controls_6595b64144ccf1df_6.0.14393.351_none_89c04962db040fd9\COMCTL32.dll
0x77190000 - 0x773a1000 	C:\WINDOWS\System32\combase.dll
0x75ae0000 - 0x75bc0000 	C:\WINDOWS\System32\ucrtbase.dll
0x76cc0000 - 0x76ce5000 	C:\WINDOWS\System32\IMM32.DLL
0x78470000 - 0x7852f000 	C:\Program Files (x86)\Java\jre7\bin\msvcr100.dll
0x50000000 - 0x50389000 	C:\Program Files (x86)\Java\jre7\bin\client\jvm.dll
0x75ac0000 - 0x75ac6000 	C:\WINDOWS\System32\PSAPI.DLL
0x73240000 - 0x73264000 	C:\WINDOWS\SYSTEM32\WINMM.dll
0x730d0000 - 0x730d8000 	C:\WINDOWS\SYSTEM32\WSOCK32.dll
0x756b0000 - 0x75713000 	C:\WINDOWS\System32\WS2_32.dll
0x73160000 - 0x73183000 	C:\WINDOWS\SYSTEM32\WINMMBASE.dll
0x77150000 - 0x77186000 	C:\WINDOWS\System32\cfgmgr32.dll
0x503e0000 - 0x503ec000 	C:\Program Files (x86)\Java\jre7\bin\verify.dll
0x503c0000 - 0x503e0000 	C:\Program Files (x86)\Java\jre7\bin\java.dll
0x77fe0000 - 0x77ff3000 	C:\Program Files (x86)\Java\jre7\bin\zip.dll
0x0fa30000 - 0x0fcb6000 	C:\Users\amanz360\Downloads\ExampleBot2_5\ExampleBot\bwapi_bridge2_5.dll
0x51f80000 - 0x51ff1000 	C:\WINDOWS\SYSTEM32\MSVCP120.dll
0x6f540000 - 0x6f59e000 	C:\Users\amanz360\Downloads\ExampleBot2_5\ExampleBot\libmpfr-4.dll
0x6acc0000 - 0x6ad27000 	C:\Users\amanz360\Downloads\ExampleBot2_5\ExampleBot\libgmp-10.dll
0x73e00000 - 0x73eee000 	C:\WINDOWS\SYSTEM32\MSVCR120.dll
0x73ba0000 - 0x73ce5000 	C:\WINDOWS\SYSTEM32\dbghelp.dll

VM Arguments:
jvm_args: -Dfile.encoding=Cp1252 
java_command: TestBot1
Launcher Type: SUN_STANDARD

Environment Variables:
PATH=C:/Program Files (x86)/Java/jre7/bin/client;C:/Program Files (x86)/Java/jre7/bin;C:/Program Files (x86)/Java/jre7/lib/i386;C:\Program Files (x86)\NVIDIA Corporation\PhysX\Common;C:\Program Files\Java\jdk1.8.0_45\bin;C:\ProgramData\Oracle\Java\javapath;c:\Program Files (x86)\Intel\iCLS Client\;c:\Program Files\Intel\iCLS Client\;C:\WINDOWS\system32;C:\WINDOWS;C:\WINDOWS\System32\Wbem;C:\WINDOWS\System32\WindowsPowerShell\v1.0\;C:\Program Files\Intel\WiFi\bin\;C:\Program Files\Common Files\Intel\WirelessCommon\;C:\Program Files\Mozart\bin;C:\Program Files\Microsoft SQL Server\110\Tools\Binn\;C:\Program Files (x86)\Skype\Phone\;C:\Program Files (x86)\Intel\Intel(R) Management Engine Components\DAL;C:\Program Files\Intel\Intel(R) Management Engine Components\DAL;C:\Program Files (x86)\Intel\Intel(R) Management Engine Components\IPT;C:\Program Files\Intel\Intel(R) Management Engine Components\IPT;C:\Go\bin;C:\WINDOWS\system32\config\systemprofile\.dnx\bin;C:\Program Files\Microsoft DNX\Dnvm\;C:\Program Files\Microsoft SQL Server\130\Tools\Binn\;C:\Program Files (x86)\Windows Kits\8.1\Windows Performance Toolkit\;c:\Program Files (x86)\Microsoft SQL Server\100\Tools\Binn\;c:\Program Files\Microsoft SQL Server\100\Tools\Binn\;c:\Program Files\Microsoft SQL Server\100\DTS\Binn\;C:\Users\amanz360\AppData\Local\Microsoft\WindowsApps;;C:\Users\amanz360\Downloads\eclipse-java-mars-2-win32\eclipse;
USERNAME=amanz360
OS=Windows_NT
PROCESSOR_IDENTIFIER=Intel64 Family 6 Model 69 Stepping 1, GenuineIntel



---------------  S Y S T E M  ---------------

OS: Windows 8.1 , 64 bit Build 9600 

CPU:total 4 (2 cores per cpu, 2 threads per core) family 6 model 69 stepping 1, cmov, cx8, fxsr, mmx, sse, sse2, sse3, ssse3, sse4.1, sse4.2, popcnt, avx, avx2, aes, erms, ht, tsc, tscinvbit

Memory: 4k page, physical 6187596k(3018628k free), swap 8677964k(2732668k free)

vm_info: Java HotSpot(TM) Client VM (24.79-b02) for windows-x86 JRE (1.7.0_79-b15), built on Apr 10 2015 16:49:13 by "java_re" with unknown MS VC++:1600

time: Mon Nov 07 17:41:42 2016
elapsed time: 101 seconds

