#
# A fatal error has been detected by the Java Runtime Environment:
#
#  EXCEPTION_ACCESS_VIOLATION (0xc0000005) at pc=0x6e6854bb, pid=22256, tid=19188
#
# JRE version: Java(TM) SE Runtime Environment (7.0_79-b15) (build 1.7.0_79-b15)
# Java VM: Java HotSpot(TM) Client VM (24.79-b02 mixed mode, sharing windows-x86 )
# Problematic frame:
# V  [jvm.dll+0xc54bb]
#
# Failed to write core dump. Minidumps are not enabled by default on client versions of Windows
#
# If you would like to submit a bug report, please visit:
#   http://bugreport.java.com/bugreport/crash.jsp
#

---------------  T H R E A D  ---------------

Current thread (0x008cc400):  JavaThread "main" [_thread_in_vm, id=19188, stack(0x00c20000,0x00c70000)]

siginfo: ExceptionCode=0xc0000005, reading address 0x00000000

Registers:
EAX=0x00000000, EBX=0x00d6adf4, ECX=0x00000000, EDX=0x00000007
ESP=0x00c6dd94, EBP=0x00c6ddb0, ESI=0x008cc530, EDI=0x008cc400
EIP=0x6e6854bb, EFLAGS=0x00010246

Top of Stack: (sp=0x00c6dd94)
0x00c6dd94:   00c6dee0 00000000 00d6adf4 008cc400
0x00c6dda4:   00000000 00000000 00d6adf4 00c6de34
0x00c6ddb4:   0fe1c65a 008cc530 00000000 6e696f70
0x00c6ddc4:   00726574 00c6de34 0fe1c61e 00000007
0x00c6ddd4:   0000000f 624c004a 69706177 696e552f
0x00c6dde4:   00003b74 00000001 0000000f 1af8f7a1
0x00c6ddf4:   008cc400 07274734 34c46350 00000000
0x00c6de04:   00c6de98 0fe466bf 008cc530 00c6ddd8 

Instructions: (pc=0x6e6854bb)
0x6e68549b:   f3 ff 83 c4 08 83 7f 04 00 89 7d f0 c7 45 f4 00
0x6e6854ab:   00 00 00 74 08 8d 4d f0 e8 a8 a6 0c 00 8b 45 0c
0x6e6854bb:   8b 08 8b 51 04 8b 42 40 50 56 e8 26 df 07 00 83
0x6e6854cb:   c4 08 83 7d f4 00 89 45 08 74 08 8d 4d f0 e8 c2 


Register to memory mapping:

EAX=0x00000000 is an unknown value
EBX=0x00d6adf4 is a global jni handle
ECX=0x00000000 is an unknown value
EDX=0x00000007 is an unknown value
ESP=0x00c6dd94 is pointing into the stack for thread: 0x008cc400
EBP=0x00c6ddb0 is pointing into the stack for thread: 0x008cc400
ESI=0x008cc530 is an unknown value
EDI=0x008cc400 is a thread


Stack: [0x00c20000,0x00c70000],  sp=0x00c6dd94,  free space=311k
Native frames: (J=compiled Java code, j=interpreted, Vv=VM code, C=native code)
V  [jvm.dll+0xc54bb]
C  [bwapi_bridge2_5.dll+0x1c65a]
C  [bwapi_bridge2_5.dll+0x387be]
j  bwapi.Unit.issueCommand_native(JLbwapi/UnitCommand;)Z+0
J 176 C1 Base.sendForce(Ljava/util/ArrayList;Lbwapi/Game;Lbwapi/TilePosition;)V (343 bytes) @ 0x0287f908 [0x0287f4f0+0x418]
J 175 C1 Base.manageForces(Lbwapi/Game;Lbwapi/TilePosition;)V (418 bytes) @ 0x0287cf5c [0x0287bfe0+0xf7c]
J 106 C1 TestBot1.onFrame()V (731 bytes) @ 0x0285b90c [0x0285a870+0x109c]
J 153 C1 bwapi.AIModule.onFrame()V (17 bytes) @ 0x02873504 [0x028734d0+0x34]
v  ~StubRoutines::call_stub
V  [jvm.dll+0x14234a]
V  [jvm.dll+0x206ebe]
V  [jvm.dll+0x1423cd]
V  [jvm.dll+0xcb5c2]
V  [jvm.dll+0xcf213]
C  [bwapi_bridge2_5.dll+0x1b20d]
C  [bwapi_bridge2_5.dll+0x75101]
j  bwapi.Mirror.startGame()V+0
j  TestBot1.run()V+15
j  TestBot1.main([Ljava/lang/String;)V+7
v  ~StubRoutines::call_stub
V  [jvm.dll+0x14234a]
V  [jvm.dll+0x206ebe]
V  [jvm.dll+0x1423cd]
V  [jvm.dll+0xcb345]
V  [jvm.dll+0xd5ff7]
C  [javaw.exe+0x2070]
C  [javaw.exe+0xa601]
C  [javaw.exe+0xa68b]
C  [KERNEL32.DLL+0x162c4]
C  [ntdll.dll+0x60719]
C  [ntdll.dll+0x606e4]

Java frames: (J=compiled Java code, j=interpreted, Vv=VM code)
j  bwapi.Unit.issueCommand_native(JLbwapi/UnitCommand;)Z+0
J 176 C1 Base.sendForce(Ljava/util/ArrayList;Lbwapi/Game;Lbwapi/TilePosition;)V (343 bytes) @ 0x0287f908 [0x0287f4f0+0x418]
J 175 C1 Base.manageForces(Lbwapi/Game;Lbwapi/TilePosition;)V (418 bytes) @ 0x0287cf5c [0x0287bfe0+0xf7c]
J 106 C1 TestBot1.onFrame()V (731 bytes) @ 0x0285b90c [0x0285a870+0x109c]
J 153 C1 bwapi.AIModule.onFrame()V (17 bytes) @ 0x02873504 [0x028734d0+0x34]
v  ~StubRoutines::call_stub
j  bwapi.Mirror.startGame()V+0
j  TestBot1.run()V+15
j  TestBot1.main([Ljava/lang/String;)V+7
v  ~StubRoutines::call_stub

---------------  P R O C E S S  ---------------

Java Threads: ( => current thread )
  0x00d06400 JavaThread "Service Thread" daemon [_thread_blocked, id=1852, stack(0x012d0000,0x01320000)]
  0x00d03c00 JavaThread "C1 CompilerThread0" daemon [_thread_blocked, id=10908, stack(0x01240000,0x01290000)]
  0x00d02400 JavaThread "Attach Listener" daemon [_thread_blocked, id=20752, stack(0x011b0000,0x01200000)]
  0x00cff000 JavaThread "Signal Dispatcher" daemon [_thread_blocked, id=7600, stack(0x01120000,0x01170000)]
  0x00c90c00 JavaThread "Finalizer" daemon [_thread_blocked, id=11404, stack(0x01090000,0x010e0000)]
  0x00c8f000 JavaThread "Reference Handler" daemon [_thread_blocked, id=6012, stack(0x01000000,0x01050000)]
=>0x008cc400 JavaThread "main" [_thread_in_vm, id=19188, stack(0x00c20000,0x00c70000)]

Other Threads:
  0x00c8dc00 VMThread [stack: 0x00f70000,0x00fc0000] [id=6644]
  0x00d1f000 WatcherThread [stack: 0x047b0000,0x04800000] [id=22504]

VM state:not at safepoint (normal execution)

VM Mutex/Monitor currently owned by a thread: None

Heap
 def new generation   total 4928K, used 4343K [0x24c00000, 0x25150000, 0x2a150000)
  eden space 4416K,  98% used [0x24c00000, 0x2503adf0, 0x25050000)
  from space 512K,   2% used [0x250d0000, 0x250d2fa0, 0x25150000)
  to   space 512K,   0% used [0x25050000, 0x25050000, 0x250d0000)
 tenured generation   total 10944K, used 316K [0x2a150000, 0x2ac00000, 0x34c00000)
   the space 10944K,   2% used [0x2a150000, 0x2a19f260, 0x2a19f400, 0x2ac00000)
 compacting perm gen  total 12288K, used 640K [0x34c00000, 0x35800000, 0x38c00000)
   the space 12288K,   5% used [0x34c00000, 0x34ca01c0, 0x34ca0200, 0x35800000)
    ro space 10240K,  42% used [0x38c00000, 0x39036058, 0x39036200, 0x39600000)
    rw space 12288K,  51% used [0x39600000, 0x39c3bdb0, 0x39c3be00, 0x3a200000)

Card table byte_map: [0x00df0000,0x00ea0000] byte_map_base: 0x00cca000

Polling page: 0x00880000

Code Cache  [0x027b0000, 0x02898000, 0x047b0000)
 total_blobs=408 nmethods=271 adapters=74 free_code_cache=31846Kb largest_free_block=32610752

Compilation events (10 events):
Event: 127.098 Thread 0x00d03c00  267             java.util.HashMap::addEntry (69 bytes)
Event: 127.098 Thread 0x00d03c00 nmethod 267 0x028950c8 code [0x028951f0, 0x02895334]
Event: 127.098 Thread 0x00d03c00  268             java.util.HashMap::createEntry (39 bytes)
Event: 127.098 Thread 0x00d03c00 nmethod 268 0x028954c8 code [0x028955d0, 0x02895790]
Event: 128.993 Thread 0x00d03c00  269             bwapi.Position::toString (40 bytes)
Event: 128.994 Thread 0x00d03c00 nmethod 269 0x02895908 code [0x02895a50, 0x02895ca8]
Event: 131.264 Thread 0x00d03c00  270             java.util.HashMap$Entry::recordRemoval (1 bytes)
Event: 131.264 Thread 0x00d03c00 nmethod 270 0x02895e48 code [0x02895f40, 0x02895fc0]
Event: 137.805 Thread 0x00d03c00  271             java.util.HashMap::removeEntryForKey (159 bytes)
Event: 137.805 Thread 0x00d03c00 nmethod 271 0x02896008 code [0x02896140, 0x028963c4]

GC Heap History (10 events):
Event: 138.905 GC heap before
{Heap before GC invocations=162 (full 0):
 def new generation   total 4928K, used 4431K [0x24c00000, 0x25150000, 0x2a150000)
  eden space 4416K, 100% used [0x24c00000, 0x25050000, 0x25050000)
  from space 512K,   2% used [0x25050000, 0x25053cc0, 0x250d0000)
  to   space 512K,   0% used [0x250d0000, 0x250d0000, 0x25150000)
 tenured generation   total 10944K, used 308K [0x2a150000, 0x2ac00000, 0x34c00000)
   the space 10944K,   2% used [0x2a150000, 0x2a19d3a8, 0x2a19d400, 0x2ac00000)
 compacting perm gen  total 12288K, used 640K [0x34c00000, 0x35800000, 0x38c00000)
   the space 12288K,   5% used [0x34c00000, 0x34ca01c0, 0x34ca0200, 0x35800000)
    ro space 10240K,  42% used [0x38c00000, 0x39036058, 0x39036200, 0x39600000)
    rw space 12288K,  51% used [0x39600000, 0x39c3bdb0, 0x39c3be00, 0x3a200000)
Event: 138.905 GC heap after
Heap after GC invocations=163 (full 0):
 def new generation   total 4928K, used 15K [0x24c00000, 0x25150000, 0x2a150000)
  eden space 4416K,   0% used [0x24c00000, 0x24c00000, 0x25050000)
  from space 512K,   2% used [0x250d0000, 0x250d3c50, 0x25150000)
  to   space 512K,   0% used [0x25050000, 0x25050000, 0x250d0000)
 tenured generation   total 10944K, used 310K [0x2a150000, 0x2ac00000, 0x34c00000)
   the space 10944K,   2% used [0x2a150000, 0x2a19d840, 0x2a19da00, 0x2ac00000)
 compacting perm gen  total 12288K, used 640K [0x34c00000, 0x35800000, 0x38c00000)
   the space 12288K,   5% used [0x34c00000, 0x34ca01c0, 0x34ca0200, 0x35800000)
    ro space 10240K,  42% used [0x38c00000, 0x39036058, 0x39036200, 0x39600000)
    rw space 12288K,  51% used [0x39600000, 0x39c3bdb0, 0x39c3be00, 0x3a200000)
}
Event: 139.486 GC heap before
{Heap before GC invocations=163 (full 0):
 def new generation   total 4928K, used 4431K [0x24c00000, 0x25150000, 0x2a150000)
  eden space 4416K, 100% used [0x24c00000, 0x25050000, 0x25050000)
  from space 512K,   2% used [0x250d0000, 0x250d3c50, 0x25150000)
  to   space 512K,   0% used [0x25050000, 0x25050000, 0x250d0000)
 tenured generation   total 10944K, used 310K [0x2a150000, 0x2ac00000, 0x34c00000)
   the space 10944K,   2% used [0x2a150000, 0x2a19d840, 0x2a19da00, 0x2ac00000)
 compacting perm gen  total 12288K, used 640K [0x34c00000, 0x35800000, 0x38c00000)
   the space 12288K,   5% used [0x34c00000, 0x34ca01c0, 0x34ca0200, 0x35800000)
    ro space 10240K,  42% used [0x38c00000, 0x39036058, 0x39036200, 0x39600000)
    rw space 12288K,  51% used [0x39600000, 0x39c3bdb0, 0x39c3be00, 0x3a200000)
Event: 139.486 GC heap after
Heap after GC invocations=164 (full 0):
 def new generation   total 4928K, used 13K [0x24c00000, 0x25150000, 0x2a150000)
  eden space 4416K,   0% used [0x24c00000, 0x24c00000, 0x25050000)
  from space 512K,   2% used [0x25050000, 0x25053568, 0x250d0000)
  to   space 512K,   0% used [0x250d0000, 0x250d0000, 0x25150000)
 tenured generation   total 10944K, used 311K [0x2a150000, 0x2ac00000, 0x34c00000)
   the space 10944K,   2% used [0x2a150000, 0x2a19df00, 0x2a19e000, 0x2ac00000)
 compacting perm gen  total 12288K, used 640K [0x34c00000, 0x35800000, 0x38c00000)
   the space 12288K,   5% used [0x34c00000, 0x34ca01c0, 0x34ca0200, 0x35800000)
    ro space 10240K,  42% used [0x38c00000, 0x39036058, 0x39036200, 0x39600000)
    rw space 12288K,  51% used [0x39600000, 0x39c3bdb0, 0x39c3be00, 0x3a200000)
}
Event: 140.198 GC heap before
{Heap before GC invocations=164 (full 0):
 def new generation   total 4928K, used 4429K [0x24c00000, 0x25150000, 0x2a150000)
  eden space 4416K, 100% used [0x24c00000, 0x25050000, 0x25050000)
  from space 512K,   2% used [0x25050000, 0x25053568, 0x250d0000)
  to   space 512K,   0% used [0x250d0000, 0x250d0000, 0x25150000)
 tenured generation   total 10944K, used 311K [0x2a150000, 0x2ac00000, 0x34c00000)
   the space 10944K,   2% used [0x2a150000, 0x2a19df00, 0x2a19e000, 0x2ac00000)
 compacting perm gen  total 12288K, used 640K [0x34c00000, 0x35800000, 0x38c00000)
   the space 12288K,   5% used [0x34c00000, 0x34ca01c0, 0x34ca0200, 0x35800000)
    ro space 10240K,  42% used [0x38c00000, 0x39036058, 0x39036200, 0x39600000)
    rw space 12288K,  51% used [0x39600000, 0x39c3bdb0, 0x39c3be00, 0x3a200000)
Event: 140.199 GC heap after
Heap after GC invocations=165 (full 0):
 def new generation   total 4928K, used 12K [0x24c00000, 0x25150000, 0x2a150000)
  eden space 4416K,   0% used [0x24c00000, 0x24c00000, 0x25050000)
  from space 512K,   2% used [0x250d0000, 0x250d30a8, 0x25150000)
  to   space 512K,   0% used [0x25050000, 0x25050000, 0x250d0000)
 tenured generation   total 10944K, used 313K [0x2a150000, 0x2ac00000, 0x34c00000)
   the space 10944K,   2% used [0x2a150000, 0x2a19e7c0, 0x2a19e800, 0x2ac00000)
 compacting perm gen  total 12288K, used 640K [0x34c00000, 0x35800000, 0x38c00000)
   the space 12288K,   5% used [0x34c00000, 0x34ca01c0, 0x34ca0200, 0x35800000)
    ro space 10240K,  42% used [0x38c00000, 0x39036058, 0x39036200, 0x39600000)
    rw space 12288K,  51% used [0x39600000, 0x39c3bdb0, 0x39c3be00, 0x3a200000)
}
Event: 140.898 GC heap before
{Heap before GC invocations=165 (full 0):
 def new generation   total 4928K, used 4428K [0x24c00000, 0x25150000, 0x2a150000)
  eden space 4416K, 100% used [0x24c00000, 0x25050000, 0x25050000)
  from space 512K,   2% used [0x250d0000, 0x250d30a8, 0x25150000)
  to   space 512K,   0% used [0x25050000, 0x25050000, 0x250d0000)
 tenured generation   total 10944K, used 313K [0x2a150000, 0x2ac00000, 0x34c00000)
   the space 10944K,   2% used [0x2a150000, 0x2a19e7c0, 0x2a19e800, 0x2ac00000)
 compacting perm gen  total 12288K, used 640K [0x34c00000, 0x35800000, 0x38c00000)
   the space 12288K,   5% used [0x34c00000, 0x34ca01c0, 0x34ca0200, 0x35800000)
    ro space 10240K,  42% used [0x38c00000, 0x39036058, 0x39036200, 0x39600000)
    rw space 12288K,  51% used [0x39600000, 0x39c3bdb0, 0x39c3be00, 0x3a200000)
Event: 140.899 GC heap after
Heap after GC invocations=166 (full 0):
 def new generation   total 4928K, used 11K [0x24c00000, 0x25150000, 0x2a150000)
  eden space 4416K,   0% used [0x24c00000, 0x24c00000, 0x25050000)
  from space 512K,   2% used [0x25050000, 0x25052f08, 0x250d0000)
  to   space 512K,   0% used [0x250d0000, 0x250d0000, 0x25150000)
 tenured generation   total 10944K, used 315K [0x2a150000, 0x2ac00000, 0x34c00000)
   the space 10944K,   2% used [0x2a150000, 0x2a19ee38, 0x2a19f000, 0x2ac00000)
 compacting perm gen  total 12288K, used 640K [0x34c00000, 0x35800000, 0x38c00000)
   the space 12288K,   5% used [0x34c00000, 0x34ca01c0, 0x34ca0200, 0x35800000)
    ro space 10240K,  42% used [0x38c00000, 0x39036058, 0x39036200, 0x39600000)
    rw space 12288K,  51% used [0x39600000, 0x39c3bdb0, 0x39c3be00, 0x3a200000)
}
Event: 141.594 GC heap before
{Heap before GC invocations=166 (full 0):
 def new generation   total 4928K, used 4427K [0x24c00000, 0x25150000, 0x2a150000)
  eden space 4416K, 100% used [0x24c00000, 0x25050000, 0x25050000)
  from space 512K,   2% used [0x25050000, 0x25052f08, 0x250d0000)
  to   space 512K,   0% used [0x250d0000, 0x250d0000, 0x25150000)
 tenured generation   total 10944K, used 315K [0x2a150000, 0x2ac00000, 0x34c00000)
   the space 10944K,   2% used [0x2a150000, 0x2a19ee38, 0x2a19f000, 0x2ac00000)
 compacting perm gen  total 12288K, used 640K [0x34c00000, 0x35800000, 0x38c00000)
   the space 12288K,   5% used [0x34c00000, 0x34ca01c0, 0x34ca0200, 0x35800000)
    ro space 10240K,  42% used [0x38c00000, 0x39036058, 0x39036200, 0x39600000)
    rw space 12288K,  51% used [0x39600000, 0x39c3bdb0, 0x39c3be00, 0x3a200000)
Event: 141.594 GC heap after
Heap after GC invocations=167 (full 0):
 def new generation   total 4928K, used 11K [0x24c00000, 0x25150000, 0x2a150000)
  eden space 4416K,   0% used [0x24c00000, 0x24c00000, 0x25050000)
  from space 512K,   2% used [0x250d0000, 0x250d2fa0, 0x25150000)
  to   space 512K,   0% used [0x25050000, 0x25050000, 0x250d0000)
 tenured generation   total 10944K, used 316K [0x2a150000, 0x2ac00000, 0x34c00000)
   the space 10944K,   2% used [0x2a150000, 0x2a19f260, 0x2a19f400, 0x2ac00000)
 compacting perm gen  total 12288K, used 640K [0x34c00000, 0x35800000, 0x38c00000)
   the space 12288K,   5% used [0x34c00000, 0x34ca01c0, 0x34ca0200, 0x35800000)
    ro space 10240K,  42% used [0x38c00000, 0x39036058, 0x39036200, 0x39600000)
    rw space 12288K,  51% used [0x39600000, 0x39c3bdb0, 0x39c3be00, 0x3a200000)
}

Deoptimization events (0 events):
No events

Internal exceptions (10 events):
Event: 5.667 Thread 0x008cc400 Threw 0x24d36e70 at C:\re\jdk7u79\2331\hotspot\src\share\vm\prims\jvm.cpp:1304
Event: 5.677 Thread 0x008cc400 Threw 0x24d83920 at C:\re\jdk7u79\2331\hotspot\src\share\vm\prims\jvm.cpp:1304
Event: 5.678 Thread 0x008cc400 Threw 0x24d875d8 at C:\re\jdk7u79\2331\hotspot\src\share\vm\prims\jvm.cpp:1304
Event: 5.680 Thread 0x008cc400 Threw 0x24d96a78 at C:\re\jdk7u79\2331\hotspot\src\share\vm\prims\jvm.cpp:1304
Event: 5.685 Thread 0x008cc400 Threw 0x24daeaf8 at C:\re\jdk7u79\2331\hotspot\src\share\vm\prims\jvm.cpp:1304
Event: 15.525 Thread 0x008cc400 Threw 0x24ed2028 at C:\re\jdk7u79\2331\hotspot\src\share\vm\prims\jvm.cpp:1304
Event: 15.526 Thread 0x008cc400 Threw 0x24ed3748 at C:\re\jdk7u79\2331\hotspot\src\share\vm\prims\jvm.cpp:1304
Event: 41.384 Thread 0x008cc400 Threw 0x24c8ef30 at C:\re\jdk7u79\2331\hotspot\src\share\vm\prims\jvm.cpp:1304
Event: 90.075 Thread 0x008cc400 Threw 0x24ef4ff8 at C:\re\jdk7u79\2331\hotspot\src\share\vm\prims\jvm.cpp:1304
Event: 130.157 Thread 0x008cc400 Threw 0x24f0c1a8 at C:\re\jdk7u79\2331\hotspot\src\share\vm\prims\jvm.cpp:1304

Events (10 events):
Event: 138.905 Executing VM operation: GenCollectForAllocation
Event: 138.905 Executing VM operation: GenCollectForAllocation done
Event: 139.486 Executing VM operation: GenCollectForAllocation
Event: 139.486 Executing VM operation: GenCollectForAllocation done
Event: 140.198 Executing VM operation: GenCollectForAllocation
Event: 140.199 Executing VM operation: GenCollectForAllocation done
Event: 140.898 Executing VM operation: GenCollectForAllocation
Event: 140.899 Executing VM operation: GenCollectForAllocation done
Event: 141.594 Executing VM operation: GenCollectForAllocation
Event: 141.594 Executing VM operation: GenCollectForAllocation done


Dynamic libraries:
0x01380000 - 0x013af000 	C:\Program Files (x86)\Java\jre7\bin\javaw.exe
0x77370000 - 0x774f2000 	C:\WINDOWS\SYSTEM32\ntdll.dll
0x756d0000 - 0x757b0000 	C:\WINDOWS\System32\KERNEL32.DLL
0x751b0000 - 0x75351000 	C:\WINDOWS\System32\KERNELBASE.dll
0x74aa0000 - 0x74b17000 	C:\WINDOWS\System32\ADVAPI32.dll
0x74bc0000 - 0x74c7e000 	C:\WINDOWS\System32\msvcrt.dll
0x74370000 - 0x743b1000 	C:\WINDOWS\System32\sechost.dll
0x742a0000 - 0x74361000 	C:\WINDOWS\System32\RPCRT4.dll
0x73e30000 - 0x73e4e000 	C:\WINDOWS\System32\SspiCli.dll
0x73e20000 - 0x73e2a000 	C:\WINDOWS\System32\CRYPTBASE.dll
0x75430000 - 0x7548a000 	C:\WINDOWS\System32\bcryptPrimitives.dll
0x743c0000 - 0x7451f000 	C:\WINDOWS\System32\USER32.dll
0x75360000 - 0x75375000 	C:\WINDOWS\System32\win32u.dll
0x75120000 - 0x7514b000 	C:\WINDOWS\System32\GDI32.dll
0x75490000 - 0x755eb000 	C:\WINDOWS\System32\gdi32full.dll
0x71690000 - 0x7189a000 	C:\WINDOWS\WinSxS\x86_microsoft.windows.common-controls_6595b64144ccf1df_6.0.14393.447_none_89c64d28dafea4b9\COMCTL32.dll
0x73ea0000 - 0x740b1000 	C:\WINDOWS\System32\combase.dll
0x74c80000 - 0x74d60000 	C:\WINDOWS\System32\ucrtbase.dll
0x73e70000 - 0x73e95000 	C:\WINDOWS\System32\IMM32.DLL
0x782a0000 - 0x7835f000 	C:\Program Files (x86)\Java\jre7\bin\msvcr100.dll
0x6e5c0000 - 0x6e949000 	C:\Program Files (x86)\Java\jre7\bin\client\jvm.dll
0x74520000 - 0x74526000 	C:\WINDOWS\System32\PSAPI.DLL
0x731e0000 - 0x73204000 	C:\WINDOWS\SYSTEM32\WINMM.dll
0x730a0000 - 0x730a8000 	C:\WINDOWS\SYSTEM32\WSOCK32.dll
0x75660000 - 0x756c3000 	C:\WINDOWS\System32\WS2_32.dll
0x007f0000 - 0x00813000 	C:\WINDOWS\SYSTEM32\WINMMBASE.dll
0x74b20000 - 0x74b56000 	C:\WINDOWS\System32\cfgmgr32.dll
0x60b30000 - 0x60b3c000 	C:\Program Files (x86)\Java\jre7\bin\verify.dll
0x5ae60000 - 0x5ae80000 	C:\Program Files (x86)\Java\jre7\bin\java.dll
0x5ad50000 - 0x5ad63000 	C:\Program Files (x86)\Java\jre7\bin\zip.dll
0x0fe00000 - 0x10086000 	C:\Users\amanz360\Documents\GitHub\MoleAI\ExampleBot\bwapi_bridge2_5.dll
0x537e0000 - 0x53851000 	C:\WINDOWS\SYSTEM32\MSVCP120.dll
0x73d30000 - 0x73e1e000 	C:\WINDOWS\SYSTEM32\MSVCR120.dll
0x6acc0000 - 0x6ad27000 	C:\Users\amanz360\Documents\GitHub\MoleAI\ExampleBot\libgmp-10.dll
0x6f540000 - 0x6f59e000 	C:\Users\amanz360\Documents\GitHub\MoleAI\ExampleBot\libmpfr-4.dll
0x72f00000 - 0x73045000 	C:\WINDOWS\SYSTEM32\dbghelp.dll

VM Arguments:
jvm_args: -Dfile.encoding=Cp1252 
java_command: TestBot1
Launcher Type: SUN_STANDARD

Environment Variables:
PATH=C:/Program Files (x86)/Java/jre7/bin/client;C:/Program Files (x86)/Java/jre7/bin;C:/Program Files (x86)/Java/jre7/lib/i386;C:\gurobi701\win64\bin;C:\Program Files (x86)\NVIDIA Corporation\PhysX\Common;C:\Program Files\Java\jdk1.8.0_45\bin;C:\ProgramData\Oracle\Java\javapath;c:\Program Files (x86)\Intel\iCLS Client\;c:\Program Files\Intel\iCLS Client\;C:\WINDOWS\system32;C:\WINDOWS;C:\WINDOWS\System32\Wbem;C:\WINDOWS\System32\WindowsPowerShell\v1.0\;C:\Program Files\Intel\WiFi\bin\;C:\Program Files\Common Files\Intel\WirelessCommon\;C:\Program Files\Mozart\bin;C:\Program Files\Microsoft SQL Server\110\Tools\Binn\;C:\Program Files (x86)\Skype\Phone\;C:\Program Files (x86)\Intel\Intel(R) Management Engine Components\DAL;C:\Program Files\Intel\Intel(R) Management Engine Components\DAL;C:\Program Files (x86)\Intel\Intel(R) Management Engine Components\IPT;C:\Program Files\Intel\Intel(R) Management Engine Components\IPT;C:\Go\bin;C:\WINDOWS\system32\config\systemprofile\.dnx\bin;C:\Program Files\Microsoft DNX\Dnvm\;C:\Program Files\Microsoft SQL Server\130\Tools\Binn\;C:\Program Files (x86)\Windows Kits\8.1\Windows Performance Toolkit\;c:\Program Files (x86)\Microsoft SQL Server\100\Tools\Binn\;c:\Program Files\Microsoft SQL Server\100\Tools\Binn\;c:\Program Files\Microsoft SQL Server\100\DTS\Binn\;C:\Users\amanz360\Anaconda3;C:\Users\amanz360\Anaconda3\Scripts;C:\Users\amanz360\Anaconda3\Library\bin;C:\Users\amanz360\AppData\Local\Microsoft\WindowsApps;;C:\Users\amanz360\Downloads\eclipse-java-mars-2-win32\eclipse;
USERNAME=amanz360
OS=Windows_NT
PROCESSOR_IDENTIFIER=Intel64 Family 6 Model 69 Stepping 1, GenuineIntel



---------------  S Y S T E M  ---------------

OS: Windows 8.1 , 64 bit Build 9600 

CPU:total 4 (2 cores per cpu, 2 threads per core) family 6 model 69 stepping 1, cmov, cx8, fxsr, mmx, sse, sse2, sse3, ssse3, sse4.1, sse4.2, popcnt, avx, avx2, aes, erms, ht, tsc, tscinvbit

Memory: 4k page, physical 6187596k(2357376k free), swap 11083292k(4114848k free)

vm_info: Java HotSpot(TM) Client VM (24.79-b02) for windows-x86 JRE (1.7.0_79-b15), built on Apr 10 2015 16:49:13 by "java_re" with unknown MS VC++:1600

time: Thu Dec 08 01:56:18 2016
elapsed time: 142 seconds

