#
# A fatal error has been detected by the Java Runtime Environment:
#
#  EXCEPTION_ACCESS_VIOLATION (0xc0000005) at pc=0x0fe6cca3, pid=6300, tid=11008
#
# JRE version: Java(TM) SE Runtime Environment (7.0_79-b15) (build 1.7.0_79-b15)
# Java VM: Java HotSpot(TM) Client VM (24.79-b02 mixed mode, sharing windows-x86 )
# Problematic frame:
# C  [bwapi_bridge2_5.dll+0x1cca3]
#
# Failed to write core dump. Minidumps are not enabled by default on client versions of Windows
#
# If you would like to submit a bug report, please visit:
#   http://bugreport.java.com/bugreport/crash.jsp
# The crash happened outside the Java Virtual Machine in native code.
# See problematic frame for where to report the bug.
#

---------------  T H R E A D  ---------------

Current thread (0x02f8c400):  JavaThread "main" [_thread_in_native, id=11008, stack(0x02dd0000,0x02e20000)]

siginfo: ExceptionCode=0xc0000005, reading address 0x00000000

Registers:
EAX=0x00000241, EBX=0x34c416e0, ECX=0x00000000, EDX=0x02e1dd28
ESP=0x02e1dd1c, EBP=0x02e1dd38, ESI=0x34c416e0, EDI=0x02f8c400
EIP=0x0fe6cca3, EFLAGS=0x00010286

Top of Stack: (sp=0x02e1dd1c)
0x02e1dd1c:   34c416e0 00000000 00000000 00000000
0x02e1dd2c:   00000241 00000000 b69251a9 02e1dd74
0x02e1dd3c:   02f9aabd 02f8c530 02e1dd8c 00000000
0x02e1dd4c:   00000241 fa0ff937 02e1dd54 00000000
0x02e1dd5c:   02e1dd8c 34c84fd0 00000000 34c416e0
0x02e1dd6c:   00000000 02e1dd90 02e1df70 03041520
0x02e1dd7c:   00000000 02f988e6 00000000 00000241
0x02e1dd8c:   24ff9388 00000000 00000241 2a150a88 

Instructions: (pc=0x0fe6cca3)
0x0fe6cc83:   83 e4 f8 83 ec 18 a1 08 40 05 10 33 c4 89 44 24
0x0fe6cc93:   14 8b 4d 10 8d 54 24 08 8b 45 14 56 89 44 24 10
0x0fe6cca3:   8b 01 57 8b 7d 08 52 ff 50 18 83 ec 18 8b cc 6a
0x0fe6ccb3:   0e c7 41 14 0f 00 00 00 c7 41 10 00 00 00 00 68 


Register to memory mapping:

EAX=0x00000241 is an unknown value
EBX=0x34c416e0 is an oop
{method} 
 - klass: {other class}
ECX=0x00000000 is an unknown value
EDX=0x02e1dd28 is pointing into the stack for thread: 0x02f8c400
ESP=0x02e1dd1c is pointing into the stack for thread: 0x02f8c400
EBP=0x02e1dd38 is pointing into the stack for thread: 0x02f8c400
ESI=0x34c416e0 is an oop
{method} 
 - klass: {other class}
EDI=0x02f8c400 is a thread


Stack: [0x02dd0000,0x02e20000],  sp=0x02e1dd1c,  free space=311k
Native frames: (J=compiled Java code, j=interpreted, Vv=VM code, C=native code)
C  [bwapi_bridge2_5.dll+0x1cca3]
j  bwapi.Unit.getPosition_native(J)Lbwapi/Position;+0
J 120 C1 Base.manageDefense(Lbwapi/Game;)V (473 bytes) @ 0x03041520 [0x030404f0+0x1030]
J 87 C1 TestBot1.onFrame()V (150 bytes) @ 0x03037fd0 [0x03037bd0+0x400]
J 106 C1 bwapi.AIModule.onFrame()V (17 bytes) @ 0x0303c784 [0x0303c750+0x34]
v  ~StubRoutines::call_stub
V  [jvm.dll+0x14234a]
V  [jvm.dll+0x206ebe]
V  [jvm.dll+0x1423cd]
V  [jvm.dll+0xcb5c2]
V  [jvm.dll+0xcf213]
C  [bwapi_bridge2_5.dll+0x1b20d]
C  [bwapi_bridge2_5.dll+0x75101]
j  bwapi.Mirror.startGame()V+0
j  TestBot1.run()V+15
j  TestBot1.main([Ljava/lang/String;)V+7
v  ~StubRoutines::call_stub
V  [jvm.dll+0x14234a]
V  [jvm.dll+0x206ebe]
V  [jvm.dll+0x1423cd]
V  [jvm.dll+0xcb345]
V  [jvm.dll+0xd5ff7]
C  [javaw.exe+0x2070]
C  [javaw.exe+0xa601]
C  [javaw.exe+0xa68b]
C  [KERNEL32.DLL+0x162c4]
C  [ntdll.dll+0x60719]
C  [ntdll.dll+0x606e4]

Java frames: (J=compiled Java code, j=interpreted, Vv=VM code)
j  bwapi.Unit.getPosition_native(J)Lbwapi/Position;+0
J 120 C1 Base.manageDefense(Lbwapi/Game;)V (473 bytes) @ 0x03041520 [0x030404f0+0x1030]
J 87 C1 TestBot1.onFrame()V (150 bytes) @ 0x03037fd0 [0x03037bd0+0x400]
J 106 C1 bwapi.AIModule.onFrame()V (17 bytes) @ 0x0303c784 [0x0303c750+0x34]
v  ~StubRoutines::call_stub
j  bwapi.Mirror.startGame()V+0
j  TestBot1.run()V+15
j  TestBot1.main([Ljava/lang/String;)V+7
v  ~StubRoutines::call_stub

---------------  P R O C E S S  ---------------

Java Threads: ( => current thread )
  0x02ec8800 JavaThread "Service Thread" daemon [_thread_blocked, id=11920, stack(0x054c0000,0x05510000)]
  0x02ec3800 JavaThread "C1 CompilerThread0" daemon [_thread_blocked, id=12564, stack(0x05430000,0x05480000)]
  0x02ec2000 JavaThread "Attach Listener" daemon [_thread_blocked, id=11536, stack(0x053a0000,0x053f0000)]
  0x02ebf000 JavaThread "Signal Dispatcher" daemon [_thread_blocked, id=2788, stack(0x05310000,0x05360000)]
  0x02e50800 JavaThread "Finalizer" daemon [_thread_blocked, id=11344, stack(0x05280000,0x052d0000)]
  0x02e4f000 JavaThread "Reference Handler" daemon [_thread_blocked, id=11528, stack(0x051f0000,0x05240000)]
=>0x02f8c400 JavaThread "main" [_thread_in_native, id=11008, stack(0x02dd0000,0x02e20000)]

Other Threads:
  0x02e4dc00 VMThread [stack: 0x05160000,0x051b0000] [id=10132]
  0x02eda800 WatcherThread [stack: 0x05550000,0x055a0000] [id=7084]

VM state:not at safepoint (normal execution)

VM Mutex/Monitor currently owned by a thread: None

Heap
 def new generation   total 4928K, used 4107K [0x24c00000, 0x25150000, 0x2a150000)
  eden space 4416K,  92% used [0x24c00000, 0x250019b0, 0x25050000)
  from space 512K,   0% used [0x25050000, 0x25051470, 0x250d0000)
  to   space 512K,   0% used [0x250d0000, 0x250d0000, 0x25150000)
 tenured generation   total 10944K, used 249K [0x2a150000, 0x2ac00000, 0x34c00000)
   the space 10944K,   2% used [0x2a150000, 0x2a18e6f8, 0x2a18e800, 0x2ac00000)
 compacting perm gen  total 12288K, used 609K [0x34c00000, 0x35800000, 0x38c00000)
   the space 12288K,   4% used [0x34c00000, 0x34c98430, 0x34c98600, 0x35800000)
    ro space 10240K,  42% used [0x38c00000, 0x39036058, 0x39036200, 0x39600000)
    rw space 12288K,  51% used [0x39600000, 0x39c3bdb0, 0x39c3be00, 0x3a200000)

Card table byte_map: [0x05010000,0x050c0000] byte_map_base: 0x04eea000

Polling page: 0x02da0000

Code Cache  [0x02f90000, 0x03050000, 0x04f90000)
 total_blobs=289 nmethods=152 adapters=74 free_code_cache=32024Kb largest_free_block=32793408

Compilation events (10 events):
Event: 54.228 Thread 0x02ec3800  144             java.util.HashMap$KeyIterator::<init> (6 bytes)
Event: 54.228 Thread 0x02ec3800 nmethod 144 0x03048748 code [0x03048840, 0x030488dc]
Event: 54.228 Thread 0x02ec3800  145             java.util.HashMap$KeyIterator::<init> (11 bytes)
Event: 54.228 Thread 0x02ec3800 nmethod 145 0x03048948 code [0x03048a40, 0x03048adc]
Event: 54.228 Thread 0x02ec3800  146             java.util.HashMap$KeyIterator::next (8 bytes)
Event: 54.228 Thread 0x02ec3800 nmethod 146 0x03048b48 code [0x03048c50, 0x03048cec]
Event: 65.144 Thread 0x02ec3800  149             java.util.HashMap::keySet (28 bytes)
Event: 65.144 Thread 0x02ec3800 nmethod 149 0x030492c8 code [0x030493c0, 0x030494b0]
Event: 70.464 Thread 0x02ec3800  151             java.lang.StringBuilder::append (9 bytes)
Event: 70.464 Thread 0x02ec3800 nmethod 151 0x03049788 code [0x030498a0, 0x03049978]

GC Heap History (8 events):
Event: 21.484 GC heap before
{Heap before GC invocations=0 (full 0):
 def new generation   total 4928K, used 4416K [0x24c00000, 0x25150000, 0x2a150000)
  eden space 4416K, 100% used [0x24c00000, 0x25050000, 0x25050000)
  from space 512K,   0% used [0x25050000, 0x25050000, 0x250d0000)
  to   space 512K,   0% used [0x250d0000, 0x250d0000, 0x25150000)
 tenured generation   total 10944K, used 0K [0x2a150000, 0x2ac00000, 0x34c00000)
   the space 10944K,   0% used [0x2a150000, 0x2a150000, 0x2a150200, 0x2ac00000)
 compacting perm gen  total 12288K, used 598K [0x34c00000, 0x35800000, 0x38c00000)
   the space 12288K,   4% used [0x34c00000, 0x34c95870, 0x34c95a00, 0x35800000)
    ro space 10240K,  42% used [0x38c00000, 0x39036058, 0x39036200, 0x39600000)
    rw space 12288K,  51% used [0x39600000, 0x39c3bdb0, 0x39c3be00, 0x3a200000)
Event: 21.485 GC heap after
Heap after GC invocations=1 (full 0):
 def new generation   total 4928K, used 444K [0x24c00000, 0x25150000, 0x2a150000)
  eden space 4416K,   0% used [0x24c00000, 0x24c00000, 0x25050000)
  from space 512K,  86% used [0x250d0000, 0x2513f210, 0x25150000)
  to   space 512K,   0% used [0x25050000, 0x25050000, 0x250d0000)
 tenured generation   total 10944K, used 0K [0x2a150000, 0x2ac00000, 0x34c00000)
   the space 10944K,   0% used [0x2a150000, 0x2a150000, 0x2a150200, 0x2ac00000)
 compacting perm gen  total 12288K, used 598K [0x34c00000, 0x35800000, 0x38c00000)
   the space 12288K,   4% used [0x34c00000, 0x34c95870, 0x34c95a00, 0x35800000)
    ro space 10240K,  42% used [0x38c00000, 0x39036058, 0x39036200, 0x39600000)
    rw space 12288K,  51% used [0x39600000, 0x39c3bdb0, 0x39c3be00, 0x3a200000)
}
Event: 43.400 GC heap before
{Heap before GC invocations=1 (full 0):
 def new generation   total 4928K, used 4860K [0x24c00000, 0x25150000, 0x2a150000)
  eden space 4416K, 100% used [0x24c00000, 0x25050000, 0x25050000)
  from space 512K,  86% used [0x250d0000, 0x2513f210, 0x25150000)
  to   space 512K,   0% used [0x25050000, 0x25050000, 0x250d0000)
 tenured generation   total 10944K, used 0K [0x2a150000, 0x2ac00000, 0x34c00000)
   the space 10944K,   0% used [0x2a150000, 0x2a150000, 0x2a150200, 0x2ac00000)
 compacting perm gen  total 12288K, used 598K [0x34c00000, 0x35800000, 0x38c00000)
   the space 12288K,   4% used [0x34c00000, 0x34c95870, 0x34c95a00, 0x35800000)
    ro space 10240K,  42% used [0x38c00000, 0x39036058, 0x39036200, 0x39600000)
    rw space 12288K,  51% used [0x39600000, 0x39c3bdb0, 0x39c3be00, 0x3a200000)
Event: 43.401 GC heap after
Heap after GC invocations=2 (full 0):
 def new generation   total 4928K, used 1K [0x24c00000, 0x25150000, 0x2a150000)
  eden space 4416K,   0% used [0x24c00000, 0x24c00000, 0x25050000)
  from space 512K,   0% used [0x25050000, 0x25050640, 0x250d0000)
  to   space 512K,   0% used [0x250d0000, 0x250d0000, 0x25150000)
 tenured generation   total 10944K, used 249K [0x2a150000, 0x2ac00000, 0x34c00000)
   the space 10944K,   2% used [0x2a150000, 0x2a18e6f8, 0x2a18e800, 0x2ac00000)
 compacting perm gen  total 12288K, used 598K [0x34c00000, 0x35800000, 0x38c00000)
   the space 12288K,   4% used [0x34c00000, 0x34c95870, 0x34c95a00, 0x35800000)
    ro space 10240K,  42% used [0x38c00000, 0x39036058, 0x39036200, 0x39600000)
    rw space 12288K,  51% used [0x39600000, 0x39c3bdb0, 0x39c3be00, 0x3a200000)
}
Event: 69.170 GC heap before
{Heap before GC invocations=2 (full 0):
 def new generation   total 4928K, used 4417K [0x24c00000, 0x25150000, 0x2a150000)
  eden space 4416K, 100% used [0x24c00000, 0x25050000, 0x25050000)
  from space 512K,   0% used [0x25050000, 0x25050640, 0x250d0000)
  to   space 512K,   0% used [0x250d0000, 0x250d0000, 0x25150000)
 tenured generation   total 10944K, used 249K [0x2a150000, 0x2ac00000, 0x34c00000)
   the space 10944K,   2% used [0x2a150000, 0x2a18e6f8, 0x2a18e800, 0x2ac00000)
 compacting perm gen  total 12288K, used 598K [0x34c00000, 0x35800000, 0x38c00000)
   the space 12288K,   4% used [0x34c00000, 0x34c958c0, 0x34c95a00, 0x35800000)
    ro space 10240K,  42% used [0x38c00000, 0x39036058, 0x39036200, 0x39600000)
    rw space 12288K,  51% used [0x39600000, 0x39c3bdb0, 0x39c3be00, 0x3a200000)
Event: 69.170 GC heap after
Heap after GC invocations=3 (full 0):
 def new generation   total 4928K, used 3K [0x24c00000, 0x25150000, 0x2a150000)
  eden space 4416K,   0% used [0x24c00000, 0x24c00000, 0x25050000)
  from space 512K,   0% used [0x250d0000, 0x250d0df8, 0x25150000)
  to   space 512K,   0% used [0x25050000, 0x25050000, 0x250d0000)
 tenured generation   total 10944K, used 249K [0x2a150000, 0x2ac00000, 0x34c00000)
   the space 10944K,   2% used [0x2a150000, 0x2a18e6f8, 0x2a18e800, 0x2ac00000)
 compacting perm gen  total 12288K, used 598K [0x34c00000, 0x35800000, 0x38c00000)
   the space 12288K,   4% used [0x34c00000, 0x34c958c0, 0x34c95a00, 0x35800000)
    ro space 10240K,  42% used [0x38c00000, 0x39036058, 0x39036200, 0x39600000)
    rw space 12288K,  51% used [0x39600000, 0x39c3bdb0, 0x39c3be00, 0x3a200000)
}
Event: 87.918 GC heap before
{Heap before GC invocations=3 (full 0):
 def new generation   total 4928K, used 4419K [0x24c00000, 0x25150000, 0x2a150000)
  eden space 4416K, 100% used [0x24c00000, 0x25050000, 0x25050000)
  from space 512K,   0% used [0x250d0000, 0x250d0df8, 0x25150000)
  to   space 512K,   0% used [0x25050000, 0x25050000, 0x250d0000)
 tenured generation   total 10944K, used 249K [0x2a150000, 0x2ac00000, 0x34c00000)
   the space 10944K,   2% used [0x2a150000, 0x2a18e6f8, 0x2a18e800, 0x2ac00000)
 compacting perm gen  total 12288K, used 598K [0x34c00000, 0x35800000, 0x38c00000)
   the space 12288K,   4% used [0x34c00000, 0x34c958d0, 0x34c95a00, 0x35800000)
    ro space 10240K,  42% used [0x38c00000, 0x39036058, 0x39036200, 0x39600000)
    rw space 12288K,  51% used [0x39600000, 0x39c3bdb0, 0x39c3be00, 0x3a200000)
Event: 87.919 GC heap after
Heap after GC invocations=4 (full 0):
 def new generation   total 4928K, used 5K [0x24c00000, 0x25150000, 0x2a150000)
  eden space 4416K,   0% used [0x24c00000, 0x24c00000, 0x25050000)
  from space 512K,   0% used [0x25050000, 0x25051470, 0x250d0000)
  to   space 512K,   0% used [0x250d0000, 0x250d0000, 0x25150000)
 tenured generation   total 10944K, used 249K [0x2a150000, 0x2ac00000, 0x34c00000)
   the space 10944K,   2% used [0x2a150000, 0x2a18e6f8, 0x2a18e800, 0x2ac00000)
 compacting perm gen  total 12288K, used 598K [0x34c00000, 0x35800000, 0x38c00000)
   the space 12288K,   4% used [0x34c00000, 0x34c958d0, 0x34c95a00, 0x35800000)
    ro space 10240K,  42% used [0x38c00000, 0x39036058, 0x39036200, 0x39600000)
    rw space 12288K,  51% used [0x39600000, 0x39c3bdb0, 0x39c3be00, 0x3a200000)
}

Deoptimization events (0 events):
No events

Internal exceptions (10 events):
Event: 3.111 Thread 0x02f8c400 Threw 0x24d160c0 at C:\re\jdk7u79\2331\hotspot\src\share\vm\prims\jvm.cpp:1304
Event: 3.113 Thread 0x02f8c400 Threw 0x24d193f0 at C:\re\jdk7u79\2331\hotspot\src\share\vm\prims\jvm.cpp:1304
Event: 4.651 Thread 0x02f8c400 Threw 0x24d22200 at C:\re\jdk7u79\2331\hotspot\src\share\vm\prims\jvm.cpp:1304
Event: 5.261 Thread 0x02f8c400 Threw 0x24d259b8 at C:\re\jdk7u79\2331\hotspot\src\share\vm\prims\jvm.cpp:1304
Event: 5.262 Thread 0x02f8c400 Threw 0x24d29cf0 at C:\re\jdk7u79\2331\hotspot\src\share\vm\prims\jvm.cpp:1304
Event: 5.262 Thread 0x02f8c400 Threw 0x24d43370 at C:\re\jdk7u79\2331\hotspot\src\share\vm\prims\jvm.cpp:1304
Event: 5.263 Thread 0x02f8c400 Threw 0x24d45870 at C:\re\jdk7u79\2331\hotspot\src\share\vm\prims\jvm.cpp:1304
Event: 5.272 Thread 0x02f8c400 Threw 0x24d7c230 at C:\re\jdk7u79\2331\hotspot\src\share\vm\prims\jvm.cpp:1304
Event: 15.450 Thread 0x02f8c400 Threw 0x24f3d0d0 at C:\re\jdk7u79\2331\hotspot\src\share\vm\prims\jvm.cpp:1304
Event: 104.764 Thread 0x02f8c400 Threw 0x24ff2db8 at C:\re\jdk7u79\2331\hotspot\src\share\vm\prims\jvm.cpp:1304

Events (10 events):
Event: 21.486 Executing VM operation: RevokeBias
Event: 21.486 Executing VM operation: RevokeBias done
Event: 43.400 Executing VM operation: GenCollectForAllocation
Event: 43.401 Executing VM operation: GenCollectForAllocation done
Event: 69.170 Executing VM operation: GenCollectForAllocation
Event: 69.171 Executing VM operation: GenCollectForAllocation done
Event: 87.918 Executing VM operation: GenCollectForAllocation
Event: 87.919 Executing VM operation: GenCollectForAllocation done
Event: 104.764 loading class 0x055c0b10
Event: 104.764 loading class 0x055c0b10 done


Dynamic libraries:
0x00f70000 - 0x00f9f000 	C:\Program Files (x86)\Java\jre7\bin\javaw.exe
0x774e0000 - 0x77662000 	C:\WINDOWS\SYSTEM32\ntdll.dll
0x759d0000 - 0x75ab0000 	C:\WINDOWS\System32\KERNEL32.DLL
0x76cf0000 - 0x76e91000 	C:\WINDOWS\System32\KERNELBASE.dll
0x770d0000 - 0x77147000 	C:\WINDOWS\System32\ADVAPI32.dll
0x76ea0000 - 0x76f5e000 	C:\WINDOWS\System32\msvcrt.dll
0x76260000 - 0x762a1000 	C:\WINDOWS\System32\sechost.dll
0x760a0000 - 0x76161000 	C:\WINDOWS\System32\RPCRT4.dll
0x73fa0000 - 0x73fbe000 	C:\WINDOWS\System32\SspiCli.dll
0x73f90000 - 0x73f9a000 	C:\WINDOWS\System32\CRYPTBASE.dll
0x74020000 - 0x7407a000 	C:\WINDOWS\System32\bcryptPrimitives.dll
0x76470000 - 0x765cf000 	C:\WINDOWS\System32\USER32.dll
0x76ca0000 - 0x76cb5000 	C:\WINDOWS\System32\win32u.dll
0x75900000 - 0x7592b000 	C:\WINDOWS\System32\GDI32.dll
0x765d0000 - 0x7672b000 	C:\WINDOWS\System32\gdi32full.dll
0x67890000 - 0x67a9a000 	C:\WINDOWS\WinSxS\x86_microsoft.windows.common-controls_6595b64144ccf1df_6.0.14393.351_none_89c04962db040fd9\COMCTL32.dll
0x77190000 - 0x773a1000 	C:\WINDOWS\System32\combase.dll
0x75ae0000 - 0x75bc0000 	C:\WINDOWS\System32\ucrtbase.dll
0x76cc0000 - 0x76ce5000 	C:\WINDOWS\System32\IMM32.DLL
0x78310000 - 0x783cf000 	C:\Program Files (x86)\Java\jre7\bin\msvcr100.dll
0x50000000 - 0x50389000 	C:\Program Files (x86)\Java\jre7\bin\client\jvm.dll
0x75ac0000 - 0x75ac6000 	C:\WINDOWS\System32\PSAPI.DLL
0x73240000 - 0x73264000 	C:\WINDOWS\SYSTEM32\WINMM.dll
0x730d0000 - 0x730d8000 	C:\WINDOWS\SYSTEM32\WSOCK32.dll
0x756b0000 - 0x75713000 	C:\WINDOWS\System32\WS2_32.dll
0x73160000 - 0x73183000 	C:\WINDOWS\SYSTEM32\WINMMBASE.dll
0x77150000 - 0x77186000 	C:\WINDOWS\System32\cfgmgr32.dll
0x503e0000 - 0x503ec000 	C:\Program Files (x86)\Java\jre7\bin\verify.dll
0x503c0000 - 0x503e0000 	C:\Program Files (x86)\Java\jre7\bin\java.dll
0x77fe0000 - 0x77ff3000 	C:\Program Files (x86)\Java\jre7\bin\zip.dll
0x0fe50000 - 0x100d6000 	C:\Users\amanz360\Downloads\ExampleBot2_5\ExampleBot\bwapi_bridge2_5.dll
0x51f80000 - 0x51ff1000 	C:\WINDOWS\SYSTEM32\MSVCP120.dll
0x73e00000 - 0x73eee000 	C:\WINDOWS\SYSTEM32\MSVCR120.dll
0x6acc0000 - 0x6ad27000 	C:\Users\amanz360\Downloads\ExampleBot2_5\ExampleBot\libgmp-10.dll
0x6f540000 - 0x6f59e000 	C:\Users\amanz360\Downloads\ExampleBot2_5\ExampleBot\libmpfr-4.dll
0x73ba0000 - 0x73ce5000 	C:\WINDOWS\SYSTEM32\dbghelp.dll

VM Arguments:
jvm_args: -Dfile.encoding=Cp1252 
java_command: TestBot1
Launcher Type: SUN_STANDARD

Environment Variables:
PATH=C:/Program Files (x86)/Java/jre7/bin/client;C:/Program Files (x86)/Java/jre7/bin;C:/Program Files (x86)/Java/jre7/lib/i386;C:\Program Files (x86)\NVIDIA Corporation\PhysX\Common;C:\Program Files\Java\jdk1.8.0_45\bin;C:\ProgramData\Oracle\Java\javapath;c:\Program Files (x86)\Intel\iCLS Client\;c:\Program Files\Intel\iCLS Client\;C:\WINDOWS\system32;C:\WINDOWS;C:\WINDOWS\System32\Wbem;C:\WINDOWS\System32\WindowsPowerShell\v1.0\;C:\Program Files\Intel\WiFi\bin\;C:\Program Files\Common Files\Intel\WirelessCommon\;C:\Program Files\Mozart\bin;C:\Program Files\Microsoft SQL Server\110\Tools\Binn\;C:\Program Files (x86)\Skype\Phone\;C:\Program Files (x86)\Intel\Intel(R) Management Engine Components\DAL;C:\Program Files\Intel\Intel(R) Management Engine Components\DAL;C:\Program Files (x86)\Intel\Intel(R) Management Engine Components\IPT;C:\Program Files\Intel\Intel(R) Management Engine Components\IPT;C:\Go\bin;C:\WINDOWS\system32\config\systemprofile\.dnx\bin;C:\Program Files\Microsoft DNX\Dnvm\;C:\Program Files\Microsoft SQL Server\130\Tools\Binn\;C:\Program Files (x86)\Windows Kits\8.1\Windows Performance Toolkit\;c:\Program Files (x86)\Microsoft SQL Server\100\Tools\Binn\;c:\Program Files\Microsoft SQL Server\100\Tools\Binn\;c:\Program Files\Microsoft SQL Server\100\DTS\Binn\;C:\Users\amanz360\AppData\Local\Microsoft\WindowsApps;;C:\Users\amanz360\Downloads\eclipse-java-mars-2-win32\eclipse;
USERNAME=amanz360
OS=Windows_NT
PROCESSOR_IDENTIFIER=Intel64 Family 6 Model 69 Stepping 1, GenuineIntel



---------------  S Y S T E M  ---------------

OS: Windows 8.1 , 64 bit Build 9600 

CPU:total 4 (2 cores per cpu, 2 threads per core) family 6 model 69 stepping 1, cmov, cx8, fxsr, mmx, sse, sse2, sse3, ssse3, sse4.1, sse4.2, popcnt, avx, avx2, aes, erms, ht, tsc, tscinvbit

Memory: 4k page, physical 6187596k(2979648k free), swap 8677964k(2744408k free)

vm_info: Java HotSpot(TM) Client VM (24.79-b02) for windows-x86 JRE (1.7.0_79-b15), built on Apr 10 2015 16:49:13 by "java_re" with unknown MS VC++:1600

time: Mon Nov 07 17:05:29 2016
elapsed time: 104 seconds

