#
# A fatal error has been detected by the Java Runtime Environment:
#
#  EXCEPTION_ACCESS_VIOLATION (0xc0000005) at pc=0x6ed86cdb, pid=10844, tid=0x00001fc4
#
# JRE version: Java(TM) SE Runtime Environment (8.0_121-b13) (build 1.8.0_121-b13)
# Java VM: Java HotSpot(TM) Client VM (25.121-b13 mixed mode windows-x86 )
# Problematic frame:
# V  [jvm.dll+0xd6cdb]
#
# Failed to write core dump. Minidumps are not enabled by default on client versions of Windows
#
# If you would like to submit a bug report, please visit:
#   http://bugreport.java.com/bugreport/crash.jsp
#

---------------  T H R E A D  ---------------

Current thread (0x02e9c000):  JavaThread "main" [_thread_in_vm, id=8132, stack(0x02ea0000,0x02ef0000)]

siginfo: ExceptionCode=0xc0000005, reading address 0x00000000

Registers:
EAX=0x00000000, EBX=0x02e9c000, ECX=0x00000000, EDX=0x00000001
ESP=0x02eedb04, EBP=0x02eedb20, ESI=0x02e9c140, EDI=0x00000000
EIP=0x6ed86cdb, EFLAGS=0x00010246

Top of Stack: (sp=0x02eedb04)
0x02eedb04:   00000000 02e9c140 02e9c000 02e9c000
0x02eedb14:   00000000 02e9c140 02e9c000 02eedbd8
0x02eedb24:   68f30fd2 02e9c140 00000000 02e90079
0x02eedb34:   02e9c000 02eedbd8 68f30fa7 00000001
0x02eedb44:   0000000f 02ee0049 6ed8aa8e 02e9c000
0x02eedb54:   00000006 00000001 0000000f 02e9c000
0x02eedb64:   0a7862a8 02eede14 030e00c4 02eedbb8
0x02eedb74:   02e9c140 00000002 02e9c000 0159ce58 

Instructions: (pc=0x6ed86cdb)
0x6ed86cbb:   f3 ff 83 c4 08 83 7b 04 00 89 5d f0 c7 45 f4 00
0x6ed86ccb:   00 00 00 74 08 8d 4d f0 e8 58 11 0d 00 8b 45 0c
0x6ed86cdb:   8b 08 8b 51 04 8b 42 38 50 56 e8 d6 4c 08 00 83
0x6ed86ceb:   c4 08 83 7d f4 00 89 45 08 74 08 8d 4d f0 e8 72 


Register to memory mapping:

EAX=0x00000000 is an unknown value
EBX=0x02e9c000 is a thread
ECX=0x00000000 is an unknown value
EDX=0x00000001 is an unknown value
ESP=0x02eedb04 is pointing into the stack for thread: 0x02e9c000
EBP=0x02eedb20 is pointing into the stack for thread: 0x02e9c000
ESI=0x02e9c140 is an unknown value
EDI=0x00000000 is an unknown value


Stack: [0x02ea0000,0x02ef0000],  sp=0x02eedb04,  free space=310k
Native frames: (J=compiled Java code, j=interpreted, Vv=VM code, C=native code)
V  [jvm.dll+0xd6cdb]
C  [bwapi_bridge2_5.dll+0x20fd2]
J 350  bwapi.Game.getUnitsInRadius_native(JLbwapi/Position;I)Ljava/util/List; (0 bytes) @ 0x0311a47f [0x0311a3d0+0xaf]
J 234 C1 moleAI.Squad.closestEnemy(Lbwapi/Game;)Lbwapi/Unit; (137 bytes) @ 0x030fc810 [0x030fc770+0xa0]
J 166 C1 moleAI.SquadManager.update(Lbwapi/Game;Lbwapi/Position;)V (73 bytes) @ 0x030eee80 [0x030eed50+0x130]
J 82 C1 moleAI.StrategyManager.update(Lbwapi/Game;Lbwapi/Player;)V (303 bytes) @ 0x030d0c70 [0x030d0730+0x540]
J 185 C1 moleAI.TestBot1.onFrame()V (86 bytes) @ 0x030f2714 [0x030f24b0+0x264]
J 156 C1 bwapi.AIModule.onFrame()V (17 bytes) @ 0x030ed084 [0x030ed050+0x34]
v  ~StubRoutines::call_stub
V  [jvm.dll+0x15aa85]
V  [jvm.dll+0x220d7e]
V  [jvm.dll+0x15ab1e]
V  [jvm.dll+0xdcc7b]
V  [jvm.dll+0xdfc0c]
C  [bwapi_bridge2_5.dll+0x1b20d]
C  [bwapi_bridge2_5.dll+0x75101]
j  bwapi.Mirror.startGame()V+0
j  moleAI.TestBot1.run()V+15
j  moleAI.TestBot1.main([Ljava/lang/String;)V+7
v  ~StubRoutines::call_stub
V  [jvm.dll+0x15aa85]
V  [jvm.dll+0x220d7e]
V  [jvm.dll+0x15ab1e]
V  [jvm.dll+0xdca47]
V  [jvm.dll+0xe4fdf]
C  [javaw.exe+0x22ab]
C  [javaw.exe+0xaebf]
C  [javaw.exe+0xaf49]
C  [KERNEL32.DLL+0x162c4]
C  [ntdll.dll+0x60fd9]
C  [ntdll.dll+0x60fa4]
C  0x00000000

Java frames: (J=compiled Java code, j=interpreted, Vv=VM code)
J 350  bwapi.Game.getUnitsInRadius_native(JLbwapi/Position;I)Ljava/util/List; (0 bytes) @ 0x0311a43b [0x0311a3d0+0x6b]
J 234 C1 moleAI.Squad.closestEnemy(Lbwapi/Game;)Lbwapi/Unit; (137 bytes) @ 0x030fc810 [0x030fc770+0xa0]
J 166 C1 moleAI.SquadManager.update(Lbwapi/Game;Lbwapi/Position;)V (73 bytes) @ 0x030eee80 [0x030eed50+0x130]
J 82 C1 moleAI.StrategyManager.update(Lbwapi/Game;Lbwapi/Player;)V (303 bytes) @ 0x030d0c70 [0x030d0730+0x540]
J 185 C1 moleAI.TestBot1.onFrame()V (86 bytes) @ 0x030f2714 [0x030f24b0+0x264]
J 156 C1 bwapi.AIModule.onFrame()V (17 bytes) @ 0x030ed084 [0x030ed050+0x34]
v  ~StubRoutines::call_stub
j  bwapi.Mirror.startGame()V+0
j  moleAI.TestBot1.run()V+15
j  moleAI.TestBot1.main([Ljava/lang/String;)V+7
v  ~StubRoutines::call_stub

---------------  P R O C E S S  ---------------

Java Threads: ( => current thread )
  0x156dc800 JavaThread "Service Thread" daemon [_thread_blocked, id=16268, stack(0x15c80000,0x15cd0000)]
  0x156d5800 JavaThread "C1 CompilerThread0" daemon [_thread_blocked, id=16048, stack(0x15bf0000,0x15c40000)]
  0x156de400 JavaThread "Attach Listener" daemon [_thread_blocked, id=12320, stack(0x15b60000,0x15bb0000)]
  0x156dd400 JavaThread "Signal Dispatcher" daemon [_thread_blocked, id=12556, stack(0x15ad0000,0x15b20000)]
  0x156c9000 JavaThread "Finalizer" daemon [_thread_blocked, id=13932, stack(0x15940000,0x15990000)]
  0x156b3400 JavaThread "Reference Handler" daemon [_thread_blocked, id=9668, stack(0x158b0000,0x15900000)]
=>0x02e9c000 JavaThread "main" [_thread_in_vm, id=8132, stack(0x02ea0000,0x02ef0000)]

Other Threads:
  0x0300c400 VMThread [stack: 0x15660000,0x156b0000] [id=9764]
  0x1570c400 WatcherThread [stack: 0x15d10000,0x15d60000] [id=6976]

VM state:not at safepoint (normal execution)

VM Mutex/Monitor currently owned by a thread: None

Heap:
 def new generation   total 4928K, used 1632K [0x05200000, 0x05750000, 0x0a750000)
  eden space 4416K,  36% used [0x05200000, 0x0538d728, 0x05650000)
  from space 512K,   8% used [0x05650000, 0x0565ac30, 0x056d0000)
  to   space 512K,   0% used [0x056d0000, 0x056d0000, 0x05750000)
 tenured generation   total 10944K, used 733K [0x0a750000, 0x0b200000, 0x15200000)
   the space 10944K,   6% used [0x0a750000, 0x0a807540, 0x0a807600, 0x0b200000)
 Metaspace       used 2280K, capacity 2760K, committed 2880K, reserved 4480K

Card table byte_map: [0x05090000,0x05120000] byte_map_base: 0x05067000

Polling page: 0x02e80000

CodeCache: size=32768Kb used=1097Kb max_used=1097Kb free=31670Kb
 bounds [0x03010000, 0x03128000, 0x05010000]
 total_blobs=530 nmethods=385 adapters=76
 compilation: enabled

Compilation events (10 events):
Event: 124.171 Thread 0x156d5800  381             moleAI.StrategyManager::moleContains (48 bytes)
Event: 124.171 Thread 0x156d5800 nmethod 381 0x03121608 code [0x03121760, 0x03121918]
Event: 125.283 Thread 0x156d5800  382             java.io.OutputStream::flush (1 bytes)
Event: 125.283 Thread 0x156d5800 nmethod 382 0x03121b48 code [0x03121c40, 0x03121cc0]
Event: 126.177 Thread 0x156d5800  383  s          java.io.BufferedOutputStream::flush (12 bytes)
Event: 126.177 Thread 0x156d5800 nmethod 383 0x03121d08 code [0x03121e20, 0x03122038]
Event: 126.177 Thread 0x156d5800  384             java.io.BufferedOutputStream::flushBuffer (29 bytes)
Event: 126.177 Thread 0x156d5800 nmethod 384 0x03122108 code [0x03122210, 0x031222cc]
Event: 129.795 Thread 0x156d5800  385             bwapi.UnitCommand::getTarget (5 bytes)
Event: 129.795 Thread 0x156d5800 nmethod 385 0x03122348 code [0x03122440, 0x031224c0]

GC Heap History (10 events):
Event: 129.052 GC heap before
{Heap before GC invocations=417 (full 0):
 def new generation   total 4928K, used 4459K [0x05200000, 0x05750000, 0x0a750000)
  eden space 4416K, 100% used [0x05200000, 0x05650000, 0x05650000)
  from space 512K,   8% used [0x056d0000, 0x056daca0, 0x05750000)
  to   space 512K,   0% used [0x05650000, 0x05650000, 0x056d0000)
 tenured generation   total 10944K, used 722K [0x0a750000, 0x0b200000, 0x15200000)
   the space 10944K,   6% used [0x0a750000, 0x0a804ab0, 0x0a804c00, 0x0b200000)
 Metaspace       used 2280K, capacity 2760K, committed 2880K, reserved 4480K
Event: 129.052 GC heap after
Heap after GC invocations=418 (full 0):
 def new generation   total 4928K, used 44K [0x05200000, 0x05750000, 0x0a750000)
  eden space 4416K,   0% used [0x05200000, 0x05200000, 0x05650000)
  from space 512K,   8% used [0x05650000, 0x0565b2e8, 0x056d0000)
  to   space 512K,   0% used [0x056d0000, 0x056d0000, 0x05750000)
 tenured generation   total 10944K, used 725K [0x0a750000, 0x0b200000, 0x15200000)
   the space 10944K,   6% used [0x0a750000, 0x0a805620, 0x0a805800, 0x0b200000)
 Metaspace       used 2280K, capacity 2760K, committed 2880K, reserved 4480K
}
Event: 129.250 GC heap before
{Heap before GC invocations=418 (full 0):
 def new generation   total 4928K, used 4460K [0x05200000, 0x05750000, 0x0a750000)
  eden space 4416K, 100% used [0x05200000, 0x05650000, 0x05650000)
  from space 512K,   8% used [0x05650000, 0x0565b2e8, 0x056d0000)
  to   space 512K,   0% used [0x056d0000, 0x056d0000, 0x05750000)
 tenured generation   total 10944K, used 725K [0x0a750000, 0x0b200000, 0x15200000)
   the space 10944K,   6% used [0x0a750000, 0x0a805620, 0x0a805800, 0x0b200000)
 Metaspace       used 2280K, capacity 2760K, committed 2880K, reserved 4480K
Event: 129.251 GC heap after
Heap after GC invocations=419 (full 0):
 def new generation   total 4928K, used 42K [0x05200000, 0x05750000, 0x0a750000)
  eden space 4416K,   0% used [0x05200000, 0x05200000, 0x05650000)
  from space 512K,   8% used [0x056d0000, 0x056da980, 0x05750000)
  to   space 512K,   0% used [0x05650000, 0x05650000, 0x056d0000)
 tenured generation   total 10944K, used 728K [0x0a750000, 0x0b200000, 0x15200000)
   the space 10944K,   6% used [0x0a750000, 0x0a8063d8, 0x0a806400, 0x0b200000)
 Metaspace       used 2280K, capacity 2760K, committed 2880K, reserved 4480K
}
Event: 129.452 GC heap before
{Heap before GC invocations=419 (full 0):
 def new generation   total 4928K, used 4458K [0x05200000, 0x05750000, 0x0a750000)
  eden space 4416K, 100% used [0x05200000, 0x05650000, 0x05650000)
  from space 512K,   8% used [0x056d0000, 0x056da980, 0x05750000)
  to   space 512K,   0% used [0x05650000, 0x05650000, 0x056d0000)
 tenured generation   total 10944K, used 728K [0x0a750000, 0x0b200000, 0x15200000)
   the space 10944K,   6% used [0x0a750000, 0x0a8063d8, 0x0a806400, 0x0b200000)
 Metaspace       used 2280K, capacity 2760K, committed 2880K, reserved 4480K
Event: 129.452 GC heap after
Heap after GC invocations=420 (full 0):
 def new generation   total 4928K, used 46K [0x05200000, 0x05750000, 0x0a750000)
  eden space 4416K,   0% used [0x05200000, 0x05200000, 0x05650000)
  from space 512K,   9% used [0x05650000, 0x0565b928, 0x056d0000)
  to   space 512K,   0% used [0x056d0000, 0x056d0000, 0x05750000)
 tenured generation   total 10944K, used 731K [0x0a750000, 0x0b200000, 0x15200000)
   the space 10944K,   6% used [0x0a750000, 0x0a806c40, 0x0a806e00, 0x0b200000)
 Metaspace       used 2280K, capacity 2760K, committed 2880K, reserved 4480K
}
Event: 129.650 GC heap before
{Heap before GC invocations=420 (full 0):
 def new generation   total 4928K, used 4462K [0x05200000, 0x05750000, 0x0a750000)
  eden space 4416K, 100% used [0x05200000, 0x05650000, 0x05650000)
  from space 512K,   9% used [0x05650000, 0x0565b928, 0x056d0000)
  to   space 512K,   0% used [0x056d0000, 0x056d0000, 0x05750000)
 tenured generation   total 10944K, used 731K [0x0a750000, 0x0b200000, 0x15200000)
   the space 10944K,   6% used [0x0a750000, 0x0a806c40, 0x0a806e00, 0x0b200000)
 Metaspace       used 2280K, capacity 2760K, committed 2880K, reserved 4480K
Event: 129.650 GC heap after
Heap after GC invocations=421 (full 0):
 def new generation   total 4928K, used 42K [0x05200000, 0x05750000, 0x0a750000)
  eden space 4416K,   0% used [0x05200000, 0x05200000, 0x05650000)
  from space 512K,   8% used [0x056d0000, 0x056dabd8, 0x05750000)
  to   space 512K,   0% used [0x05650000, 0x05650000, 0x056d0000)
 tenured generation   total 10944K, used 733K [0x0a750000, 0x0b200000, 0x15200000)
   the space 10944K,   6% used [0x0a750000, 0x0a807418, 0x0a807600, 0x0b200000)
 Metaspace       used 2280K, capacity 2760K, committed 2880K, reserved 4480K
}
Event: 129.850 GC heap before
{Heap before GC invocations=421 (full 0):
 def new generation   total 4928K, used 4458K [0x05200000, 0x05750000, 0x0a750000)
  eden space 4416K, 100% used [0x05200000, 0x05650000, 0x05650000)
  from space 512K,   8% used [0x056d0000, 0x056dabd8, 0x05750000)
  to   space 512K,   0% used [0x05650000, 0x05650000, 0x056d0000)
 tenured generation   total 10944K, used 733K [0x0a750000, 0x0b200000, 0x15200000)
   the space 10944K,   6% used [0x0a750000, 0x0a807418, 0x0a807600, 0x0b200000)
 Metaspace       used 2280K, capacity 2760K, committed 2880K, reserved 4480K
Event: 129.850 GC heap after
Heap after GC invocations=422 (full 0):
 def new generation   total 4928K, used 43K [0x05200000, 0x05750000, 0x0a750000)
  eden space 4416K,   0% used [0x05200000, 0x05200000, 0x05650000)
  from space 512K,   8% used [0x05650000, 0x0565ac30, 0x056d0000)
  to   space 512K,   0% used [0x056d0000, 0x056d0000, 0x05750000)
 tenured generation   total 10944K, used 733K [0x0a750000, 0x0b200000, 0x15200000)
   the space 10944K,   6% used [0x0a750000, 0x0a807540, 0x0a807600, 0x0b200000)
 Metaspace       used 2280K, capacity 2760K, committed 2880K, reserved 4480K
}

Deoptimization events (0 events):
No events

Internal exceptions (10 events):
Event: 128.726 Thread 0x02e9c000 Implicit null exception at 0x0311e5bd to 0x0311e6d6
Event: 128.726 Thread 0x02e9c000 Exception <a 'java/lang/NullPointerException'> (0x055f61c8) thrown at [C:\workspace\8-2-build-windows-i586-cygwin\jdk8u121\8372\hotspot\src\share\vm\runtime\sharedRuntime.cpp, line 605]
Event: 128.746 Thread 0x02e9c000 Implicit null exception at 0x0311e5bd to 0x0311e6d6
Event: 128.746 Thread 0x02e9c000 Exception <a 'java/lang/NullPointerException'> (0x05624628) thrown at [C:\workspace\8-2-build-windows-i586-cygwin\jdk8u121\8372\hotspot\src\share\vm\runtime\sharedRuntime.cpp, line 605]
Event: 128.766 Thread 0x02e9c000 Implicit null exception at 0x0311e5bd to 0x0311e6d6
Event: 128.766 Thread 0x02e9c000 Exception <a 'java/lang/NullPointerException'> (0x05201d40) thrown at [C:\workspace\8-2-build-windows-i586-cygwin\jdk8u121\8372\hotspot\src\share\vm\runtime\sharedRuntime.cpp, line 605]
Event: 128.785 Thread 0x02e9c000 Implicit null exception at 0x0311e5bd to 0x0311e6d6
Event: 128.785 Thread 0x02e9c000 Exception <a 'java/lang/NullPointerException'> (0x0522fc28) thrown at [C:\workspace\8-2-build-windows-i586-cygwin\jdk8u121\8372\hotspot\src\share\vm\runtime\sharedRuntime.cpp, line 605]
Event: 128.802 Thread 0x02e9c000 Implicit null exception at 0x0311e5bd to 0x0311e6d6
Event: 128.802 Thread 0x02e9c000 Exception <a 'java/lang/NullPointerException'> (0x0525d848) thrown at [C:\workspace\8-2-build-windows-i586-cygwin\jdk8u121\8372\hotspot\src\share\vm\runtime\sharedRuntime.cpp, line 605]

Events (10 events):
Event: 129.052 Executing VM operation: GenCollectForAllocation
Event: 129.052 Executing VM operation: GenCollectForAllocation done
Event: 129.250 Executing VM operation: GenCollectForAllocation
Event: 129.251 Executing VM operation: GenCollectForAllocation done
Event: 129.452 Executing VM operation: GenCollectForAllocation
Event: 129.452 Executing VM operation: GenCollectForAllocation done
Event: 129.649 Executing VM operation: GenCollectForAllocation
Event: 129.650 Executing VM operation: GenCollectForAllocation done
Event: 129.850 Executing VM operation: GenCollectForAllocation
Event: 129.850 Executing VM operation: GenCollectForAllocation done


Dynamic libraries:
0x00e10000 - 0x00e43000 	C:\Program Files (x86)\Java\jre1.8.0_121\bin\javaw.exe
0x77b90000 - 0x77d13000 	C:\Windows\SYSTEM32\ntdll.dll
0x76820000 - 0x76900000 	C:\Windows\System32\KERNEL32.DLL
0x75f50000 - 0x760f1000 	C:\Windows\System32\KERNELBASE.dll
0x77b00000 - 0x77b77000 	C:\Windows\System32\ADVAPI32.dll
0x76d80000 - 0x76e3e000 	C:\Windows\System32\msvcrt.dll
0x74880000 - 0x748c1000 	C:\Windows\System32\sechost.dll
0x76f90000 - 0x77051000 	C:\Windows\System32\RPCRT4.dll
0x74650000 - 0x7466e000 	C:\Windows\System32\SspiCli.dll
0x74640000 - 0x7464a000 	C:\Windows\System32\CRYPTBASE.dll
0x76d20000 - 0x76d7a000 	C:\Windows\System32\bcryptPrimitives.dll
0x769a0000 - 0x76aff000 	C:\Windows\System32\USER32.dll
0x77060000 - 0x77075000 	C:\Windows\System32\win32u.dll
0x77a00000 - 0x77a2b000 	C:\Windows\System32\GDI32.dll
0x77320000 - 0x7747b000 	C:\Windows\System32\gdi32full.dll
0x6fe00000 - 0x7000a000 	C:\Windows\WinSxS\x86_microsoft.windows.common-controls_6595b64144ccf1df_6.0.14393.953_none_89c2555adb023171\COMCTL32.dll
0x76b00000 - 0x76d11000 	C:\Windows\System32\combase.dll
0x77920000 - 0x77a00000 	C:\Windows\System32\ucrtbase.dll
0x76970000 - 0x76995000 	C:\Windows\System32\IMM32.DLL
0x6e220000 - 0x6e2df000 	C:\Program Files (x86)\Java\jre1.8.0_121\bin\msvcr100.dll
0x6ecb0000 - 0x6f07e000 	C:\Program Files (x86)\Java\jre1.8.0_121\bin\client\jvm.dll
0x76100000 - 0x76106000 	C:\Windows\System32\PSAPI.DLL
0x74310000 - 0x74318000 	C:\Windows\SYSTEM32\VERSION.dll
0x68e10000 - 0x68e18000 	C:\Windows\SYSTEM32\WSOCK32.dll
0x700d0000 - 0x700f4000 	C:\Windows\SYSTEM32\WINMM.dll
0x76900000 - 0x76963000 	C:\Windows\System32\WS2_32.dll
0x70040000 - 0x70063000 	C:\Windows\SYSTEM32\winmmbase.dll
0x77a30000 - 0x77a66000 	C:\Windows\System32\cfgmgr32.dll
0x700c0000 - 0x700cc000 	C:\Program Files (x86)\Java\jre1.8.0_121\bin\verify.dll
0x70090000 - 0x700b1000 	C:\Program Files (x86)\Java\jre1.8.0_121\bin\java.dll
0x70070000 - 0x70083000 	C:\Program Files (x86)\Java\jre1.8.0_121\bin\zip.dll
0x749a0000 - 0x75d78000 	C:\Windows\System32\SHELL32.dll
0x762b0000 - 0x7681e000 	C:\Windows\System32\windows.storage.dll
0x770f0000 - 0x77135000 	C:\Windows\System32\powrprof.dll
0x76ee0000 - 0x76f26000 	C:\Windows\System32\shlwapi.dll
0x770e0000 - 0x770ed000 	C:\Windows\System32\kernel.appcore.dll
0x77a70000 - 0x77af8000 	C:\Windows\System32\shcore.dll
0x76110000 - 0x7611f000 	C:\Windows\System32\profapi.dll
0x68f10000 - 0x69196000 	C:\Users\amanz\OneDrive\Documents\GitHub\MoleAI\ExampleBot\bwapi_bridge2_5.dll
0x6e3d0000 - 0x6e441000 	C:\Program Files (x86)\Java\jre1.8.0_121\bin\MSVCP120.dll
0x6e130000 - 0x6e21e000 	C:\Program Files (x86)\Java\jre1.8.0_121\bin\MSVCR120.dll
0x6acc0000 - 0x6ad27000 	C:\Users\amanz\OneDrive\Documents\GitHub\MoleAI\ExampleBot\libgmp-10.dll
0x6f540000 - 0x6f59e000 	C:\Users\amanz\OneDrive\Documents\GitHub\MoleAI\ExampleBot\libmpfr-4.dll
0x6f610000 - 0x6f755000 	C:\Windows\SYSTEM32\dbghelp.dll

VM Arguments:
jvm_args: -Dfile.encoding=Cp1252 
java_command: moleAI.TestBot1
java_class_path (initial): C:\Users\amanz\OneDrive\Documents\GitHub\MoleAI\ExampleBot\bin;C:\Users\amanz\OneDrive\Documents\GitHub\MoleAI\ExampleBot\lib\bwmirror_v2_5.jar;C:\Users\amanz\OneDrive\Documents\GitHub\MoleAI\ExampleBot\lib\JBTCore.jar
Launcher Type: SUN_STANDARD

Environment Variables:
PATH=C:/Program Files/Java/jre1.8.0_121/bin/server;C:/Program Files/Java/jre1.8.0_121/bin;C:/Program Files/Java/jre1.8.0_121/lib/amd64;C:\ProgramData\Oracle\Java\javapath;C:\Program Files (x86)\Intel\iCLS Client\;C:\Program Files\Intel\iCLS Client\;C:\Windows\system32;C:\Windows;C:\Windows\System32\Wbem;C:\Windows\System32\WindowsPowerShell\v1.0\;C:\Program Files (x86)\Intel\Intel(R) Management Engine Components\DAL;C:\Program Files\Intel\Intel(R) Management Engine Components\DAL;C:\Program Files (x86)\Intel\Intel(R) Management Engine Components\IPT;C:\Program Files\Intel\Intel(R) Management Engine Components\IPT;C:\Program Files (x86)\NVIDIA Corporation\PhysX\Common;C:\Program Files\nodejs\;C:\Program Files\Microsoft SQL Server\110\Tools\Binn\;C:\Program Files (x86)\Microsoft SDKs\TypeScript\1.0\;C:\Program Files\Microsoft SQL Server\120\Tools\Binn\;C:\Program Files (x86)\Skype\Phone\;C:\Users\amanz\AppData\Local\Microsoft\WindowsApps;C:\Users\amanz\AppData\Roaming\npm;C:\Windows\system32;
USERNAME=amanz
OS=Windows_NT
PROCESSOR_IDENTIFIER=Intel64 Family 6 Model 94 Stepping 3, GenuineIntel



---------------  S Y S T E M  ---------------

OS: Windows 10.0 , 64 bit Build 14393 (10.0.14393.0)

CPU:total 8 (4 cores per cpu, 2 threads per core) family 6 model 94 stepping 3, cmov, cx8, fxsr, mmx, sse, sse2, sse3, ssse3, sse4.1, sse4.2, popcnt, avx, avx2, aes, clmul, erms, rtm, 3dnowpref, lzcnt, ht, tsc, tscinvbit, bmi1, bmi2, adx

Memory: 4k page, physical 8209456k(2698640k free), swap 12665904k(3941144k free)

vm_info: Java HotSpot(TM) Client VM (25.121-b13) for windows-x86 JRE (1.8.0_121-b13), built on Dec 12 2016 18:17:00 by "java_re" with MS VC++ 10.0 (VS2010)

time: Mon Apr 24 19:01:01 2017
elapsed time: 129 seconds (0d 0h 2m 9s)

