#
# A fatal error has been detected by the Java Runtime Environment:
#
#  EXCEPTION_ACCESS_VIOLATION (0xc0000005) at pc=0x6ed86cdb, pid=2724, tid=0x000024f8
#
# JRE version: Java(TM) SE Runtime Environment (8.0_121-b13) (build 1.8.0_121-b13)
# Java VM: Java HotSpot(TM) Client VM (25.121-b13 mixed mode windows-x86 )
# Problematic frame:
# V  [jvm.dll+0xd6cdb]
#
# Failed to write core dump. Minidumps are not enabled by default on client versions of Windows
#
# If you would like to submit a bug report, please visit:
#   http://bugreport.java.com/bugreport/crash.jsp
#

---------------  T H R E A D  ---------------

Current thread (0x0301c000):  JavaThread "main" [_thread_in_vm, id=9464, stack(0x01730000,0x01780000)]

siginfo: ExceptionCode=0xc0000005, reading address 0x00000000

Registers:
EAX=0x00000000, EBX=0x0301c000, ECX=0x00000000, EDX=0x00000001
ESP=0x0177dcfc, EBP=0x0177dd18, ESI=0x0301c140, EDI=0x00000000
EIP=0x6ed86cdb, EFLAGS=0x00010246

Top of Stack: (sp=0x0177dcfc)
0x0177dcfc:   00000000 18239640 0301c140 0301c000
0x0177dd0c:   00000000 18239640 00000000 0177dd68
0x0177dd1c:   69cc554d 0301c140 00000000 18230079
0x0177dd2c:   00000000 0177dd68 69cc551c 00000001
0x0177dd3c:   0000000f 0a780049 5a333f3e 0177dddc
0x0177dd4c:   0314f85c 00000001 0000000f 0301c000
0x0177dd5c:   18239640 00000000 0a7fd9e0 0177dd98
0x0177dd6c:   031479b8 0301c140 0177dd84 18239640 

Instructions: (pc=0x6ed86cdb)
0x6ed86cbb:   f3 ff 83 c4 08 83 7b 04 00 89 5d f0 c7 45 f4 00
0x6ed86ccb:   00 00 00 74 08 8d 4d f0 e8 58 11 0d 00 8b 45 0c
0x6ed86cdb:   8b 08 8b 51 04 8b 42 38 50 56 e8 d6 4c 08 00 83
0x6ed86ceb:   c4 08 83 7d f4 00 89 45 08 74 08 8d 4d f0 e8 72 


Register to memory mapping:

EAX=0x00000000 is an unknown value
EBX=0x0301c000 is a thread
ECX=0x00000000 is an unknown value
EDX=0x00000001 is an unknown value
ESP=0x0177dcfc is pointing into the stack for thread: 0x0301c000
EBP=0x0177dd18 is pointing into the stack for thread: 0x0301c000
ESI=0x0301c140 is an unknown value
EDI=0x00000000 is an unknown value


Stack: [0x01730000,0x01780000],  sp=0x0177dcfc,  free space=311k
Native frames: (J=compiled Java code, j=interpreted, Vv=VM code, C=native code)
V  [jvm.dll+0xd6cdb]
C  [bwapi_bridge2_5.dll+0x3554d]
J 198  bwapi.Unit.getDistance_native(JLbwapi/Position;)I (0 bytes) @ 0x031479b8 [0x03147910+0xa8]
J 344 C1 bwapi.Unit.getDistance(Lbwapi/Position;)I (10 bytes) @ 0x0316c930 [0x0316c900+0x30]
j  bts.actions.execution.Move.internalTick()Ljbt/execution/core/ExecutionTask$Status;+54
J 307 C1 jbt.execution.core.ExecutionTask.tick()Ljbt/execution/core/ExecutionTask$Status; (129 bytes) @ 0x03162508 [0x031624c0+0x48]
J 252 C1 jbt.execution.core.BTExecutor.tick()V (104 bytes) @ 0x031526b8 [0x031525b0+0x108]
J 368 C1 moleAI.Squad.tickUnits()V (78 bytes) @ 0x0317439c [0x03174230+0x16c]
J 182 C1 moleAI.SquadManager.update(Lbwapi/Game;Lbwapi/Position;)V (73 bytes) @ 0x03143bd0 [0x03143a90+0x140]
J 87 C1 moleAI.StrategyManager.update(Lbwapi/Game;Lbwapi/Player;)V (408 bytes) @ 0x03121ae0 [0x03121310+0x7d0]
J 189 C1 moleAI.TestBot1.onFrame()V (86 bytes) @ 0x031459d4 [0x03145770+0x264]
J 191 C1 bwapi.AIModule.onFrame()V (17 bytes) @ 0x031463c4 [0x03146390+0x34]
v  ~StubRoutines::call_stub
V  [jvm.dll+0x15aa85]
V  [jvm.dll+0x220d7e]
V  [jvm.dll+0x15ab1e]
V  [jvm.dll+0xdcc7b]
V  [jvm.dll+0xdfc0c]
C  [bwapi_bridge2_5.dll+0x1b20d]
C  [bwapi_bridge2_5.dll+0x75101]
j  bwapi.Mirror.startGame()V+0
j  moleAI.TestBot1.run()V+15
j  moleAI.TestBot1.main([Ljava/lang/String;)V+7
v  ~StubRoutines::call_stub
V  [jvm.dll+0x15aa85]
V  [jvm.dll+0x220d7e]
V  [jvm.dll+0x15ab1e]
V  [jvm.dll+0xdca47]
V  [jvm.dll+0xe4fdf]
C  [javaw.exe+0x22ab]
C  [javaw.exe+0xaebf]
C  [javaw.exe+0xaf49]
C  [KERNEL32.DLL+0x162c4]
C  [ntdll.dll+0x60fd9]
C  [ntdll.dll+0x60fa4]
C  0x00000000

Java frames: (J=compiled Java code, j=interpreted, Vv=VM code)
J 198  bwapi.Unit.getDistance_native(JLbwapi/Position;)I (0 bytes) @ 0x03147974 [0x03147910+0x64]
J 344 C1 bwapi.Unit.getDistance(Lbwapi/Position;)I (10 bytes) @ 0x0316c930 [0x0316c900+0x30]
j  bts.actions.execution.Move.internalTick()Ljbt/execution/core/ExecutionTask$Status;+54
J 307 C1 jbt.execution.core.ExecutionTask.tick()Ljbt/execution/core/ExecutionTask$Status; (129 bytes) @ 0x03162508 [0x031624c0+0x48]
J 252 C1 jbt.execution.core.BTExecutor.tick()V (104 bytes) @ 0x031526b8 [0x031525b0+0x108]
J 368 C1 moleAI.Squad.tickUnits()V (78 bytes) @ 0x0317439c [0x03174230+0x16c]
J 182 C1 moleAI.SquadManager.update(Lbwapi/Game;Lbwapi/Position;)V (73 bytes) @ 0x03143bd0 [0x03143a90+0x140]
J 87 C1 moleAI.StrategyManager.update(Lbwapi/Game;Lbwapi/Player;)V (408 bytes) @ 0x03121ae0 [0x03121310+0x7d0]
J 189 C1 moleAI.TestBot1.onFrame()V (86 bytes) @ 0x031459d4 [0x03145770+0x264]
J 191 C1 bwapi.AIModule.onFrame()V (17 bytes) @ 0x031463c4 [0x03146390+0x34]
v  ~StubRoutines::call_stub
j  bwapi.Mirror.startGame()V+0
j  moleAI.TestBot1.run()V+15
j  moleAI.TestBot1.main([Ljava/lang/String;)V+7
v  ~StubRoutines::call_stub

---------------  P R O C E S S  ---------------

Java Threads: ( => current thread )
  0x1573f000 JavaThread "Service Thread" daemon [_thread_blocked, id=13216, stack(0x15cf0000,0x15d40000)]
  0x15713000 JavaThread "C1 CompilerThread0" daemon [_thread_blocked, id=6304, stack(0x15c60000,0x15cb0000)]
  0x1571e800 JavaThread "Attach Listener" daemon [_thread_blocked, id=16192, stack(0x15bd0000,0x15c20000)]
  0x1571d800 JavaThread "Signal Dispatcher" daemon [_thread_blocked, id=11068, stack(0x15b40000,0x15b90000)]
  0x15709000 JavaThread "Finalizer" daemon [_thread_blocked, id=7736, stack(0x159c0000,0x15a10000)]
  0x156f3400 JavaThread "Reference Handler" daemon [_thread_blocked, id=4272, stack(0x15930000,0x15980000)]
=>0x0301c000 JavaThread "main" [_thread_in_vm, id=9464, stack(0x01730000,0x01780000)]

Other Threads:
  0x02ffc400 VMThread [stack: 0x156a0000,0x156f0000] [id=15704]
  0x1574b000 WatcherThread [stack: 0x15d80000,0x15dd0000] [id=12044]

VM state:not at safepoint (normal execution)

VM Mutex/Monitor currently owned by a thread: None

Heap:
 def new generation   total 4928K, used 2268K [0x05200000, 0x05750000, 0x0a750000)
  eden space 4416K,  49% used [0x05200000, 0x05427ee8, 0x05650000)
  from space 512K,  11% used [0x05650000, 0x0565f490, 0x056d0000)
  to   space 512K,   0% used [0x056d0000, 0x056d0000, 0x05750000)
 tenured generation   total 10944K, used 724K [0x0a750000, 0x0b200000, 0x15200000)
   the space 10944K,   6% used [0x0a750000, 0x0a805300, 0x0a805400, 0x0b200000)
 Metaspace       used 2289K, capacity 2760K, committed 2880K, reserved 4480K

Card table byte_map: [0x050e0000,0x05170000] byte_map_base: 0x050b7000

Polling page: 0x01780000

CodeCache: size=32768Kb used=1172Kb max_used=1172Kb free=31595Kb
 bounds [0x03060000, 0x03188000, 0x05060000]
 total_blobs=590 nmethods=445 adapters=76
 compilation: enabled

Compilation events (10 events):
Event: 131.742 Thread 0x15713000  440             bts.conditions.execution.CanAttack::internalTerminate (1 bytes)
Event: 131.742 Thread 0x15713000 nmethod 440 0x03183a48 code [0x03183b40, 0x03183bc0]
Event: 132.582 Thread 0x15713000  441             bwapi.PositionOrUnit::getPosition (5 bytes)
Event: 132.583 Thread 0x15713000 nmethod 441 0x03183c08 code [0x03183d00, 0x03183d80]
Event: 133.541 Thread 0x15713000  442             bwapi.Unit::isStimmed (9 bytes)
Event: 133.541 Thread 0x15713000 nmethod 442 0x03184048 code [0x03184140, 0x031841dc]
Event: 133.693 Thread 0x15713000  444             bts.actions.execution.Attack::getTarget (29 bytes)
Event: 133.693 Thread 0x15713000 nmethod 444 0x03184248 code [0x03184350, 0x0318445c]
Event: 134.108 Thread 0x15713000  445             bts.actions.execution.Attack::internalTick (138 bytes)
Event: 134.109 Thread 0x15713000 nmethod 445 0x03184548 code [0x03184710, 0x03184b40]

GC Heap History (10 events):
Event: 135.124 GC heap before
{Heap before GC invocations=305 (full 0):
 def new generation   total 4928K, used 4483K [0x05200000, 0x05750000, 0x0a750000)
  eden space 4416K, 100% used [0x05200000, 0x05650000, 0x05650000)
  from space 512K,  13% used [0x056d0000, 0x056e0f60, 0x05750000)
  to   space 512K,   0% used [0x05650000, 0x05650000, 0x056d0000)
 tenured generation   total 10944K, used 716K [0x0a750000, 0x0b200000, 0x15200000)
   the space 10944K,   6% used [0x0a750000, 0x0a803180, 0x0a803200, 0x0b200000)
 Metaspace       used 2289K, capacity 2760K, committed 2880K, reserved 4480K
Event: 135.126 GC heap after
Heap after GC invocations=306 (full 0):
 def new generation   total 4928K, used 62K [0x05200000, 0x05750000, 0x0a750000)
  eden space 4416K,   0% used [0x05200000, 0x05200000, 0x05650000)
  from space 512K,  12% used [0x05650000, 0x0565f9a0, 0x056d0000)
  to   space 512K,   0% used [0x056d0000, 0x056d0000, 0x05750000)
 tenured generation   total 10944K, used 721K [0x0a750000, 0x0b200000, 0x15200000)
   the space 10944K,   6% used [0x0a750000, 0x0a8047a0, 0x0a804800, 0x0b200000)
 Metaspace       used 2289K, capacity 2760K, committed 2880K, reserved 4480K
}
Event: 135.511 GC heap before
{Heap before GC invocations=306 (full 0):
 def new generation   total 4928K, used 4478K [0x05200000, 0x05750000, 0x0a750000)
  eden space 4416K, 100% used [0x05200000, 0x05650000, 0x05650000)
  from space 512K,  12% used [0x05650000, 0x0565f9a0, 0x056d0000)
  to   space 512K,   0% used [0x056d0000, 0x056d0000, 0x05750000)
 tenured generation   total 10944K, used 721K [0x0a750000, 0x0b200000, 0x15200000)
   the space 10944K,   6% used [0x0a750000, 0x0a8047a0, 0x0a804800, 0x0b200000)
 Metaspace       used 2289K, capacity 2760K, committed 2880K, reserved 4480K
Event: 135.512 GC heap after
Heap after GC invocations=307 (full 0):
 def new generation   total 4928K, used 62K [0x05200000, 0x05750000, 0x0a750000)
  eden space 4416K,   0% used [0x05200000, 0x05200000, 0x05650000)
  from space 512K,  12% used [0x056d0000, 0x056df9c0, 0x05750000)
  to   space 512K,   0% used [0x05650000, 0x05650000, 0x056d0000)
 tenured generation   total 10944K, used 722K [0x0a750000, 0x0b200000, 0x15200000)
   the space 10944K,   6% used [0x0a750000, 0x0a8049a8, 0x0a804a00, 0x0b200000)
 Metaspace       used 2289K, capacity 2760K, committed 2880K, reserved 4480K
}
Event: 136.227 GC heap before
{Heap before GC invocations=307 (full 0):
 def new generation   total 4928K, used 4478K [0x05200000, 0x05750000, 0x0a750000)
  eden space 4416K, 100% used [0x05200000, 0x05650000, 0x05650000)
  from space 512K,  12% used [0x056d0000, 0x056df9c0, 0x05750000)
  to   space 512K,   0% used [0x05650000, 0x05650000, 0x056d0000)
 tenured generation   total 10944K, used 722K [0x0a750000, 0x0b200000, 0x15200000)
   the space 10944K,   6% used [0x0a750000, 0x0a8049a8, 0x0a804a00, 0x0b200000)
 Metaspace       used 2289K, capacity 2760K, committed 2880K, reserved 4480K
Event: 136.229 GC heap after
Heap after GC invocations=308 (full 0):
 def new generation   total 4928K, used 63K [0x05200000, 0x05750000, 0x0a750000)
  eden space 4416K,   0% used [0x05200000, 0x05200000, 0x05650000)
  from space 512K,  12% used [0x05650000, 0x0565fcc0, 0x056d0000)
  to   space 512K,   0% used [0x056d0000, 0x056d0000, 0x05750000)
 tenured generation   total 10944K, used 722K [0x0a750000, 0x0b200000, 0x15200000)
   the space 10944K,   6% used [0x0a750000, 0x0a804a70, 0x0a804c00, 0x0b200000)
 Metaspace       used 2289K, capacity 2760K, committed 2880K, reserved 4480K
}
Event: 137.185 GC heap before
{Heap before GC invocations=308 (full 0):
 def new generation   total 4928K, used 4479K [0x05200000, 0x05750000, 0x0a750000)
  eden space 4416K, 100% used [0x05200000, 0x05650000, 0x05650000)
  from space 512K,  12% used [0x05650000, 0x0565fcc0, 0x056d0000)
  to   space 512K,   0% used [0x056d0000, 0x056d0000, 0x05750000)
 tenured generation   total 10944K, used 722K [0x0a750000, 0x0b200000, 0x15200000)
   the space 10944K,   6% used [0x0a750000, 0x0a804a70, 0x0a804c00, 0x0b200000)
 Metaspace       used 2289K, capacity 2760K, committed 2880K, reserved 4480K
Event: 137.186 GC heap after
Heap after GC invocations=309 (full 0):
 def new generation   total 4928K, used 61K [0x05200000, 0x05750000, 0x0a750000)
  eden space 4416K,   0% used [0x05200000, 0x05200000, 0x05650000)
  from space 512K,  11% used [0x056d0000, 0x056df540, 0x05750000)
  to   space 512K,   0% used [0x05650000, 0x05650000, 0x056d0000)
 tenured generation   total 10944K, used 724K [0x0a750000, 0x0b200000, 0x15200000)
   the space 10944K,   6% used [0x0a750000, 0x0a8052d0, 0x0a805400, 0x0b200000)
 Metaspace       used 2289K, capacity 2760K, committed 2880K, reserved 4480K
}
Event: 138.174 GC heap before
{Heap before GC invocations=309 (full 0):
 def new generation   total 4928K, used 4477K [0x05200000, 0x05750000, 0x0a750000)
  eden space 4416K, 100% used [0x05200000, 0x05650000, 0x05650000)
  from space 512K,  11% used [0x056d0000, 0x056df540, 0x05750000)
  to   space 512K,   0% used [0x05650000, 0x05650000, 0x056d0000)
 tenured generation   total 10944K, used 724K [0x0a750000, 0x0b200000, 0x15200000)
   the space 10944K,   6% used [0x0a750000, 0x0a8052d0, 0x0a805400, 0x0b200000)
 Metaspace       used 2289K, capacity 2760K, committed 2880K, reserved 4480K
Event: 138.175 GC heap after
Heap after GC invocations=310 (full 0):
 def new generation   total 4928K, used 61K [0x05200000, 0x05750000, 0x0a750000)
  eden space 4416K,   0% used [0x05200000, 0x05200000, 0x05650000)
  from space 512K,  11% used [0x05650000, 0x0565f490, 0x056d0000)
  to   space 512K,   0% used [0x056d0000, 0x056d0000, 0x05750000)
 tenured generation   total 10944K, used 724K [0x0a750000, 0x0b200000, 0x15200000)
   the space 10944K,   6% used [0x0a750000, 0x0a805300, 0x0a805400, 0x0b200000)
 Metaspace       used 2289K, capacity 2760K, committed 2880K, reserved 4480K
}

Deoptimization events (0 events):
No events

Internal exceptions (10 events):
Event: 138.498 Thread 0x0301c000 Implicit division by zero exception at 0x0315e5fa to 0x0315e691
Event: 138.498 Thread 0x0301c000 Exception <a 'java/lang/ArithmeticException'> (0x05384b00) thrown at [C:\workspace\8-2-build-windows-i586-cygwin\jdk8u121\8372\hotspot\src\share\vm\runtime\sharedRuntime.cpp, line 605]
Event: 138.509 Thread 0x0301c000 Implicit division by zero exception at 0x0315e5fa to 0x0315e691
Event: 138.510 Thread 0x0301c000 Exception <a 'java/lang/ArithmeticException'> (0x05393a00) thrown at [C:\workspace\8-2-build-windows-i586-cygwin\jdk8u121\8372\hotspot\src\share\vm\runtime\sharedRuntime.cpp, line 605]
Event: 138.522 Thread 0x0301c000 Implicit division by zero exception at 0x0315e5fa to 0x0315e691
Event: 138.522 Thread 0x0301c000 Exception <a 'java/lang/ArithmeticException'> (0x053a2940) thrown at [C:\workspace\8-2-build-windows-i586-cygwin\jdk8u121\8372\hotspot\src\share\vm\runtime\sharedRuntime.cpp, line 605]
Event: 138.534 Thread 0x0301c000 Implicit division by zero exception at 0x0315e5fa to 0x0315e691
Event: 138.534 Thread 0x0301c000 Exception <a 'java/lang/ArithmeticException'> (0x053b1810) thrown at [C:\workspace\8-2-build-windows-i586-cygwin\jdk8u121\8372\hotspot\src\share\vm\runtime\sharedRuntime.cpp, line 605]
Event: 138.547 Thread 0x0301c000 Implicit division by zero exception at 0x0315e5fa to 0x0315e691
Event: 138.547 Thread 0x0301c000 Exception <a 'java/lang/ArithmeticException'> (0x053c0700) thrown at [C:\workspace\8-2-build-windows-i586-cygwin\jdk8u121\8372\hotspot\src\share\vm\runtime\sharedRuntime.cpp, line 605]

Events (10 events):
Event: 135.124 Executing VM operation: GenCollectForAllocation
Event: 135.126 Executing VM operation: GenCollectForAllocation done
Event: 135.511 Executing VM operation: GenCollectForAllocation
Event: 135.512 Executing VM operation: GenCollectForAllocation done
Event: 136.227 Executing VM operation: GenCollectForAllocation
Event: 136.229 Executing VM operation: GenCollectForAllocation done
Event: 137.185 Executing VM operation: GenCollectForAllocation
Event: 137.186 Executing VM operation: GenCollectForAllocation done
Event: 138.174 Executing VM operation: GenCollectForAllocation
Event: 138.175 Executing VM operation: GenCollectForAllocation done


Dynamic libraries:
0x00ef0000 - 0x00f23000 	C:\Program Files (x86)\Java\jre1.8.0_121\bin\javaw.exe
0x77b90000 - 0x77d13000 	C:\Windows\SYSTEM32\ntdll.dll
0x76820000 - 0x76900000 	C:\Windows\System32\KERNEL32.DLL
0x75f50000 - 0x760f1000 	C:\Windows\System32\KERNELBASE.dll
0x77b00000 - 0x77b77000 	C:\Windows\System32\ADVAPI32.dll
0x76d80000 - 0x76e3e000 	C:\Windows\System32\msvcrt.dll
0x74880000 - 0x748c1000 	C:\Windows\System32\sechost.dll
0x76f90000 - 0x77051000 	C:\Windows\System32\RPCRT4.dll
0x74650000 - 0x7466e000 	C:\Windows\System32\SspiCli.dll
0x74640000 - 0x7464a000 	C:\Windows\System32\CRYPTBASE.dll
0x76d20000 - 0x76d7a000 	C:\Windows\System32\bcryptPrimitives.dll
0x769a0000 - 0x76aff000 	C:\Windows\System32\USER32.dll
0x77060000 - 0x77075000 	C:\Windows\System32\win32u.dll
0x77a00000 - 0x77a2b000 	C:\Windows\System32\GDI32.dll
0x77320000 - 0x7747b000 	C:\Windows\System32\gdi32full.dll
0x6fe00000 - 0x7000a000 	C:\Windows\WinSxS\x86_microsoft.windows.common-controls_6595b64144ccf1df_6.0.14393.953_none_89c2555adb023171\COMCTL32.dll
0x76b00000 - 0x76d11000 	C:\Windows\System32\combase.dll
0x77920000 - 0x77a00000 	C:\Windows\System32\ucrtbase.dll
0x76970000 - 0x76995000 	C:\Windows\System32\IMM32.DLL
0x6d970000 - 0x6da2f000 	C:\Program Files (x86)\Java\jre1.8.0_121\bin\msvcr100.dll
0x6ecb0000 - 0x6f07e000 	C:\Program Files (x86)\Java\jre1.8.0_121\bin\client\jvm.dll
0x76100000 - 0x76106000 	C:\Windows\System32\PSAPI.DLL
0x68e10000 - 0x68e18000 	C:\Windows\SYSTEM32\WSOCK32.dll
0x74310000 - 0x74318000 	C:\Windows\SYSTEM32\VERSION.dll
0x700d0000 - 0x700f4000 	C:\Windows\SYSTEM32\WINMM.dll
0x76900000 - 0x76963000 	C:\Windows\System32\WS2_32.dll
0x70040000 - 0x70063000 	C:\Windows\SYSTEM32\WINMMBASE.dll
0x77a30000 - 0x77a66000 	C:\Windows\System32\cfgmgr32.dll
0x700c0000 - 0x700cc000 	C:\Program Files (x86)\Java\jre1.8.0_121\bin\verify.dll
0x70090000 - 0x700b1000 	C:\Program Files (x86)\Java\jre1.8.0_121\bin\java.dll
0x70070000 - 0x70083000 	C:\Program Files (x86)\Java\jre1.8.0_121\bin\zip.dll
0x749a0000 - 0x75d78000 	C:\Windows\System32\SHELL32.dll
0x762b0000 - 0x7681e000 	C:\Windows\System32\windows.storage.dll
0x770f0000 - 0x77135000 	C:\Windows\System32\powrprof.dll
0x76ee0000 - 0x76f26000 	C:\Windows\System32\shlwapi.dll
0x770e0000 - 0x770ed000 	C:\Windows\System32\kernel.appcore.dll
0x77a70000 - 0x77af8000 	C:\Windows\System32\shcore.dll
0x76110000 - 0x7611f000 	C:\Windows\System32\profapi.dll
0x69c90000 - 0x69f16000 	C:\Users\amanz\OneDrive\Documents\GitHub\MoleAI\ExampleBot\bwapi_bridge2_5.dll
0x6d8f0000 - 0x6d961000 	C:\Program Files (x86)\Java\jre1.8.0_121\bin\MSVCP120.dll
0x6ccf0000 - 0x6cdde000 	C:\Program Files (x86)\Java\jre1.8.0_121\bin\MSVCR120.dll
0x6f540000 - 0x6f59e000 	C:\Users\amanz\OneDrive\Documents\GitHub\MoleAI\ExampleBot\libmpfr-4.dll
0x6acc0000 - 0x6ad27000 	C:\Users\amanz\OneDrive\Documents\GitHub\MoleAI\ExampleBot\libgmp-10.dll
0x6f610000 - 0x6f755000 	C:\Windows\SYSTEM32\dbghelp.dll

VM Arguments:
jvm_args: -Dfile.encoding=Cp1252 
java_command: moleAI.TestBot1
java_class_path (initial): C:\Users\amanz\OneDrive\Documents\GitHub\MoleAI\ExampleBot\bin;C:\Users\amanz\OneDrive\Documents\GitHub\MoleAI\ExampleBot\lib\bwmirror_v2_5.jar;C:\Users\amanz\OneDrive\Documents\GitHub\MoleAI\ExampleBot\lib\JBTCore.jar
Launcher Type: SUN_STANDARD

Environment Variables:
PATH=C:/Program Files/Java/jre1.8.0_121/bin/server;C:/Program Files/Java/jre1.8.0_121/bin;C:/Program Files/Java/jre1.8.0_121/lib/amd64;C:\ProgramData\Oracle\Java\javapath;C:\Program Files (x86)\Intel\iCLS Client\;C:\Program Files\Intel\iCLS Client\;C:\Windows\system32;C:\Windows;C:\Windows\System32\Wbem;C:\Windows\System32\WindowsPowerShell\v1.0\;C:\Program Files (x86)\Intel\Intel(R) Management Engine Components\DAL;C:\Program Files\Intel\Intel(R) Management Engine Components\DAL;C:\Program Files (x86)\Intel\Intel(R) Management Engine Components\IPT;C:\Program Files\Intel\Intel(R) Management Engine Components\IPT;C:\Program Files (x86)\NVIDIA Corporation\PhysX\Common;C:\Program Files\nodejs\;C:\Program Files\Microsoft SQL Server\110\Tools\Binn\;C:\Program Files (x86)\Microsoft SDKs\TypeScript\1.0\;C:\Program Files\Microsoft SQL Server\120\Tools\Binn\;C:\Program Files (x86)\Skype\Phone\;C:\Users\amanz\AppData\Local\Microsoft\WindowsApps;C:\Users\amanz\AppData\Roaming\npm;C:\Windows\system32;
USERNAME=amanz
OS=Windows_NT
PROCESSOR_IDENTIFIER=Intel64 Family 6 Model 94 Stepping 3, GenuineIntel



---------------  S Y S T E M  ---------------

OS: Windows 10.0 , 64 bit Build 14393 (10.0.14393.0)

CPU:total 8 (4 cores per cpu, 2 threads per core) family 6 model 94 stepping 3, cmov, cx8, fxsr, mmx, sse, sse2, sse3, ssse3, sse4.1, sse4.2, popcnt, avx, avx2, aes, clmul, erms, rtm, 3dnowpref, lzcnt, ht, tsc, tscinvbit, bmi1, bmi2, adx

Memory: 4k page, physical 8209456k(2371780k free), swap 12665904k(4096244k free)

vm_info: Java HotSpot(TM) Client VM (25.121-b13) for windows-x86 JRE (1.8.0_121-b13), built on Dec 12 2016 18:17:00 by "java_re" with MS VC++ 10.0 (VS2010)

time: Wed Apr 26 14:01:35 2017
elapsed time: 138 seconds (0d 0h 2m 18s)

