#
# A fatal error has been detected by the Java Runtime Environment:
#
#  EXCEPTION_ACCESS_VIOLATION (0xc0000005) at pc=0x6ed86cdb, pid=9952, tid=0x00001844
#
# JRE version: Java(TM) SE Runtime Environment (8.0_121-b13) (build 1.8.0_121-b13)
# Java VM: Java HotSpot(TM) Client VM (25.121-b13 mixed mode, sharing windows-x86 )
# Problematic frame:
# V  [jvm.dll+0xd6cdb]
#
# Failed to write core dump. Minidumps are not enabled by default on client versions of Windows
#
# If you would like to submit a bug report, please visit:
#   http://bugreport.java.com/bugreport/crash.jsp
#

---------------  T H R E A D  ---------------

Current thread (0x02dbc000):  JavaThread "main" [_thread_in_vm, id=6212, stack(0x02c30000,0x02c80000)]

siginfo: ExceptionCode=0xc0000005, reading address 0x00000000

Registers:
EAX=0x00000000, EBX=0x02dbc000, ECX=0x00000000, EDX=0x00000001
ESP=0x02c7d864, EBP=0x02c7d880, ESI=0x02dbc140, EDI=0x00000000
EIP=0x6ed86cdb, EFLAGS=0x00010246

Top of Stack: (sp=0x02c7d864)
0x02c7d864:   00000000 02dbc140 02dbc000 02dbc000
0x02c7d874:   00000000 02dbc140 02dbc000 02c7d938
0x02c7d884:   68f30fd2 02dbc140 00000000 02db0079
0x02c7d894:   02dbc000 02c7d938 68f30fa7 00000001
0x02c7d8a4:   0000000f 02c70049 6ed8aa8e 02dbc000
0x02c7d8b4:   00000006 00000001 0000000f 02dbc000
0x02c7d8c4:   0a5889a8 02c7db64 02f8ffc4 02c7d918
0x02c7d8d4:   02dbc140 00000002 02dbc000 0141a8d0 

Instructions: (pc=0x6ed86cdb)
0x6ed86cbb:   f3 ff 83 c4 08 83 7b 04 00 89 5d f0 c7 45 f4 00
0x6ed86ccb:   00 00 00 74 08 8d 4d f0 e8 58 11 0d 00 8b 45 0c
0x6ed86cdb:   8b 08 8b 51 04 8b 42 38 50 56 e8 d6 4c 08 00 83
0x6ed86ceb:   c4 08 83 7d f4 00 89 45 08 74 08 8d 4d f0 e8 72 


Register to memory mapping:

EAX=0x00000000 is an unknown value
EBX=0x02dbc000 is a thread
ECX=0x00000000 is an unknown value
EDX=0x00000001 is an unknown value
ESP=0x02c7d864 is pointing into the stack for thread: 0x02dbc000
EBP=0x02c7d880 is pointing into the stack for thread: 0x02dbc000
ESI=0x02dbc140 is an unknown value
EDI=0x00000000 is an unknown value


Stack: [0x02c30000,0x02c80000],  sp=0x02c7d864,  free space=310k
Native frames: (J=compiled Java code, j=interpreted, Vv=VM code, C=native code)
V  [jvm.dll+0xd6cdb]
C  [bwapi_bridge2_5.dll+0x20fd2]
J 376  bwapi.Game.getUnitsInRadius_native(JLbwapi/Position;I)Ljava/util/List; (0 bytes) @ 0x02fcf37f [0x02fcf2d0+0xaf]
J 263 C1 moleAI.Squad.closestEnemy(Lbwapi/Game;)Lbwapi/Unit; (137 bytes) @ 0x02fb2cd0 [0x02fb2c30+0xa0]
J 175 C1 moleAI.SquadManager.update(Lbwapi/Game;Lbwapi/Position;)V (73 bytes) @ 0x02f9c2c0 [0x02f9c190+0x130]
J 82 C1 moleAI.StrategyManager.update(Lbwapi/Game;Lbwapi/Player;)V (298 bytes) @ 0x02f80c0c [0x02f80730+0x4dc]
J 161 C1 moleAI.TestBot1.onFrame()V (86 bytes) @ 0x02f9a1d4 [0x02f99f70+0x264]
J 160 C1 bwapi.AIModule.onFrame()V (17 bytes) @ 0x02f99d04 [0x02f99cd0+0x34]
v  ~StubRoutines::call_stub
V  [jvm.dll+0x15aa85]
V  [jvm.dll+0x220d7e]
V  [jvm.dll+0x15ab1e]
V  [jvm.dll+0xdcc7b]
V  [jvm.dll+0xdfc0c]
C  [bwapi_bridge2_5.dll+0x1b20d]
C  [bwapi_bridge2_5.dll+0x75101]
j  bwapi.Mirror.startGame()V+0
j  moleAI.TestBot1.run()V+15
j  moleAI.TestBot1.main([Ljava/lang/String;)V+7
v  ~StubRoutines::call_stub
V  [jvm.dll+0x15aa85]
V  [jvm.dll+0x220d7e]
V  [jvm.dll+0x15ab1e]
V  [jvm.dll+0xdca47]
V  [jvm.dll+0xe4fdf]
C  [javaw.exe+0x22ab]
C  [javaw.exe+0xaebf]
C  [javaw.exe+0xaf49]
C  [KERNEL32.DLL+0x162c4]
C  [ntdll.dll+0x60fd9]
C  [ntdll.dll+0x60fa4]
C  0x00000000

Java frames: (J=compiled Java code, j=interpreted, Vv=VM code)
J 376  bwapi.Game.getUnitsInRadius_native(JLbwapi/Position;I)Ljava/util/List; (0 bytes) @ 0x02fcf33b [0x02fcf2d0+0x6b]
J 263 C1 moleAI.Squad.closestEnemy(Lbwapi/Game;)Lbwapi/Unit; (137 bytes) @ 0x02fb2cd0 [0x02fb2c30+0xa0]
J 175 C1 moleAI.SquadManager.update(Lbwapi/Game;Lbwapi/Position;)V (73 bytes) @ 0x02f9c2c0 [0x02f9c190+0x130]
J 82 C1 moleAI.StrategyManager.update(Lbwapi/Game;Lbwapi/Player;)V (298 bytes) @ 0x02f80c0c [0x02f80730+0x4dc]
J 161 C1 moleAI.TestBot1.onFrame()V (86 bytes) @ 0x02f9a1d4 [0x02f99f70+0x264]
J 160 C1 bwapi.AIModule.onFrame()V (17 bytes) @ 0x02f99d04 [0x02f99cd0+0x34]
v  ~StubRoutines::call_stub
j  bwapi.Mirror.startGame()V+0
j  moleAI.TestBot1.run()V+15
j  moleAI.TestBot1.main([Ljava/lang/String;)V+7
v  ~StubRoutines::call_stub

---------------  P R O C E S S  ---------------

Java Threads: ( => current thread )
  0x02e73000 JavaThread "Service Thread" daemon [_thread_blocked, id=9152, stack(0x16360000,0x163b0000)]
  0x02e51400 JavaThread "C1 CompilerThread0" daemon [_thread_blocked, id=9040, stack(0x162d0000,0x16320000)]
  0x02e50000 JavaThread "Attach Listener" daemon [_thread_blocked, id=9456, stack(0x16240000,0x16290000)]
  0x02e4e000 JavaThread "Signal Dispatcher" daemon [_thread_blocked, id=11824, stack(0x15c30000,0x15c80000)]
  0x02e43800 JavaThread "Finalizer" daemon [_thread_blocked, id=13336, stack(0x15ab0000,0x15b00000)]
  0x02de6c00 JavaThread "Reference Handler" daemon [_thread_blocked, id=13220, stack(0x15000000,0x15050000)]
=>0x02dbc000 JavaThread "main" [_thread_in_vm, id=6212, stack(0x02c30000,0x02c80000)]

Other Threads:
  0x02de3000 VMThread [stack: 0x02d60000,0x02db0000] [id=5428]
  0x02e8a400 WatcherThread [stack: 0x163f0000,0x16440000] [id=612]

VM state:not at safepoint (normal execution)

VM Mutex/Monitor currently owned by a thread: None

Heap:
 def new generation   total 4928K, used 1983K [0x05000000, 0x05550000, 0x0a550000)
  eden space 4416K,  44% used [0x05000000, 0x051e5c50, 0x05450000)
  from space 512K,   7% used [0x05450000, 0x0545a128, 0x054d0000)
  to   space 512K,   0% used [0x054d0000, 0x054d0000, 0x05550000)
 tenured generation   total 10944K, used 945K [0x0a550000, 0x0b000000, 0x15000000)
   the space 10944K,   8% used [0x0a550000, 0x0a63c730, 0x0a63c800, 0x0b000000)
 Metaspace       used 565K, capacity 2760K, committed 2880K, reserved 4480K

Card table byte_map: [0x04ec0000,0x04f50000] byte_map_base: 0x04e98000

Polling page: 0x01370000

CodeCache: size=32768Kb used=1168Kb max_used=1168Kb free=31599Kb
 bounds [0x02ec0000, 0x02fe8000, 0x04ec0000]
 total_blobs=598 nmethods=453 adapters=76
 compilation: enabled

Compilation events (10 events):
Event: 74.293 Thread 0x02e51400  448             java.lang.String::valueOf (14 bytes)
Event: 74.294 Thread 0x02e51400 nmethod 448 0x02fe2fc8 code [0x02fe30d0, 0x02fe316c]
Event: 75.419 Thread 0x02e51400  449             bwapi.Unit::isIdle (9 bytes)
Event: 75.419 Thread 0x02e51400 nmethod 449 0x02fe31c8 code [0x02fe32c0, 0x02fe335c]
Event: 84.043 Thread 0x02e51400  450  s          java.lang.Throwable::fillInStackTrace (29 bytes)
Event: 84.043 Thread 0x02e51400 nmethod 450 0x02fe3648 code [0x02fe3750, 0x02fe395c]
Event: 84.110 Thread 0x02e51400  452             java.lang.Throwable::<init> (29 bytes)
Event: 84.110 Thread 0x02e51400 nmethod 452 0x02fe3a08 code [0x02fe3b10, 0x02fe3d8c]
Event: 84.432 Thread 0x02e51400  453             moleAI.StrategyManager::moleContains (48 bytes)
Event: 84.432 Thread 0x02e51400 nmethod 453 0x02fe3e48 code [0x02fe3fa0, 0x02fe4158]

GC Heap History (10 events):
Event: 125.456 GC heap before
{Heap before GC invocations=463 (full 0):
 def new generation   total 4928K, used 4450K [0x05000000, 0x05550000, 0x0a550000)
  eden space 4416K, 100% used [0x05000000, 0x05450000, 0x05450000)
  from space 512K,   6% used [0x054d0000, 0x054d8a40, 0x05550000)
  to   space 512K,   0% used [0x05450000, 0x05450000, 0x054d0000)
 tenured generation   total 10944K, used 945K [0x0a550000, 0x0b000000, 0x15000000)
   the space 10944K,   8% used [0x0a550000, 0x0a63c678, 0x0a63c800, 0x0b000000)
 Metaspace       used 565K, capacity 2760K, committed 2880K, reserved 4480K
Event: 125.456 GC heap after
Heap after GC invocations=464 (full 0):
 def new generation   total 4928K, used 38K [0x05000000, 0x05550000, 0x0a550000)
  eden space 4416K,   0% used [0x05000000, 0x05000000, 0x05450000)
  from space 512K,   7% used [0x05450000, 0x05459a10, 0x054d0000)
  to   space 512K,   0% used [0x054d0000, 0x054d0000, 0x05550000)
 tenured generation   total 10944K, used 945K [0x0a550000, 0x0b000000, 0x15000000)
   the space 10944K,   8% used [0x0a550000, 0x0a63c678, 0x0a63c800, 0x0b000000)
 Metaspace       used 565K, capacity 2760K, committed 2880K, reserved 4480K
}
Event: 125.663 GC heap before
{Heap before GC invocations=464 (full 0):
 def new generation   total 4928K, used 4454K [0x05000000, 0x05550000, 0x0a550000)
  eden space 4416K, 100% used [0x05000000, 0x05450000, 0x05450000)
  from space 512K,   7% used [0x05450000, 0x05459a10, 0x054d0000)
  to   space 512K,   0% used [0x054d0000, 0x054d0000, 0x05550000)
 tenured generation   total 10944K, used 945K [0x0a550000, 0x0b000000, 0x15000000)
   the space 10944K,   8% used [0x0a550000, 0x0a63c678, 0x0a63c800, 0x0b000000)
 Metaspace       used 565K, capacity 2760K, committed 2880K, reserved 4480K
Event: 125.664 GC heap after
Heap after GC invocations=465 (full 0):
 def new generation   total 4928K, used 39K [0x05000000, 0x05550000, 0x0a550000)
  eden space 4416K,   0% used [0x05000000, 0x05000000, 0x05450000)
  from space 512K,   7% used [0x054d0000, 0x054d9fd0, 0x05550000)
  to   space 512K,   0% used [0x05450000, 0x05450000, 0x054d0000)
 tenured generation   total 10944K, used 945K [0x0a550000, 0x0b000000, 0x15000000)
   the space 10944K,   8% used [0x0a550000, 0x0a63c678, 0x0a63c800, 0x0b000000)
 Metaspace       used 565K, capacity 2760K, committed 2880K, reserved 4480K
}
Event: 125.869 GC heap before
{Heap before GC invocations=465 (full 0):
 def new generation   total 4928K, used 4455K [0x05000000, 0x05550000, 0x0a550000)
  eden space 4416K, 100% used [0x05000000, 0x05450000, 0x05450000)
  from space 512K,   7% used [0x054d0000, 0x054d9fd0, 0x05550000)
  to   space 512K,   0% used [0x05450000, 0x05450000, 0x054d0000)
 tenured generation   total 10944K, used 945K [0x0a550000, 0x0b000000, 0x15000000)
   the space 10944K,   8% used [0x0a550000, 0x0a63c678, 0x0a63c800, 0x0b000000)
 Metaspace       used 565K, capacity 2760K, committed 2880K, reserved 4480K
Event: 125.870 GC heap after
Heap after GC invocations=466 (full 0):
 def new generation   total 4928K, used 39K [0x05000000, 0x05550000, 0x0a550000)
  eden space 4416K,   0% used [0x05000000, 0x05000000, 0x05450000)
  from space 512K,   7% used [0x05450000, 0x05459fa8, 0x054d0000)
  to   space 512K,   0% used [0x054d0000, 0x054d0000, 0x05550000)
 tenured generation   total 10944K, used 945K [0x0a550000, 0x0b000000, 0x15000000)
   the space 10944K,   8% used [0x0a550000, 0x0a63c730, 0x0a63c800, 0x0b000000)
 Metaspace       used 565K, capacity 2760K, committed 2880K, reserved 4480K
}
Event: 126.086 GC heap before
{Heap before GC invocations=466 (full 0):
 def new generation   total 4928K, used 4455K [0x05000000, 0x05550000, 0x0a550000)
  eden space 4416K, 100% used [0x05000000, 0x05450000, 0x05450000)
  from space 512K,   7% used [0x05450000, 0x05459fa8, 0x054d0000)
  to   space 512K,   0% used [0x054d0000, 0x054d0000, 0x05550000)
 tenured generation   total 10944K, used 945K [0x0a550000, 0x0b000000, 0x15000000)
   the space 10944K,   8% used [0x0a550000, 0x0a63c730, 0x0a63c800, 0x0b000000)
 Metaspace       used 565K, capacity 2760K, committed 2880K, reserved 4480K
Event: 126.087 GC heap after
Heap after GC invocations=467 (full 0):
 def new generation   total 4928K, used 42K [0x05000000, 0x05550000, 0x0a550000)
  eden space 4416K,   0% used [0x05000000, 0x05000000, 0x05450000)
  from space 512K,   8% used [0x054d0000, 0x054da990, 0x05550000)
  to   space 512K,   0% used [0x05450000, 0x05450000, 0x054d0000)
 tenured generation   total 10944K, used 945K [0x0a550000, 0x0b000000, 0x15000000)
   the space 10944K,   8% used [0x0a550000, 0x0a63c730, 0x0a63c800, 0x0b000000)
 Metaspace       used 565K, capacity 2760K, committed 2880K, reserved 4480K
}
Event: 126.276 GC heap before
{Heap before GC invocations=467 (full 0):
 def new generation   total 4928K, used 4458K [0x05000000, 0x05550000, 0x0a550000)
  eden space 4416K, 100% used [0x05000000, 0x05450000, 0x05450000)
  from space 512K,   8% used [0x054d0000, 0x054da990, 0x05550000)
  to   space 512K,   0% used [0x05450000, 0x05450000, 0x054d0000)
 tenured generation   total 10944K, used 945K [0x0a550000, 0x0b000000, 0x15000000)
   the space 10944K,   8% used [0x0a550000, 0x0a63c730, 0x0a63c800, 0x0b000000)
 Metaspace       used 565K, capacity 2760K, committed 2880K, reserved 4480K
Event: 126.276 GC heap after
Heap after GC invocations=468 (full 0):
 def new generation   total 4928K, used 40K [0x05000000, 0x05550000, 0x0a550000)
  eden space 4416K,   0% used [0x05000000, 0x05000000, 0x05450000)
  from space 512K,   7% used [0x05450000, 0x0545a128, 0x054d0000)
  to   space 512K,   0% used [0x054d0000, 0x054d0000, 0x05550000)
 tenured generation   total 10944K, used 945K [0x0a550000, 0x0b000000, 0x15000000)
   the space 10944K,   8% used [0x0a550000, 0x0a63c730, 0x0a63c800, 0x0b000000)
 Metaspace       used 565K, capacity 2760K, committed 2880K, reserved 4480K
}

Deoptimization events (0 events):
No events

Internal exceptions (10 events):
Event: 126.261 Thread 0x02dbc000 Implicit null exception at 0x02fe25bd to 0x02fe26d6
Event: 126.261 Thread 0x02dbc000 Exception <a 'java/lang/NullPointerException'> (0x05407cd0) thrown at [C:\workspace\8-2-build-windows-i586-cygwin\jdk8u121\8372\hotspot\src\share\vm\runtime\sharedRuntime.cpp, line 605]
Event: 126.271 Thread 0x02dbc000 Implicit null exception at 0x02fe25bd to 0x02fe26d6
Event: 126.271 Thread 0x02dbc000 Exception <a 'java/lang/NullPointerException'> (0x05443858) thrown at [C:\workspace\8-2-build-windows-i586-cygwin\jdk8u121\8372\hotspot\src\share\vm\runtime\sharedRuntime.cpp, line 605]
Event: 126.282 Thread 0x02dbc000 Implicit null exception at 0x02fe25bd to 0x02fe26d6
Event: 126.282 Thread 0x02dbc000 Exception <a 'java/lang/NullPointerException'> (0x0502f468) thrown at [C:\workspace\8-2-build-windows-i586-cygwin\jdk8u121\8372\hotspot\src\share\vm\runtime\sharedRuntime.cpp, line 605]
Event: 126.292 Thread 0x02dbc000 Implicit null exception at 0x02fe25bd to 0x02fe26d6
Event: 126.292 Thread 0x02dbc000 Exception <a 'java/lang/NullPointerException'> (0x0506aff0) thrown at [C:\workspace\8-2-build-windows-i586-cygwin\jdk8u121\8372\hotspot\src\share\vm\runtime\sharedRuntime.cpp, line 605]
Event: 126.302 Thread 0x02dbc000 Implicit null exception at 0x02fe25bd to 0x02fe26d6
Event: 126.302 Thread 0x02dbc000 Exception <a 'java/lang/NullPointerException'> (0x050a6cd8) thrown at [C:\workspace\8-2-build-windows-i586-cygwin\jdk8u121\8372\hotspot\src\share\vm\runtime\sharedRuntime.cpp, line 605]

Events (10 events):
Event: 125.456 Executing VM operation: GenCollectForAllocation
Event: 125.456 Executing VM operation: GenCollectForAllocation done
Event: 125.663 Executing VM operation: GenCollectForAllocation
Event: 125.664 Executing VM operation: GenCollectForAllocation done
Event: 125.869 Executing VM operation: GenCollectForAllocation
Event: 125.870 Executing VM operation: GenCollectForAllocation done
Event: 126.086 Executing VM operation: GenCollectForAllocation
Event: 126.087 Executing VM operation: GenCollectForAllocation done
Event: 126.276 Executing VM operation: GenCollectForAllocation
Event: 126.276 Executing VM operation: GenCollectForAllocation done


Dynamic libraries:
0x00e10000 - 0x00e43000 	C:\Program Files (x86)\Java\jre1.8.0_121\bin\javaw.exe
0x77b90000 - 0x77d13000 	C:\Windows\SYSTEM32\ntdll.dll
0x76820000 - 0x76900000 	C:\Windows\System32\KERNEL32.DLL
0x75f50000 - 0x760f1000 	C:\Windows\System32\KERNELBASE.dll
0x77b00000 - 0x77b77000 	C:\Windows\System32\ADVAPI32.dll
0x76d80000 - 0x76e3e000 	C:\Windows\System32\msvcrt.dll
0x74880000 - 0x748c1000 	C:\Windows\System32\sechost.dll
0x76f90000 - 0x77051000 	C:\Windows\System32\RPCRT4.dll
0x74650000 - 0x7466e000 	C:\Windows\System32\SspiCli.dll
0x74640000 - 0x7464a000 	C:\Windows\System32\CRYPTBASE.dll
0x76d20000 - 0x76d7a000 	C:\Windows\System32\bcryptPrimitives.dll
0x769a0000 - 0x76aff000 	C:\Windows\System32\USER32.dll
0x77060000 - 0x77075000 	C:\Windows\System32\win32u.dll
0x77a00000 - 0x77a2b000 	C:\Windows\System32\GDI32.dll
0x77320000 - 0x7747b000 	C:\Windows\System32\gdi32full.dll
0x6fe00000 - 0x7000a000 	C:\Windows\WinSxS\x86_microsoft.windows.common-controls_6595b64144ccf1df_6.0.14393.953_none_89c2555adb023171\COMCTL32.dll
0x76b00000 - 0x76d11000 	C:\Windows\System32\combase.dll
0x77920000 - 0x77a00000 	C:\Windows\System32\ucrtbase.dll
0x76970000 - 0x76995000 	C:\Windows\System32\IMM32.DLL
0x6e220000 - 0x6e2df000 	C:\Program Files (x86)\Java\jre1.8.0_121\bin\msvcr100.dll
0x6ecb0000 - 0x6f07e000 	C:\Program Files (x86)\Java\jre1.8.0_121\bin\client\jvm.dll
0x76100000 - 0x76106000 	C:\Windows\System32\PSAPI.DLL
0x700d0000 - 0x700f4000 	C:\Windows\SYSTEM32\WINMM.dll
0x68e10000 - 0x68e18000 	C:\Windows\SYSTEM32\WSOCK32.dll
0x74310000 - 0x74318000 	C:\Windows\SYSTEM32\VERSION.dll
0x76900000 - 0x76963000 	C:\Windows\System32\WS2_32.dll
0x01380000 - 0x013a3000 	C:\Windows\SYSTEM32\WINMMBASE.dll
0x77a30000 - 0x77a66000 	C:\Windows\System32\cfgmgr32.dll
0x700c0000 - 0x700cc000 	C:\Program Files (x86)\Java\jre1.8.0_121\bin\verify.dll
0x70090000 - 0x700b1000 	C:\Program Files (x86)\Java\jre1.8.0_121\bin\java.dll
0x70070000 - 0x70083000 	C:\Program Files (x86)\Java\jre1.8.0_121\bin\zip.dll
0x749a0000 - 0x75d78000 	C:\Windows\System32\SHELL32.dll
0x762b0000 - 0x7681e000 	C:\Windows\System32\windows.storage.dll
0x770f0000 - 0x77135000 	C:\Windows\System32\powrprof.dll
0x76ee0000 - 0x76f26000 	C:\Windows\System32\shlwapi.dll
0x770e0000 - 0x770ed000 	C:\Windows\System32\kernel.appcore.dll
0x77a70000 - 0x77af8000 	C:\Windows\System32\shcore.dll
0x76110000 - 0x7611f000 	C:\Windows\System32\profapi.dll
0x68f10000 - 0x69196000 	C:\Users\amanz\OneDrive\Documents\GitHub\MoleAI\ExampleBot\bwapi_bridge2_5.dll
0x6e3d0000 - 0x6e441000 	C:\Program Files (x86)\Java\jre1.8.0_121\bin\MSVCP120.dll
0x6e130000 - 0x6e21e000 	C:\Program Files (x86)\Java\jre1.8.0_121\bin\MSVCR120.dll
0x6acc0000 - 0x6ad27000 	C:\Users\amanz\OneDrive\Documents\GitHub\MoleAI\ExampleBot\libgmp-10.dll
0x6f540000 - 0x6f59e000 	C:\Users\amanz\OneDrive\Documents\GitHub\MoleAI\ExampleBot\libmpfr-4.dll
0x6f610000 - 0x6f755000 	C:\Windows\SYSTEM32\dbghelp.dll

VM Arguments:
jvm_args: -Dfile.encoding=Cp1252 
java_command: moleAI.TestBot1
java_class_path (initial): C:\Users\amanz\OneDrive\Documents\GitHub\MoleAI\ExampleBot\bin;C:\Users\amanz\OneDrive\Documents\GitHub\MoleAI\ExampleBot\lib\bwmirror_v2_5.jar;C:\Users\amanz\OneDrive\Documents\GitHub\MoleAI\ExampleBot\lib\JBTCore.jar
Launcher Type: SUN_STANDARD

Environment Variables:
PATH=C:/Program Files/Java/jre1.8.0_121/bin/server;C:/Program Files/Java/jre1.8.0_121/bin;C:/Program Files/Java/jre1.8.0_121/lib/amd64;C:\ProgramData\Oracle\Java\javapath;C:\Program Files (x86)\Intel\iCLS Client\;C:\Program Files\Intel\iCLS Client\;C:\Windows\system32;C:\Windows;C:\Windows\System32\Wbem;C:\Windows\System32\WindowsPowerShell\v1.0\;C:\Program Files (x86)\Intel\Intel(R) Management Engine Components\DAL;C:\Program Files\Intel\Intel(R) Management Engine Components\DAL;C:\Program Files (x86)\Intel\Intel(R) Management Engine Components\IPT;C:\Program Files\Intel\Intel(R) Management Engine Components\IPT;C:\Program Files (x86)\NVIDIA Corporation\PhysX\Common;C:\Program Files\nodejs\;C:\Program Files\Microsoft SQL Server\110\Tools\Binn\;C:\Program Files (x86)\Microsoft SDKs\TypeScript\1.0\;C:\Program Files\Microsoft SQL Server\120\Tools\Binn\;C:\Program Files (x86)\Skype\Phone\;C:\Users\amanz\AppData\Local\Microsoft\WindowsApps;C:\Users\amanz\AppData\Roaming\npm;C:\Windows\system32;
USERNAME=amanz
OS=Windows_NT
PROCESSOR_IDENTIFIER=Intel64 Family 6 Model 94 Stepping 3, GenuineIntel



---------------  S Y S T E M  ---------------

OS: Windows 10.0 , 64 bit Build 14393 (10.0.14393.0)

CPU:total 8 (4 cores per cpu, 2 threads per core) family 6 model 94 stepping 3, cmov, cx8, fxsr, mmx, sse, sse2, sse3, ssse3, sse4.1, sse4.2, popcnt, avx, avx2, aes, clmul, erms, rtm, 3dnowpref, lzcnt, ht, tsc, tscinvbit, bmi1, bmi2, adx

Memory: 4k page, physical 8209456k(2897252k free), swap 12665904k(3923792k free)

vm_info: Java HotSpot(TM) Client VM (25.121-b13) for windows-x86 JRE (1.8.0_121-b13), built on Dec 12 2016 18:17:00 by "java_re" with MS VC++ 10.0 (VS2010)

time: Mon Apr 24 17:48:44 2017
elapsed time: 126 seconds (0d 0h 2m 6s)

