#
# A fatal error has been detected by the Java Runtime Environment:
#
#  EXCEPTION_ACCESS_VIOLATION (0xc0000005) at pc=0x6ed86cdb, pid=11828, tid=0x00002d20
#
# JRE version: Java(TM) SE Runtime Environment (8.0_121-b13) (build 1.8.0_121-b13)
# Java VM: Java HotSpot(TM) Client VM (25.121-b13 mixed mode, sharing windows-x86 )
# Problematic frame:
# V  [jvm.dll+0xd6cdb]
#
# Failed to write core dump. Minidumps are not enabled by default on client versions of Windows
#
# If you would like to submit a bug report, please visit:
#   http://bugreport.java.com/bugreport/crash.jsp
#

---------------  T H R E A D  ---------------

Current thread (0x02d1c000):  JavaThread "main" [_thread_in_vm, id=11552, stack(0x012f0000,0x01340000)]

siginfo: ExceptionCode=0xc0000005, reading address 0x00000000

Registers:
EAX=0x00000000, EBX=0x02d1c000, ECX=0x00000000, EDX=0x00000001
ESP=0x0133d8a4, EBP=0x0133d8c0, ESI=0x02d1c140, EDI=0x00000000
EIP=0x6ed86cdb, EFLAGS=0x00010246

Top of Stack: (sp=0x0133d8a4)
0x0133d8a4:   00000000 02d1c140 02d1c000 02d1c000
0x0133d8b4:   00000000 02d1c140 02d1c000 0133d978
0x0133d8c4:   68f30fd2 02d1c140 00000000 02d10079
0x0133d8d4:   02d1c000 0133d978 68f30fa7 00000001
0x0133d8e4:   0000000f 01330049 6ed8aa8e 02d1c000
0x0133d8f4:   00000006 00000001 0000000f 02d1c000
0x0133d904:   0a386f80 0133dbe4 02dfd084 0133d958
0x0133d914:   02d1c140 00000002 02d1c000 013abc30 

Instructions: (pc=0x6ed86cdb)
0x6ed86cbb:   f3 ff 83 c4 08 83 7b 04 00 89 5d f0 c7 45 f4 00
0x6ed86ccb:   00 00 00 74 08 8d 4d f0 e8 58 11 0d 00 8b 45 0c
0x6ed86cdb:   8b 08 8b 51 04 8b 42 38 50 56 e8 d6 4c 08 00 83
0x6ed86ceb:   c4 08 83 7d f4 00 89 45 08 74 08 8d 4d f0 e8 72 


Register to memory mapping:

EAX=0x00000000 is an unknown value
EBX=0x02d1c000 is a thread
ECX=0x00000000 is an unknown value
EDX=0x00000001 is an unknown value
ESP=0x0133d8a4 is pointing into the stack for thread: 0x02d1c000
EBP=0x0133d8c0 is pointing into the stack for thread: 0x02d1c000
ESI=0x02d1c140 is an unknown value
EDI=0x00000000 is an unknown value


Stack: [0x012f0000,0x01340000],  sp=0x0133d8a4,  free space=310k
Native frames: (J=compiled Java code, j=interpreted, Vv=VM code, C=native code)
V  [jvm.dll+0xd6cdb]
C  [bwapi_bridge2_5.dll+0x20fd2]
J 408  bwapi.Game.getUnitsInRadius_native(JLbwapi/Position;I)Ljava/util/List; (0 bytes) @ 0x02e3bebf [0x02e3be10+0xaf]
J 284 C1 moleAI.Squad.closestEnemy(Lbwapi/Game;)Lbwapi/Unit; (137 bytes) @ 0x02e1a210 [0x02e1a170+0xa0]
J 221 C1 moleAI.SquadManager.update(Lbwapi/Game;Lbwapi/Position;)V (73 bytes) @ 0x02e09580 [0x02e09450+0x130]
J 82 C1 moleAI.StrategyManager.update(Lbwapi/Game;Lbwapi/Player;)V (409 bytes) @ 0x02de13bc [0x02de0850+0xb6c]
J 207 C1 moleAI.TestBot1.onFrame()V (86 bytes) @ 0x02e07494 [0x02e07230+0x264]
J 206 C1 bwapi.AIModule.onFrame()V (17 bytes) @ 0x02e06fc4 [0x02e06f90+0x34]
v  ~StubRoutines::call_stub
V  [jvm.dll+0x15aa85]
V  [jvm.dll+0x220d7e]
V  [jvm.dll+0x15ab1e]
V  [jvm.dll+0xdcc7b]
V  [jvm.dll+0xdfc0c]
C  [bwapi_bridge2_5.dll+0x1b20d]
C  [bwapi_bridge2_5.dll+0x75101]
j  bwapi.Mirror.startGame()V+0
j  moleAI.TestBot1.run()V+15
j  moleAI.TestBot1.main([Ljava/lang/String;)V+7
v  ~StubRoutines::call_stub
V  [jvm.dll+0x15aa85]
V  [jvm.dll+0x220d7e]
V  [jvm.dll+0x15ab1e]
V  [jvm.dll+0xdca47]
V  [jvm.dll+0xe4fdf]
C  [javaw.exe+0x22ab]
C  [javaw.exe+0xaebf]
C  [javaw.exe+0xaf49]
C  [KERNEL32.DLL+0x162c4]
C  [ntdll.dll+0x60fd9]
C  [ntdll.dll+0x60fa4]
C  0x00000000

Java frames: (J=compiled Java code, j=interpreted, Vv=VM code)
J 408  bwapi.Game.getUnitsInRadius_native(JLbwapi/Position;I)Ljava/util/List; (0 bytes) @ 0x02e3be7b [0x02e3be10+0x6b]
J 284 C1 moleAI.Squad.closestEnemy(Lbwapi/Game;)Lbwapi/Unit; (137 bytes) @ 0x02e1a210 [0x02e1a170+0xa0]
J 221 C1 moleAI.SquadManager.update(Lbwapi/Game;Lbwapi/Position;)V (73 bytes) @ 0x02e09580 [0x02e09450+0x130]
J 82 C1 moleAI.StrategyManager.update(Lbwapi/Game;Lbwapi/Player;)V (409 bytes) @ 0x02de13bc [0x02de0850+0xb6c]
J 207 C1 moleAI.TestBot1.onFrame()V (86 bytes) @ 0x02e07494 [0x02e07230+0x264]
J 206 C1 bwapi.AIModule.onFrame()V (17 bytes) @ 0x02e06fc4 [0x02e06f90+0x34]
v  ~StubRoutines::call_stub
j  bwapi.Mirror.startGame()V+0
j  moleAI.TestBot1.run()V+15
j  moleAI.TestBot1.main([Ljava/lang/String;)V+7
v  ~StubRoutines::call_stub

---------------  P R O C E S S  ---------------

Java Threads: ( => current thread )
  0x02c50c00 JavaThread "Service Thread" daemon [_thread_blocked, id=12696, stack(0x16290000,0x162e0000)]
  0x02c32400 JavaThread "C1 CompilerThread0" daemon [_thread_blocked, id=14572, stack(0x16200000,0x16250000)]
  0x02c31800 JavaThread "Attach Listener" daemon [_thread_blocked, id=13992, stack(0x15be0000,0x15c30000)]
  0x02c2d800 JavaThread "Signal Dispatcher" daemon [_thread_blocked, id=8880, stack(0x15040000,0x15090000)]
  0x02c23800 JavaThread "Finalizer" daemon [_thread_blocked, id=3124, stack(0x14fb0000,0x15000000)]
  0x02bc6c00 JavaThread "Reference Handler" daemon [_thread_blocked, id=13116, stack(0x14f20000,0x14f70000)]
=>0x02d1c000 JavaThread "main" [_thread_in_vm, id=11552, stack(0x012f0000,0x01340000)]

Other Threads:
  0x02bc3000 VMThread [stack: 0x14e90000,0x14ee0000] [id=14616]
  0x02c66c00 WatcherThread [stack: 0x16320000,0x16370000] [id=2992]

VM state:not at safepoint (normal execution)

VM Mutex/Monitor currently owned by a thread: None

Heap:
 def new generation   total 4928K, used 1907K [0x04e00000, 0x05350000, 0x0a350000)
  eden space 4416K,  42% used [0x04e00000, 0x04fcfaf8, 0x05250000)
  from space 512K,  10% used [0x052d0000, 0x052dd2a0, 0x05350000)
  to   space 512K,   0% used [0x05250000, 0x05250000, 0x052d0000)
 tenured generation   total 10944K, used 728K [0x0a350000, 0x0ae00000, 0x14e00000)
   the space 10944K,   6% used [0x0a350000, 0x0a4062d8, 0x0a406400, 0x0ae00000)
 Metaspace       used 563K, capacity 2760K, committed 2880K, reserved 4480K

Card table byte_map: [0x14e00000,0x14e90000] byte_map_base: 0x14dd9000

Polling page: 0x012d0000

CodeCache: size=32768Kb used=1154Kb max_used=1154Kb free=31613Kb
 bounds [0x02d20000, 0x02e48000, 0x04d20000]
 total_blobs=571 nmethods=426 adapters=76
 compilation: enabled

Compilation events (10 events):
Event: 107.313 Thread 0x02c32400  419             bts.conditions.CanAttack::createExecutor (11 bytes)
Event: 107.313 Thread 0x02c32400 nmethod 419 0x02e3f188 code [0x02e3f290, 0x02e3f37c]
Event: 107.446 Thread 0x02c32400  420             bwapi.Unit::isIdle (9 bytes)
Event: 107.446 Thread 0x02c32400 nmethod 420 0x02e3f408 code [0x02e3f500, 0x02e3f59c]
Event: 107.553 Thread 0x02c32400  421             bts.actions.execution.Attack::getTarget (29 bytes)
Event: 107.553 Thread 0x02c32400 nmethod 421 0x02e3f608 code [0x02e3f710, 0x02e3f81c]
Event: 107.580 Thread 0x02c32400  422             bts.actions.execution.Attack::internalTick (104 bytes)
Event: 107.581 Thread 0x02c32400 nmethod 422 0x02e3f908 code [0x02e3faa0, 0x02e3fe1c]
Event: 107.891 Thread 0x02c32400  423             bwapi.Unit::getID (9 bytes)
Event: 107.892 Thread 0x02c32400 nmethod 423 0x02e404c8 code [0x02e405c0, 0x02e4065c]

GC Heap History (10 events):
Event: 113.209 GC heap before
{Heap before GC invocations=436 (full 0):
 def new generation   total 4928K, used 4472K [0x04e00000, 0x05350000, 0x0a350000)
  eden space 4416K, 100% used [0x04e00000, 0x05250000, 0x05250000)
  from space 512K,  11% used [0x05250000, 0x0525e158, 0x052d0000)
  to   space 512K,   0% used [0x052d0000, 0x052d0000, 0x05350000)
 tenured generation   total 10944K, used 722K [0x0a350000, 0x0ae00000, 0x14e00000)
   the space 10944K,   6% used [0x0a350000, 0x0a404840, 0x0a404a00, 0x0ae00000)
 Metaspace       used 563K, capacity 2760K, committed 2880K, reserved 4480K
Event: 113.210 GC heap after
Heap after GC invocations=437 (full 0):
 def new generation   total 4928K, used 58K [0x04e00000, 0x05350000, 0x0a350000)
  eden space 4416K,   0% used [0x04e00000, 0x04e00000, 0x05250000)
  from space 512K,  11% used [0x052d0000, 0x052dea40, 0x05350000)
  to   space 512K,   0% used [0x05250000, 0x05250000, 0x052d0000)
 tenured generation   total 10944K, used 722K [0x0a350000, 0x0ae00000, 0x14e00000)
   the space 10944K,   6% used [0x0a350000, 0x0a404840, 0x0a404a00, 0x0ae00000)
 Metaspace       used 563K, capacity 2760K, committed 2880K, reserved 4480K
}
Event: 113.391 GC heap before
{Heap before GC invocations=437 (full 0):
 def new generation   total 4928K, used 4474K [0x04e00000, 0x05350000, 0x0a350000)
  eden space 4416K, 100% used [0x04e00000, 0x05250000, 0x05250000)
  from space 512K,  11% used [0x052d0000, 0x052dea40, 0x05350000)
  to   space 512K,   0% used [0x05250000, 0x05250000, 0x052d0000)
 tenured generation   total 10944K, used 722K [0x0a350000, 0x0ae00000, 0x14e00000)
   the space 10944K,   6% used [0x0a350000, 0x0a404840, 0x0a404a00, 0x0ae00000)
 Metaspace       used 563K, capacity 2760K, committed 2880K, reserved 4480K
Event: 113.392 GC heap after
Heap after GC invocations=438 (full 0):
 def new generation   total 4928K, used 59K [0x04e00000, 0x05350000, 0x0a350000)
  eden space 4416K,   0% used [0x04e00000, 0x04e00000, 0x05250000)
  from space 512K,  11% used [0x05250000, 0x0525ed18, 0x052d0000)
  to   space 512K,   0% used [0x052d0000, 0x052d0000, 0x05350000)
 tenured generation   total 10944K, used 723K [0x0a350000, 0x0ae00000, 0x14e00000)
   the space 10944K,   6% used [0x0a350000, 0x0a404e88, 0x0a405000, 0x0ae00000)
 Metaspace       used 563K, capacity 2760K, committed 2880K, reserved 4480K
}
Event: 113.601 GC heap before
{Heap before GC invocations=438 (full 0):
 def new generation   total 4928K, used 4475K [0x04e00000, 0x05350000, 0x0a350000)
  eden space 4416K, 100% used [0x04e00000, 0x05250000, 0x05250000)
  from space 512K,  11% used [0x05250000, 0x0525ed18, 0x052d0000)
  to   space 512K,   0% used [0x052d0000, 0x052d0000, 0x05350000)
 tenured generation   total 10944K, used 723K [0x0a350000, 0x0ae00000, 0x14e00000)
   the space 10944K,   6% used [0x0a350000, 0x0a404e88, 0x0a405000, 0x0ae00000)
 Metaspace       used 563K, capacity 2760K, committed 2880K, reserved 4480K
Event: 113.603 GC heap after
Heap after GC invocations=439 (full 0):
 def new generation   total 4928K, used 57K [0x04e00000, 0x05350000, 0x0a350000)
  eden space 4416K,   0% used [0x04e00000, 0x04e00000, 0x05250000)
  from space 512K,  11% used [0x052d0000, 0x052de508, 0x05350000)
  to   space 512K,   0% used [0x05250000, 0x05250000, 0x052d0000)
 tenured generation   total 10944K, used 725K [0x0a350000, 0x0ae00000, 0x14e00000)
   the space 10944K,   6% used [0x0a350000, 0x0a405708, 0x0a405800, 0x0ae00000)
 Metaspace       used 563K, capacity 2760K, committed 2880K, reserved 4480K
}
Event: 113.865 GC heap before
{Heap before GC invocations=439 (full 0):
 def new generation   total 4928K, used 4473K [0x04e00000, 0x05350000, 0x0a350000)
  eden space 4416K, 100% used [0x04e00000, 0x05250000, 0x05250000)
  from space 512K,  11% used [0x052d0000, 0x052de508, 0x05350000)
  to   space 512K,   0% used [0x05250000, 0x05250000, 0x052d0000)
 tenured generation   total 10944K, used 725K [0x0a350000, 0x0ae00000, 0x14e00000)
   the space 10944K,   6% used [0x0a350000, 0x0a405708, 0x0a405800, 0x0ae00000)
 Metaspace       used 563K, capacity 2760K, committed 2880K, reserved 4480K
Event: 113.865 GC heap after
Heap after GC invocations=440 (full 0):
 def new generation   total 4928K, used 55K [0x04e00000, 0x05350000, 0x0a350000)
  eden space 4416K,   0% used [0x04e00000, 0x04e00000, 0x05250000)
  from space 512K,  10% used [0x05250000, 0x0525df28, 0x052d0000)
  to   space 512K,   0% used [0x052d0000, 0x052d0000, 0x05350000)
 tenured generation   total 10944K, used 727K [0x0a350000, 0x0ae00000, 0x14e00000)
   the space 10944K,   6% used [0x0a350000, 0x0a405cc0, 0x0a405e00, 0x0ae00000)
 Metaspace       used 563K, capacity 2760K, committed 2880K, reserved 4480K
}
Event: 114.050 GC heap before
{Heap before GC invocations=440 (full 0):
 def new generation   total 4928K, used 4471K [0x04e00000, 0x05350000, 0x0a350000)
  eden space 4416K, 100% used [0x04e00000, 0x05250000, 0x05250000)
  from space 512K,  10% used [0x05250000, 0x0525df28, 0x052d0000)
  to   space 512K,   0% used [0x052d0000, 0x052d0000, 0x05350000)
 tenured generation   total 10944K, used 727K [0x0a350000, 0x0ae00000, 0x14e00000)
   the space 10944K,   6% used [0x0a350000, 0x0a405cc0, 0x0a405e00, 0x0ae00000)
 Metaspace       used 563K, capacity 2760K, committed 2880K, reserved 4480K
Event: 114.051 GC heap after
Heap after GC invocations=441 (full 0):
 def new generation   total 4928K, used 52K [0x04e00000, 0x05350000, 0x0a350000)
  eden space 4416K,   0% used [0x04e00000, 0x04e00000, 0x05250000)
  from space 512K,  10% used [0x052d0000, 0x052dd2a0, 0x05350000)
  to   space 512K,   0% used [0x05250000, 0x05250000, 0x052d0000)
 tenured generation   total 10944K, used 728K [0x0a350000, 0x0ae00000, 0x14e00000)
   the space 10944K,   6% used [0x0a350000, 0x0a4062d8, 0x0a406400, 0x0ae00000)
 Metaspace       used 563K, capacity 2760K, committed 2880K, reserved 4480K
}

Deoptimization events (0 events):
No events

Internal exceptions (2 events):
Event: 0.042 Thread 0x02d1c000 Exception <a 'java/lang/NoSuchMethodError': Method sun.misc.Unsafe.defineClass(Ljava/lang/String;[BII)Ljava/lang/Class; name or signature does not match> (0x04e079c0) thrown at [C:\workspace\8-2-build-windows-i586-cygwin\jdk8u121\8372\hotspot\src\share\vm
Event: 0.042 Thread 0x02d1c000 Exception <a 'java/lang/NoSuchMethodError': Method sun.misc.Unsafe.prefetchRead(Ljava/lang/Object;J)V name or signature does not match> (0x04e07c90) thrown at [C:\workspace\8-2-build-windows-i586-cygwin\jdk8u121\8372\hotspot\src\share\vm\prims\jni.cpp, li

Events (10 events):
Event: 113.209 Executing VM operation: GenCollectForAllocation
Event: 113.210 Executing VM operation: GenCollectForAllocation done
Event: 113.391 Executing VM operation: GenCollectForAllocation
Event: 113.392 Executing VM operation: GenCollectForAllocation done
Event: 113.601 Executing VM operation: GenCollectForAllocation
Event: 113.603 Executing VM operation: GenCollectForAllocation done
Event: 113.865 Executing VM operation: GenCollectForAllocation
Event: 113.865 Executing VM operation: GenCollectForAllocation done
Event: 114.050 Executing VM operation: GenCollectForAllocation
Event: 114.051 Executing VM operation: GenCollectForAllocation done


Dynamic libraries:
0x00e10000 - 0x00e43000 	C:\Program Files (x86)\Java\jre1.8.0_121\bin\javaw.exe
0x77b90000 - 0x77d13000 	C:\Windows\SYSTEM32\ntdll.dll
0x76820000 - 0x76900000 	C:\Windows\System32\KERNEL32.DLL
0x75f50000 - 0x760f1000 	C:\Windows\System32\KERNELBASE.dll
0x77b00000 - 0x77b77000 	C:\Windows\System32\ADVAPI32.dll
0x76d80000 - 0x76e3e000 	C:\Windows\System32\msvcrt.dll
0x74880000 - 0x748c1000 	C:\Windows\System32\sechost.dll
0x76f90000 - 0x77051000 	C:\Windows\System32\RPCRT4.dll
0x74650000 - 0x7466e000 	C:\Windows\System32\SspiCli.dll
0x74640000 - 0x7464a000 	C:\Windows\System32\CRYPTBASE.dll
0x76d20000 - 0x76d7a000 	C:\Windows\System32\bcryptPrimitives.dll
0x769a0000 - 0x76aff000 	C:\Windows\System32\USER32.dll
0x77060000 - 0x77075000 	C:\Windows\System32\win32u.dll
0x77a00000 - 0x77a2b000 	C:\Windows\System32\GDI32.dll
0x77320000 - 0x7747b000 	C:\Windows\System32\gdi32full.dll
0x6fe00000 - 0x7000a000 	C:\Windows\WinSxS\x86_microsoft.windows.common-controls_6595b64144ccf1df_6.0.14393.953_none_89c2555adb023171\COMCTL32.dll
0x76b00000 - 0x76d11000 	C:\Windows\System32\combase.dll
0x77920000 - 0x77a00000 	C:\Windows\System32\ucrtbase.dll
0x76970000 - 0x76995000 	C:\Windows\System32\IMM32.DLL
0x6e220000 - 0x6e2df000 	C:\Program Files (x86)\Java\jre1.8.0_121\bin\msvcr100.dll
0x6ecb0000 - 0x6f07e000 	C:\Program Files (x86)\Java\jre1.8.0_121\bin\client\jvm.dll
0x76100000 - 0x76106000 	C:\Windows\System32\PSAPI.DLL
0x68e10000 - 0x68e18000 	C:\Windows\SYSTEM32\WSOCK32.dll
0x700d0000 - 0x700f4000 	C:\Windows\SYSTEM32\WINMM.dll
0x74310000 - 0x74318000 	C:\Windows\SYSTEM32\VERSION.dll
0x76900000 - 0x76963000 	C:\Windows\System32\WS2_32.dll
0x01250000 - 0x01273000 	C:\Windows\SYSTEM32\WINMMBASE.dll
0x77a30000 - 0x77a66000 	C:\Windows\System32\cfgmgr32.dll
0x700c0000 - 0x700cc000 	C:\Program Files (x86)\Java\jre1.8.0_121\bin\verify.dll
0x70090000 - 0x700b1000 	C:\Program Files (x86)\Java\jre1.8.0_121\bin\java.dll
0x70070000 - 0x70083000 	C:\Program Files (x86)\Java\jre1.8.0_121\bin\zip.dll
0x749a0000 - 0x75d78000 	C:\Windows\System32\SHELL32.dll
0x762b0000 - 0x7681e000 	C:\Windows\System32\windows.storage.dll
0x770f0000 - 0x77135000 	C:\Windows\System32\powrprof.dll
0x76ee0000 - 0x76f26000 	C:\Windows\System32\shlwapi.dll
0x770e0000 - 0x770ed000 	C:\Windows\System32\kernel.appcore.dll
0x77a70000 - 0x77af8000 	C:\Windows\System32\shcore.dll
0x76110000 - 0x7611f000 	C:\Windows\System32\profapi.dll
0x68f10000 - 0x69196000 	C:\Users\amanz\OneDrive\Documents\GitHub\MoleAI\ExampleBot\bwapi_bridge2_5.dll
0x6e3d0000 - 0x6e441000 	C:\Program Files (x86)\Java\jre1.8.0_121\bin\MSVCP120.dll
0x6e130000 - 0x6e21e000 	C:\Program Files (x86)\Java\jre1.8.0_121\bin\MSVCR120.dll
0x6acc0000 - 0x6ad27000 	C:\Users\amanz\OneDrive\Documents\GitHub\MoleAI\ExampleBot\libgmp-10.dll
0x6f540000 - 0x6f59e000 	C:\Users\amanz\OneDrive\Documents\GitHub\MoleAI\ExampleBot\libmpfr-4.dll
0x6f610000 - 0x6f755000 	C:\Windows\SYSTEM32\dbghelp.dll

VM Arguments:
jvm_args: -Dfile.encoding=Cp1252 
java_command: moleAI.TestBot1
java_class_path (initial): C:\Users\amanz\OneDrive\Documents\GitHub\MoleAI\ExampleBot\bin;C:\Users\amanz\OneDrive\Documents\GitHub\MoleAI\ExampleBot\lib\bwmirror_v2_5.jar;C:\Users\amanz\OneDrive\Documents\GitHub\MoleAI\ExampleBot\lib\JBTCore.jar
Launcher Type: SUN_STANDARD

Environment Variables:
PATH=C:/Program Files/Java/jre1.8.0_121/bin/server;C:/Program Files/Java/jre1.8.0_121/bin;C:/Program Files/Java/jre1.8.0_121/lib/amd64;C:\ProgramData\Oracle\Java\javapath;C:\Program Files (x86)\Intel\iCLS Client\;C:\Program Files\Intel\iCLS Client\;C:\Windows\system32;C:\Windows;C:\Windows\System32\Wbem;C:\Windows\System32\WindowsPowerShell\v1.0\;C:\Program Files (x86)\Intel\Intel(R) Management Engine Components\DAL;C:\Program Files\Intel\Intel(R) Management Engine Components\DAL;C:\Program Files (x86)\Intel\Intel(R) Management Engine Components\IPT;C:\Program Files\Intel\Intel(R) Management Engine Components\IPT;C:\Program Files (x86)\NVIDIA Corporation\PhysX\Common;C:\Program Files\nodejs\;C:\Program Files\Microsoft SQL Server\110\Tools\Binn\;C:\Program Files (x86)\Microsoft SDKs\TypeScript\1.0\;C:\Program Files\Microsoft SQL Server\120\Tools\Binn\;C:\Program Files (x86)\Skype\Phone\;C:\Users\amanz\AppData\Local\Microsoft\WindowsApps;C:\Users\amanz\AppData\Roaming\npm;C:\Windows\system32;
USERNAME=amanz
OS=Windows_NT
PROCESSOR_IDENTIFIER=Intel64 Family 6 Model 94 Stepping 3, GenuineIntel



---------------  S Y S T E M  ---------------

OS: Windows 10.0 , 64 bit Build 14393 (10.0.14393.0)

CPU:total 8 (4 cores per cpu, 2 threads per core) family 6 model 94 stepping 3, cmov, cx8, fxsr, mmx, sse, sse2, sse3, ssse3, sse4.1, sse4.2, popcnt, avx, avx2, aes, clmul, erms, rtm, 3dnowpref, lzcnt, ht, tsc, tscinvbit, bmi1, bmi2, adx

Memory: 4k page, physical 8209456k(2647204k free), swap 12665904k(3723096k free)

vm_info: Java HotSpot(TM) Client VM (25.121-b13) for windows-x86 JRE (1.8.0_121-b13), built on Dec 12 2016 18:17:00 by "java_re" with MS VC++ 10.0 (VS2010)

time: Mon Apr 24 19:28:39 2017
elapsed time: 114 seconds (0d 0h 1m 54s)

