#
# A fatal error has been detected by the Java Runtime Environment:
#
#  EXCEPTION_ACCESS_VIOLATION (0xc0000005) at pc=0x6ed86cdb, pid=516, tid=0x00000d3c
#
# JRE version: Java(TM) SE Runtime Environment (8.0_121-b13) (build 1.8.0_121-b13)
# Java VM: Java HotSpot(TM) Client VM (25.121-b13 mixed mode, sharing windows-x86 )
# Problematic frame:
# V  [jvm.dll+0xd6cdb]
#
# Failed to write core dump. Minidumps are not enabled by default on client versions of Windows
#
# If you would like to submit a bug report, please visit:
#   http://bugreport.java.com/bugreport/crash.jsp
#

---------------  T H R E A D  ---------------

Current thread (0x025fc000):  JavaThread "main" [_thread_in_vm, id=3388, stack(0x00db0000,0x00e00000)]

siginfo: ExceptionCode=0xc0000005, reading address 0x00000000

Registers:
EAX=0x00000000, EBX=0x025fc000, ECX=0x00000000, EDX=0x00000001
ESP=0x00dfdebc, EBP=0x00dfded8, ESI=0x025fc140, EDI=0x00000000
EIP=0x6ed86cdb, EFLAGS=0x00010246

Top of Stack: (sp=0x00dfdebc)
0x00dfdebc:   00000000 163425b4 025fc140 025fc000
0x00dfdecc:   00000000 163425b4 00000000 00dfdf28
0x00dfdedc:   6254554d 025fc140 00000000 16340079
0x00dfdeec:   00000000 00dfdf28 6254551c 00000001
0x00dfdefc:   0000000f 626b0049 ffffffff 00dfdf9c
0x00dfdf0c:   625b00cb 00000001 0000000f 025fc000
0x00dfdf1c:   163425b4 00000000 09bf6050 00dfdf58
0x00dfdf2c:   026e5cb8 025fc140 00dfdf44 163425b4 

Instructions: (pc=0x6ed86cdb)
0x6ed86cbb:   f3 ff 83 c4 08 83 7b 04 00 89 5d f0 c7 45 f4 00
0x6ed86ccb:   00 00 00 74 08 8d 4d f0 e8 58 11 0d 00 8b 45 0c
0x6ed86cdb:   8b 08 8b 51 04 8b 42 38 50 56 e8 d6 4c 08 00 83
0x6ed86ceb:   c4 08 83 7d f4 00 89 45 08 74 08 8d 4d f0 e8 72 


Register to memory mapping:

EAX=0x00000000 is an unknown value
EBX=0x025fc000 is a thread
ECX=0x00000000 is an unknown value
EDX=0x00000001 is an unknown value
ESP=0x00dfdebc is pointing into the stack for thread: 0x025fc000
EBP=0x00dfded8 is pointing into the stack for thread: 0x025fc000
ESI=0x025fc140 is an unknown value
EDI=0x00000000 is an unknown value


Stack: [0x00db0000,0x00e00000],  sp=0x00dfdebc,  free space=311k
Native frames: (J=compiled Java code, j=interpreted, Vv=VM code, C=native code)
V  [jvm.dll+0xd6cdb]
C  [bwapi_bridge2_5.dll+0x3554d]
J 201  bwapi.Unit.getDistance_native(JLbwapi/Position;)I (0 bytes) @ 0x026e5cb8 [0x026e5c10+0xa8]
J 336 C1 bwapi.Unit.getDistance(Lbwapi/Position;)I (10 bytes) @ 0x027083f0 [0x027083c0+0x30]
j  bts.actions.execution.Move.internalTick()Ljbt/execution/core/ExecutionTask$Status;+54
J 304 C1 jbt.execution.core.ExecutionTask.tick()Ljbt/execution/core/ExecutionTask$Status; (129 bytes) @ 0x026ff788 [0x026ff740+0x48]
J 250 C1 jbt.execution.core.BTExecutor.tick()V (104 bytes) @ 0x026f00f8 [0x026efff0+0x108]
J 340 C1 moleAI.Squad.tickUnits()V (78 bytes) @ 0x0270929c [0x02709130+0x16c]
J 173 C1 moleAI.SquadManager.update(Lbwapi/Game;Lbwapi/Position;)V (73 bytes) @ 0x026d9fd0 [0x026d9e90+0x140]
J 88 C1 moleAI.StrategyManager.update(Lbwapi/Game;Lbwapi/Player;)V (408 bytes) @ 0x026c1d60 [0x026c1590+0x7d0]
J 162 C1 moleAI.TestBot1.onFrame()V (86 bytes) @ 0x026d7e54 [0x026d7bf0+0x264]
J 161 C1 bwapi.AIModule.onFrame()V (17 bytes) @ 0x026d7984 [0x026d7950+0x34]
v  ~StubRoutines::call_stub
V  [jvm.dll+0x15aa85]
V  [jvm.dll+0x220d7e]
V  [jvm.dll+0x15ab1e]
V  [jvm.dll+0xdcc7b]
V  [jvm.dll+0xdfc0c]
C  [bwapi_bridge2_5.dll+0x1b20d]
C  [bwapi_bridge2_5.dll+0x75101]
j  bwapi.Mirror.startGame()V+0
j  moleAI.TestBot1.run()V+15
j  moleAI.TestBot1.main([Ljava/lang/String;)V+7
v  ~StubRoutines::call_stub
V  [jvm.dll+0x15aa85]
V  [jvm.dll+0x220d7e]
V  [jvm.dll+0x15ab1e]
V  [jvm.dll+0xdca47]
V  [jvm.dll+0xe4fdf]
C  [javaw.exe+0x22ab]
C  [javaw.exe+0xaebf]
C  [javaw.exe+0xaf49]
C  [KERNEL32.DLL+0x162c4]
C  [ntdll.dll+0x60fd9]
C  [ntdll.dll+0x60fa4]
C  0x00000000

Java frames: (J=compiled Java code, j=interpreted, Vv=VM code)
J 201  bwapi.Unit.getDistance_native(JLbwapi/Position;)I (0 bytes) @ 0x026e5c74 [0x026e5c10+0x64]
J 336 C1 bwapi.Unit.getDistance(Lbwapi/Position;)I (10 bytes) @ 0x027083f0 [0x027083c0+0x30]
j  bts.actions.execution.Move.internalTick()Ljbt/execution/core/ExecutionTask$Status;+54
J 304 C1 jbt.execution.core.ExecutionTask.tick()Ljbt/execution/core/ExecutionTask$Status; (129 bytes) @ 0x026ff788 [0x026ff740+0x48]
J 250 C1 jbt.execution.core.BTExecutor.tick()V (104 bytes) @ 0x026f00f8 [0x026efff0+0x108]
J 340 C1 moleAI.Squad.tickUnits()V (78 bytes) @ 0x0270929c [0x02709130+0x16c]
J 173 C1 moleAI.SquadManager.update(Lbwapi/Game;Lbwapi/Position;)V (73 bytes) @ 0x026d9fd0 [0x026d9e90+0x140]
J 88 C1 moleAI.StrategyManager.update(Lbwapi/Game;Lbwapi/Player;)V (408 bytes) @ 0x026c1d60 [0x026c1590+0x7d0]
J 162 C1 moleAI.TestBot1.onFrame()V (86 bytes) @ 0x026d7e54 [0x026d7bf0+0x264]
J 161 C1 bwapi.AIModule.onFrame()V (17 bytes) @ 0x026d7984 [0x026d7950+0x34]
v  ~StubRoutines::call_stub
j  bwapi.Mirror.startGame()V+0
j  moleAI.TestBot1.run()V+15
j  moleAI.TestBot1.main([Ljava/lang/String;)V+7
v  ~StubRoutines::call_stub

---------------  P R O C E S S  ---------------

Java Threads: ( => current thread )
  0x024cfc00 JavaThread "Service Thread" daemon [_thread_blocked, id=15720, stack(0x14fa0000,0x14ff0000)]
  0x024b1400 JavaThread "C1 CompilerThread0" daemon [_thread_blocked, id=14468, stack(0x14f10000,0x14f60000)]
  0x024b0000 JavaThread "Attach Listener" daemon [_thread_blocked, id=12392, stack(0x14e80000,0x14ed0000)]
  0x024ae000 JavaThread "Signal Dispatcher" daemon [_thread_blocked, id=2892, stack(0x14df0000,0x14e40000)]
  0x024a3800 JavaThread "Finalizer" daemon [_thread_blocked, id=1976, stack(0x14c70000,0x14cc0000)]
  0x02446c00 JavaThread "Reference Handler" daemon [_thread_blocked, id=14800, stack(0x14be0000,0x14c30000)]
=>0x025fc000 JavaThread "main" [_thread_in_vm, id=3388, stack(0x00db0000,0x00e00000)]

Other Threads:
  0x02443000 VMThread [stack: 0x14b50000,0x14ba0000] [id=15848]
  0x024e7c00 WatcherThread [stack: 0x15030000,0x15080000] [id=11576]

VM state:not at safepoint (normal execution)

VM Mutex/Monitor currently owned by a thread: None

Heap:
 def new generation   total 4928K, used 2788K [0x04600000, 0x04b50000, 0x09b50000)
  eden space 4416K,  62% used [0x04600000, 0x048ac818, 0x04a50000)
  from space 512K,   9% used [0x04ad0000, 0x04adc860, 0x04b50000)
  to   space 512K,   0% used [0x04a50000, 0x04a50000, 0x04ad0000)
 tenured generation   total 10944K, used 679K [0x09b50000, 0x0a600000, 0x14600000)
   the space 10944K,   6% used [0x09b50000, 0x09bf9f38, 0x09bfa000, 0x0a600000)
 Metaspace       used 570K, capacity 2760K, committed 2880K, reserved 4480K

Card table byte_map: [0x14600000,0x14690000] byte_map_base: 0x145dd000

Polling page: 0x008d0000

CodeCache: size=32768Kb used=1157Kb max_used=1157Kb free=31610Kb
 bounds [0x02600000, 0x02728000, 0x04600000]
 total_blobs=582 nmethods=437 adapters=76
 compilation: enabled

Compilation events (10 events):
Event: 119.714 Thread 0x024b1400  432             bwapi.Unit::getGroundWeaponCooldown (9 bytes)
Event: 119.714 Thread 0x024b1400 nmethod 432 0x02720d48 code [0x02720e40, 0x02720edc]
Event: 119.737 Thread 0x024b1400  434             bts.conditions.execution.CanAttack::storeTerminationState (2 bytes)
Event: 119.737 Thread 0x024b1400 nmethod 434 0x02720f48 code [0x02721040, 0x027210c0]
Event: 119.737 Thread 0x024b1400  435             bts.conditions.execution.CanAttack::internalTerminate (1 bytes)
Event: 119.737 Thread 0x024b1400 nmethod 435 0x02721108 code [0x02721200, 0x02721280]
Event: 119.738 Thread 0x024b1400  436             bts.conditions.execution.CanAttack::internalTick (28 bytes)
Event: 119.738 Thread 0x024b1400 nmethod 436 0x027212c8 code [0x027213e0, 0x027214fc]
Event: 119.738 Thread 0x024b1400  437             bts.conditions.execution.CanAttack::storeState (2 bytes)
Event: 119.738 Thread 0x024b1400 nmethod 437 0x02721608 code [0x02721700, 0x02721780]

GC Heap History (10 events):
Event: 124.400 GC heap before
{Heap before GC invocations=256 (full 0):
 def new generation   total 4928K, used 4472K [0x04600000, 0x04b50000, 0x09b50000)
  eden space 4416K, 100% used [0x04600000, 0x04a50000, 0x04a50000)
  from space 512K,  11% used [0x04a50000, 0x04a5e2e0, 0x04ad0000)
  to   space 512K,   0% used [0x04ad0000, 0x04ad0000, 0x04b50000)
 tenured generation   total 10944K, used 664K [0x09b50000, 0x0a600000, 0x14600000)
   the space 10944K,   6% used [0x09b50000, 0x09bf6040, 0x09bf6200, 0x0a600000)
 Metaspace       used 570K, capacity 2760K, committed 2880K, reserved 4480K
Event: 124.401 GC heap after
Heap after GC invocations=257 (full 0):
 def new generation   total 4928K, used 54K [0x04600000, 0x04b50000, 0x09b50000)
  eden space 4416K,   0% used [0x04600000, 0x04600000, 0x04a50000)
  from space 512K,  10% used [0x04ad0000, 0x04addb18, 0x04b50000)
  to   space 512K,   0% used [0x04a50000, 0x04a50000, 0x04ad0000)
 tenured generation   total 10944K, used 667K [0x09b50000, 0x0a600000, 0x14600000)
   the space 10944K,   6% used [0x09b50000, 0x09bf6c78, 0x09bf6e00, 0x0a600000)
 Metaspace       used 570K, capacity 2760K, committed 2880K, reserved 4480K
}
Event: 125.353 GC heap before
{Heap before GC invocations=257 (full 0):
 def new generation   total 4928K, used 4470K [0x04600000, 0x04b50000, 0x09b50000)
  eden space 4416K, 100% used [0x04600000, 0x04a50000, 0x04a50000)
  from space 512K,  10% used [0x04ad0000, 0x04addb18, 0x04b50000)
  to   space 512K,   0% used [0x04a50000, 0x04a50000, 0x04ad0000)
 tenured generation   total 10944K, used 667K [0x09b50000, 0x0a600000, 0x14600000)
   the space 10944K,   6% used [0x09b50000, 0x09bf6c78, 0x09bf6e00, 0x0a600000)
 Metaspace       used 570K, capacity 2760K, committed 2880K, reserved 4480K
Event: 125.354 GC heap after
Heap after GC invocations=258 (full 0):
 def new generation   total 4928K, used 55K [0x04600000, 0x04b50000, 0x09b50000)
  eden space 4416K,   0% used [0x04600000, 0x04600000, 0x04a50000)
  from space 512K,  10% used [0x04a50000, 0x04a5df88, 0x04ad0000)
  to   space 512K,   0% used [0x04ad0000, 0x04ad0000, 0x04b50000)
 tenured generation   total 10944K, used 667K [0x09b50000, 0x0a600000, 0x14600000)
   the space 10944K,   6% used [0x09b50000, 0x09bf6f68, 0x09bf7000, 0x0a600000)
 Metaspace       used 570K, capacity 2760K, committed 2880K, reserved 4480K
}
Event: 126.256 GC heap before
{Heap before GC invocations=258 (full 0):
 def new generation   total 4928K, used 4471K [0x04600000, 0x04b50000, 0x09b50000)
  eden space 4416K, 100% used [0x04600000, 0x04a50000, 0x04a50000)
  from space 512K,  10% used [0x04a50000, 0x04a5df88, 0x04ad0000)
  to   space 512K,   0% used [0x04ad0000, 0x04ad0000, 0x04b50000)
 tenured generation   total 10944K, used 667K [0x09b50000, 0x0a600000, 0x14600000)
   the space 10944K,   6% used [0x09b50000, 0x09bf6f68, 0x09bf7000, 0x0a600000)
 Metaspace       used 570K, capacity 2760K, committed 2880K, reserved 4480K
Event: 126.257 GC heap after
Heap after GC invocations=259 (full 0):
 def new generation   total 4928K, used 54K [0x04600000, 0x04b50000, 0x09b50000)
  eden space 4416K,   0% used [0x04600000, 0x04600000, 0x04a50000)
  from space 512K,  10% used [0x04ad0000, 0x04add888, 0x04b50000)
  to   space 512K,   0% used [0x04a50000, 0x04a50000, 0x04ad0000)
 tenured generation   total 10944K, used 669K [0x09b50000, 0x0a600000, 0x14600000)
   the space 10944K,   6% used [0x09b50000, 0x09bf7698, 0x09bf7800, 0x0a600000)
 Metaspace       used 570K, capacity 2760K, committed 2880K, reserved 4480K
}
Event: 127.209 GC heap before
{Heap before GC invocations=259 (full 0):
 def new generation   total 4928K, used 4470K [0x04600000, 0x04b50000, 0x09b50000)
  eden space 4416K, 100% used [0x04600000, 0x04a50000, 0x04a50000)
  from space 512K,  10% used [0x04ad0000, 0x04add888, 0x04b50000)
  to   space 512K,   0% used [0x04a50000, 0x04a50000, 0x04ad0000)
 tenured generation   total 10944K, used 669K [0x09b50000, 0x0a600000, 0x14600000)
   the space 10944K,   6% used [0x09b50000, 0x09bf7698, 0x09bf7800, 0x0a600000)
 Metaspace       used 570K, capacity 2760K, committed 2880K, reserved 4480K
Event: 127.211 GC heap after
Heap after GC invocations=260 (full 0):
 def new generation   total 4928K, used 48K [0x04600000, 0x04b50000, 0x09b50000)
  eden space 4416K,   0% used [0x04600000, 0x04600000, 0x04a50000)
  from space 512K,   9% used [0x04a50000, 0x04a5c380, 0x04ad0000)
  to   space 512K,   0% used [0x04ad0000, 0x04ad0000, 0x04b50000)
 tenured generation   total 10944K, used 674K [0x09b50000, 0x0a600000, 0x14600000)
   the space 10944K,   6% used [0x09b50000, 0x09bf88a0, 0x09bf8a00, 0x0a600000)
 Metaspace       used 570K, capacity 2760K, committed 2880K, reserved 4480K
}
Event: 128.114 GC heap before
{Heap before GC invocations=260 (full 0):
 def new generation   total 4928K, used 4464K [0x04600000, 0x04b50000, 0x09b50000)
  eden space 4416K, 100% used [0x04600000, 0x04a50000, 0x04a50000)
  from space 512K,   9% used [0x04a50000, 0x04a5c380, 0x04ad0000)
  to   space 512K,   0% used [0x04ad0000, 0x04ad0000, 0x04b50000)
 tenured generation   total 10944K, used 674K [0x09b50000, 0x0a600000, 0x14600000)
   the space 10944K,   6% used [0x09b50000, 0x09bf88a0, 0x09bf8a00, 0x0a600000)
 Metaspace       used 570K, capacity 2760K, committed 2880K, reserved 4480K
Event: 128.115 GC heap after
Heap after GC invocations=261 (full 0):
 def new generation   total 4928K, used 50K [0x04600000, 0x04b50000, 0x09b50000)
  eden space 4416K,   0% used [0x04600000, 0x04600000, 0x04a50000)
  from space 512K,   9% used [0x04ad0000, 0x04adc860, 0x04b50000)
  to   space 512K,   0% used [0x04a50000, 0x04a50000, 0x04ad0000)
 tenured generation   total 10944K, used 679K [0x09b50000, 0x0a600000, 0x14600000)
   the space 10944K,   6% used [0x09b50000, 0x09bf9f38, 0x09bfa000, 0x0a600000)
 Metaspace       used 570K, capacity 2760K, committed 2880K, reserved 4480K
}

Deoptimization events (0 events):
No events

Internal exceptions (10 events):
Event: 128.596 Thread 0x025fc000 Implicit division by zero exception at 0x026f21ba to 0x026f2251
Event: 128.596 Thread 0x025fc000 Exception <a 'java/lang/ArithmeticException'> (0x0481ba68) thrown at [C:\workspace\8-2-build-windows-i586-cygwin\jdk8u121\8372\hotspot\src\share\vm\runtime\sharedRuntime.cpp, line 605]
Event: 128.608 Thread 0x025fc000 Implicit division by zero exception at 0x026f21ba to 0x026f2251
Event: 128.608 Thread 0x025fc000 Exception <a 'java/lang/ArithmeticException'> (0x0482a938) thrown at [C:\workspace\8-2-build-windows-i586-cygwin\jdk8u121\8372\hotspot\src\share\vm\runtime\sharedRuntime.cpp, line 605]
Event: 128.620 Thread 0x025fc000 Implicit division by zero exception at 0x026f21ba to 0x026f2251
Event: 128.620 Thread 0x025fc000 Exception <a 'java/lang/ArithmeticException'> (0x048397e8) thrown at [C:\workspace\8-2-build-windows-i586-cygwin\jdk8u121\8372\hotspot\src\share\vm\runtime\sharedRuntime.cpp, line 605]
Event: 128.632 Thread 0x025fc000 Implicit division by zero exception at 0x026f21ba to 0x026f2251
Event: 128.632 Thread 0x025fc000 Exception <a 'java/lang/ArithmeticException'> (0x048486c0) thrown at [C:\workspace\8-2-build-windows-i586-cygwin\jdk8u121\8372\hotspot\src\share\vm\runtime\sharedRuntime.cpp, line 605]
Event: 128.644 Thread 0x025fc000 Implicit division by zero exception at 0x026f21ba to 0x026f2251
Event: 128.644 Thread 0x025fc000 Exception <a 'java/lang/ArithmeticException'> (0x04857568) thrown at [C:\workspace\8-2-build-windows-i586-cygwin\jdk8u121\8372\hotspot\src\share\vm\runtime\sharedRuntime.cpp, line 605]

Events (10 events):
Event: 124.400 Executing VM operation: GenCollectForAllocation
Event: 124.401 Executing VM operation: GenCollectForAllocation done
Event: 125.353 Executing VM operation: GenCollectForAllocation
Event: 125.354 Executing VM operation: GenCollectForAllocation done
Event: 126.255 Executing VM operation: GenCollectForAllocation
Event: 126.257 Executing VM operation: GenCollectForAllocation done
Event: 127.209 Executing VM operation: GenCollectForAllocation
Event: 127.211 Executing VM operation: GenCollectForAllocation done
Event: 128.113 Executing VM operation: GenCollectForAllocation
Event: 128.115 Executing VM operation: GenCollectForAllocation done


Dynamic libraries:
0x00e50000 - 0x00e83000 	C:\Program Files (x86)\Java\jre1.8.0_121\bin\javaw.exe
0x77b90000 - 0x77d13000 	C:\Windows\SYSTEM32\ntdll.dll
0x76820000 - 0x76900000 	C:\Windows\System32\KERNEL32.DLL
0x75f50000 - 0x760f1000 	C:\Windows\System32\KERNELBASE.dll
0x77b00000 - 0x77b77000 	C:\Windows\System32\ADVAPI32.dll
0x76d80000 - 0x76e3e000 	C:\Windows\System32\msvcrt.dll
0x74880000 - 0x748c1000 	C:\Windows\System32\sechost.dll
0x76f90000 - 0x77051000 	C:\Windows\System32\RPCRT4.dll
0x74650000 - 0x7466e000 	C:\Windows\System32\SspiCli.dll
0x74640000 - 0x7464a000 	C:\Windows\System32\CRYPTBASE.dll
0x76d20000 - 0x76d7a000 	C:\Windows\System32\bcryptPrimitives.dll
0x769a0000 - 0x76aff000 	C:\Windows\System32\USER32.dll
0x77060000 - 0x77075000 	C:\Windows\System32\win32u.dll
0x77a00000 - 0x77a2b000 	C:\Windows\System32\GDI32.dll
0x77320000 - 0x7747b000 	C:\Windows\System32\gdi32full.dll
0x6fe00000 - 0x7000a000 	C:\Windows\WinSxS\x86_microsoft.windows.common-controls_6595b64144ccf1df_6.0.14393.953_none_89c2555adb023171\COMCTL32.dll
0x76b00000 - 0x76d11000 	C:\Windows\System32\combase.dll
0x77920000 - 0x77a00000 	C:\Windows\System32\ucrtbase.dll
0x76970000 - 0x76995000 	C:\Windows\System32\IMM32.DLL
0x6cc70000 - 0x6cd2f000 	C:\Program Files (x86)\Java\jre1.8.0_121\bin\msvcr100.dll
0x6ecb0000 - 0x6f07e000 	C:\Program Files (x86)\Java\jre1.8.0_121\bin\client\jvm.dll
0x76100000 - 0x76106000 	C:\Windows\System32\PSAPI.DLL
0x74310000 - 0x74318000 	C:\Windows\SYSTEM32\VERSION.dll
0x68e10000 - 0x68e18000 	C:\Windows\SYSTEM32\WSOCK32.dll
0x700d0000 - 0x700f4000 	C:\Windows\SYSTEM32\WINMM.dll
0x70040000 - 0x70063000 	C:\Windows\SYSTEM32\WINMMBASE.dll
0x76900000 - 0x76963000 	C:\Windows\System32\WS2_32.dll
0x77a30000 - 0x77a66000 	C:\Windows\System32\cfgmgr32.dll
0x700c0000 - 0x700cc000 	C:\Program Files (x86)\Java\jre1.8.0_121\bin\verify.dll
0x70090000 - 0x700b1000 	C:\Program Files (x86)\Java\jre1.8.0_121\bin\java.dll
0x70070000 - 0x70083000 	C:\Program Files (x86)\Java\jre1.8.0_121\bin\zip.dll
0x749a0000 - 0x75d78000 	C:\Windows\System32\SHELL32.dll
0x762b0000 - 0x7681e000 	C:\Windows\System32\windows.storage.dll
0x770f0000 - 0x77135000 	C:\Windows\System32\powrprof.dll
0x76ee0000 - 0x76f26000 	C:\Windows\System32\shlwapi.dll
0x770e0000 - 0x770ed000 	C:\Windows\System32\kernel.appcore.dll
0x77a70000 - 0x77af8000 	C:\Windows\System32\shcore.dll
0x76110000 - 0x7611f000 	C:\Windows\System32\profapi.dll
0x62510000 - 0x62796000 	C:\Users\amanz\OneDrive\Documents\GitHub\MoleAI\ExampleBot\bwapi_bridge2_5.dll
0x68e50000 - 0x68f3e000 	C:\Program Files (x86)\Java\jre1.8.0_121\bin\MSVCR120.dll
0x6cd60000 - 0x6cdd1000 	C:\Program Files (x86)\Java\jre1.8.0_121\bin\MSVCP120.dll
0x6f540000 - 0x6f59e000 	C:\Users\amanz\OneDrive\Documents\GitHub\MoleAI\ExampleBot\libmpfr-4.dll
0x6acc0000 - 0x6ad27000 	C:\Users\amanz\OneDrive\Documents\GitHub\MoleAI\ExampleBot\libgmp-10.dll
0x6f610000 - 0x6f755000 	C:\Windows\SYSTEM32\dbghelp.dll

VM Arguments:
jvm_args: -Dfile.encoding=Cp1252 
java_command: moleAI.TestBot1
java_class_path (initial): C:\Users\amanz\OneDrive\Documents\GitHub\MoleAI\ExampleBot\bin;C:\Users\amanz\OneDrive\Documents\GitHub\MoleAI\ExampleBot\lib\bwmirror_v2_5.jar;C:\Users\amanz\OneDrive\Documents\GitHub\MoleAI\ExampleBot\lib\JBTCore.jar
Launcher Type: SUN_STANDARD

Environment Variables:
PATH=C:/Program Files/Java/jre1.8.0_121/bin/server;C:/Program Files/Java/jre1.8.0_121/bin;C:/Program Files/Java/jre1.8.0_121/lib/amd64;C:\ProgramData\Oracle\Java\javapath;C:\Program Files (x86)\Intel\iCLS Client\;C:\Program Files\Intel\iCLS Client\;C:\Windows\system32;C:\Windows;C:\Windows\System32\Wbem;C:\Windows\System32\WindowsPowerShell\v1.0\;C:\Program Files (x86)\Intel\Intel(R) Management Engine Components\DAL;C:\Program Files\Intel\Intel(R) Management Engine Components\DAL;C:\Program Files (x86)\Intel\Intel(R) Management Engine Components\IPT;C:\Program Files\Intel\Intel(R) Management Engine Components\IPT;C:\Program Files (x86)\NVIDIA Corporation\PhysX\Common;C:\Program Files\nodejs\;C:\Program Files\Microsoft SQL Server\110\Tools\Binn\;C:\Program Files (x86)\Microsoft SDKs\TypeScript\1.0\;C:\Program Files\Microsoft SQL Server\120\Tools\Binn\;C:\Program Files (x86)\Skype\Phone\;C:\Users\amanz\AppData\Local\Microsoft\WindowsApps;C:\Users\amanz\AppData\Roaming\npm;C:\Windows\system32;
USERNAME=amanz
OS=Windows_NT
PROCESSOR_IDENTIFIER=Intel64 Family 6 Model 94 Stepping 3, GenuineIntel



---------------  S Y S T E M  ---------------

OS: Windows 10.0 , 64 bit Build 14393 (10.0.14393.0)

CPU:total 8 (4 cores per cpu, 2 threads per core) family 6 model 94 stepping 3, cmov, cx8, fxsr, mmx, sse, sse2, sse3, ssse3, sse4.1, sse4.2, popcnt, avx, avx2, aes, clmul, erms, rtm, 3dnowpref, lzcnt, ht, tsc, tscinvbit, bmi1, bmi2, adx

Memory: 4k page, physical 8209456k(3098496k free), swap 12665904k(4839752k free)

vm_info: Java HotSpot(TM) Client VM (25.121-b13) for windows-x86 JRE (1.8.0_121-b13), built on Dec 12 2016 18:17:00 by "java_re" with MS VC++ 10.0 (VS2010)

time: Fri Apr 28 15:41:53 2017
elapsed time: 128 seconds (0d 0h 2m 8s)

